#
# A fatal error has been detected by the Java Runtime Environment:
#
#  SIGSEGV (0xb) at pc=0x00007ff8e8c093c3, pid=4392, tid=0x00007ff89e4c0700
#
# JRE version: OpenJDK Runtime Environment (8.0_181-b13) (build 1.8.0_181-8u181-b13-0ubuntu0.18.04.1-b13)
# Java VM: OpenJDK 64-Bit Server VM (25.181-b13 mixed mode linux-amd64 compressed oops)
# Problematic frame:
# j  com.sun.glass.ui.gtk.GtkView.notifyInputMethodDraw(Ljava/lang/String;III[B)V+50
#
# Failed to write core dump. Core dumps have been disabled. To enable core dumping, try "ulimit -c unlimited" before starting Java again
#
# If you would like to submit a bug report, please visit:
#   http://bugreport.java.com/bugreport/crash.jsp
#

---------------  T H R E A D  ---------------

Current thread (0x00007ff8f8309800):  JavaThread "JavaFX Application Thread" [_thread_in_Java, id=4408, stack(0x00007ff89e3c0000,0x00007ff89e4c1000)]

siginfo: si_signo: 11 (SIGSEGV), si_code: 1 (SEGV_MAPERR), si_addr: 0x000000003910a5c0

Registers:
RAX=0x0000000000100000, RBX=0x00007ff8e5bdfd00, RCX=0x000000003910a5c0, RDX=0x0000000080500003
RSP=0x00007ff89e4be640, RBP=0x00007ff89e4be6a0, RSI=0x00007ff8e8bf8340, RDI=0x00007ff89e4be820
R8 =0x00007ff8e8bf8340, R9 =0x00007ff89e4be988, R10=0x00007ff8fe69f7c0, R11=0x00007ff8e8be545f
R12=0x0000000000000000, R13=0x00007ff8e605fa4a, R14=0x00007ff89e4be718, R15=0x00007ff8f8309800
RIP=0x00007ff8e8c093c3, EFLAGS=0x0000000000010206, CSGSFS=0x002b000000000033, ERR=0x0000000000000004
  TRAPNO=0x000000000000000e

Top of Stack: (sp=0x00007ff89e4be640)
0x00007ff89e4be640:   00007ff8e8becd80 00000000ebad8418
0x00007ff89e4be650:   0000000000000000 000000003910a5c0
0x00007ff89e4be660:   00007ff89e4be660 00007ff8e605fa4a
0x00007ff89e4be670:   00007ff89e4be718 00007ff8e60657e8
0x00007ff89e4be680:   0000000000000000 00007ff8e605fc18
0x00007ff89e4be690:   0000000000000000 00007ff89e4be6f0
0x00007ff89e4be6a0:   00007ff89e4be780 00007ff8e8be54e7
0x00007ff89e4be6b0:   0000000000000000 0000000000000000
0x00007ff89e4be6c0:   0000000000000000 0000000000000000
0x00007ff89e4be6d0:   0000000000000000 0000000000000000
0x00007ff89e4be6e0:   0000000000000000 0000000000000000
0x00007ff89e4be6f0:   00000000ebad8448 00007ff800000001
0x00007ff89e4be700:   00007ff800000000 00007ff800000000
0x00007ff89e4be710:   00000000ebad8418 0000562b3910a590
0x00007ff89e4be720:   0000000000001fa0 00007ff8e605fc18
0x00007ff89e4be730:   00007ff89e4be980 00007ff89e4be820
0x00007ff89e4be740:   00007ff8f8309800 00007ff8f8309800
0x00007ff89e4be750:   00007ff89e4be820 00007ff89e4bea58
0x00007ff89e4be760:   00007ff80000000a 00007ff8e605fc18
0x00007ff89e4be770:   00007ff8e8bf8340 00007ff89e4be988
0x00007ff89e4be780:   00007ff89e4be8a0 00007ff8fdda97bb
0x00007ff89e4be790:   0000000000000006 00007ff8f8309800
0x00007ff89e4be7a0:   00000000ffffffff 00007ff89e4be7e8
0x00007ff89e4be7b0:   00007ff89e4be7e0 00007ff80000000a
0x00007ff89e4be7c0:   000000000000000e 00007ff8e8bf8340
0x00007ff89e4be7d0:   00007ff8f82a1918 00007ff89e4bea50
0x00007ff89e4be7e0:   00007ff8f8309800 00007ff8f830a150
0x00007ff89e4be7f0:   00007ff8f82a1900 00007ff8f82a1920
0x00007ff89e4be800:   00007ff8f82a19e8 00000000000000d8
0x00007ff89e4be810:   00007ff89e4bfac0 ffffffffffffffff
0x00007ff89e4be820:   00007ff8f8309800 0000562b390f0680
0x00007ff89e4be830:   00007ff8e605fc18 0000562b3910a590 

Instructions: (pc=0x00007ff8e8c093c3)
0x00007ff8e8c093a3:   69 fe f8 7f 00 00 49 8b 14 d2 52 41 8b d5 4c 8b
0x00007ff8e8c093b3:   6d c8 8b c2 81 e0 00 00 10 00 0f 84 6a 01 00 00
0x00007ff8e8c093c3:   48 3b 01 48 8b 45 e0 48 85 c0 0f 84 12 00 00 00
0x00007ff8e8c093d3:   48 83 40 08 01 48 83 58 08 00 48 83 c0 30 48 89 

Register to memory mapping:

RAX=0x0000000000100000 is an unknown value
RBX={method} {0x00007ff8e5bdfd00} 'insert' '(ILjava/lang/String;)Ljava/lang/StringBuilder;' in 'java/lang/StringBuilder'
RCX=0x000000003910a5c0 is an unknown value
RDX=0x0000000080500003 is an unknown value
RSP=0x00007ff89e4be640 is pointing into the stack for thread: 0x00007ff8f8309800
RBP=0x00007ff89e4be6a0 is pointing into the stack for thread: 0x00007ff8f8309800
RSI=0x00007ff8e8bf8340 is at code_begin+0 in an Interpreter codelet
method entry point (kind = zerolocals)  [0x00007ff8e8bf8340, 0x00007ff8e8bf8800]  1216 bytes
RDI=0x00007ff89e4be820 is pointing into the stack for thread: 0x00007ff8f8309800
R8 =0x00007ff8e8bf8340 is at code_begin+0 in an Interpreter codelet
method entry point (kind = zerolocals)  [0x00007ff8e8bf8340, 0x00007ff8e8bf8800]  1216 bytes
R9 =0x00007ff89e4be988 is pointing into the stack for thread: 0x00007ff8f8309800
R10=0x00007ff8fe69f7c0: <offset 0xf757c0> in /usr/lib/jvm/java-8-openjdk-amd64/jre/lib/amd64/server/libjvm.so at 0x00007ff8fd72a000
R11=0x00007ff8e8be545f is at begin+0 in a stub
StubRoutines::call_stub [0x00007ff8e8be545f, 0x00007ff8e8be5547[ (232 bytes)
R12=0x0000000000000000 is an unknown value
R13=0x00007ff8e605fa4a is pointing into metadata
R14=0x00007ff89e4be718 is pointing into the stack for thread: 0x00007ff8f8309800
R15=0x00007ff8f8309800 is a thread


Stack: [0x00007ff89e3c0000,0x00007ff89e4c1000],  sp=0x00007ff89e4be640,  free space=1017k
Native frames: (J=compiled Java code, j=interpreted, Vv=VM code, C=native code)
j  com.sun.glass.ui.gtk.GtkView.notifyInputMethodDraw(Ljava/lang/String;III[B)V+50
v  ~StubRoutines::call_stub
V  [libjvm.so+0x67f7bb]
V  [libjvm.so+0x69f246]
V  [libjvm.so+0x6a1e9b]
C  [libglass.so+0x13953]  JNIEnv_::CallVoidMethod(_jobject*, _jmethodID*, ...)+0x93
C  [libglass.so+0x1b8b1]
C  [libX11.so.6+0x5c3ca]
C  0xe29c902600000000


---------------  P R O C E S S  ---------------

Java Threads: ( => current thread )
  0x0000562b3935a800 JavaThread "Prism Font Disposer" daemon [_thread_blocked, id=4410, stack(0x00007ff89d4d0000,0x00007ff89d5d1000)]
  0x00007ff8f8317000 JavaThread "JavaFX-Launcher" [_thread_blocked, id=4409, stack(0x00007ff89e2bf000,0x00007ff89e3c0000)]
=>0x00007ff8f8309800 JavaThread "JavaFX Application Thread" [_thread_in_Java, id=4408, stack(0x00007ff89e3c0000,0x00007ff89e4c1000)]
  0x00007ff8f8306800 JavaThread "Thread-1" daemon [_thread_blocked, id=4407, stack(0x00007ff8ac09a000,0x00007ff8ac19b000)]
  0x00007ff8f821a000 JavaThread "QuantumRenderer-0" daemon [_thread_blocked, id=4404, stack(0x00007ff8cfb22000,0x00007ff8cfc23000)]
  0x00007ff8f80ba000 JavaThread "Service Thread" daemon [_thread_blocked, id=4402, stack(0x00007ff8cfdfe000,0x00007ff8cfeff000)]
  0x00007ff8f80b7800 JavaThread "C1 CompilerThread1" daemon [_thread_blocked, id=4401, stack(0x00007ff8cff00000,0x00007ff8d0000000)]
  0x00007ff8f80b4800 JavaThread "C2 CompilerThread0" daemon [_thread_blocked, id=4400, stack(0x00007ff8e4003000,0x00007ff8e4103000)]
  0x00007ff8f80b3000 JavaThread "Signal Dispatcher" daemon [_thread_blocked, id=4399, stack(0x00007ff8e4103000,0x00007ff8e4204000)]
  0x00007ff8f8081000 JavaThread "Finalizer" daemon [_thread_blocked, id=4398, stack(0x00007ff8e4cd3000,0x00007ff8e4dd4000)]
  0x00007ff8f807c800 JavaThread "Reference Handler" daemon [_thread_blocked, id=4397, stack(0x00007ff8e4dd4000,0x00007ff8e4ed5000)]
  0x00007ff8f800b000 JavaThread "main" [_thread_blocked, id=4393, stack(0x00007ff8ff3f8000,0x00007ff8ff4f8000)]

Other Threads:
  0x00007ff8f8074800 VMThread [stack: 0x00007ff8e4ed6000,0x00007ff8e4fd6000] [id=4396]
  0x00007ff8f80bc800 WatcherThread [stack: 0x00007ff8cfcfe000,0x00007ff8cfdfe000] [id=4403]

VM state:not at safepoint (normal execution)

VM Mutex/Monitor currently owned by a thread: None

Heap:
 PSYoungGen      total 34304K, used 6851K [0x00000000eb700000, 0x00000000f1100000, 0x0000000100000000)
  eden space 31744K, 13% used [0x00000000eb700000,0x00000000ebb33540,0x00000000ed600000)
  from space 2560K, 99% used [0x00000000ed600000,0x00000000ed87d8b8,0x00000000ed880000)
  to   space 14336K, 0% used [0x00000000f0300000,0x00000000f0300000,0x00000000f1100000)
 ParOldGen       total 42496K, used 22144K [0x00000000c2400000, 0x00000000c4d80000, 0x00000000eb700000)
  object space 42496K, 52% used [0x00000000c2400000,0x00000000c39a0310,0x00000000c4d80000)
 Metaspace       used 19056K, capacity 20326K, committed 20608K, reserved 1067008K
  class space    used 2586K, capacity 2848K, committed 2944K, reserved 1048576K

Card table byte_map: [0x00007ff8e8636000,0x00007ff8e8825000] byte_map_base: 0x00007ff8e8024000

Marking Bits: (ParMarkBitMap*) 0x00007ff8fe68e1c0
 Begin Bits: [0x00007ff8e6554000, 0x00007ff8e74c4000)
 End Bits:   [0x00007ff8e74c4000, 0x00007ff8e8434000)

Polling page: 0x00007ff8ff50f000

CodeCache: size=245760Kb used=10661Kb max_used=10661Kb free=235098Kb
 bounds [0x00007ff8e8be5000, 0x00007ff8e9655000, 0x00007ff8f7be5000]
 total_blobs=4038 nmethods=3431 adapters=521
 compilation: enabled

Compilation events (10 events):
Event: 29.787 Thread 0x00007ff8f80b7800 3442   !   3       sun.reflect.GeneratedMethodAccessor37::invoke (130 bytes)
Event: 29.791 Thread 0x00007ff8f80b7800 nmethod 3442 0x00007ff8e964ebd0 code [0x00007ff8e964ee40, 0x00007ff8e96500c8]
Event: 29.791 Thread 0x00007ff8f80b7800 3445       3       java.util.Arrays::equals (54 bytes)
Event: 29.792 Thread 0x00007ff8f80b7800 nmethod 3445 0x00007ff8e964de50 code [0x00007ff8e964dfe0, 0x00007ff8e964e350]
Event: 29.792 Thread 0x00007ff8f80b7800 3443       3       com.sun.javafx.font.PrismFontFile::getGlyphBoundingBox (165 bytes)
Event: 29.809 Thread 0x00007ff8f80b7800 nmethod 3443 0x00007ff8e9650850 code [0x00007ff8e9650b00, 0x00007ff8e9651fd8]
Event: 29.809 Thread 0x00007ff8f80b7800 3444       3       com.sun.javafx.font.PrismFontFile::getUnitsPerEm (6 bytes)
Event: 29.810 Thread 0x00007ff8f80b7800 nmethod 3444 0x00007ff8e964dad0 code [0x00007ff8e964dc40, 0x00007ff8e964ddb0]
Event: 30.539 Thread 0x00007ff8f80b7800 3446       3       com.sun.javafx.geom.BoxBounds::deriveWithNewBounds (95 bytes)
Event: 30.541 Thread 0x00007ff8f80b7800 nmethod 3446 0x00007ff8e9652c10 code [0x00007ff8e9652e40, 0x00007ff8e96538b8]

GC Heap History (10 events):
Event: 0.939 GC heap before
{Heap before GC invocations=1 (full 0):
 PSYoungGen      total 18432K, used 15872K [0x00000000eb700000, 0x00000000ecb80000, 0x0000000100000000)
  eden space 15872K, 100% used [0x00000000eb700000,0x00000000ec680000,0x00000000ec680000)
  from space 2560K, 0% used [0x00000000ec900000,0x00000000ec900000,0x00000000ecb80000)
  to   space 2560K, 0% used [0x00000000ec680000,0x00000000ec680000,0x00000000ec900000)
 ParOldGen       total 42496K, used 0K [0x00000000c2400000, 0x00000000c4d80000, 0x00000000eb700000)
  object space 42496K, 0% used [0x00000000c2400000,0x00000000c2400000,0x00000000c4d80000)
 Metaspace       used 9601K, capacity 9952K, committed 9984K, reserved 1058816K
  class space    used 1155K, capacity 1265K, committed 1280K, reserved 1048576K
Event: 0.946 GC heap after
Heap after GC invocations=1 (full 0):
 PSYoungGen      total 18432K, used 2530K [0x00000000eb700000, 0x00000000ecb80000, 0x0000000100000000)
  eden space 15872K, 0% used [0x00000000eb700000,0x00000000eb700000,0x00000000ec680000)
  from space 2560K, 98% used [0x00000000ec680000,0x00000000ec8f8b38,0x00000000ec900000)
  to   space 2560K, 0% used [0x00000000ec900000,0x00000000ec900000,0x00000000ecb80000)
 ParOldGen       total 42496K, used 1479K [0x00000000c2400000, 0x00000000c4d80000, 0x00000000eb700000)
  object space 42496K, 3% used [0x00000000c2400000,0x00000000c2571f28,0x00000000c4d80000)
 Metaspace       used 9601K, capacity 9952K, committed 9984K, reserved 1058816K
  class space    used 1155K, capacity 1265K, committed 1280K, reserved 1048576K
}
Event: 1.696 GC heap before
{Heap before GC invocations=2 (full 0):
 PSYoungGen      total 18432K, used 18402K [0x00000000eb700000, 0x00000000ecb80000, 0x0000000100000000)
  eden space 15872K, 100% used [0x00000000eb700000,0x00000000ec680000,0x00000000ec680000)
  from space 2560K, 98% used [0x00000000ec680000,0x00000000ec8f8b38,0x00000000ec900000)
  to   space 2560K, 0% used [0x00000000ec900000,0x00000000ec900000,0x00000000ecb80000)
 ParOldGen       total 42496K, used 1479K [0x00000000c2400000, 0x00000000c4d80000, 0x00000000eb700000)
  object space 42496K, 3% used [0x00000000c2400000,0x00000000c2571f28,0x00000000c4d80000)
 Metaspace       used 12395K, capacity 12948K, committed 13056K, reserved 1060864K
  class space    used 1600K, capacity 1734K, committed 1792K, reserved 1048576K
Event: 1.722 GC heap after
Heap after GC invocations=2 (full 0):
 PSYoungGen      total 18432K, used 2560K [0x00000000eb700000, 0x00000000edb00000, 0x0000000100000000)
  eden space 15872K, 0% used [0x00000000eb700000,0x00000000eb700000,0x00000000ec680000)
  from space 2560K, 100% used [0x00000000ec900000,0x00000000ecb80000,0x00000000ecb80000)
  to   space 2560K, 0% used [0x00000000ec680000,0x00000000ec680000,0x00000000ec900000)
 ParOldGen       total 42496K, used 4134K [0x00000000c2400000, 0x00000000c4d80000, 0x00000000eb700000)
  object space 42496K, 9% used [0x00000000c2400000,0x00000000c28098f0,0x00000000c4d80000)
 Metaspace       used 12395K, capacity 12948K, committed 13056K, reserved 1060864K
  class space    used 1600K, capacity 1734K, committed 1792K, reserved 1048576K
}
Event: 2.442 GC heap before
{Heap before GC invocations=3 (full 0):
 PSYoungGen      total 18432K, used 18432K [0x00000000eb700000, 0x00000000edb00000, 0x0000000100000000)
  eden space 15872K, 100% used [0x00000000eb700000,0x00000000ec680000,0x00000000ec680000)
  from space 2560K, 100% used [0x00000000ec900000,0x00000000ecb80000,0x00000000ecb80000)
  to   space 2560K, 0% used [0x00000000ec680000,0x00000000ec680000,0x00000000ec900000)
 ParOldGen       total 42496K, used 4134K [0x00000000c2400000, 0x00000000c4d80000, 0x00000000eb700000)
  object space 42496K, 9% used [0x00000000c2400000,0x00000000c28098f0,0x00000000c4d80000)
 Metaspace       used 13556K, capacity 14128K, committed 14208K, reserved 1060864K
  class space    used 1791K, capacity 1917K, committed 1920K, reserved 1048576K
Event: 2.466 GC heap after
Heap after GC invocations=3 (full 0):
 PSYoungGen      total 18432K, used 2560K [0x00000000eb700000, 0x00000000edb00000, 0x0000000100000000)
  eden space 15872K, 0% used [0x00000000eb700000,0x00000000eb700000,0x00000000ec680000)
  from space 2560K, 100% used [0x00000000ec680000,0x00000000ec900000,0x00000000ec900000)
  to   space 2560K, 0% used [0x00000000ed880000,0x00000000ed880000,0x00000000edb00000)
 ParOldGen       total 42496K, used 5561K [0x00000000c2400000, 0x00000000c4d80000, 0x00000000eb700000)
  object space 42496K, 13% used [0x00000000c2400000,0x00000000c296e4d0,0x00000000c4d80000)
 Metaspace       used 13556K, capacity 14128K, committed 14208K, reserved 1060864K
  class space    used 1791K, capacity 1917K, committed 1920K, reserved 1048576K
}
Event: 2.875 GC heap before
{Heap before GC invocations=4 (full 0):
 PSYoungGen      total 18432K, used 18432K [0x00000000eb700000, 0x00000000edb00000, 0x0000000100000000)
  eden space 15872K, 100% used [0x00000000eb700000,0x00000000ec680000,0x00000000ec680000)
  from space 2560K, 100% used [0x00000000ec680000,0x00000000ec900000,0x00000000ec900000)
  to   space 2560K, 0% used [0x00000000ed880000,0x00000000ed880000,0x00000000edb00000)
 ParOldGen       total 42496K, used 5561K [0x00000000c2400000, 0x00000000c4d80000, 0x00000000eb700000)
  object space 42496K, 13% used [0x00000000c2400000,0x00000000c296e4d0,0x00000000c4d80000)
 Metaspace       used 15273K, capacity 16142K, committed 16384K, reserved 1062912K
  class space    used 2095K, capacity 2286K, committed 2304K, reserved 1048576K
Event: 2.911 GC heap after
Heap after GC invocations=4 (full 0):
 PSYoungGen      total 34304K, used 2560K [0x00000000eb700000, 0x00000000edb00000, 0x0000000100000000)
  eden space 31744K, 0% used [0x00000000eb700000,0x00000000eb700000,0x00000000ed600000)
  from space 2560K, 100% used [0x00000000ed880000,0x00000000edb00000,0x00000000edb00000)
  to   space 2560K, 0% used [0x00000000ed600000,0x00000000ed600000,0x00000000ed880000)
 ParOldGen       total 42496K, used 7092K [0x00000000c2400000, 0x00000000c4d80000, 0x00000000eb700000)
  object space 42496K, 16% used [0x00000000c2400000,0x00000000c2aed190,0x00000000c4d80000)
 Metaspace       used 15273K, capacity 16142K, committed 16384K, reserved 1062912K
  class space    used 2095K, capacity 2286K, committed 2304K, reserved 1048576K
}
Event: 28.381 GC heap before
{Heap before GC invocations=5 (full 0):
 PSYoungGen      total 34304K, used 34304K [0x00000000eb700000, 0x00000000edb00000, 0x0000000100000000)
  eden space 31744K, 100% used [0x00000000eb700000,0x00000000ed600000,0x00000000ed600000)
  from space 2560K, 100% used [0x00000000ed880000,0x00000000edb00000,0x00000000edb00000)
  to   space 2560K, 0% used [0x00000000ed600000,0x00000000ed600000,0x00000000ed880000)
 ParOldGen       total 42496K, used 7092K [0x00000000c2400000, 0x00000000c4d80000, 0x00000000eb700000)
  object space 42496K, 16% used [0x00000000c2400000,0x00000000c2aed190,0x00000000c4d80000)
 Metaspace       used 18728K, capacity 19836K, committed 19968K, reserved 1067008K
  class space    used 2485K, capacity 2713K, committed 2816K, reserved 1048576K
Event: 28.416 GC heap after
Heap after GC invocations=5 (full 0):
 PSYoungGen      total 34304K, used 2550K [0x00000000eb700000, 0x00000000f1100000, 0x0000000100000000)
  eden space 31744K, 0% used [0x00000000eb700000,0x00000000eb700000,0x00000000ed600000)
  from space 2560K, 99% used [0x00000000ed600000,0x00000000ed87d8b8,0x00000000ed880000)
  to   space 14336K, 0% used [0x00000000f0300000,0x00000000f0300000,0x00000000f1100000)
 ParOldGen       total 42496K, used 22144K [0x00000000c2400000, 0x00000000c4d80000, 0x00000000eb700000)
  object space 42496K, 52% used [0x00000000c2400000,0x00000000c39a0310,0x00000000c4d80000)
 Metaspace       used 18728K, capacity 19836K, committed 19968K, reserved 1067008K
  class space    used 2485K, capacity 2713K, committed 2816K, reserved 1048576K
}

Deoptimization events (10 events):
Event: 28.441 Thread 0x00007ff8f8309800 Uncommon trap: reason=class_check action=maybe_recompile pc=0x00007ff8e94e2274 method=javafx.beans.property.BooleanPropertyBase.get()Z @ 23
Event: 28.466 Thread 0x00007ff8f8309800 Uncommon trap: reason=class_check action=maybe_recompile pc=0x00007ff8e9324220 method=com.sun.javafx.css.CompoundSelector.stateMatches(Ljavafx/css/Styleable;Ljava/util/Set;I)Z @ 123
Event: 28.466 Thread 0x00007ff8f8309800 Uncommon trap: reason=class_check action=maybe_recompile pc=0x00007ff8e9324220 method=com.sun.javafx.css.CompoundSelector.stateMatches(Ljavafx/css/Styleable;Ljava/util/Set;I)Z @ 123
Event: 28.466 Thread 0x00007ff8f8309800 Uncommon trap: reason=class_check action=maybe_recompile pc=0x00007ff8e9324220 method=com.sun.javafx.css.CompoundSelector.stateMatches(Ljavafx/css/Styleable;Ljava/util/Set;I)Z @ 123
Event: 28.466 Thread 0x00007ff8f8309800 Uncommon trap: reason=class_check action=maybe_recompile pc=0x00007ff8e9324220 method=com.sun.javafx.css.CompoundSelector.stateMatches(Ljavafx/css/Styleable;Ljava/util/Set;I)Z @ 123
Event: 28.513 Thread 0x00007ff8f8309800 Uncommon trap: reason=unstable_if action=reinterpret pc=0x00007ff8e94fb6f4 method=javafx.scene.Node.updateBounds()V @ 27
Event: 28.513 Thread 0x00007ff8f8309800 Uncommon trap: reason=unstable_if action=reinterpret pc=0x00007ff8e9442eb8 method=javafx.scene.Node.updateBounds()V @ 27
Event: 28.542 Thread 0x00007ff8f821a000 Uncommon trap: reason=unstable_if action=reinterpret pc=0x00007ff8e950a60c method=com.sun.javafx.geom.transform.AffineBase.translate(DD)V @ 492
Event: 28.961 Thread 0x00007ff8f8309800 Uncommon trap: reason=unstable_if action=reinterpret pc=0x00007ff8e94b9ba4 method=javafx.scene.Node.impl_pickNode(Lcom/sun/javafx/geom/PickRay;Lcom/sun/javafx/scene/input/PickResultChooser;)V @ 18
Event: 28.982 Thread 0x00007ff8f8309800 Uncommon trap: reason=unstable_if action=reinterpret pc=0x00007ff8e948227c method=javafx.scene.Node.impl_pickNode(Lcom/sun/javafx/geom/PickRay;Lcom/sun/javafx/scene/input/PickResultChooser;)V @ 18

Classes redefined (0 events):
No events

Internal exceptions (10 events):
Event: 0.312 Thread 0x00007ff8f800b000 Exception <a 'java/lang/NullPointerException'> (0x00000000eb9665f0) thrown at [/build/openjdk-8-8iINie/openjdk-8-8u181-b13/src/hotspot/src/share/vm/interpreter/linkResolver.cpp, line 1185]
Event: 0.889 Thread 0x00007ff8f8309800 Exception <a 'java/lang/NullPointerException'> (0x00000000ec55ca98) thrown at [/build/openjdk-8-8iINie/openjdk-8-8u181-b13/src/hotspot/src/share/vm/interpreter/linkResolver.cpp, line 1185]
Event: 0.890 Thread 0x00007ff8f8309800 Exception <a 'java/lang/NullPointerException'> (0x00000000ec55ca98) thrown at [/build/openjdk-8-8iINie/openjdk-8-8u181-b13/src/hotspot/src/share/vm/prims/jvm.cpp, line 1439]
Event: 1.296 Thread 0x00007ff8f8309800 Exception <a 'java/lang/ArrayIndexOutOfBoundsException'> (0x00000000ebd04a68) thrown at [/build/openjdk-8-8iINie/openjdk-8-8u181-b13/src/hotspot/src/share/vm/runtime/sharedRuntime.cpp, line 605]
Event: 1.297 Thread 0x00007ff8f8309800 Exception <a 'java/lang/ArrayIndexOutOfBoundsException'> (0x00000000ebd05768) thrown at [/build/openjdk-8-8iINie/openjdk-8-8u181-b13/src/hotspot/src/share/vm/runtime/sharedRuntime.cpp, line 605]
Event: 1.297 Thread 0x00007ff8f8309800 Exception <a 'java/lang/ArrayIndexOutOfBoundsException'> (0x00000000ebd06b10) thrown at [/build/openjdk-8-8iINie/openjdk-8-8u181-b13/src/hotspot/src/share/vm/runtime/sharedRuntime.cpp, line 605]
Event: 1.314 Thread 0x00007ff8f8309800 Exception <a 'java/lang/ArrayIndexOutOfBoundsException'> (0x00000000ebd60440) thrown at [/build/openjdk-8-8iINie/openjdk-8-8u181-b13/src/hotspot/src/share/vm/runtime/sharedRuntime.cpp, line 605]
Event: 1.324 Thread 0x00007ff8f8309800 Exception <a 'java/lang/ArrayIndexOutOfBoundsException'> (0x00000000ebd8e268) thrown at [/build/openjdk-8-8iINie/openjdk-8-8u181-b13/src/hotspot/src/share/vm/runtime/sharedRuntime.cpp, line 605]
Event: 2.203 Thread 0x00007ff8f8309800 Implicit null exception at 0x00007ff8e8e8ecf5 to 0x00007ff8e8e8ef11
Event: 6.056 Thread 0x00007ff8f821a000 Exception <a 'java/lang/ArrayIndexOutOfBoundsException': -1> (0x00000000ecf7a708) thrown at [/build/openjdk-8-8iINie/openjdk-8-8u181-b13/src/hotspot/src/share/vm/interpreter/interpreterRuntime.cpp, line 366]

Events (10 events):
Event: 28.544 Executing VM operation: RevokeBias
Event: 28.549 Executing VM operation: RevokeBias done
Event: 28.557 Executing VM operation: RevokeBias
Event: 28.557 Executing VM operation: RevokeBias done
Event: 28.961 Thread 0x00007ff8f8309800 Uncommon trap: trap_request=0xffffff65 fr.pc=0x00007ff8e94b9ba4
Event: 28.961 Thread 0x00007ff8f8309800 DEOPT PACKING pc=0x00007ff8e94b9ba4 sp=0x00007ff89e4bdb30
Event: 28.961 Thread 0x00007ff8f8309800 DEOPT UNPACKING pc=0x00007ff8e8c2a47a sp=0x00007ff89e4bda50 mode 2
Event: 28.982 Thread 0x00007ff8f8309800 Uncommon trap: trap_request=0xffffff65 fr.pc=0x00007ff8e948227c
Event: 28.982 Thread 0x00007ff8f8309800 DEOPT PACKING pc=0x00007ff8e948227c sp=0x00007ff89e4bd980
Event: 28.982 Thread 0x00007ff8f8309800 DEOPT UNPACKING pc=0x00007ff8e8c2a47a sp=0x00007ff89e4bd920 mode 2


Dynamic libraries:
c2400000-c4d80000 rw-p 00000000 00:00 0 
c4d80000-eb700000 ---p 00000000 00:00 0 
eb700000-f1100000 rw-p 00000000 00:00 0 
f1100000-100000000 ---p 00000000 00:00 0 
100000000-1002e0000 rw-p 00000000 00:00 0 
1002e0000-140000000 ---p 00000000 00:00 0 
562b38d53000-562b38d54000 r-xp 00000000 00:17 351325                     /usr/lib/jvm/java-8-openjdk-amd64/jre/bin/java
562b38f53000-562b38f54000 r--p 00000000 00:17 351325                     /usr/lib/jvm/java-8-openjdk-amd64/jre/bin/java
562b38f54000-562b38f55000 rw-p 00001000 00:17 351325                     /usr/lib/jvm/java-8-openjdk-amd64/jre/bin/java
562b390ed000-562b394f6000 rw-p 00000000 00:00 0                          [heap]
7ff898000000-7ff898021000 rw-p 00000000 00:00 0 
7ff898021000-7ff89c000000 ---p 00000000 00:00 0 
7ff89c563000-7ff89c6a3000 rw-p 00000000 00:00 0 
7ff89c6a3000-7ff89c763000 ---p 00000000 00:00 0 
7ff89c763000-7ff89c8e3000 rw-p 00000000 00:00 0 
7ff89c8e3000-7ff89c8f3000 r-xp 00000000 00:17 633371                     /usr/lib/jvm/java-8-openjdk-amd64/jre/lib/amd64/libdecora_sse.so
7ff89c8f3000-7ff89caf2000 ---p 00010000 00:17 633371                     /usr/lib/jvm/java-8-openjdk-amd64/jre/lib/amd64/libdecora_sse.so
7ff89caf2000-7ff89caf3000 r--p 0000f000 00:17 633371                     /usr/lib/jvm/java-8-openjdk-amd64/jre/lib/amd64/libdecora_sse.so
7ff89caf3000-7ff89caf4000 rw-p 00010000 00:17 633371                     /usr/lib/jvm/java-8-openjdk-amd64/jre/lib/amd64/libdecora_sse.so
7ff89caf4000-7ff89cecd000 r--p 00000000 00:17 46649                      /usr/share/fonts/truetype/droid/DroidSansFallbackFull.ttf
7ff89cecd000-7ff89cee9000 r--p 00000000 00:17 46776                      /usr/share/fonts/truetype/tlwg/Laksaman.ttf
7ff89cee9000-7ff89cf87000 r--p 00000000 00:17 230385                     /usr/share/fonts/truetype/dejavu/DejaVuSans-BoldOblique.ttf
7ff89cf87000-7ff89d023000 r--p 00000000 00:17 230387                     /usr/share/fonts/truetype/dejavu/DejaVuSans-Oblique.ttf
7ff89d023000-7ff89d0d0000 r--p 00000000 00:17 46643                      /usr/share/fonts/truetype/dejavu/DejaVuSans-Bold.ttf
7ff89d0d0000-7ff89d2d0000 rw-p 00000000 00:00 0 
7ff89d2d0000-7ff89d4d0000 rw-p 00000000 00:00 0 
7ff89d4d0000-7ff89d4d3000 ---p 00000000 00:00 0 
7ff89d4d3000-7ff89d5d1000 rw-p 00000000 00:00 0 
7ff89d5d1000-7ff89d68a000 r--p 00000000 00:17 46644                      /usr/share/fonts/truetype/dejavu/DejaVuSans.ttf
7ff89d68a000-7ff89d68f000 r-xp 00000000 00:17 633376                     /usr/lib/jvm/java-8-openjdk-amd64/jre/lib/amd64/libjavafx_font_freetype.so
7ff89d68f000-7ff89d88e000 ---p 00005000 00:17 633376                     /usr/lib/jvm/java-8-openjdk-amd64/jre/lib/amd64/libjavafx_font_freetype.so
7ff89d88e000-7ff89d88f000 r--p 00004000 00:17 633376                     /usr/lib/jvm/java-8-openjdk-amd64/jre/lib/amd64/libjavafx_font_freetype.so
7ff89d88f000-7ff89d890000 rw-p 00005000 00:17 633376                     /usr/lib/jvm/java-8-openjdk-amd64/jre/lib/amd64/libjavafx_font_freetype.so
7ff89d890000-7ff89da90000 rw-p 00000000 00:00 0 
7ff89da90000-7ff89da93000 r-xp 00000000 00:17 633375                     /usr/lib/jvm/java-8-openjdk-amd64/jre/lib/amd64/libjavafx_font.so
7ff89da93000-7ff89dc92000 ---p 00003000 00:17 633375                     /usr/lib/jvm/java-8-openjdk-amd64/jre/lib/amd64/libjavafx_font.so
7ff89dc92000-7ff89dc93000 r--p 00002000 00:17 633375                     /usr/lib/jvm/java-8-openjdk-amd64/jre/lib/amd64/libjavafx_font.so
7ff89dc93000-7ff89dc94000 rw-p 00003000 00:17 633375                     /usr/lib/jvm/java-8-openjdk-amd64/jre/lib/amd64/libjavafx_font.so
7ff89dc94000-7ff89de94000 rw-p 00000000 00:00 0 
7ff89de94000-7ff89dea5000 r-xp 00000000 00:17 351361                     /usr/lib/jvm/java-8-openjdk-amd64/jre/lib/amd64/libnio.so
7ff89dea5000-7ff89e0a5000 ---p 00011000 00:17 351361                     /usr/lib/jvm/java-8-openjdk-amd64/jre/lib/amd64/libnio.so
7ff89e0a5000-7ff89e0a6000 r--p 00011000 00:17 351361                     /usr/lib/jvm/java-8-openjdk-amd64/jre/lib/amd64/libnio.so
7ff89e0a6000-7ff89e0a7000 rw-p 00012000 00:17 351361                     /usr/lib/jvm/java-8-openjdk-amd64/jre/lib/amd64/libnio.so
7ff89e0a7000-7ff89e0be000 r-xp 00000000 00:17 351360                     /usr/lib/jvm/java-8-openjdk-amd64/jre/lib/amd64/libnet.so
7ff89e0be000-7ff89e2bd000 ---p 00017000 00:17 351360                     /usr/lib/jvm/java-8-openjdk-amd64/jre/lib/amd64/libnet.so
7ff89e2bd000-7ff89e2be000 r--p 00016000 00:17 351360                     /usr/lib/jvm/java-8-openjdk-amd64/jre/lib/amd64/libnet.so
7ff89e2be000-7ff89e2bf000 rw-p 00017000 00:17 351360                     /usr/lib/jvm/java-8-openjdk-amd64/jre/lib/amd64/libnet.so
7ff89e2bf000-7ff89e2c2000 ---p 00000000 00:00 0 
7ff89e2c2000-7ff89e3c0000 rw-p 00000000 00:00 0 
7ff89e3c0000-7ff89e3c3000 ---p 00000000 00:00 0 
7ff89e3c3000-7ff89e4c1000 rw-p 00000000 00:00 0 
7ff89e4c1000-7ff89e4fb000 r-xp 00000000 00:17 30384                      /usr/lib/x86_64-linux-gnu/gtk-2.0/2.10.0/engines/libmurrine.so
7ff89e4fb000-7ff89e6fb000 ---p 0003a000 00:17 30384                      /usr/lib/x86_64-linux-gnu/gtk-2.0/2.10.0/engines/libmurrine.so
7ff89e6fb000-7ff89e6fc000 r--p 0003a000 00:17 30384                      /usr/lib/x86_64-linux-gnu/gtk-2.0/2.10.0/engines/libmurrine.so
7ff89e6fc000-7ff89e6fd000 rw-p 0003b000 00:17 30384                      /usr/lib/x86_64-linux-gnu/gtk-2.0/2.10.0/engines/libmurrine.so
7ff89e6fd000-7ff89e711000 r-xp 00000000 00:17 12315                      /lib/x86_64-linux-gnu/libgpg-error.so.0.22.0
7ff89e711000-7ff89e910000 ---p 00014000 00:17 12315                      /lib/x86_64-linux-gnu/libgpg-error.so.0.22.0
7ff89e910000-7ff89e911000 r--p 00013000 00:17 12315                      /lib/x86_64-linux-gnu/libgpg-error.so.0.22.0
7ff89e911000-7ff89e912000 rw-p 00014000 00:17 12315                      /lib/x86_64-linux-gnu/libgpg-error.so.0.22.0
7ff89e912000-7ff89ea26000 r-xp 00000000 00:17 341198                     /lib/x86_64-linux-gnu/libgcrypt.so.20.2.1
7ff89ea26000-7ff89ec25000 ---p 00114000 00:17 341198                     /lib/x86_64-linux-gnu/libgcrypt.so.20.2.1
7ff89ec25000-7ff89ec27000 r--p 00113000 00:17 341198                     /lib/x86_64-linux-gnu/libgcrypt.so.20.2.1
7ff89ec27000-7ff89ec2c000 rw-p 00115000 00:17 341198                     /lib/x86_64-linux-gnu/libgcrypt.so.20.2.1
7ff89ec2c000-7ff89ec2d000 rw-p 00000000 00:00 0 
7ff89ec2d000-7ff89ec48000 r-xp 00000000 00:17 28303                      /usr/lib/x86_64-linux-gnu/liblz4.so.1.7.1
7ff89ec48000-7ff89ee47000 ---p 0001b000 00:17 28303                      /usr/lib/x86_64-linux-gnu/liblz4.so.1.7.1
7ff89ee47000-7ff89ee48000 r--p 0001a000 00:17 28303                      /usr/lib/x86_64-linux-gnu/liblz4.so.1.7.1
7ff89ee48000-7ff89ee49000 rw-p 0001b000 00:17 28303                      /usr/lib/x86_64-linux-gnu/liblz4.so.1.7.1
7ff89ee49000-7ff89ee6d000 r-xp 00000000 00:17 12334                      /lib/x86_64-linux-gnu/liblzma.so.5.2.2
7ff89ee6d000-7ff89f06d000 ---p 00024000 00:17 12334                      /lib/x86_64-linux-gnu/liblzma.so.5.2.2
7ff89f06d000-7ff89f06e000 r--p 00024000 00:17 12334                      /lib/x86_64-linux-gnu/liblzma.so.5.2.2
7ff89f06e000-7ff89f06f000 rw-p 00025000 00:17 12334                      /lib/x86_64-linux-gnu/liblzma.so.5.2.2
7ff89f06f000-7ff89f0ef000 r-xp 00000000 00:17 340610                     /lib/x86_64-linux-gnu/libsystemd.so.0.21.0
7ff89f0ef000-7ff89f2ee000 ---p 00080000 00:17 340610                     /lib/x86_64-linux-gnu/libsystemd.so.0.21.0
7ff89f2ee000-7ff89f2f1000 r--p 0007f000 00:17 340610                     /lib/x86_64-linux-gnu/libsystemd.so.0.21.0
7ff89f2f1000-7ff89f2f2000 rw-p 00082000 00:17 340610                     /lib/x86_64-linux-gnu/libsystemd.so.0.21.0
7ff89f2f2000-7ff89f2f3000 rw-p 00000000 00:00 0 
7ff89f2f3000-7ff89f31f000 r-xp 00000000 00:17 27679                      /usr/lib/x86_64-linux-gnu/libatspi.so.0.0.1
7ff89f31f000-7ff89f51f000 ---p 0002c000 00:17 27679                      /usr/lib/x86_64-linux-gnu/libatspi.so.0.0.1
7ff89f51f000-7ff89f522000 r--p 0002c000 00:17 27679                      /usr/lib/x86_64-linux-gnu/libatspi.so.0.0.1
7ff89f522000-7ff89f523000 rw-p 0002f000 00:17 27679                      /usr/lib/x86_64-linux-gnu/libatspi.so.0.0.1
7ff89f523000-7ff89f56e000 r-xp 00000000 00:17 12289                      /lib/x86_64-linux-gnu/libdbus-1.so.3.19.4
7ff89f56e000-7ff89f76e000 ---p 0004b000 00:17 12289                      /lib/x86_64-linux-gnu/libdbus-1.so.3.19.4
7ff89f76e000-7ff89f76f000 r--p 0004b000 00:17 12289                      /lib/x86_64-linux-gnu/libdbus-1.so.3.19.4
7ff89f76f000-7ff89f770000 rw-p 0004c000 00:17 12289                      /lib/x86_64-linux-gnu/libdbus-1.so.3.19.4
7ff89f770000-7ff89f79e000 r-xp 00000000 00:17 27677                      /usr/lib/x86_64-linux-gnu/libatk-bridge-2.0.so.0.0.0
7ff89f79e000-7ff89f99e000 ---p 0002e000 00:17 27677                      /usr/lib/x86_64-linux-gnu/libatk-bridge-2.0.so.0.0.0
7ff89f99e000-7ff89f99f000 r--p 0002e000 00:17 27677                      /usr/lib/x86_64-linux-gnu/libatk-bridge-2.0.so.0.0.0
7ff89f99f000-7ff89f9a0000 rw-p 0002f000 00:17 27677                      /usr/lib/x86_64-linux-gnu/libatk-bridge-2.0.so.0.0.0
7ff89f9a0000-7ff89f9a1000 rw-p 00000000 00:00 0 
7ff89f9a1000-7ff89f9a8000 r-xp 00000000 00:17 27979                      /usr/lib/x86_64-linux-gnu/libgailutil.so.18.0.1
7ff89f9a8000-7ff89fba7000 ---p 00007000 00:17 27979                      /usr/lib/x86_64-linux-gnu/libgailutil.so.18.0.1
7ff89fba7000-7ff89fba8000 r--p 00006000 00:17 27979                      /usr/lib/x86_64-linux-gnu/libgailutil.so.18.0.1
7ff89fba8000-7ff89fba9000 rw-p 00007000 00:17 27979                      /usr/lib/x86_64-linux-gnu/libgailutil.so.18.0.1
7ff89fba9000-7ff89fbf6000 r-xp 00000000 00:17 30404                      /usr/lib/x86_64-linux-gnu/gtk-2.0/modules/libgail.so
7ff89fbf6000-7ff89fdf6000 ---p 0004d000 00:17 30404                      /usr/lib/x86_64-linux-gnu/gtk-2.0/modules/libgail.so
7ff89fdf6000-7ff89fdf7000 r--p 0004d000 00:17 30404                      /usr/lib/x86_64-linux-gnu/gtk-2.0/modules/libgail.so
7ff89fdf7000-7ff89fdf9000 rw-p 0004e000 00:17 30404                      /usr/lib/x86_64-linux-gnu/gtk-2.0/modules/libgail.so
7ff89fdf9000-7ff89fdff000 r-xp 00000000 00:17 308063                     /lib/x86_64-linux-gnu/libuuid.so.1.3.0
7ff89fdff000-7ff89fffe000 ---p 00006000 00:17 308063                     /lib/x86_64-linux-gnu/libuuid.so.1.3.0
7ff89fffe000-7ff89ffff000 r--p 00005000 00:17 308063                     /lib/x86_64-linux-gnu/libuuid.so.1.3.0
7ff89ffff000-7ff8a0000000 rw-p 00006000 00:17 308063                     /lib/x86_64-linux-gnu/libuuid.so.1.3.0
7ff8a0000000-7ff8a0021000 rw-p 00000000 00:00 0 
7ff8a0021000-7ff8a4000000 ---p 00000000 00:00 0 
7ff8a4002000-7ff8a4003000 r-xp 00000000 00:17 30402                      /usr/lib/x86_64-linux-gnu/gtk-2.0/modules/libatk-bridge.so
7ff8a4003000-7ff8a4202000 ---p 00001000 00:17 30402                      /usr/lib/x86_64-linux-gnu/gtk-2.0/modules/libatk-bridge.so
7ff8a4202000-7ff8a4203000 r--p 00000000 00:17 30402                      /usr/lib/x86_64-linux-gnu/gtk-2.0/modules/libatk-bridge.so
7ff8a4203000-7ff8a4204000 rw-p 00001000 00:17 30402                      /usr/lib/x86_64-linux-gnu/gtk-2.0/modules/libatk-bridge.so
7ff8a4204000-7ff8a420a000 r-xp 00000000 00:17 27821                      /usr/lib/x86_64-linux-gnu/libdatrie.so.1.3.3
7ff8a420a000-7ff8a4409000 ---p 00006000 00:17 27821                      /usr/lib/x86_64-linux-gnu/libdatrie.so.1.3.3
7ff8a4409000-7ff8a440a000 r--p 00005000 00:17 27821                      /usr/lib/x86_64-linux-gnu/libdatrie.so.1.3.3
7ff8a440a000-7ff8a440b000 rw-p 00006000 00:17 27821                      /usr/lib/x86_64-linux-gnu/libdatrie.so.1.3.3
7ff8a440b000-7ff8a4436000 r-xp 00000000 00:17 28080                      /usr/lib/x86_64-linux-gnu/libgraphite2.so.3.0.1
7ff8a4436000-7ff8a4635000 ---p 0002b000 00:17 28080                      /usr/lib/x86_64-linux-gnu/libgraphite2.so.3.0.1
7ff8a4635000-7ff8a4637000 r--p 0002a000 00:17 28080                      /usr/lib/x86_64-linux-gnu/libgraphite2.so.3.0.1
7ff8a4637000-7ff8a4638000 rw-p 0002c000 00:17 28080                      /usr/lib/x86_64-linux-gnu/libgraphite2.so.3.0.1
7ff8a4638000-7ff8a467f000 r-xp 00000000 00:17 308088                     /lib/x86_64-linux-gnu/libblkid.so.1.1.0
7ff8a467f000-7ff8a487f000 ---p 00047000 00:17 308088                     /lib/x86_64-linux-gnu/libblkid.so.1.1.0
7ff8a487f000-7ff8a4883000 r--p 00047000 00:17 308088                     /lib/x86_64-linux-gnu/libblkid.so.1.1.0
7ff8a4883000-7ff8a4884000 rw-p 0004b000 00:17 308088                     /lib/x86_64-linux-gnu/libblkid.so.1.1.0
7ff8a4884000-7ff8a4885000 rw-p 00000000 00:00 0 
7ff8a4885000-7ff8a488d000 r-xp 00000000 00:17 28635                      /usr/lib/x86_64-linux-gnu/libthai.so.0.3.0
7ff8a488d000-7ff8a4a8c000 ---p 00008000 00:17 28635                      /usr/lib/x86_64-linux-gnu/libthai.so.0.3.0
7ff8a4a8c000-7ff8a4a8d000 r--p 00007000 00:17 28635                      /usr/lib/x86_64-linux-gnu/libthai.so.0.3.0
7ff8a4a8d000-7ff8a4a8e000 rw-p 00008000 00:17 28635                      /usr/lib/x86_64-linux-gnu/libthai.so.0.3.0
7ff8a4a8e000-7ff8a4b2a000 r-xp 00000000 00:17 28163                      /usr/lib/x86_64-linux-gnu/libharfbuzz.so.0.10702.0
7ff8a4b2a000-7ff8a4d2a000 ---p 0009c000 00:17 28163                      /usr/lib/x86_64-linux-gnu/libharfbuzz.so.0.10702.0
7ff8a4d2a000-7ff8a4d2b000 r--p 0009c000 00:17 28163                      /usr/lib/x86_64-linux-gnu/libharfbuzz.so.0.10702.0
7ff8a4d2b000-7ff8a4d2c000 rw-p 0009d000 00:17 28163                      /usr/lib/x86_64-linux-gnu/libharfbuzz.so.0.10702.0
7ff8a4d2c000-7ff8a4d9c000 r-xp 00000000 00:17 12396                      /lib/x86_64-linux-gnu/libpcre.so.3.13.3
7ff8a4d9c000-7ff8a4f9c000 ---p 00070000 00:17 12396                      /lib/x86_64-linux-gnu/libpcre.so.3.13.3
7ff8a4f9c000-7ff8a4f9d000 r--p 00070000 00:17 12396                      /lib/x86_64-linux-gnu/libpcre.so.3.13.3
7ff8a4f9d000-7ff8a4f9e000 rw-p 00071000 00:17 12396                      /lib/x86_64-linux-gnu/libpcre.so.3.13.3
7ff8a4f9e000-7ff8a4fef000 r-xp 00000000 00:17 308140                     /lib/x86_64-linux-gnu/libmount.so.1.1.0
7ff8a4fef000-7ff8a51ee000 ---p 00051000 00:17 308140                     /lib/x86_64-linux-gnu/libmount.so.1.1.0
7ff8a51ee000-7ff8a51f0000 r--p 00050000 00:17 308140                     /lib/x86_64-linux-gnu/libmount.so.1.1.0
7ff8a51f0000-7ff8a51f1000 rw-p 00052000 00:17 308140                     /lib/x86_64-linux-gnu/libmount.so.1.1.0
7ff8a51f1000-7ff8a51f2000 rw-p 00000000 00:00 0 
7ff8a51f2000-7ff8a5209000 r-xp 00000000 00:17 12413                      /lib/x86_64-linux-gnu/libresolv-2.27.so
7ff8a5209000-7ff8a5409000 ---p 00017000 00:17 12413                      /lib/x86_64-linux-gnu/libresolv-2.27.so
7ff8a5409000-7ff8a540a000 r--p 00017000 00:17 12413                      /lib/x86_64-linux-gnu/libresolv-2.27.so
7ff8a540a000-7ff8a540b000 rw-p 00018000 00:17 12413                      /lib/x86_64-linux-gnu/libresolv-2.27.so
7ff8a540b000-7ff8a540d000 rw-p 00000000 00:00 0 
7ff8a540d000-7ff8a5432000 r-xp 00000000 00:17 12419                      /lib/x86_64-linux-gnu/libselinux.so.1
7ff8a5432000-7ff8a5631000 ---p 00025000 00:17 12419                      /lib/x86_64-linux-gnu/libselinux.so.1
7ff8a5631000-7ff8a5632000 r--p 00024000 00:17 12419                      /lib/x86_64-linux-gnu/libselinux.so.1
7ff8a5632000-7ff8a5633000 rw-p 00025000 00:17 12419                      /lib/x86_64-linux-gnu/libselinux.so.1
7ff8a5633000-7ff8a5635000 rw-p 00000000 00:00 0 
7ff8a5635000-7ff8a5641000 r-xp 00000000 00:17 28779                      /usr/lib/x86_64-linux-gnu/libxcb-render.so.0.0.0
7ff8a5641000-7ff8a5840000 ---p 0000c000 00:17 28779                      /usr/lib/x86_64-linux-gnu/libxcb-render.so.0.0.0
7ff8a5840000-7ff8a5841000 r--p 0000b000 00:17 28779                      /usr/lib/x86_64-linux-gnu/libxcb-render.so.0.0.0
7ff8a5841000-7ff8a5842000 rw-p 0000c000 00:17 28779                      /usr/lib/x86_64-linux-gnu/libxcb-render.so.0.0.0
7ff8a5842000-7ff8a5844000 r-xp 00000000 00:17 28785                      /usr/lib/x86_64-linux-gnu/libxcb-shm.so.0.0.0
7ff8a5844000-7ff8a5a43000 ---p 00002000 00:17 28785                      /usr/lib/x86_64-linux-gnu/libxcb-shm.so.0.0.0
7ff8a5a43000-7ff8a5a44000 r--p 00001000 00:17 28785                      /usr/lib/x86_64-linux-gnu/libxcb-shm.so.0.0.0
7ff8a5a44000-7ff8a5a45000 rw-p 00002000 00:17 28785                      /usr/lib/x86_64-linux-gnu/libxcb-shm.so.0.0.0
7ff8a5a45000-7ff8a5a76000 r-xp 00000000 00:17 345702                     /usr/lib/x86_64-linux-gnu/libpng16.so.16.34.0
7ff8a5a76000-7ff8a5c75000 ---p 00031000 00:17 345702                     /usr/lib/x86_64-linux-gnu/libpng16.so.16.34.0
7ff8a5c75000-7ff8a5c76000 r--p 00030000 00:17 345702                     /usr/lib/x86_64-linux-gnu/libpng16.so.16.34.0
7ff8a5c76000-7ff8a5c77000 rw-p 00031000 00:17 345702                     /usr/lib/x86_64-linux-gnu/libpng16.so.16.34.0
7ff8a5c77000-7ff8a5d24000 r-xp 00000000 00:17 27969                      /usr/lib/x86_64-linux-gnu/libfreetype.so.6.15.0
7ff8a5d24000-7ff8a5f23000 ---p 000ad000 00:17 27969                      /usr/lib/x86_64-linux-gnu/libfreetype.so.6.15.0
7ff8a5f23000-7ff8a5f2a000 r--p 000ac000 00:17 27969                      /usr/lib/x86_64-linux-gnu/libfreetype.so.6.15.0
7ff8a5f2a000-7ff8a5f2b000 rw-p 000b3000 00:17 27969                      /usr/lib/x86_64-linux-gnu/libfreetype.so.6.15.0
7ff8a5f2b000-7ff8a5fc8000 r-xp 00000000 00:17 28451                      /usr/lib/x86_64-linux-gnu/libpixman-1.so.0.34.0
7ff8a5fc8000-7ff8a61c7000 ---p 0009d000 00:17 28451                      /usr/lib/x86_64-linux-gnu/libpixman-1.so.0.34.0
7ff8a61c7000-7ff8a61cf000 r--p 0009c000 00:17 28451                      /usr/lib/x86_64-linux-gnu/libpixman-1.so.0.34.0
7ff8a61cf000-7ff8a61d0000 rw-p 000a4000 00:17 28451                      /usr/lib/x86_64-linux-gnu/libpixman-1.so.0.34.0
7ff8a61d0000-7ff8a61d2000 r-xp 00000000 00:17 27594                      /usr/lib/x86_64-linux-gnu/libXcomposite.so.1.0.0
7ff8a61d2000-7ff8a63d1000 ---p 00002000 00:17 27594                      /usr/lib/x86_64-linux-gnu/libXcomposite.so.1.0.0
7ff8a63d1000-7ff8a63d2000 r--p 00001000 00:17 27594                      /usr/lib/x86_64-linux-gnu/libXcomposite.so.1.0.0
7ff8a63d2000-7ff8a63d3000 rw-p 00002000 00:17 27594                      /usr/lib/x86_64-linux-gnu/libXcomposite.so.1.0.0
7ff8a63d3000-7ff8a63dc000 r-xp 00000000 00:17 27596                      /usr/lib/x86_64-linux-gnu/libXcursor.so.1.0.2
7ff8a63dc000-7ff8a65db000 ---p 00009000 00:17 27596                      /usr/lib/x86_64-linux-gnu/libXcursor.so.1.0.2
7ff8a65db000-7ff8a65dc000 r--p 00008000 00:17 27596                      /usr/lib/x86_64-linux-gnu/libXcursor.so.1.0.2
7ff8a65dc000-7ff8a65dd000 rw-p 00009000 00:17 27596                      /usr/lib/x86_64-linux-gnu/libXcursor.so.1.0.2
7ff8a65dd000-7ff8a65e7000 r-xp 00000000 00:17 27620                      /usr/lib/x86_64-linux-gnu/libXrandr.so.2.2.0
7ff8a65e7000-7ff8a67e6000 ---p 0000a000 00:17 27620                      /usr/lib/x86_64-linux-gnu/libXrandr.so.2.2.0
7ff8a67e6000-7ff8a67e7000 r--p 00009000 00:17 27620                      /usr/lib/x86_64-linux-gnu/libXrandr.so.2.2.0
7ff8a67e7000-7ff8a67e8000 rw-p 0000a000 00:17 27620                      /usr/lib/x86_64-linux-gnu/libXrandr.so.2.2.0
7ff8a67e8000-7ff8a67f7000 r-xp 00000000 00:17 27610                      /usr/lib/x86_64-linux-gnu/libXi.so.6.1.0
7ff8a67f7000-7ff8a69f6000 ---p 0000f000 00:17 27610                      /usr/lib/x86_64-linux-gnu/libXi.so.6.1.0
7ff8a69f6000-7ff8a69f7000 r--p 0000e000 00:17 27610                      /usr/lib/x86_64-linux-gnu/libXi.so.6.1.0
7ff8a69f7000-7ff8a69f8000 rw-p 0000f000 00:17 27610                      /usr/lib/x86_64-linux-gnu/libXi.so.6.1.0
7ff8a69f8000-7ff8a69fa000 r-xp 00000000 00:17 27612                      /usr/lib/x86_64-linux-gnu/libXinerama.so.1.0.0
7ff8a69fa000-7ff8a6bf9000 ---p 00002000 00:17 27612                      /usr/lib/x86_64-linux-gnu/libXinerama.so.1.0.0
7ff8a6bf9000-7ff8a6bfa000 r--p 00001000 00:17 27612                      /usr/lib/x86_64-linux-gnu/libXinerama.so.1.0.0
7ff8a6bfa000-7ff8a6bfb000 rw-p 00002000 00:17 27612                      /usr/lib/x86_64-linux-gnu/libXinerama.so.1.0.0
7ff8a6bfb000-7ff8a6c04000 r-xp 00000000 00:17 27622                      /usr/lib/x86_64-linux-gnu/libXrender.so.1.3.0
7ff8a6c04000-7ff8a6e03000 ---p 00009000 00:17 27622                      /usr/lib/x86_64-linux-gnu/libXrender.so.1.3.0
7ff8a6e03000-7ff8a6e04000 r--p 00008000 00:17 27622                      /usr/lib/x86_64-linux-gnu/libXrender.so.1.3.0
7ff8a6e04000-7ff8a6e05000 rw-p 00009000 00:17 27622                      /usr/lib/x86_64-linux-gnu/libXrender.so.1.3.0
7ff8a6e05000-7ff8a6e43000 r-xp 00000000 00:17 27951                      /usr/lib/x86_64-linux-gnu/libfontconfig.so.1.10.1
7ff8a6e43000-7ff8a7043000 ---p 0003e000 00:17 27951                      /usr/lib/x86_64-linux-gnu/libfontconfig.so.1.10.1
7ff8a7043000-7ff8a7045000 r--p 0003e000 00:17 27951                      /usr/lib/x86_64-linux-gnu/libfontconfig.so.1.10.1
7ff8a7045000-7ff8a704a000 rw-p 00040000 00:17 27951                      /usr/lib/x86_64-linux-gnu/libfontconfig.so.1.10.1
7ff8a704a000-7ff8a7094000 r-xp 00000000 00:17 435607                     /usr/lib/x86_64-linux-gnu/libpango-1.0.so.0.4000.14
7ff8a7094000-7ff8a7293000 ---p 0004a000 00:17 435607                     /usr/lib/x86_64-linux-gnu/libpango-1.0.so.0.4000.14
7ff8a7293000-7ff8a7296000 r--p 00049000 00:17 435607                     /usr/lib/x86_64-linux-gnu/libpango-1.0.so.0.4000.14
7ff8a7296000-7ff8a7297000 rw-p 0004c000 00:17 435607                     /usr/lib/x86_64-linux-gnu/libpango-1.0.so.0.4000.14
7ff8a7297000-7ff8a72ab000 r-xp 00000000 00:17 435629                     /usr/lib/x86_64-linux-gnu/libpangoft2-1.0.so.0.4000.14
7ff8a72ab000-7ff8a74ab000 ---p 00014000 00:17 435629                     /usr/lib/x86_64-linux-gnu/libpangoft2-1.0.so.0.4000.14
7ff8a74ab000-7ff8a74ac000 r--p 00014000 00:17 435629                     /usr/lib/x86_64-linux-gnu/libpangoft2-1.0.so.0.4000.14
7ff8a74ac000-7ff8a74ad000 rw-p 00015000 00:17 435629                     /usr/lib/x86_64-linux-gnu/libpangoft2-1.0.so.0.4000.14
7ff8a74ad000-7ff8a74cf000 r-xp 00000000 00:17 27675                      /usr/lib/x86_64-linux-gnu/libatk-1.0.so.0.22810.1
7ff8a74cf000-7ff8a76cf000 ---p 00022000 00:17 27675                      /usr/lib/x86_64-linux-gnu/libatk-1.0.so.0.22810.1
7ff8a76cf000-7ff8a76d2000 r--p 00022000 00:17 27675                      /usr/lib/x86_64-linux-gnu/libatk-1.0.so.0.22810.1
7ff8a76d2000-7ff8a76d3000 rw-p 00025000 00:17 27675                      /usr/lib/x86_64-linux-gnu/libatk-1.0.so.0.22810.1
7ff8a76d3000-7ff8a76df000 r-xp 00000000 00:17 435648                     /usr/lib/x86_64-linux-gnu/libpangocairo-1.0.so.0.4000.14
7ff8a76df000-7ff8a78de000 ---p 0000c000 00:17 435648                     /usr/lib/x86_64-linux-gnu/libpangocairo-1.0.so.0.4000.14
7ff8a78de000-7ff8a78df000 r--p 0000b000 00:17 435648                     /usr/lib/x86_64-linux-gnu/libpangocairo-1.0.so.0.4000.14
7ff8a78df000-7ff8a78e0000 rw-p 0000c000 00:17 435648                     /usr/lib/x86_64-linux-gnu/libpangocairo-1.0.so.0.4000.14
7ff8a78e0000-7ff8a78e3000 r-xp 00000000 00:17 433208                     /usr/lib/x86_64-linux-gnu/libgmodule-2.0.so.0.5600.2
7ff8a78e3000-7ff8a7ae2000 ---p 00003000 00:17 433208                     /usr/lib/x86_64-linux-gnu/libgmodule-2.0.so.0.5600.2
7ff8a7ae2000-7ff8a7ae3000 r--p 00002000 00:17 433208                     /usr/lib/x86_64-linux-gnu/libgmodule-2.0.so.0.5600.2
7ff8a7ae3000-7ff8a7ae4000 rw-p 00003000 00:17 433208                     /usr/lib/x86_64-linux-gnu/libgmodule-2.0.so.0.5600.2
7ff8a7ae4000-7ff8a7ae9000 r-xp 00000000 00:17 27628                      /usr/lib/x86_64-linux-gnu/libXtst.so.6.1.0
7ff8a7ae9000-7ff8a7ce8000 ---p 00005000 00:17 27628                      /usr/lib/x86_64-linux-gnu/libXtst.so.6.1.0
7ff8a7ce8000-7ff8a7ce9000 r--p 00004000 00:17 27628                      /usr/lib/x86_64-linux-gnu/libXtst.so.6.1.0
7ff8a7ce9000-7ff8a7cea000 rw-p 00005000 00:17 27628                      /usr/lib/x86_64-linux-gnu/libXtst.so.6.1.0
7ff8a7cea000-7ff8a7dfd000 r-xp 00000000 00:17 433207                     /usr/lib/x86_64-linux-gnu/libglib-2.0.so.0.5600.2
7ff8a7dfd000-7ff8a7ffd000 ---p 00113000 00:17 433207                     /usr/lib/x86_64-linux-gnu/libglib-2.0.so.0.5600.2
7ff8a7ffd000-7ff8a7ffe000 r--p 00113000 00:17 433207                     /usr/lib/x86_64-linux-gnu/libglib-2.0.so.0.5600.2
7ff8a7ffe000-7ff8a7fff000 rw-p 00114000 00:17 433207                     /usr/lib/x86_64-linux-gnu/libglib-2.0.so.0.5600.2
7ff8a7fff000-7ff8a8000000 rw-p 00000000 00:00 0 
7ff8a8000000-7ff8a8021000 rw-p 00000000 00:00 0 
7ff8a8021000-7ff8ac000000 ---p 00000000 00:00 0 
7ff8ac005000-7ff8ac01c000 r--p 00000000 00:17 46820                      /usr/share/fonts/truetype/tlwg/Waree.ttf
7ff8ac01c000-7ff8ac031000 r--p 00000000 00:17 46780                      /usr/share/fonts/truetype/tlwg/Loma.ttf
7ff8ac031000-7ff8ac044000 r--s 00346000 00:17 351404                     /usr/lib/jvm/java-8-openjdk-amd64/jre/lib/resources.jar
7ff8ac044000-7ff8ac04f000 r--s 00000000 00:17 133200                     /var/cache/fontconfig/945677eb7aeaf62f1d50efc3fb3ec7d8-le64.cache-7
7ff8ac04f000-7ff8ac052000 r--s 00000000 00:17 250903                     /var/cache/fontconfig/f24b2111ab8703b4e963115a8cf14259-le64.cache-7
7ff8ac052000-7ff8ac057000 r--s 00000000 00:17 133171                     /var/cache/fontconfig/2300eef321c393bfd76478a5c0e95b23-le64.cache-7
7ff8ac057000-7ff8ac058000 r--s 00000000 00:17 133164                     /var/cache/fontconfig/0d8c3b2ac0904cb8a57a757ad11a4a08-le64.cache-7
7ff8ac058000-7ff8ac06d000 r--s 00000000 00:17 133161                     /var/cache/fontconfig/04aabc0a78ac019cf9454389977116d2-le64.cache-7
7ff8ac06d000-7ff8ac06e000 r--s 00000000 00:17 133168                     /var/cache/fontconfig/1ac9eb803944fde146138c791f5cc56a-le64.cache-7
7ff8ac06e000-7ff8ac06f000 r--s 00000000 00:17 133219                     /var/cache/fontconfig/dc05db6664285cc2f12bf69c139ae4c3-le64.cache-7
7ff8ac06f000-7ff8ac071000 r--s 00000000 00:17 133165                     /var/cache/fontconfig/14a5e22175779b556eaa434240950366-le64.cache-7
7ff8ac071000-7ff8ac072000 r--s 00000000 00:17 133192                     /var/cache/fontconfig/660208299946a285a940457d1287da33-le64.cache-7
7ff8ac072000-7ff8ac074000 r--s 00000000 00:17 133183                     /var/cache/fontconfig/4f3e3037c9980c83b53a9351efadef62-le64.cache-7
7ff8ac074000-7ff8ac076000 r--s 00000000 00:17 133197                     /var/cache/fontconfig/767a8244fc0220cfb567a839d0392e0b-le64.cache-7
7ff8ac076000-7ff8ac077000 r--s 00000000 00:17 482290                     /var/cache/fontconfig/4794a0821666d79190d59a36cb4f44b5-le64.cache-7
7ff8ac077000-7ff8ac079000 r--s 00000000 00:17 133162                     /var/cache/fontconfig/0bd3dc0958fa2205aaaa8ebb13e2872b-le64.cache-7
7ff8ac079000-7ff8ac07e000 r--s 00000000 00:17 133220                     /var/cache/fontconfig/def309198bfa603429122923fa2bb2d4-le64.cache-7
7ff8ac07e000-7ff8ac07f000 r--s 00000000 00:17 133208                     /var/cache/fontconfig/b872e6e592da6075ffa4ab0a1fcc0c75-le64.cache-7
7ff8ac07f000-7ff8ac080000 r--s 00000000 00:17 133225                     /var/cache/fontconfig/f6d4eedfaab2589bde49f7a3ff831d22-le64.cache-7
7ff8ac080000-7ff8ac081000 r--s 00000000 00:17 133190                     /var/cache/fontconfig/589f83ef4c36d296ce6e1c846f468f08-le64.cache-7
7ff8ac081000-7ff8ac082000 r--s 00000000 00:17 133210                     /var/cache/fontconfig/bab58bb527bb656aaa9f116d68a48d89-le64.cache-7
7ff8ac082000-7ff8ac083000 r--s 00000000 00:17 133169                     /var/cache/fontconfig/2171a34dccabdb6bcbbc728186263178-le64.cache-7
7ff8ac083000-7ff8ac084000 r--s 00000000 00:17 133211                     /var/cache/fontconfig/c5c45a61289222e0d30b1a26ef4effbe-le64.cache-7
7ff8ac084000-7ff8ac085000 r--s 00000000 00:17 133206                     /var/cache/fontconfig/aec30016f93e1b46d1a973dce0d74068-le64.cache-7
7ff8ac085000-7ff8ac086000 r--s 00000000 00:17 133176                     /var/cache/fontconfig/3f589640d34b7dc9042c8d453f7c8b9c-le64.cache-7
7ff8ac086000-7ff8ac087000 r--s 00000000 00:17 133166                     /var/cache/fontconfig/16c2fda60d1b4b719f4b3d06fd951d25-le64.cache-7
7ff8ac087000-7ff8ac088000 r--s 00000000 00:17 133205                     /var/cache/fontconfig/a48eab177a16e4f3713381162db2f3e9-le64.cache-7
7ff8ac088000-7ff8ac089000 r--s 00000000 00:17 133186                     /var/cache/fontconfig/564b2e68ac9bc4e36a6f7f6d6125ec1c-le64.cache-7
7ff8ac089000-7ff8ac08e000 r--s 00000000 00:17 482288                     /var/cache/fontconfig/9d2451b1fd30e5bffe8383fd27c35478-le64.cache-7
7ff8ac08e000-7ff8ac094000 r--s 00000000 00:17 482286                     /var/cache/fontconfig/3047814df9a2f067bd2d96a2b9c36e5a-le64.cache-7
7ff8ac094000-7ff8ac09a000 r--s 00000000 00:17 133207                     /var/cache/fontconfig/b47c4e1ecd0709278f4910c18777a504-le64.cache-7
7ff8ac09a000-7ff8ac09d000 ---p 00000000 00:00 0 
7ff8ac09d000-7ff8ac19b000 rw-p 00000000 00:00 0 
7ff8ac19b000-7ff8ac19c000 r-xp 00000000 00:17 433210                     /usr/lib/x86_64-linux-gnu/libgthread-2.0.so.0.5600.2
7ff8ac19c000-7ff8ac39b000 ---p 00001000 00:17 433210                     /usr/lib/x86_64-linux-gnu/libgthread-2.0.so.0.5600.2
7ff8ac39b000-7ff8ac39c000 r--p 00000000 00:17 433210                     /usr/lib/x86_64-linux-gnu/libgthread-2.0.so.0.5600.2
7ff8ac39c000-7ff8ac39d000 rw-p 00001000 00:17 433210                     /usr/lib/x86_64-linux-gnu/libgthread-2.0.so.0.5600.2
7ff8ac39d000-7ff8ac3ef000 r-xp 00000000 00:17 433209                     /usr/lib/x86_64-linux-gnu/libgobject-2.0.so.0.5600.2
7ff8ac3ef000-7ff8ac5ef000 ---p 00052000 00:17 433209                     /usr/lib/x86_64-linux-gnu/libgobject-2.0.so.0.5600.2
7ff8ac5ef000-7ff8ac5f0000 r--p 00052000 00:17 433209                     /usr/lib/x86_64-linux-gnu/libgobject-2.0.so.0.5600.2
7ff8ac5f0000-7ff8ac5f1000 rw-p 00053000 00:17 433209                     /usr/lib/x86_64-linux-gnu/libgobject-2.0.so.0.5600.2
7ff8ac5f1000-7ff8ac786000 r-xp 00000000 00:17 433206                     /usr/lib/x86_64-linux-gnu/libgio-2.0.so.0.5600.2
7ff8ac786000-7ff8ac986000 ---p 00195000 00:17 433206                     /usr/lib/x86_64-linux-gnu/libgio-2.0.so.0.5600.2
7ff8ac986000-7ff8ac98d000 r--p 00195000 00:17 433206                     /usr/lib/x86_64-linux-gnu/libgio-2.0.so.0.5600.2
7ff8ac98d000-7ff8ac98e000 rw-p 0019c000 00:17 433206                     /usr/lib/x86_64-linux-gnu/libgio-2.0.so.0.5600.2
7ff8ac98e000-7ff8ac990000 rw-p 00000000 00:00 0 
7ff8ac990000-7ff8ac9b2000 r-xp 00000000 00:17 28007                      /usr/lib/x86_64-linux-gnu/libgdk_pixbuf-2.0.so.0.3611.0
7ff8ac9b2000-7ff8acbb2000 ---p 00022000 00:17 28007                      /usr/lib/x86_64-linux-gnu/libgdk_pixbuf-2.0.so.0.3611.0
7ff8acbb2000-7ff8acbb3000 r--p 00022000 00:17 28007                      /usr/lib/x86_64-linux-gnu/libgdk_pixbuf-2.0.so.0.3611.0
7ff8acbb3000-7ff8acbb4000 rw-p 00023000 00:17 28007                      /usr/lib/x86_64-linux-gnu/libgdk_pixbuf-2.0.so.0.3611.0
7ff8acbb4000-7ff8acccc000 r-xp 00000000 00:17 27744                      /usr/lib/x86_64-linux-gnu/libcairo.so.2.11510.0
7ff8acccc000-7ff8acecb000 ---p 00118000 00:17 27744                      /usr/lib/x86_64-linux-gnu/libcairo.so.2.11510.0
7ff8acecb000-7ff8acece000 r--p 00117000 00:17 27744                      /usr/lib/x86_64-linux-gnu/libcairo.so.2.11510.0
7ff8acece000-7ff8aced0000 rw-p 0011a000 00:17 27744                      /usr/lib/x86_64-linux-gnu/libcairo.so.2.11510.0
7ff8aced0000-7ff8aced1000 rw-p 00000000 00:00 0 
7ff8aced1000-7ff8acf81000 r-xp 00000000 00:17 28005                      /usr/lib/x86_64-linux-gnu/libgdk-x11-2.0.so.0.2400.32
7ff8acf81000-7ff8ad180000 ---p 000b0000 00:17 28005                      /usr/lib/x86_64-linux-gnu/libgdk-x11-2.0.so.0.2400.32
7ff8ad180000-7ff8ad184000 r--p 000af000 00:17 28005                      /usr/lib/x86_64-linux-gnu/libgdk-x11-2.0.so.0.2400.32
7ff8ad184000-7ff8ad186000 rw-p 000b3000 00:17 28005                      /usr/lib/x86_64-linux-gnu/libgdk-x11-2.0.so.0.2400.32
7ff8ad186000-7ff8ad5bb000 r-xp 00000000 00:17 28138                      /usr/lib/x86_64-linux-gnu/libgtk-x11-2.0.so.0.2400.32
7ff8ad5bb000-7ff8ad7ba000 ---p 00435000 00:17 28138                      /usr/lib/x86_64-linux-gnu/libgtk-x11-2.0.so.0.2400.32
7ff8ad7ba000-7ff8ad7c1000 r--p 00434000 00:17 28138                      /usr/lib/x86_64-linux-gnu/libgtk-x11-2.0.so.0.2400.32
7ff8ad7c1000-7ff8ad7c5000 rw-p 0043b000 00:17 28138                      /usr/lib/x86_64-linux-gnu/libgtk-x11-2.0.so.0.2400.32
7ff8ad7c5000-7ff8ad7c8000 rw-p 00000000 00:00 0 
7ff8ad7c8000-7ff8ad7f0000 r-xp 00000000 00:17 633373                     /usr/lib/jvm/java-8-openjdk-amd64/jre/lib/amd64/libglass.so
7ff8ad7f0000-7ff8ad9f0000 ---p 00028000 00:17 633373                     /usr/lib/jvm/java-8-openjdk-amd64/jre/lib/amd64/libglass.so
7ff8ad9f0000-7ff8ad9f1000 r--p 00028000 00:17 633373                     /usr/lib/jvm/java-8-openjdk-amd64/jre/lib/amd64/libglass.so
7ff8ad9f1000-7ff8ad9f2000 rw-p 00029000 00:17 633373                     /usr/lib/jvm/java-8-openjdk-amd64/jre/lib/amd64/libglass.so
7ff8ad9f2000-7ff8ada00000 r-xp 00000000 00:17 633383                     /usr/lib/jvm/java-8-openjdk-amd64/jre/lib/amd64/libprism_sw.so
7ff8ada00000-7ff8adc00000 ---p 0000e000 00:17 633383                     /usr/lib/jvm/java-8-openjdk-amd64/jre/lib/amd64/libprism_sw.so
7ff8adc00000-7ff8adc01000 r--p 0000e000 00:17 633383                     /usr/lib/jvm/java-8-openjdk-amd64/jre/lib/amd64/libprism_sw.so
7ff8adc01000-7ff8adc02000 rw-p 0000f000 00:17 633383                     /usr/lib/jvm/java-8-openjdk-amd64/jre/lib/amd64/libprism_sw.so
7ff8adc02000-7ff8adc03000 ---p 00000000 00:00 0 
7ff8adc03000-7ff8ae403000 rw-p 00000000 00:00 0 
7ff8ae403000-7ff8ae404000 ---p 00000000 00:00 0 
7ff8ae404000-7ff8aec04000 rw-p 00000000 00:00 0 
7ff8aec04000-7ff8aec29000 r-xp 00000000 00:17 349926                     /lib/x86_64-linux-gnu/libtinfo.so.5.9
7ff8aec29000-7ff8aee29000 ---p 00025000 00:17 349926                     /lib/x86_64-linux-gnu/libtinfo.so.5.9
7ff8aee29000-7ff8aee2d000 r--p 00025000 00:17 349926                     /lib/x86_64-linux-gnu/libtinfo.so.5.9
7ff8aee2d000-7ff8aee2e000 rw-p 00029000 00:17 349926                     /lib/x86_64-linux-gnu/libtinfo.so.5.9
7ff8aee2e000-7ff8aee5f000 r-xp 00000000 00:17 27893                      /usr/lib/x86_64-linux-gnu/libedit.so.2.0.56
7ff8aee5f000-7ff8af05e000 ---p 00031000 00:17 27893                      /usr/lib/x86_64-linux-gnu/libedit.so.2.0.56
7ff8af05e000-7ff8af060000 r--p 00030000 00:17 27893                      /usr/lib/x86_64-linux-gnu/libedit.so.2.0.56
7ff8af060000-7ff8af061000 rw-p 00032000 00:17 27893                      /usr/lib/x86_64-linux-gnu/libedit.so.2.0.56
7ff8af061000-7ff8af065000 rw-p 00000000 00:00 0 
7ff8af065000-7ff8af06c000 r-xp 00000000 00:17 27937                      /usr/lib/x86_64-linux-gnu/libffi.so.6.0.4
7ff8af06c000-7ff8af26b000 ---p 00007000 00:17 27937                      /usr/lib/x86_64-linux-gnu/libffi.so.6.0.4
7ff8af26b000-7ff8af26c000 r--p 00006000 00:17 27937                      /usr/lib/x86_64-linux-gnu/libffi.so.6.0.4
7ff8af26c000-7ff8af26d000 rw-p 00007000 00:17 27937                      /usr/lib/x86_64-linux-gnu/libffi.so.6.0.4
7ff8af26d000-7ff8b292f000 r-xp 00000000 00:17 27548                      /usr/lib/x86_64-linux-gnu/libLLVM-6.0.so.1
7ff8b292f000-7ff8b2930000 ---p 036c2000 00:17 27548                      /usr/lib/x86_64-linux-gnu/libLLVM-6.0.so.1
7ff8b2930000-7ff8b2ca0000 r--p 036c2000 00:17 27548                      /usr/lib/x86_64-linux-gnu/libLLVM-6.0.so.1
7ff8b2ca0000-7ff8b2cae000 rw-p 03a32000 00:17 27548                      /usr/lib/x86_64-linux-gnu/libLLVM-6.0.so.1
7ff8b2cae000-7ff8b2d09000 rw-p 00000000 00:00 0 
7ff8b2d09000-7ff8b2d22000 r-xp 00000000 00:17 27898                      /usr/lib/x86_64-linux-gnu/libelf-0.170.so
7ff8b2d22000-7ff8b2f21000 ---p 00019000 00:17 27898                      /usr/lib/x86_64-linux-gnu/libelf-0.170.so
7ff8b2f21000-7ff8b2f22000 r--p 00018000 00:17 27898                      /usr/lib/x86_64-linux-gnu/libelf-0.170.so
7ff8b2f22000-7ff8b2f23000 rw-p 00019000 00:17 27898                      /usr/lib/x86_64-linux-gnu/libelf-0.170.so
7ff8b2f23000-7ff8b2f2c000 r-xp 00000000 00:17 27863                      /usr/lib/x86_64-linux-gnu/libdrm_amdgpu.so.1.0.0
7ff8b2f2c000-7ff8b312b000 ---p 00009000 00:17 27863                      /usr/lib/x86_64-linux-gnu/libdrm_amdgpu.so.1.0.0
7ff8b312b000-7ff8b312c000 r--p 00008000 00:17 27863                      /usr/lib/x86_64-linux-gnu/libdrm_amdgpu.so.1.0.0
7ff8b312c000-7ff8b312d000 rw-p 00009000 00:17 27863                      /usr/lib/x86_64-linux-gnu/libdrm_amdgpu.so.1.0.0
7ff8b312d000-7ff8b3baa000 r-xp 00000000 00:17 346847                     /usr/lib/x86_64-linux-gnu/dri/swrast_dri.so
7ff8b3baa000-7ff8b3da9000 ---p 00a7d000 00:17 346847                     /usr/lib/x86_64-linux-gnu/dri/swrast_dri.so
7ff8b3da9000-7ff8b3dfe000 r--p 00a7c000 00:17 346847                     /usr/lib/x86_64-linux-gnu/dri/swrast_dri.so
7ff8b3dfe000-7ff8b3e07000 rw-p 00ad1000 00:17 346847                     /usr/lib/x86_64-linux-gnu/dri/swrast_dri.so
7ff8b3e07000-7ff8b4000000 rw-p 00000000 00:00 0 
7ff8b4000000-7ff8b4021000 rw-p 00000000 00:00 0 
7ff8b4021000-7ff8b8000000 ---p 00000000 00:00 0 
7ff8b8000000-7ff8b8320000 rw-p 00000000 00:00 0 
7ff8b8320000-7ff8bc000000 ---p 00000000 00:00 0 
7ff8bc000000-7ff8bc688000 rw-p 00000000 00:00 0 
7ff8bc688000-7ff8c0000000 ---p 00000000 00:00 0 
7ff8c0000000-7ff8c0021000 rw-p 00000000 00:00 0 
7ff8c0021000-7ff8c4000000 ---p 00000000 00:00 0 
7ff8c4000000-7ff8c499f000 rw-p 00000000 00:00 0 
7ff8c499f000-7ff8c8000000 ---p 00000000 00:00 0 
7ff8c8000000-7ff8c8021000 rw-p 00000000 00:00 0 
7ff8c8021000-7ff8cc000000 ---p 00000000 00:00 0 
7ff8cc000000-7ff8cc001000 r--s 00000000 00:17 133187                     /var/cache/fontconfig/56cf4f4769d0f4abc89a4895d7bd3ae1-le64.cache-7
7ff8cc001000-7ff8cc002000 r--s 00000000 00:17 133209                     /var/cache/fontconfig/b9d506c9ac06c20b433354fa67a72993-le64.cache-7
7ff8cc002000-7ff8cc015000 r--s 00000000 00:17 133216                     /var/cache/fontconfig/d52a8644073d54c13679302ca1180695-le64.cache-7
7ff8cc015000-7ff8cc016000 r--s 00000000 00:17 133174                     /var/cache/fontconfig/370e5b74bf5dafc30834de68e24a87a4-le64.cache-7
7ff8cc016000-7ff8cc017000 r--s 00000000 00:17 406747                     /var/cache/fontconfig/6b2c5944714ca7831b25bed9e85cb5c8-le64.cache-7
7ff8cc017000-7ff8cc018000 r--s 00000000 00:17 133215                     /var/cache/fontconfig/d5178ab6d91b49bf20a416737dcea9e8-le64.cache-7
7ff8cc018000-7ff8cc019000 r--s 00000000 00:17 406745                     /var/cache/fontconfig/551ecf3b0e8b0bca0f25c0944f561853-le64.cache-7
7ff8cc019000-7ff8cc01c000 r--s 00000000 00:17 406743                     /var/cache/fontconfig/f259c2cffa685e28062317905db73c4a-le64.cache-7
7ff8cc01c000-7ff8cc01e000 r--s 00000000 00:17 406741                     /var/cache/fontconfig/550f3886151c940c12a5ed35f6a00586-le64.cache-7
7ff8cc01e000-7ff8cc021000 r--s 00000000 00:17 406739                     /var/cache/fontconfig/674d1711f2d1d2a09646eb0bdcadee49-le64.cache-7
7ff8cc021000-7ff8cc022000 r--s 00000000 00:17 133177                     /var/cache/fontconfig/3f7329c5293ffd510edef78f73874cfd-le64.cache-7
7ff8cc022000-7ff8cc02e000 r--s 00000000 00:17 239568                     /var/cache/fontconfig/d589a48862398ed80a3d6066f4f56f4c-le64.cache-7
7ff8cc02e000-7ff8cc02f000 r--s 00000000 00:17 133163                     /var/cache/fontconfig/0c9eb80ebd1c36541ebe2852d3bb0c49-le64.cache-7
7ff8cc02f000-7ff8cc04e000 r--s 00000000 00:17 133202                     /var/cache/fontconfig/9b89f8e3dae116d678bbf48e5f21f69b-le64.cache-7
7ff8cc04e000-7ff8cc07b000 r--p 00000000 00:17 345345                     /usr/share/locale-langpack/ja/LC_MESSAGES/gtk20-properties.mo
7ff8cc07b000-7ff8cc08b000 r--p 00000000 00:17 345346                     /usr/share/locale-langpack/ja/LC_MESSAGES/gtk20.mo
7ff8cc08b000-7ff8cc0af000 r--p 00000000 00:17 345544                     /usr/share/locale-langpack/ja/LC_MESSAGES/libc.mo
7ff8cc0af000-7ff8cc0ba000 r-xp 00000000 00:17 27869                      /usr/lib/x86_64-linux-gnu/libdrm_radeon.so.1.0.1
7ff8cc0ba000-7ff8cc2b9000 ---p 0000b000 00:17 27869                      /usr/lib/x86_64-linux-gnu/libdrm_radeon.so.1.0.1
7ff8cc2b9000-7ff8cc2ba000 r--p 0000a000 00:17 27869                      /usr/lib/x86_64-linux-gnu/libdrm_radeon.so.1.0.1
7ff8cc2ba000-7ff8cc2bb000 rw-p 0000b000 00:17 27869                      /usr/lib/x86_64-linux-gnu/libdrm_radeon.so.1.0.1
7ff8cc2bb000-7ff8cc2c2000 r-xp 00000000 00:17 27867                      /usr/lib/x86_64-linux-gnu/libdrm_nouveau.so.2.0.0
7ff8cc2c2000-7ff8cc4c1000 ---p 00007000 00:17 27867                      /usr/lib/x86_64-linux-gnu/libdrm_nouveau.so.2.0.0
7ff8cc4c1000-7ff8cc4c2000 r--p 00006000 00:17 27867                      /usr/lib/x86_64-linux-gnu/libdrm_nouveau.so.2.0.0
7ff8cc4c2000-7ff8cc4c3000 rw-p 00007000 00:17 27867                      /usr/lib/x86_64-linux-gnu/libdrm_nouveau.so.2.0.0
7ff8cc4c3000-7ff8cc4d1000 r-xp 00000000 00:17 28559                      /usr/lib/x86_64-linux-gnu/libsensors.so.4.4.0
7ff8cc4d1000-7ff8cc6d0000 ---p 0000e000 00:17 28559                      /usr/lib/x86_64-linux-gnu/libsensors.so.4.4.0
7ff8cc6d0000-7ff8cc6d1000 r--p 0000d000 00:17 28559                      /usr/lib/x86_64-linux-gnu/libsensors.so.4.4.0
7ff8cc6d1000-7ff8cc6d2000 rw-p 0000e000 00:17 28559                      /usr/lib/x86_64-linux-gnu/libsensors.so.4.4.0
7ff8cc6d2000-7ff8cc6e2000 r-xp 00000000 00:17 27861                      /usr/lib/x86_64-linux-gnu/libdrm.so.2.4.0
7ff8cc6e2000-7ff8cc8e1000 ---p 00010000 00:17 27861                      /usr/lib/x86_64-linux-gnu/libdrm.so.2.4.0
7ff8cc8e1000-7ff8cc8e2000 r--p 0000f000 00:17 27861                      /usr/lib/x86_64-linux-gnu/libdrm.so.2.4.0
7ff8cc8e2000-7ff8cc8e3000 rw-p 00010000 00:17 27861                      /usr/lib/x86_64-linux-gnu/libdrm.so.2.4.0
7ff8cc8e3000-7ff8cc8e8000 r-xp 00000000 00:17 27638                      /usr/lib/x86_64-linux-gnu/libXxf86vm.so.1.0.0
7ff8cc8e8000-7ff8ccae7000 ---p 00005000 00:17 27638                      /usr/lib/x86_64-linux-gnu/libXxf86vm.so.1.0.0
7ff8ccae7000-7ff8ccae8000 r--p 00004000 00:17 27638                      /usr/lib/x86_64-linux-gnu/libXxf86vm.so.1.0.0
7ff8ccae8000-7ff8ccae9000 rw-p 00005000 00:17 27638                      /usr/lib/x86_64-linux-gnu/libXxf86vm.so.1.0.0
7ff8ccae9000-7ff8ccaed000 r-xp 00000000 00:17 28761                      /usr/lib/x86_64-linux-gnu/libxcb-dri2.so.0.0.0
7ff8ccaed000-7ff8cccec000 ---p 00004000 00:17 28761                      /usr/lib/x86_64-linux-gnu/libxcb-dri2.so.0.0.0
7ff8cccec000-7ff8ccced000 r--p 00003000 00:17 28761                      /usr/lib/x86_64-linux-gnu/libxcb-dri2.so.0.0.0
7ff8ccced000-7ff8cccee000 rw-p 00004000 00:17 28761                      /usr/lib/x86_64-linux-gnu/libxcb-dri2.so.0.0.0
7ff8cccee000-7ff8ccd06000 r-xp 00000000 00:17 28765                      /usr/lib/x86_64-linux-gnu/libxcb-glx.so.0.0.0
7ff8ccd06000-7ff8ccf06000 ---p 00018000 00:17 28765                      /usr/lib/x86_64-linux-gnu/libxcb-glx.so.0.0.0
7ff8ccf06000-7ff8ccf08000 r--p 00018000 00:17 28765                      /usr/lib/x86_64-linux-gnu/libxcb-glx.so.0.0.0
7ff8ccf08000-7ff8ccf09000 rw-p 0001a000 00:17 28765                      /usr/lib/x86_64-linux-gnu/libxcb-glx.so.0.0.0
7ff8ccf09000-7ff8ccf0a000 r-xp 00000000 00:17 435666                     /usr/lib/x86_64-linux-gnu/libX11-xcb.so.1.0.0
7ff8ccf0a000-7ff8cd109000 ---p 00001000 00:17 435666                     /usr/lib/x86_64-linux-gnu/libX11-xcb.so.1.0.0
7ff8cd109000-7ff8cd10a000 r--p 00000000 00:17 435666                     /usr/lib/x86_64-linux-gnu/libX11-xcb.so.1.0.0
7ff8cd10a000-7ff8cd10b000 rw-p 00001000 00:17 435666                     /usr/lib/x86_64-linux-gnu/libX11-xcb.so.1.0.0
7ff8cd10b000-7ff8cd110000 r-xp 00000000 00:17 27604                      /usr/lib/x86_64-linux-gnu/libXfixes.so.3.1.0
7ff8cd110000-7ff8cd30f000 ---p 00005000 00:17 27604                      /usr/lib/x86_64-linux-gnu/libXfixes.so.3.1.0
7ff8cd30f000-7ff8cd310000 r--p 00004000 00:17 27604                      /usr/lib/x86_64-linux-gnu/libXfixes.so.3.1.0
7ff8cd310000-7ff8cd311000 rw-p 00005000 00:17 27604                      /usr/lib/x86_64-linux-gnu/libXfixes.so.3.1.0
7ff8cd311000-7ff8cd313000 r-xp 00000000 00:17 27598                      /usr/lib/x86_64-linux-gnu/libXdamage.so.1.1.0
7ff8cd313000-7ff8cd512000 ---p 00002000 00:17 27598                      /usr/lib/x86_64-linux-gnu/libXdamage.so.1.1.0
7ff8cd512000-7ff8cd513000 r--p 00001000 00:17 27598                      /usr/lib/x86_64-linux-gnu/libXdamage.so.1.1.0
7ff8cd513000-7ff8cd514000 rw-p 00002000 00:17 27598                      /usr/lib/x86_64-linux-gnu/libXdamage.so.1.1.0
7ff8cd514000-7ff8cd525000 r-xp 00000000 00:17 27602                      /usr/lib/x86_64-linux-gnu/libXext.so.6.4.0
7ff8cd525000-7ff8cd724000 ---p 00011000 00:17 27602                      /usr/lib/x86_64-linux-gnu/libXext.so.6.4.0
7ff8cd724000-7ff8cd725000 r--p 00010000 00:17 27602                      /usr/lib/x86_64-linux-gnu/libXext.so.6.4.0
7ff8cd725000-7ff8cd726000 rw-p 00011000 00:17 27602                      /usr/lib/x86_64-linux-gnu/libXext.so.6.4.0
7ff8cd726000-7ff8cd752000 r-xp 00000000 00:17 346826                     /usr/lib/x86_64-linux-gnu/libglapi.so.0.0.0
7ff8cd752000-7ff8cd951000 ---p 0002c000 00:17 346826                     /usr/lib/x86_64-linux-gnu/libglapi.so.0.0.0
7ff8cd951000-7ff8cd955000 r--p 0002b000 00:17 346826                     /usr/lib/x86_64-linux-gnu/libglapi.so.0.0.0
7ff8cd955000-7ff8cd956000 rw-p 0002f000 00:17 346826                     /usr/lib/x86_64-linux-gnu/libglapi.so.0.0.0
7ff8cd956000-7ff8cd957000 rw-p 00000000 00:00 0 
7ff8cd957000-7ff8cd958000 r-xp 00000000 00:17 28815                      /usr/lib/x86_64-linux-gnu/libxshmfence.so.1.0.0
7ff8cd958000-7ff8cdb57000 ---p 00001000 00:17 28815                      /usr/lib/x86_64-linux-gnu/libxshmfence.so.1.0.0
7ff8cdb57000-7ff8cdb58000 r--p 00000000 00:17 28815                      /usr/lib/x86_64-linux-gnu/libxshmfence.so.1.0.0
7ff8cdb58000-7ff8cdb59000 rw-p 00001000 00:17 28815                      /usr/lib/x86_64-linux-gnu/libxshmfence.so.1.0.0
7ff8cdb59000-7ff8cdb5e000 r-xp 00000000 00:17 28787                      /usr/lib/x86_64-linux-gnu/libxcb-sync.so.1.0.0
7ff8cdb5e000-7ff8cdd5e000 ---p 00005000 00:17 28787                      /usr/lib/x86_64-linux-gnu/libxcb-sync.so.1.0.0
7ff8cdd5e000-7ff8cdd5f000 r--p 00005000 00:17 28787                      /usr/lib/x86_64-linux-gnu/libxcb-sync.so.1.0.0
7ff8cdd5f000-7ff8cdd60000 rw-p 00006000 00:17 28787                      /usr/lib/x86_64-linux-gnu/libxcb-sync.so.1.0.0
7ff8cdd60000-7ff8cdd62000 r-xp 00000000 00:17 28773                      /usr/lib/x86_64-linux-gnu/libxcb-present.so.0.0.0
7ff8cdd62000-7ff8cdf61000 ---p 00002000 00:17 28773                      /usr/lib/x86_64-linux-gnu/libxcb-present.so.0.0.0
7ff8cdf61000-7ff8cdf62000 r--p 00001000 00:17 28773                      /usr/lib/x86_64-linux-gnu/libxcb-present.so.0.0.0
7ff8cdf62000-7ff8cdf63000 rw-p 00002000 00:17 28773                      /usr/lib/x86_64-linux-gnu/libxcb-present.so.0.0.0
7ff8cdf63000-7ff8cdf66000 r-xp 00000000 00:17 28763                      /usr/lib/x86_64-linux-gnu/libxcb-dri3.so.0.0.0
7ff8cdf66000-7ff8ce165000 ---p 00003000 00:17 28763                      /usr/lib/x86_64-linux-gnu/libxcb-dri3.so.0.0.0
7ff8ce165000-7ff8ce166000 r--p 00002000 00:17 28763                      /usr/lib/x86_64-linux-gnu/libxcb-dri3.so.0.0.0
7ff8ce166000-7ff8ce167000 rw-p 00003000 00:17 28763                      /usr/lib/x86_64-linux-gnu/libxcb-dri3.so.0.0.0
7ff8ce167000-7ff8ce196000 r-xp 00000000 00:17 12304                      /lib/x86_64-linux-gnu/libexpat.so.1.6.7
7ff8ce196000-7ff8ce396000 ---p 0002f000 00:17 12304                      /lib/x86_64-linux-gnu/libexpat.so.1.6.7
7ff8ce396000-7ff8ce398000 r--p 0002f000 00:17 12304                      /lib/x86_64-linux-gnu/libexpat.so.1.6.7
7ff8ce398000-7ff8ce399000 rw-p 00031000 00:17 12304                      /lib/x86_64-linux-gnu/libexpat.so.1.6.7
7ff8ce399000-7ff8ce409000 r-xp 00000000 00:17 346804                     /usr/lib/x86_64-linux-gnu/libGLX_mesa.so.0.0.0
7ff8ce409000-7ff8ce608000 ---p 00070000 00:17 346804                     /usr/lib/x86_64-linux-gnu/libGLX_mesa.so.0.0.0
7ff8ce608000-7ff8ce60b000 r--p 0006f000 00:17 346804                     /usr/lib/x86_64-linux-gnu/libGLX_mesa.so.0.0.0
7ff8ce60b000-7ff8ce60c000 rw-p 00072000 00:17 346804                     /usr/lib/x86_64-linux-gnu/libGLX_mesa.so.0.0.0
7ff8ce60c000-7ff8ce60d000 rw-p 00000000 00:00 0 
7ff8ce60d000-7ff8ce620000 r-xp 00000000 00:17 12270                      /lib/x86_64-linux-gnu/libbsd.so.0.8.7
7ff8ce620000-7ff8ce81f000 ---p 00013000 00:17 12270                      /lib/x86_64-linux-gnu/libbsd.so.0.8.7
7ff8ce81f000-7ff8ce820000 r--p 00012000 00:17 12270                      /lib/x86_64-linux-gnu/libbsd.so.0.8.7
7ff8ce820000-7ff8ce821000 rw-p 00013000 00:17 12270                      /lib/x86_64-linux-gnu/libbsd.so.0.8.7
7ff8ce821000-7ff8ce822000 rw-p 00000000 00:00 0 
7ff8ce822000-7ff8ce827000 r-xp 00000000 00:17 27600                      /usr/lib/x86_64-linux-gnu/libXdmcp.so.6.0.0
7ff8ce827000-7ff8cea26000 ---p 00005000 00:17 27600                      /usr/lib/x86_64-linux-gnu/libXdmcp.so.6.0.0
7ff8cea26000-7ff8cea27000 r--p 00004000 00:17 27600                      /usr/lib/x86_64-linux-gnu/libXdmcp.so.6.0.0
7ff8cea27000-7ff8cea28000 rw-p 00005000 00:17 27600                      /usr/lib/x86_64-linux-gnu/libXdmcp.so.6.0.0
7ff8cea28000-7ff8cea2a000 r-xp 00000000 00:17 27589                      /usr/lib/x86_64-linux-gnu/libXau.so.6.0.0
7ff8cea2a000-7ff8cec2a000 ---p 00002000 00:17 27589                      /usr/lib/x86_64-linux-gnu/libXau.so.6.0.0
7ff8cec2a000-7ff8cec2b000 r--p 00002000 00:17 27589                      /usr/lib/x86_64-linux-gnu/libXau.so.6.0.0
7ff8cec2b000-7ff8cec2c000 rw-p 00003000 00:17 27589                      /usr/lib/x86_64-linux-gnu/libXau.so.6.0.0
7ff8cec2c000-7ff8cec9a000 r-xp 00000000 00:17 436482                     /usr/lib/x86_64-linux-gnu/libGLdispatch.so.0.0.0
7ff8cec9a000-7ff8cee99000 ---p 0006e000 00:17 436482                     /usr/lib/x86_64-linux-gnu/libGLdispatch.so.0.0.0
7ff8cee99000-7ff8ceec1000 r--p 0006d000 00:17 436482                     /usr/lib/x86_64-linux-gnu/libGLdispatch.so.0.0.0
7ff8ceec1000-7ff8ceec2000 rw-p 00095000 00:17 436482                     /usr/lib/x86_64-linux-gnu/libGLdispatch.so.0.0.0
7ff8ceec2000-7ff8ceee2000 rw-p 00000000 00:00 0 
7ff8ceee2000-7ff8ceef2000 r-xp 00000000 00:17 436421                     /usr/lib/x86_64-linux-gnu/libGLX.so.0.0.0
7ff8ceef2000-7ff8cf0f1000 ---p 00010000 00:17 436421                     /usr/lib/x86_64-linux-gnu/libGLX.so.0.0.0
7ff8cf0f1000-7ff8cf0f2000 r--p 0000f000 00:17 436421                     /usr/lib/x86_64-linux-gnu/libGLX.so.0.0.0
7ff8cf0f2000-7ff8cf0f3000 rw-p 00010000 00:17 436421                     /usr/lib/x86_64-linux-gnu/libGLX.so.0.0.0
7ff8cf0f3000-7ff8cf113000 rw-p 00000000 00:00 0 
7ff8cf113000-7ff8cf139000 r-xp 00000000 00:17 28799                      /usr/lib/x86_64-linux-gnu/libxcb.so.1.1.0
7ff8cf139000-7ff8cf339000 ---p 00026000 00:17 28799                      /usr/lib/x86_64-linux-gnu/libxcb.so.1.1.0
7ff8cf339000-7ff8cf33a000 r--p 00026000 00:17 28799                      /usr/lib/x86_64-linux-gnu/libxcb.so.1.1.0
7ff8cf33a000-7ff8cf33b000 rw-p 00027000 00:17 28799                      /usr/lib/x86_64-linux-gnu/libxcb.so.1.1.0
7ff8cf33b000-7ff8cf3ac000 r-xp 00000000 00:17 436401                     /usr/lib/x86_64-linux-gnu/libGL.so.1.0.0
7ff8cf3ac000-7ff8cf5ab000 ---p 00071000 00:17 436401                     /usr/lib/x86_64-linux-gnu/libGL.so.1.0.0
7ff8cf5ab000-7ff8cf5c5000 r--p 00070000 00:17 436401                     /usr/lib/x86_64-linux-gnu/libGL.so.1.0.0
7ff8cf5c5000-7ff8cf5c6000 rw-p 0008a000 00:17 436401                     /usr/lib/x86_64-linux-gnu/libGL.so.1.0.0
7ff8cf5c6000-7ff8cf5c7000 rw-p 00000000 00:00 0 
7ff8cf5c7000-7ff8cf6fa000 r-xp 00000000 00:17 435050                     /usr/lib/x86_64-linux-gnu/libX11.so.6.3.0
7ff8cf6fa000-7ff8cf8fa000 ---p 00133000 00:17 435050                     /usr/lib/x86_64-linux-gnu/libX11.so.6.3.0
7ff8cf8fa000-7ff8cf8fb000 r--p 00133000 00:17 435050                     /usr/lib/x86_64-linux-gnu/libX11.so.6.3.0
7ff8cf8fb000-7ff8cf8ff000 rw-p 00134000 00:17 435050                     /usr/lib/x86_64-linux-gnu/libX11.so.6.3.0
7ff8cf8ff000-7ff8cf900000 r--s 00000000 00:17 133170                     /var/cache/fontconfig/22368d551a680bfe5a62c02760edf4ea-le64.cache-7
7ff8cf900000-7ff8cf901000 r--s 00000000 00:17 133182                     /var/cache/fontconfig/4d9c95eba1cb85bbcf2878543262124a-le64.cache-7
7ff8cf901000-7ff8cf902000 r--s 00000000 00:17 133199                     /var/cache/fontconfig/85e0a52ce643a7ba2ae53e5d6949cead-le64.cache-7
7ff8cf902000-7ff8cf903000 r--s 00000000 00:17 133179                     /var/cache/fontconfig/49f0de54bdd920fe4f0dfd4cbac43e6b-le64.cache-7
7ff8cf903000-7ff8cf904000 r--s 00000000 00:17 133226                     /var/cache/fontconfig/f6e6e0a5c3d2f6ae0c0c2e0ecd42a997-le64.cache-7
7ff8cf904000-7ff8cf905000 r--s 00000000 00:17 133180                     /var/cache/fontconfig/4b2eda6bb976bda485cb2176619421d5-le64.cache-7
7ff8cf905000-7ff8cf908000 r--s 00000000 00:17 133221                     /var/cache/fontconfig/e13b20fdb08344e0e664864cc2ede53d-le64.cache-7
7ff8cf908000-7ff8cf90b000 r--s 00000000 00:17 250901                     /var/cache/fontconfig/7ef2298fde41cc6eeb7af42e48b7d293-le64.cache-7
7ff8cf90b000-7ff8cf90e000 r--p 00000000 00:17 345288                     /usr/share/locale-langpack/ja/LC_MESSAGES/atk10.mo
7ff8cf90e000-7ff8cf915000 r--s 00000000 00:17 30001                      /usr/lib/x86_64-linux-gnu/gconv/gconv-modules.cache
7ff8cf915000-7ff8cf921000 r-xp 00000000 00:17 633382                     /usr/lib/jvm/java-8-openjdk-amd64/jre/lib/amd64/libprism_es2.so
7ff8cf921000-7ff8cfb20000 ---p 0000c000 00:17 633382                     /usr/lib/jvm/java-8-openjdk-amd64/jre/lib/amd64/libprism_es2.so
7ff8cfb20000-7ff8cfb21000 r--p 0000b000 00:17 633382                     /usr/lib/jvm/java-8-openjdk-amd64/jre/lib/amd64/libprism_es2.so
7ff8cfb21000-7ff8cfb22000 rw-p 0000c000 00:17 633382                     /usr/lib/jvm/java-8-openjdk-amd64/jre/lib/amd64/libprism_es2.so
7ff8cfb22000-7ff8cfb25000 ---p 00000000 00:00 0 
7ff8cfb25000-7ff8cfc23000 rw-p 00000000 00:00 0 
7ff8cfc23000-7ff8cfcba000 r--s 007cb000 00:17 633400                     /usr/share/java/openjfx/jre/lib/ext/jfxrt.jar
7ff8cfcba000-7ff8cfcbd000 r--s 00038000 00:17 351387                     /usr/lib/jvm/java-8-openjdk-amd64/jre/lib/ext/sunpkcs11.jar
7ff8cfcbd000-7ff8cfcd8000 r--s 001d6000 00:17 351384                     /usr/lib/jvm/java-8-openjdk-amd64/jre/lib/ext/nashorn.jar
7ff8cfcd8000-7ff8cfce2000 r--s 00116000 00:17 351383                     /usr/lib/jvm/java-8-openjdk-amd64/jre/lib/ext/localedata.jar
7ff8cfce2000-7ff8cfcfd000 r--s 00394000 00:17 351379                     /usr/lib/jvm/java-8-openjdk-amd64/jre/lib/ext/cldrdata.jar
7ff8cfcfd000-7ff8cfcfe000 ---p 00000000 00:00 0 
7ff8cfcfe000-7ff8cfdfe000 rw-p 00000000 00:00 0 
7ff8cfdfe000-7ff8cfe01000 ---p 00000000 00:00 0 
7ff8cfe01000-7ff8cfeff000 rw-p 00000000 00:00 0 
7ff8cfeff000-7ff8cff00000 ---p 00000000 00:00 0 
7ff8cff00000-7ff8cff03000 ---p 00000000 00:00 0 
7ff8cff03000-7ff8d0000000 rw-p 00000000 00:00 0 
7ff8d0000000-7ff8d0021000 rw-p 00000000 00:00 0 
7ff8d0021000-7ff8d4000000 ---p 00000000 00:00 0 
7ff8d4000000-7ff8d4021000 rw-p 00000000 00:00 0 
7ff8d4021000-7ff8d8000000 ---p 00000000 00:00 0 
7ff8d8000000-7ff8d8021000 rw-p 00000000 00:00 0 
7ff8d8021000-7ff8dc000000 ---p 00000000 00:00 0 
7ff8dc000000-7ff8dc021000 rw-p 00000000 00:00 0 
7ff8dc021000-7ff8e0000000 ---p 00000000 00:00 0 
7ff8e0000000-7ff8e0021000 rw-p 00000000 00:00 0 
7ff8e0021000-7ff8e4000000 ---p 00000000 00:00 0 
7ff8e4000000-7ff8e4002000 r--s 00000000 00:17 133194                     /var/cache/fontconfig/6afa1bb216ce958c1589e297e8008489-le64.cache-7
7ff8e4002000-7ff8e4003000 ---p 00000000 00:00 0 
7ff8e4003000-7ff8e4006000 ---p 00000000 00:00 0 
7ff8e4006000-7ff8e4103000 rw-p 00000000 00:00 0 
7ff8e4103000-7ff8e4106000 ---p 00000000 00:00 0 
7ff8e4106000-7ff8e4204000 rw-p 00000000 00:00 0 
7ff8e4204000-7ff8e4cd3000 r--p 00000000 00:17 19606                      /usr/lib/locale/locale-archive
7ff8e4cd3000-7ff8e4cd6000 ---p 00000000 00:00 0 
7ff8e4cd6000-7ff8e4dd4000 rw-p 00000000 00:00 0 
7ff8e4dd4000-7ff8e4dd7000 ---p 00000000 00:00 0 
7ff8e4dd7000-7ff8e4ed5000 rw-p 00000000 00:00 0 
7ff8e4ed5000-7ff8e4ed6000 ---p 00000000 00:00 0 
7ff8e4ed6000-7ff8e5921000 rw-p 00000000 00:00 0 
7ff8e5921000-7ff8e5af0000 r--s 03c32000 00:17 351405                     /usr/lib/jvm/java-8-openjdk-amd64/jre/lib/rt.jar
7ff8e5af0000-7ff8e8434000 rw-p 00000000 00:00 0 
7ff8e8434000-7ff8e8435000 ---p 00000000 00:00 0 
7ff8e8435000-7ff8e8535000 rw-p 00000000 00:00 0 
7ff8e8535000-7ff8e8536000 ---p 00000000 00:00 0 
7ff8e8536000-7ff8e864b000 rw-p 00000000 00:00 0 
7ff8e864b000-7ff8e877f000 ---p 00000000 00:00 0 
7ff8e877f000-7ff8e87ad000 rw-p 00000000 00:00 0 
7ff8e87ad000-7ff8e8824000 ---p 00000000 00:00 0 
7ff8e8824000-7ff8e884f000 rw-p 00000000 00:00 0 
7ff8e884f000-7ff8e8be5000 ---p 00000000 00:00 0 
7ff8e8be5000-7ff8e9655000 rwxp 00000000 00:00 0 
7ff8e9655000-7ff8f7be5000 ---p 00000000 00:00 0 
7ff8f7be5000-7ff8f7bed000 r-xp 00000000 00:17 351368                     /usr/lib/jvm/java-8-openjdk-amd64/jre/lib/amd64/libzip.so
7ff8f7bed000-7ff8f7dec000 ---p 00008000 00:17 351368                     /usr/lib/jvm/java-8-openjdk-amd64/jre/lib/amd64/libzip.so
7ff8f7dec000-7ff8f7ded000 r--p 00007000 00:17 351368                     /usr/lib/jvm/java-8-openjdk-amd64/jre/lib/amd64/libzip.so
7ff8f7ded000-7ff8f7dee000 rw-p 00008000 00:17 351368                     /usr/lib/jvm/java-8-openjdk-amd64/jre/lib/amd64/libzip.so
7ff8f7dee000-7ff8f7df9000 r-xp 00000000 00:17 12364                      /lib/x86_64-linux-gnu/libnss_files-2.27.so
7ff8f7df9000-7ff8f7ff8000 ---p 0000b000 00:17 12364                      /lib/x86_64-linux-gnu/libnss_files-2.27.so
7ff8f7ff8000-7ff8f7ff9000 r--p 0000a000 00:17 12364                      /lib/x86_64-linux-gnu/libnss_files-2.27.so
7ff8f7ff9000-7ff8f7ffa000 rw-p 0000b000 00:17 12364                      /lib/x86_64-linux-gnu/libnss_files-2.27.so
7ff8f7ffa000-7ff8f8000000 rw-p 00000000 00:00 0 
7ff8f8000000-7ff8f832b000 rw-p 00000000 00:00 0 
7ff8f832b000-7ff8fc000000 ---p 00000000 00:00 0 
7ff8fc000000-7ff8fc006000 r--s 0003b000 00:17 351386                     /usr/lib/jvm/java-8-openjdk-amd64/jre/lib/ext/sunjce_provider.jar
7ff8fc006000-7ff8fc03c000 rw-p 00000000 00:00 0 
7ff8fc03c000-7ff8fc171000 ---p 00000000 00:00 0 
7ff8fc171000-7ff8fc188000 r-xp 00000000 00:17 12358                      /lib/x86_64-linux-gnu/libnsl-2.27.so
7ff8fc188000-7ff8fc387000 ---p 00017000 00:17 12358                      /lib/x86_64-linux-gnu/libnsl-2.27.so
7ff8fc387000-7ff8fc388000 r--p 00016000 00:17 12358                      /lib/x86_64-linux-gnu/libnsl-2.27.so
7ff8fc388000-7ff8fc389000 rw-p 00017000 00:17 12358                      /lib/x86_64-linux-gnu/libnsl-2.27.so
7ff8fc389000-7ff8fc38b000 rw-p 00000000 00:00 0 
7ff8fc38b000-7ff8fc396000 r-xp 00000000 00:17 12375                      /lib/x86_64-linux-gnu/libnss_nis-2.27.so
7ff8fc396000-7ff8fc595000 ---p 0000b000 00:17 12375                      /lib/x86_64-linux-gnu/libnss_nis-2.27.so
7ff8fc595000-7ff8fc596000 r--p 0000a000 00:17 12375                      /lib/x86_64-linux-gnu/libnss_nis-2.27.so
7ff8fc596000-7ff8fc597000 rw-p 0000b000 00:17 12375                      /lib/x86_64-linux-gnu/libnss_nis-2.27.so
7ff8fc597000-7ff8fc59f000 r-xp 00000000 00:17 12360                      /lib/x86_64-linux-gnu/libnss_compat-2.27.so
7ff8fc59f000-7ff8fc79f000 ---p 00008000 00:17 12360                      /lib/x86_64-linux-gnu/libnss_compat-2.27.so
7ff8fc79f000-7ff8fc7a0000 r--p 00008000 00:17 12360                      /lib/x86_64-linux-gnu/libnss_compat-2.27.so
7ff8fc7a0000-7ff8fc7a1000 rw-p 00009000 00:17 12360                      /lib/x86_64-linux-gnu/libnss_compat-2.27.so
7ff8fc7a1000-7ff8fc7cf000 r-xp 00000000 00:17 351349                     /usr/lib/jvm/java-8-openjdk-amd64/jre/lib/amd64/libjava.so
7ff8fc7cf000-7ff8fc9ce000 ---p 0002e000 00:17 351349                     /usr/lib/jvm/java-8-openjdk-amd64/jre/lib/amd64/libjava.so
7ff8fc9ce000-7ff8fc9cf000 r--p 0002d000 00:17 351349                     /usr/lib/jvm/java-8-openjdk-amd64/jre/lib/amd64/libjava.so
7ff8fc9cf000-7ff8fc9d1000 rw-p 0002e000 00:17 351349                     /usr/lib/jvm/java-8-openjdk-amd64/jre/lib/amd64/libjava.so
7ff8fc9d1000-7ff8fc9e1000 r-xp 00000000 00:17 351367                     /usr/lib/jvm/java-8-openjdk-amd64/jre/lib/amd64/libverify.so
7ff8fc9e1000-7ff8fcbe0000 ---p 00010000 00:17 351367                     /usr/lib/jvm/java-8-openjdk-amd64/jre/lib/amd64/libverify.so
7ff8fcbe0000-7ff8fcbe2000 r--p 0000f000 00:17 351367                     /usr/lib/jvm/java-8-openjdk-amd64/jre/lib/amd64/libverify.so
7ff8fcbe2000-7ff8fcbe3000 rw-p 00011000 00:17 351367                     /usr/lib/jvm/java-8-openjdk-amd64/jre/lib/amd64/libverify.so
7ff8fcbe3000-7ff8fcbea000 r-xp 00000000 00:17 12415                      /lib/x86_64-linux-gnu/librt-2.27.so
7ff8fcbea000-7ff8fcde9000 ---p 00007000 00:17 12415                      /lib/x86_64-linux-gnu/librt-2.27.so
7ff8fcde9000-7ff8fcdea000 r--p 00006000 00:17 12415                      /lib/x86_64-linux-gnu/librt-2.27.so
7ff8fcdea000-7ff8fcdeb000 rw-p 00007000 00:17 12415                      /lib/x86_64-linux-gnu/librt-2.27.so
7ff8fcdeb000-7ff8fce02000 r-xp 00000000 00:17 496848                     /lib/x86_64-linux-gnu/libgcc_s.so.1
7ff8fce02000-7ff8fd001000 ---p 00017000 00:17 496848                     /lib/x86_64-linux-gnu/libgcc_s.so.1
7ff8fd001000-7ff8fd002000 r--p 00016000 00:17 496848                     /lib/x86_64-linux-gnu/libgcc_s.so.1
7ff8fd002000-7ff8fd003000 rw-p 00017000 00:17 496848                     /lib/x86_64-linux-gnu/libgcc_s.so.1
7ff8fd003000-7ff8fd1a0000 r-xp 00000000 00:17 12337                      /lib/x86_64-linux-gnu/libm-2.27.so
7ff8fd1a0000-7ff8fd39f000 ---p 0019d000 00:17 12337                      /lib/x86_64-linux-gnu/libm-2.27.so
7ff8fd39f000-7ff8fd3a0000 r--p 0019c000 00:17 12337                      /lib/x86_64-linux-gnu/libm-2.27.so
7ff8fd3a0000-7ff8fd3a1000 rw-p 0019d000 00:17 12337                      /lib/x86_64-linux-gnu/libm-2.27.so
7ff8fd3a1000-7ff8fd51a000 r-xp 00000000 00:17 496695                     /usr/lib/x86_64-linux-gnu/libstdc++.so.6.0.25
7ff8fd51a000-7ff8fd71a000 ---p 00179000 00:17 496695                     /usr/lib/x86_64-linux-gnu/libstdc++.so.6.0.25
7ff8fd71a000-7ff8fd724000 r--p 00179000 00:17 496695                     /usr/lib/x86_64-linux-gnu/libstdc++.so.6.0.25
7ff8fd724000-7ff8fd726000 rw-p 00183000 00:17 496695                     /usr/lib/x86_64-linux-gnu/libstdc++.so.6.0.25
7ff8fd726000-7ff8fd72a000 rw-p 00000000 00:00 0 
7ff8fd72a000-7ff8fe3bf000 r-xp 00000000 00:17 351370                     /usr/lib/jvm/java-8-openjdk-amd64/jre/lib/amd64/server/libjvm.so
7ff8fe3bf000-7ff8fe5be000 ---p 00c95000 00:17 351370                     /usr/lib/jvm/java-8-openjdk-amd64/jre/lib/amd64/server/libjvm.so
7ff8fe5be000-7ff8fe652000 r--p 00c94000 00:17 351370                     /usr/lib/jvm/java-8-openjdk-amd64/jre/lib/amd64/server/libjvm.so
7ff8fe652000-7ff8fe67a000 rw-p 00d28000 00:17 351370                     /usr/lib/jvm/java-8-openjdk-amd64/jre/lib/amd64/server/libjvm.so
7ff8fe67a000-7ff8fe6ab000 rw-p 00000000 00:00 0 
7ff8fe6ab000-7ff8fe6c5000 r-xp 00000000 00:17 12407                      /lib/x86_64-linux-gnu/libpthread-2.27.so
7ff8fe6c5000-7ff8fe8c4000 ---p 0001a000 00:17 12407                      /lib/x86_64-linux-gnu/libpthread-2.27.so
7ff8fe8c4000-7ff8fe8c5000 r--p 00019000 00:17 12407                      /lib/x86_64-linux-gnu/libpthread-2.27.so
7ff8fe8c5000-7ff8fe8c6000 rw-p 0001a000 00:17 12407                      /lib/x86_64-linux-gnu/libpthread-2.27.so
7ff8fe8c6000-7ff8fe8ca000 rw-p 00000000 00:00 0 
7ff8fe8ca000-7ff8fe8cd000 r-xp 00000000 00:17 12297                      /lib/x86_64-linux-gnu/libdl-2.27.so
7ff8fe8cd000-7ff8feacc000 ---p 00003000 00:17 12297                      /lib/x86_64-linux-gnu/libdl-2.27.so
7ff8feacc000-7ff8feacd000 r--p 00002000 00:17 12297                      /lib/x86_64-linux-gnu/libdl-2.27.so
7ff8feacd000-7ff8feace000 rw-p 00003000 00:17 12297                      /lib/x86_64-linux-gnu/libdl-2.27.so
7ff8feace000-7ff8feaea000 r-xp 00000000 00:17 12446                      /lib/x86_64-linux-gnu/libz.so.1.2.11
7ff8feaea000-7ff8fece9000 ---p 0001c000 00:17 12446                      /lib/x86_64-linux-gnu/libz.so.1.2.11
7ff8fece9000-7ff8fecea000 r--p 0001b000 00:17 12446                      /lib/x86_64-linux-gnu/libz.so.1.2.11
7ff8fecea000-7ff8feceb000 rw-p 0001c000 00:17 12446                      /lib/x86_64-linux-gnu/libz.so.1.2.11
7ff8feceb000-7ff8feed2000 r-xp 00000000 00:17 12274                      /lib/x86_64-linux-gnu/libc-2.27.so
7ff8feed2000-7ff8ff0d2000 ---p 001e7000 00:17 12274                      /lib/x86_64-linux-gnu/libc-2.27.so
7ff8ff0d2000-7ff8ff0d6000 r--p 001e7000 00:17 12274                      /lib/x86_64-linux-gnu/libc-2.27.so
7ff8ff0d6000-7ff8ff0d8000 rw-p 001eb000 00:17 12274                      /lib/x86_64-linux-gnu/libc-2.27.so
7ff8ff0d8000-7ff8ff0dc000 rw-p 00000000 00:00 0 
7ff8ff0dc000-7ff8ff0ea000 r-xp 00000000 00:17 351335                     /usr/lib/jvm/java-8-openjdk-amd64/jre/lib/amd64/jli/libjli.so
7ff8ff0ea000-7ff8ff2e9000 ---p 0000e000 00:17 351335                     /usr/lib/jvm/java-8-openjdk-amd64/jre/lib/amd64/jli/libjli.so
7ff8ff2e9000-7ff8ff2ea000 r--p 0000d000 00:17 351335                     /usr/lib/jvm/java-8-openjdk-amd64/jre/lib/amd64/jli/libjli.so
7ff8ff2ea000-7ff8ff2eb000 rw-p 0000e000 00:17 351335                     /usr/lib/jvm/java-8-openjdk-amd64/jre/lib/amd64/jli/libjli.so
7ff8ff2eb000-7ff8ff312000 r-xp 00000000 00:17 12246                      /lib/x86_64-linux-gnu/ld-2.27.so
7ff8ff312000-7ff8ff3f7000 rw-p 00000000 00:00 0 
7ff8ff3f7000-7ff8ff3f8000 ---p 00000000 00:00 0 
7ff8ff3f8000-7ff8ff3fb000 ---p 00000000 00:00 0 
7ff8ff3fb000-7ff8ff4fa000 rw-p 00000000 00:00 0 
7ff8ff4fa000-7ff8ff4fb000 rwxp 00000000 00:00 0 
7ff8ff4fb000-7ff8ff4fc000 r--s 00010000 00:17 351388                     /usr/lib/jvm/java-8-openjdk-amd64/jre/lib/ext/zipfs.jar
7ff8ff4fc000-7ff8ff4fe000 r--s 00008000 00:17 351385                     /usr/lib/jvm/java-8-openjdk-amd64/jre/lib/ext/sunec.jar
7ff8ff4fe000-7ff8ff4ff000 r--s 0000a000 00:17 351382                     /usr/lib/jvm/java-8-openjdk-amd64/jre/lib/ext/jaccess.jar
7ff8ff4ff000-7ff8ff502000 r--s 0000f000 00:17 351381                     /usr/lib/jvm/java-8-openjdk-amd64/jre/lib/ext/icedtea-sound.jar
7ff8ff502000-7ff8ff504000 r--s 00001000 00:17 351380                     /usr/lib/jvm/java-8-openjdk-amd64/jre/lib/ext/dnsns.jar
7ff8ff504000-7ff8ff506000 r--s 00007000 00:17 221420                     /usr/share/java/java-atk-wrapper.jar
7ff8ff506000-7ff8ff50e000 rw-s 00000000 00:17 687416                     /tmp/hsperfdata_cs18101/4392
7ff8ff50e000-7ff8ff50f000 rw-p 00000000 00:00 0 
7ff8ff50f000-7ff8ff510000 r--p 00000000 00:00 0 
7ff8ff510000-7ff8ff512000 rw-p 00000000 00:00 0 
7ff8ff512000-7ff8ff513000 r--p 00027000 00:17 12246                      /lib/x86_64-linux-gnu/ld-2.27.so
7ff8ff513000-7ff8ff514000 rw-p 00028000 00:17 12246                      /lib/x86_64-linux-gnu/ld-2.27.so
7ff8ff514000-7ff8ff515000 rw-p 00000000 00:00 0 
7fff90818000-7fff90839000 rw-p 00000000 00:00 0                          [stack]
7fff908a5000-7fff908a8000 r--p 00000000 00:00 0                          [vvar]
7fff908a8000-7fff908aa000 r-xp 00000000 00:00 0                          [vdso]
ffffffffff600000-ffffffffff601000 r-xp 00000000 00:00 0                  [vsyscall]

VM Arguments:
java_command: Jikanwari
java_class_path (initial): .
Launcher Type: SUN_STANDARD

Environment Variables:
PATH=/usr/local/sbin:/usr/local/bin:/usr/sbin:/usr/bin:/sbin:/bin:/usr/games:/usr/local/games:/snap/bin
USERNAME=cs18101
SHELL=/bin/bash
DISPLAY=:0

Signal Handlers:
SIGSEGV: [libjvm.so+0xaaf3a0], sa_mask[0]=11111111011111111101111111111110, sa_flags=SA_RESTART|SA_SIGINFO
SIGBUS: [libjvm.so+0xaaf3a0], sa_mask[0]=11111111011111111101111111111110, sa_flags=SA_RESTART|SA_SIGINFO
SIGFPE: [libjvm.so+0x8e52e0], sa_mask[0]=11111111011111111101111111111110, sa_flags=SA_RESTART|SA_SIGINFO
SIGPIPE: SIG_IGN, sa_mask[0]=00000000000010000000000000000000, sa_flags=SA_RESTART
SIGXFSZ: [libjvm.so+0x8e52e0], sa_mask[0]=11111111011111111101111111111110, sa_flags=SA_RESTART|SA_SIGINFO
SIGILL: [libjvm.so+0x8e52e0], sa_mask[0]=11111111011111111101111111111110, sa_flags=SA_RESTART|SA_SIGINFO
SIGUSR1: SIG_DFL, sa_mask[0]=00000000000000000000000000000000, sa_flags=none
SIGUSR2: [libjvm.so+0x8e5190], sa_mask[0]=00000000000000000000000000000000, sa_flags=SA_RESTART|SA_SIGINFO
SIGHUP: [libjvm.so+0x8e5640], sa_mask[0]=11111111011111111101111111111110, sa_flags=SA_RESTART|SA_SIGINFO
SIGINT: [libjvm.so+0x8e5640], sa_mask[0]=11111111011111111101111111111110, sa_flags=SA_RESTART|SA_SIGINFO
SIGTERM: [libjvm.so+0x8e5640], sa_mask[0]=11111111011111111101111111111110, sa_flags=SA_RESTART|SA_SIGINFO
SIGQUIT: [libjvm.so+0x8e5640], sa_mask[0]=11111111011111111101111111111110, sa_flags=SA_RESTART|SA_SIGINFO


---------------  S Y S T E M  ---------------

OS:DISTRIB_ID=Ubuntu
DISTRIB_RELEASE=18.04
DISTRIB_CODENAME=bionic
DISTRIB_DESCRIPTION="Ubuntu 18.04.1 LTS"

uname:Linux 4.15.0-36-generic #39-Ubuntu SMP Mon Sep 24 16:19:09 UTC 2018 x86_64
libc:glibc 2.27 NPTL 2.27 
rlimit: STACK 8192k, CORE 0k, NPROC 15532, NOFILE 4096, AS infinity
load average:0.40 0.27 0.12

/proc/meminfo:
MemTotal:        4039540 kB
MemFree:         1155640 kB
MemAvailable:    2415788 kB
Buffers:           20592 kB
Cached:          1450364 kB
SwapCached:            0 kB
Active:          1998244 kB
Inactive:         685484 kB
Active(anon):    1227240 kB
Inactive(anon):    16704 kB
Active(file):     771004 kB
Inactive(file):   668780 kB
Unevictable:       13568 kB
Mlocked:           13568 kB
SwapTotal:      15624188 kB
SwapFree:       15624188 kB
Dirty:               100 kB
Writeback:             0 kB
AnonPages:       1226316 kB
Mapped:           326232 kB
Shmem:             17572 kB
Slab:              88640 kB
SReclaimable:      46864 kB
SUnreclaim:        41776 kB
KernelStack:       10384 kB
PageTables:        42752 kB
NFS_Unstable:          0 kB
Bounce:                0 kB
WritebackTmp:          0 kB
CommitLimit:    17643956 kB
Committed_AS:    5687972 kB
VmallocTotal:   34359738367 kB
VmallocUsed:           0 kB
VmallocChunk:          0 kB
HardwareCorrupted:     0 kB
AnonHugePages:         0 kB
ShmemHugePages:        0 kB
ShmemPmdMapped:        0 kB
CmaTotal:              0 kB
CmaFree:               0 kB
HugePages_Total:       0
HugePages_Free:        0
HugePages_Rsvd:        0
HugePages_Surp:        0
Hugepagesize:       2048 kB
DirectMap4k:      159680 kB
DirectMap2M:     4034560 kB


CPU:total 2 (initial active 2) (2 cores per cpu, 1 threads per core) family 6 model 142 stepping 10, cmov, cx8, fxsr, mmx, sse, sse2, sse3, ssse3, sse4.1, sse4.2, popcnt, avx, avx2, aes, clmul, 3dnowpref, lzcnt, tsc, tscinvbit

/proc/cpuinfo:
processor	: 0
vendor_id	: GenuineIntel
cpu family	: 6
model		: 142
model name	: Intel(R) Core(TM) i5-8250U CPU @ 1.60GHz
stepping	: 10
cpu MHz		: 1800.001
cache size	: 6144 KB
physical id	: 0
siblings	: 2
core id		: 0
cpu cores	: 2
apicid		: 0
initial apicid	: 0
fpu		: yes
fpu_exception	: yes
cpuid level	: 22
wp		: yes
flags		: fpu vme de pse tsc msr pae mce cx8 apic sep mtrr pge mca cmov pat pse36 clflush mmx fxsr sse sse2 ht syscall nx rdtscp lm constant_tsc rep_good nopl xtopology nonstop_tsc cpuid pni pclmulqdq ssse3 cx16 pcid sse4_1 sse4_2 x2apic movbe popcnt aes xsave avx rdrand hypervisor lahf_lm abm 3dnowprefetch invpcid_single pti fsgsbase avx2 invpcid rdseed clflushopt
bugs		: cpu_meltdown spectre_v1 spectre_v2 spec_store_bypass l1tf
bogomips	: 3600.00
clflush size	: 64
cache_alignment	: 64
address sizes	: 39 bits physical, 48 bits virtual
power management:

processor	: 1
vendor_id	: GenuineIntel
cpu family	: 6
model		: 142
model name	: Intel(R) Core(TM) i5-8250U CPU @ 1.60GHz
stepping	: 10
cpu MHz		: 1800.001
cache size	: 6144 KB
physical id	: 0
siblings	: 2
core id		: 1
cpu cores	: 2
apicid		: 1
initial apicid	: 1
fpu		: yes
fpu_exception	: yes
cpuid level	: 22
wp		: yes
flags		: fpu vme de pse tsc msr pae mce cx8 apic sep mtrr pge mca cmov pat pse36 clflush mmx fxsr sse sse2 ht syscall nx rdtscp lm constant_tsc rep_good nopl xtopology nonstop_tsc cpuid pni pclmulqdq ssse3 cx16 pcid sse4_1 sse4_2 x2apic movbe popcnt aes xsave avx rdrand hypervisor lahf_lm abm 3dnowprefetch invpcid_single pti fsgsbase avx2 invpcid rdseed clflushopt
bugs		: cpu_meltdown spectre_v1 spectre_v2 spec_store_bypass l1tf
bogomips	: 3600.00
clflush size	: 64
cache_alignment	: 64
address sizes	: 39 bits physical, 48 bits virtual
power management:



Memory: 4k page, physical 4039540k(1155640k free), swap 15624188k(15624188k free)

vm_info: OpenJDK 64-Bit Server VM (25.181-b13) for linux-amd64 JRE (1.8.0_181-8u181-b13-0ubuntu0.18.04.1-b13), built on Jul 23 2018 19:14:48 by "buildd" with gcc 7.3.0

time: Thu Jan 31 16:15:35 2019
elapsed time: 31 seconds (0d 0h 0m 31s)

