#
# A fatal error has been detected by the Java Runtime Environment:
#
#  SIGSEGV (0xb) at pc=0x00007f6d7ce1eb51, pid=4829, tid=0x00007f6d32614700
#
# JRE version: OpenJDK Runtime Environment (8.0_181-b13) (build 1.8.0_181-8u181-b13-0ubuntu0.18.04.1-b13)
# Java VM: OpenJDK 64-Bit Server VM (25.181-b13 mixed mode linux-amd64 compressed oops)
# Problematic frame:
# j  com.sun.glass.ui.gtk.GtkView.notifyInputMethodDraw(Ljava/lang/String;III[B)V+16
#
# Failed to write core dump. Core dumps have been disabled. To enable core dumping, try "ulimit -c unlimited" before starting Java again
#
# If you would like to submit a bug report, please visit:
#   http://bugreport.java.com/bugreport/crash.jsp
#

---------------  T H R E A D  ---------------

Current thread (0x00007f6d8c336800):  JavaThread "JavaFX Application Thread" [_thread_in_Java, id=4845, stack(0x00007f6d32514000,0x00007f6d32615000)]

siginfo: si_signo: 11 (SIGSEGV), si_code: 1 (SEGV_MAPERR), si_addr: 0x00007f983b337f62

Registers:
RAX=0x00000000ed0b18e8, RBX=0x000000000000003c, RCX=0x0000002abf101f62, RDX=0x0000000000000000
RSP=0x00007f6d32612660, RBP=0x00007f6d326126a0, RSI=0x00007f6d32612600, RDI=0x0000000000000248
R8 =0x0000000000000020, R9 =0x0000000000000020, R10=0x00007f6d7c236000, R11=0x00007f6d7d8682c0
R12=0x0000000000000000, R13=0x00007f6d7a26dc6b, R14=0x00007f6d32612718, R15=0x00007f6d8c336800
RIP=0x00007f6d7ce1eb51, EFLAGS=0x0000000000010203, CSGSFS=0x002b000000000033, ERR=0x0000000000000006
  TRAPNO=0x000000000000000e

Top of Stack: (sp=0x00007f6d32612660)
0x00007f6d32612660:   00007f6d32612660 00007f6d7a26dc68
0x00007f6d32612670:   00007f6d32612718 00007f6d7a277a30
0x00007f6d32612680:   0000000000000000 00007f6d7a26de58
0x00007f6d32612690:   0000000000000000 00007f6d326126f0
0x00007f6d326126a0:   00007f6d32612780 00007f6d7cdf74e7
0x00007f6d326126b0:   0000000000000000 0000000000000000
0x00007f6d326126c0:   0000000000000000 0000000000000000
0x00007f6d326126d0:   0000000000000000 0000000000000000
0x00007f6d326126e0:   0000000000000000 0000000000000000
0x00007f6d326126f0:   00000000ed0b18d0 00007f6d00000001
0x00007f6d32612700:   00007f6d00000000 00007f6d00000000
0x00007f6d32612710:   00000000ed0b18a0 0000557e203ec5d8
0x00007f6d32612720:   0000000000001fa0 00007f6d7a26de58
0x00007f6d32612730:   00007f6d32612980 00007f6d32612820
0x00007f6d32612740:   00007f6d8c336800 00007f6d8c336800
0x00007f6d32612750:   00007f6d32612820 00007f6d32612a58
0x00007f6d32612760:   00007f6d0000000a 00007f6d7a26de58
0x00007f6d32612770:   00007f6d7ce0a340 00007f6d32612988
0x00007f6d32612780:   00007f6d326128a0 00007f6d91fe97bb
0x00007f6d32612790:   0000000000000006 00007f6d8c336800
0x00007f6d326127a0:   00000000ffffffff 00007f6d326127e8
0x00007f6d326127b0:   00007f6d326127e0 00007f6d0000000a
0x00007f6d326127c0:   000000000000000e 00007f6d7ce0a340
0x00007f6d326127d0:   00007f6d8c2fcde8 00007f6d32612a50
0x00007f6d326127e0:   00007f6d8c336800 00007f6d8c336da0
0x00007f6d326127f0:   00007f6d8c2fcdd0 00007f6d8c2fcdf0
0x00007f6d32612800:   00007f6d8c2fceb8 00000000000000d8
0x00007f6d32612810:   00007f6d32613ac0 ffffffffffffffff
0x00007f6d32612820:   00007f6d8c336800 0000557e203d2680
0x00007f6d32612830:   00007f6d7a26de58 0000557e203ec5d8
0x00007f6d32612840:   00007f6d32613850 00007f6d7ce0f3db
0x00007f6d32612850:   00007f6d326138b0 00007f6d32612a50 

Instructions: (pc=0x00007f6d7ce1eb51)
0x00007f6d7ce1eb31:   48 8b 5c d9 20 c1 ea 15 83 e2 01 59 48 3b 01 89
0x00007f6d7ce1eb41:   04 19 48 c1 e9 09 49 ba 00 60 23 7c 6d 7f 00 00
0x00007f6d7ce1eb51:   41 c6 04 0a 00 85 d2 0f 84 05 00 00 00 f0 83 04
0x00007f6d7ce1eb61:   24 00 41 0f b6 5d 03 49 83 c5 03 49 ba 00 ef 8d 

Register to memory mapping:

RAX=0x00000000ed0b18e8 is an oop
java.nio.HeapByteBuffer 
 - klass: 'java/nio/HeapByteBuffer'
RBX=0x000000000000003c is an unknown value
RCX=0x0000002abf101f62 is an unknown value
RDX=0x0000000000000000 is an unknown value
RSP=0x00007f6d32612660 is pointing into the stack for thread: 0x00007f6d8c336800
RBP=0x00007f6d326126a0 is pointing into the stack for thread: 0x00007f6d8c336800
RSI=0x00007f6d32612600 is pointing into the stack for thread: 0x00007f6d8c336800
RDI=0x0000000000000248 is an unknown value
R8 =0x0000000000000020 is an unknown value
R9 =0x0000000000000020 is an unknown value
R10=0x00007f6d7c236000 is an unknown value
R11=0x00007f6d7d8682c0 is at entry_point+0 in (nmethod*)0x00007f6d7d868150
R12=0x0000000000000000 is an unknown value
R13=0x00007f6d7a26dc6b is pointing into metadata
R14=0x00007f6d32612718 is pointing into the stack for thread: 0x00007f6d8c336800
R15=0x00007f6d8c336800 is a thread


Stack: [0x00007f6d32514000,0x00007f6d32615000],  sp=0x00007f6d32612660,  free space=1017k
Native frames: (J=compiled Java code, j=interpreted, Vv=VM code, C=native code)
j  com.sun.glass.ui.gtk.GtkView.notifyInputMethodDraw(Ljava/lang/String;III[B)V+16
v  ~StubRoutines::call_stub
V  [libjvm.so+0x67f7bb]
V  [libjvm.so+0x69f246]
V  [libjvm.so+0x6a1e9b]
C  [libglass.so+0x13953]  JNIEnv_::CallVoidMethod(_jobject*, _jmethodID*, ...)+0x93
C  [libglass.so+0x1b8b1]
C  [libX11.so.6+0x5c3ca]
C  0x2b4d412800000000


---------------  P R O C E S S  ---------------

Java Threads: ( => current thread )
  0x0000557e20654000 JavaThread "Prism Font Disposer" daemon [_thread_blocked, id=4847, stack(0x00007f6d316dd000,0x00007f6d317de000)]
  0x00007f6d8c341000 JavaThread "JavaFX-Launcher" [_thread_blocked, id=4846, stack(0x00007f6d32413000,0x00007f6d32514000)]
=>0x00007f6d8c336800 JavaThread "JavaFX Application Thread" [_thread_in_Java, id=4845, stack(0x00007f6d32514000,0x00007f6d32615000)]
  0x00007f6d8c333800 JavaThread "Thread-1" daemon [_thread_blocked, id=4844, stack(0x00007f6d32615000,0x00007f6d32716000)]
  0x00007f6d8c242800 JavaThread "QuantumRenderer-0" daemon [_thread_blocked, id=4841, stack(0x00007f6d53d4c000,0x00007f6d53e4d000)]
  0x00007f6d8c0c4000 JavaThread "Service Thread" daemon [_thread_blocked, id=4839, stack(0x00007f6d78033000,0x00007f6d78134000)]
  0x00007f6d8c0b7800 JavaThread "C1 CompilerThread1" daemon [_thread_blocked, id=4838, stack(0x00007f6d78135000,0x00007f6d78235000)]
  0x00007f6d8c0b4800 JavaThread "C2 CompilerThread0" daemon [_thread_blocked, id=4837, stack(0x00007f6d78236000,0x00007f6d78336000)]
  0x00007f6d8c0b3000 JavaThread "Signal Dispatcher" daemon [_thread_blocked, id=4836, stack(0x00007f6d78336000,0x00007f6d78437000)]
  0x00007f6d8c081000 JavaThread "Finalizer" daemon [_thread_blocked, id=4835, stack(0x00007f6d78f06000,0x00007f6d79007000)]
  0x00007f6d8c07c800 JavaThread "Reference Handler" daemon [_thread_blocked, id=4834, stack(0x00007f6d79007000,0x00007f6d79108000)]
  0x00007f6d8c00b000 JavaThread "main" [_thread_blocked, id=4830, stack(0x00007f6d93638000,0x00007f6d93738000)]

Other Threads:
  0x00007f6d8c074800 VMThread [stack: 0x00007f6d79109000,0x00007f6d79209000] [id=4833]
  0x00007f6d8c0cf000 WatcherThread [stack: 0x00007f6d53f00000,0x00007f6d54000000] [id=4840]

VM state:not at safepoint (normal execution)

VM Mutex/Monitor currently owned by a thread: None

Heap:
 PSYoungGen      total 66048K, used 32312K [0x00000000eb700000, 0x00000000efa00000, 0x0000000100000000)
  eden space 63488K, 46% used [0x00000000eb700000,0x00000000ed40f428,0x00000000ef500000)
  from space 2560K, 99% used [0x00000000ef780000,0x00000000ef9fef20,0x00000000efa00000)
  to   space 2560K, 0% used [0x00000000ef500000,0x00000000ef500000,0x00000000ef780000)
 ParOldGen       total 42496K, used 23446K [0x00000000c2400000, 0x00000000c4d80000, 0x00000000eb700000)
  object space 42496K, 55% used [0x00000000c2400000,0x00000000c3ae5a40,0x00000000c4d80000)
 Metaspace       used 19474K, capacity 20690K, committed 20864K, reserved 1067008K
  class space    used 2615K, capacity 2872K, committed 2944K, reserved 1048576K

Card table byte_map: [0x00007f6d7c848000,0x00007f6d7ca37000] byte_map_base: 0x00007f6d7c236000

Marking Bits: (ParMarkBitMap*) 0x00007f6d928ce1c0
 Begin Bits: [0x00007f6d7a766000, 0x00007f6d7b6d6000)
 End Bits:   [0x00007f6d7b6d6000, 0x00007f6d7c646000)

Polling page: 0x00007f6d9374f000

CodeCache: size=245760Kb used=12959Kb max_used=12970Kb free=232800Kb
 bounds [0x00007f6d7cdf7000, 0x00007f6d7dab7000, 0x00007f6d8bdf7000]
 total_blobs=4572 nmethods=3952 adapters=534
 compilation: enabled

Compilation events (10 events):
Event: 40.864 Thread 0x00007f6d8c0b4800 3993       4       com.sun.javafx.event.EventDispatchChainImpl::prepend (77 bytes)
Event: 40.878 Thread 0x00007f6d8c0b4800 nmethod 3993 0x00007f6d7daa7390 code [0x00007f6d7daa7520, 0x00007f6d7daa7a78]
Event: 40.878 Thread 0x00007f6d8c0b4800 3994       4       com.sun.javafx.event.EventDispatchChainImpl::ensureCapacity (89 bytes)
Event: 40.884 Thread 0x00007f6d8c0b4800 nmethod 3994 0x00007f6d7daa3f50 code [0x00007f6d7daa40a0, 0x00007f6d7daa42f8]
Event: 41.273 Thread 0x00007f6d8c0b7800 3995       1       com.sun.javafx.tk.quantum.GlassScene::isEntireSceneDirty (5 bytes)
Event: 41.273 Thread 0x00007f6d8c0b7800 nmethod 3995 0x00007f6d7daa2850 code [0x00007f6d7daa29a0, 0x00007f6d7daa2ab0]
Event: 41.769 Thread 0x00007f6d8c0b7800 3996       1       com.sun.glass.ui.Pixels::getHeightUnsafe (5 bytes)
Event: 41.770 Thread 0x00007f6d8c0b7800 nmethod 3996 0x00007f6d7daa2590 code [0x00007f6d7daa26e0, 0x00007f6d7daa27f0]
Event: 42.077 Thread 0x00007f6d8c0b4800 3997       4       java.util.WeakHashMap::size (18 bytes)
Event: 42.079 Thread 0x00007f6d8c0b4800 nmethod 3997 0x00007f6d7d9dcad0 code [0x00007f6d7d9dcc20, 0x00007f6d7d9dcca8]

GC Heap History (8 events):
Event: 0.994 GC heap before
{Heap before GC invocations=1 (full 0):
 PSYoungGen      total 18432K, used 15872K [0x00000000eb700000, 0x00000000ecb80000, 0x0000000100000000)
  eden space 15872K, 100% used [0x00000000eb700000,0x00000000ec680000,0x00000000ec680000)
  from space 2560K, 0% used [0x00000000ec900000,0x00000000ec900000,0x00000000ecb80000)
  to   space 2560K, 0% used [0x00000000ec680000,0x00000000ec680000,0x00000000ec900000)
 ParOldGen       total 42496K, used 0K [0x00000000c2400000, 0x00000000c4d80000, 0x00000000eb700000)
  object space 42496K, 0% used [0x00000000c2400000,0x00000000c2400000,0x00000000c4d80000)
 Metaspace       used 9608K, capacity 10016K, committed 10240K, reserved 1058816K
  class space    used 1155K, capacity 1265K, committed 1280K, reserved 1048576K
Event: 1.011 GC heap after
Heap after GC invocations=1 (full 0):
 PSYoungGen      total 18432K, used 2546K [0x00000000eb700000, 0x00000000edb00000, 0x0000000100000000)
  eden space 15872K, 0% used [0x00000000eb700000,0x00000000eb700000,0x00000000ec680000)
  from space 2560K, 99% used [0x00000000ec680000,0x00000000ec8fcb28,0x00000000ec900000)
  to   space 2560K, 0% used [0x00000000ed880000,0x00000000ed880000,0x00000000edb00000)
 ParOldGen       total 42496K, used 1471K [0x00000000c2400000, 0x00000000c4d80000, 0x00000000eb700000)
  object space 42496K, 3% used [0x00000000c2400000,0x00000000c256ff28,0x00000000c4d80000)
 Metaspace       used 9608K, capacity 10016K, committed 10240K, reserved 1058816K
  class space    used 1155K, capacity 1265K, committed 1280K, reserved 1048576K
}
Event: 1.730 GC heap before
{Heap before GC invocations=2 (full 0):
 PSYoungGen      total 18432K, used 18418K [0x00000000eb700000, 0x00000000edb00000, 0x0000000100000000)
  eden space 15872K, 100% used [0x00000000eb700000,0x00000000ec680000,0x00000000ec680000)
  from space 2560K, 99% used [0x00000000ec680000,0x00000000ec8fcb28,0x00000000ec900000)
  to   space 2560K, 0% used [0x00000000ed880000,0x00000000ed880000,0x00000000edb00000)
 ParOldGen       total 42496K, used 1471K [0x00000000c2400000, 0x00000000c4d80000, 0x00000000eb700000)
  object space 42496K, 3% used [0x00000000c2400000,0x00000000c256ff28,0x00000000c4d80000)
 Metaspace       used 12378K, capacity 12930K, committed 13056K, reserved 1060864K
  class space    used 1598K, capacity 1731K, committed 1792K, reserved 1048576K
Event: 1.742 GC heap after
Heap after GC invocations=2 (full 0):
 PSYoungGen      total 34304K, used 2560K [0x00000000eb700000, 0x00000000edb00000, 0x0000000100000000)
  eden space 31744K, 0% used [0x00000000eb700000,0x00000000eb700000,0x00000000ed600000)
  from space 2560K, 100% used [0x00000000ed880000,0x00000000edb00000,0x00000000edb00000)
  to   space 2560K, 0% used [0x00000000ed600000,0x00000000ed600000,0x00000000ed880000)
 ParOldGen       total 42496K, used 4113K [0x00000000c2400000, 0x00000000c4d80000, 0x00000000eb700000)
  object space 42496K, 9% used [0x00000000c2400000,0x00000000c28045d8,0x00000000c4d80000)
 Metaspace       used 12378K, capacity 12930K, committed 13056K, reserved 1060864K
  class space    used 1598K, capacity 1731K, committed 1792K, reserved 1048576K
}
Event: 2.711 GC heap before
{Heap before GC invocations=3 (full 0):
 PSYoungGen      total 34304K, used 34304K [0x00000000eb700000, 0x00000000edb00000, 0x0000000100000000)
  eden space 31744K, 100% used [0x00000000eb700000,0x00000000ed600000,0x00000000ed600000)
  from space 2560K, 100% used [0x00000000ed880000,0x00000000edb00000,0x00000000edb00000)
  to   space 2560K, 0% used [0x00000000ed600000,0x00000000ed600000,0x00000000ed880000)
 ParOldGen       total 42496K, used 4113K [0x00000000c2400000, 0x00000000c4d80000, 0x00000000eb700000)
  object space 42496K, 9% used [0x00000000c2400000,0x00000000c28045d8,0x00000000c4d80000)
 Metaspace       used 15164K, capacity 15944K, committed 16128K, reserved 1062912K
  class space    used 2076K, capacity 2275K, committed 2304K, reserved 1048576K
Event: 2.722 GC heap after
Heap after GC invocations=3 (full 0):
 PSYoungGen      total 34304K, used 2560K [0x00000000eb700000, 0x00000000efa00000, 0x0000000100000000)
  eden space 31744K, 0% used [0x00000000eb700000,0x00000000eb700000,0x00000000ed600000)
  from space 2560K, 100% used [0x00000000ed600000,0x00000000ed880000,0x00000000ed880000)
  to   space 2560K, 0% used [0x00000000ef780000,0x00000000ef780000,0x00000000efa00000)
 ParOldGen       total 42496K, used 6998K [0x00000000c2400000, 0x00000000c4d80000, 0x00000000eb700000)
  object space 42496K, 16% used [0x00000000c2400000,0x00000000c2ad5ae0,0x00000000c4d80000)
 Metaspace       used 15164K, capacity 15944K, committed 16128K, reserved 1062912K
  class space    used 2076K, capacity 2275K, committed 2304K, reserved 1048576K
}
Event: 6.957 GC heap before
{Heap before GC invocations=4 (full 0):
 PSYoungGen      total 34304K, used 34304K [0x00000000eb700000, 0x00000000efa00000, 0x0000000100000000)
  eden space 31744K, 100% used [0x00000000eb700000,0x00000000ed600000,0x00000000ed600000)
  from space 2560K, 100% used [0x00000000ed600000,0x00000000ed880000,0x00000000ed880000)
  to   space 2560K, 0% used [0x00000000ef780000,0x00000000ef780000,0x00000000efa00000)
 ParOldGen       total 42496K, used 6998K [0x00000000c2400000, 0x00000000c4d80000, 0x00000000eb700000)
  object space 42496K, 16% used [0x00000000c2400000,0x00000000c2ad5ae0,0x00000000c4d80000)
 Metaspace       used 18559K, capacity 19684K, committed 19712K, reserved 1067008K
  class space    used 2578K, capacity 2809K, committed 2816K, reserved 1048576K
Event: 7.019 GC heap after
Heap after GC invocations=4 (full 0):
 PSYoungGen      total 66048K, used 2555K [0x00000000eb700000, 0x00000000efa00000, 0x0000000100000000)
  eden space 63488K, 0% used [0x00000000eb700000,0x00000000eb700000,0x00000000ef500000)
  from space 2560K, 99% used [0x00000000ef780000,0x00000000ef9fef20,0x00000000efa00000)
  to   space 2560K, 0% used [0x00000000ef500000,0x00000000ef500000,0x00000000ef780000)
 ParOldGen       total 42496K, used 23446K [0x00000000c2400000, 0x00000000c4d80000, 0x00000000eb700000)
  object space 42496K, 55% used [0x00000000c2400000,0x00000000c3ae5a40,0x00000000c4d80000)
 Metaspace       used 18559K, capacity 19684K, committed 19712K, reserved 1067008K
  class space    used 2578K, capacity 2809K, committed 2816K, reserved 1048576K
}

Deoptimization events (10 events):
Event: 8.970 Thread 0x00007f6d8c242800 Uncommon trap: reason=unstable_if action=reinterpret pc=0x00007f6d7d5078e4 method=com.sun.javafx.geom.RectBounds.isEmpty()Z @ 21
Event: 9.863 Thread 0x00007f6d8c336800 Uncommon trap: reason=unstable_if action=reinterpret pc=0x00007f6d7cf7f760 method=sun.nio.cs.UTF_8$Encoder.encode([CII[B)I @ 33
Event: 11.102 Thread 0x00007f6d8c336800 Uncommon trap: reason=unstable_if action=reinterpret pc=0x00007f6d7d65e0d8 method=com.sun.javafx.css.StyleManager$CacheContainer.getStyleMap(I)Lcom/sun/javafx/css/StyleMap; @ 22
Event: 11.115 Thread 0x00007f6d8c336800 Uncommon trap: reason=unstable_if action=reinterpret pc=0x00007f6d7d73683c method=javafx.scene.CssStyleHelper.canReuseStyleHelper(Ljavafx/scene/Node;Lcom/sun/javafx/css/StyleMap;)Z @ 178
Event: 13.904 Thread 0x00007f6d8c336800 Uncommon trap: reason=bimorphic action=maybe_recompile pc=0x00007f6d7d288634 method=java.util.HashMap.putVal(ILjava/lang/Object;Ljava/lang/Object;ZZ)Ljava/lang/Object; @ 203
Event: 24.415 Thread 0x00007f6d8c336800 Uncommon trap: reason=class_check action=maybe_recompile pc=0x00007f6d7d5d1954 method=javafx.beans.property.BooleanPropertyBase.get()Z @ 23
Event: 28.016 Thread 0x00007f6d8c242800 Uncommon trap: reason=unstable_if action=reinterpret pc=0x00007f6d7d92c99c method=com.sun.javafx.sg.prism.NGNode.doRender(Lcom/sun/prism/Graphics;)V @ 230
Event: 29.801 Thread 0x00007f6d8c336800 Uncommon trap: reason=bimorphic action=maybe_recompile pc=0x00007f6d7d288634 method=java.util.HashMap.putVal(ILjava/lang/Object;Ljava/lang/Object;ZZ)Ljava/lang/Object; @ 203
Event: 39.310 Thread 0x00007f6d8c242800 Uncommon trap: reason=class_check action=maybe_recompile pc=0x00007f6d7da86844 method=com.sun.javafx.sg.prism.NGGroup.renderContent(Lcom/sun/prism/Graphics;)V @ 66
Event: 39.311 Thread 0x00007f6d8c242800 Uncommon trap: reason=range_check action=make_not_entrant pc=0x00007f6d7da866a4 method=java.util.ArrayList.elementData(I)Ljava/lang/Object; @ 5

Classes redefined (0 events):
No events

Internal exceptions (10 events):
Event: 0.932 Thread 0x00007f6d8c336800 Exception <a 'java/lang/NullPointerException'> (0x00000000ec55cb60) thrown at [/build/openjdk-8-8iINie/openjdk-8-8u181-b13/src/hotspot/src/share/vm/interpreter/linkResolver.cpp, line 1185]
Event: 0.932 Thread 0x00007f6d8c336800 Exception <a 'java/lang/NullPointerException'> (0x00000000ec55cb60) thrown at [/build/openjdk-8-8iINie/openjdk-8-8u181-b13/src/hotspot/src/share/vm/prims/jvm.cpp, line 1439]
Event: 1.262 Thread 0x00007f6d8c336800 Exception <a 'java/lang/ArrayIndexOutOfBoundsException'> (0x00000000ebd05de0) thrown at [/build/openjdk-8-8iINie/openjdk-8-8u181-b13/src/hotspot/src/share/vm/runtime/sharedRuntime.cpp, line 605]
Event: 1.262 Thread 0x00007f6d8c336800 Exception <a 'java/lang/ArrayIndexOutOfBoundsException'> (0x00000000ebd06ae0) thrown at [/build/openjdk-8-8iINie/openjdk-8-8u181-b13/src/hotspot/src/share/vm/runtime/sharedRuntime.cpp, line 605]
Event: 1.263 Thread 0x00007f6d8c336800 Exception <a 'java/lang/ArrayIndexOutOfBoundsException'> (0x00000000ebd08528) thrown at [/build/openjdk-8-8iINie/openjdk-8-8u181-b13/src/hotspot/src/share/vm/runtime/sharedRuntime.cpp, line 605]
Event: 1.278 Thread 0x00007f6d8c336800 Exception <a 'java/lang/ArrayIndexOutOfBoundsException'> (0x00000000ebd61ea8) thrown at [/build/openjdk-8-8iINie/openjdk-8-8u181-b13/src/hotspot/src/share/vm/runtime/sharedRuntime.cpp, line 605]
Event: 1.290 Thread 0x00007f6d8c336800 Exception <a 'java/lang/ArrayIndexOutOfBoundsException': 75> (0x00000000ebd8fcd0) thrown at [/build/openjdk-8-8iINie/openjdk-8-8u181-b13/src/hotspot/src/share/vm/interpreter/interpreterRuntime.cpp, line 366]
Event: 2.127 Thread 0x00007f6d8c336800 Implicit null exception at 0x00007f6d7d0a19f5 to 0x00007f6d7d0a1c11
Event: 3.818 Thread 0x00007f6d8c336800 Implicit null exception at 0x00007f6d7d412f66 to 0x00007f6d7d41568d
Event: 39.311 Thread 0x00007f6d8c242800 Exception <a 'java/lang/ArrayIndexOutOfBoundsException': -1> (0x00000000ec89d2e0) thrown at [/build/openjdk-8-8iINie/openjdk-8-8u181-b13/src/hotspot/src/share/vm/interpreter/interpreterRuntime.cpp, line 366]

Events (10 events):
Event: 29.831 Executing VM operation: RevokeBias
Event: 29.831 Executing VM operation: RevokeBias done
Event: 39.310 Thread 0x00007f6d8c242800 Uncommon trap: trap_request=0xffffffde fr.pc=0x00007f6d7da86844
Event: 39.310 Thread 0x00007f6d8c242800 DEOPT PACKING pc=0x00007f6d7da86844 sp=0x00007f6d53e4ac30
Event: 39.310 Thread 0x00007f6d8c242800 DEOPT UNPACKING pc=0x00007f6d7ce3c47a sp=0x00007f6d53e4abb8 mode 2
Event: 39.311 Thread 0x00007f6d8c242800 Uncommon trap: trap_request=0xffffffe4 fr.pc=0x00007f6d7da866a4
Event: 39.311 Thread 0x00007f6d8c242800 DEOPT PACKING pc=0x00007f6d7da866a4 sp=0x00007f6d53e4a9a0
Event: 39.311 Thread 0x00007f6d8c242800 DEOPT UNPACKING pc=0x00007f6d7ce3c47a sp=0x00007f6d53e4a860 mode 2
Event: 39.698 Executing VM operation: RevokeBias
Event: 39.698 Executing VM operation: RevokeBias done


Dynamic libraries:
c2400000-c4d80000 rw-p 00000000 00:00 0 
c4d80000-eb700000 ---p 00000000 00:00 0 
eb700000-efa00000 rw-p 00000000 00:00 0 
efa00000-100000000 ---p 00000000 00:00 0 
100000000-1002e0000 rw-p 00000000 00:00 0 
1002e0000-140000000 ---p 00000000 00:00 0 
557e1f86e000-557e1f86f000 r-xp 00000000 00:17 351325                     /usr/lib/jvm/java-8-openjdk-amd64/jre/bin/java
557e1fa6e000-557e1fa6f000 r--p 00000000 00:17 351325                     /usr/lib/jvm/java-8-openjdk-amd64/jre/bin/java
557e1fa6f000-557e1fa70000 rw-p 00001000 00:17 351325                     /usr/lib/jvm/java-8-openjdk-amd64/jre/bin/java
557e203cf000-557e207aa000 rw-p 00000000 00:00 0                          [heap]
7f6d2c000000-7f6d2c021000 rw-p 00000000 00:00 0 
7f6d2c021000-7f6d30000000 ---p 00000000 00:00 0 
7f6d3078c000-7f6d3090c000 rw-p 00000000 00:00 0 
7f6d3090c000-7f6d3098c000 ---p 00000000 00:00 0 
7f6d3098c000-7f6d30b0c000 rw-p 00000000 00:00 0 
7f6d30b0c000-7f6d30b1c000 r-xp 00000000 00:17 633371                     /usr/lib/jvm/java-8-openjdk-amd64/jre/lib/amd64/libdecora_sse.so
7f6d30b1c000-7f6d30d1b000 ---p 00010000 00:17 633371                     /usr/lib/jvm/java-8-openjdk-amd64/jre/lib/amd64/libdecora_sse.so
7f6d30d1b000-7f6d30d1c000 r--p 0000f000 00:17 633371                     /usr/lib/jvm/java-8-openjdk-amd64/jre/lib/amd64/libdecora_sse.so
7f6d30d1c000-7f6d30d1d000 rw-p 00010000 00:17 633371                     /usr/lib/jvm/java-8-openjdk-amd64/jre/lib/amd64/libdecora_sse.so
7f6d30d1d000-7f6d310f6000 r--p 00000000 00:17 46649                      /usr/share/fonts/truetype/droid/DroidSansFallbackFull.ttf
7f6d310f6000-7f6d31194000 r--p 00000000 00:17 230385                     /usr/share/fonts/truetype/dejavu/DejaVuSans-BoldOblique.ttf
7f6d31194000-7f6d31230000 r--p 00000000 00:17 230387                     /usr/share/fonts/truetype/dejavu/DejaVuSans-Oblique.ttf
7f6d31230000-7f6d312dd000 r--p 00000000 00:17 46643                      /usr/share/fonts/truetype/dejavu/DejaVuSans-Bold.ttf
7f6d312dd000-7f6d314dd000 rw-p 00000000 00:00 0 
7f6d314dd000-7f6d316dd000 rw-p 00000000 00:00 0 
7f6d316dd000-7f6d316e0000 ---p 00000000 00:00 0 
7f6d316e0000-7f6d317de000 rw-p 00000000 00:00 0 
7f6d317de000-7f6d317e3000 r-xp 00000000 00:17 633376                     /usr/lib/jvm/java-8-openjdk-amd64/jre/lib/amd64/libjavafx_font_freetype.so
7f6d317e3000-7f6d319e2000 ---p 00005000 00:17 633376                     /usr/lib/jvm/java-8-openjdk-amd64/jre/lib/amd64/libjavafx_font_freetype.so
7f6d319e2000-7f6d319e3000 r--p 00004000 00:17 633376                     /usr/lib/jvm/java-8-openjdk-amd64/jre/lib/amd64/libjavafx_font_freetype.so
7f6d319e3000-7f6d319e4000 rw-p 00005000 00:17 633376                     /usr/lib/jvm/java-8-openjdk-amd64/jre/lib/amd64/libjavafx_font_freetype.so
7f6d319e4000-7f6d31be4000 rw-p 00000000 00:00 0 
7f6d31be4000-7f6d31be7000 r-xp 00000000 00:17 633375                     /usr/lib/jvm/java-8-openjdk-amd64/jre/lib/amd64/libjavafx_font.so
7f6d31be7000-7f6d31de6000 ---p 00003000 00:17 633375                     /usr/lib/jvm/java-8-openjdk-amd64/jre/lib/amd64/libjavafx_font.so
7f6d31de6000-7f6d31de7000 r--p 00002000 00:17 633375                     /usr/lib/jvm/java-8-openjdk-amd64/jre/lib/amd64/libjavafx_font.so
7f6d31de7000-7f6d31de8000 rw-p 00003000 00:17 633375                     /usr/lib/jvm/java-8-openjdk-amd64/jre/lib/amd64/libjavafx_font.so
7f6d31de8000-7f6d31fe8000 rw-p 00000000 00:00 0 
7f6d31fe8000-7f6d31ff9000 r-xp 00000000 00:17 351361                     /usr/lib/jvm/java-8-openjdk-amd64/jre/lib/amd64/libnio.so
7f6d31ff9000-7f6d321f9000 ---p 00011000 00:17 351361                     /usr/lib/jvm/java-8-openjdk-amd64/jre/lib/amd64/libnio.so
7f6d321f9000-7f6d321fa000 r--p 00011000 00:17 351361                     /usr/lib/jvm/java-8-openjdk-amd64/jre/lib/amd64/libnio.so
7f6d321fa000-7f6d321fb000 rw-p 00012000 00:17 351361                     /usr/lib/jvm/java-8-openjdk-amd64/jre/lib/amd64/libnio.so
7f6d321fb000-7f6d32212000 r-xp 00000000 00:17 351360                     /usr/lib/jvm/java-8-openjdk-amd64/jre/lib/amd64/libnet.so
7f6d32212000-7f6d32411000 ---p 00017000 00:17 351360                     /usr/lib/jvm/java-8-openjdk-amd64/jre/lib/amd64/libnet.so
7f6d32411000-7f6d32412000 r--p 00016000 00:17 351360                     /usr/lib/jvm/java-8-openjdk-amd64/jre/lib/amd64/libnet.so
7f6d32412000-7f6d32413000 rw-p 00017000 00:17 351360                     /usr/lib/jvm/java-8-openjdk-amd64/jre/lib/amd64/libnet.so
7f6d32413000-7f6d32416000 ---p 00000000 00:00 0 
7f6d32416000-7f6d32514000 rw-p 00000000 00:00 0 
7f6d32514000-7f6d32517000 ---p 00000000 00:00 0 
7f6d32517000-7f6d32615000 rw-p 00000000 00:00 0 
7f6d32615000-7f6d32618000 ---p 00000000 00:00 0 
7f6d32618000-7f6d32716000 rw-p 00000000 00:00 0 
7f6d32716000-7f6d32750000 r-xp 00000000 00:17 30384                      /usr/lib/x86_64-linux-gnu/gtk-2.0/2.10.0/engines/libmurrine.so
7f6d32750000-7f6d32950000 ---p 0003a000 00:17 30384                      /usr/lib/x86_64-linux-gnu/gtk-2.0/2.10.0/engines/libmurrine.so
7f6d32950000-7f6d32951000 r--p 0003a000 00:17 30384                      /usr/lib/x86_64-linux-gnu/gtk-2.0/2.10.0/engines/libmurrine.so
7f6d32951000-7f6d32952000 rw-p 0003b000 00:17 30384                      /usr/lib/x86_64-linux-gnu/gtk-2.0/2.10.0/engines/libmurrine.so
7f6d32952000-7f6d32966000 r-xp 00000000 00:17 12315                      /lib/x86_64-linux-gnu/libgpg-error.so.0.22.0
7f6d32966000-7f6d32b65000 ---p 00014000 00:17 12315                      /lib/x86_64-linux-gnu/libgpg-error.so.0.22.0
7f6d32b65000-7f6d32b66000 r--p 00013000 00:17 12315                      /lib/x86_64-linux-gnu/libgpg-error.so.0.22.0
7f6d32b66000-7f6d32b67000 rw-p 00014000 00:17 12315                      /lib/x86_64-linux-gnu/libgpg-error.so.0.22.0
7f6d32b67000-7f6d32c7b000 r-xp 00000000 00:17 341198                     /lib/x86_64-linux-gnu/libgcrypt.so.20.2.1
7f6d32c7b000-7f6d32e7a000 ---p 00114000 00:17 341198                     /lib/x86_64-linux-gnu/libgcrypt.so.20.2.1
7f6d32e7a000-7f6d32e7c000 r--p 00113000 00:17 341198                     /lib/x86_64-linux-gnu/libgcrypt.so.20.2.1
7f6d32e7c000-7f6d32e81000 rw-p 00115000 00:17 341198                     /lib/x86_64-linux-gnu/libgcrypt.so.20.2.1
7f6d32e81000-7f6d32e82000 rw-p 00000000 00:00 0 
7f6d32e82000-7f6d32e9d000 r-xp 00000000 00:17 28303                      /usr/lib/x86_64-linux-gnu/liblz4.so.1.7.1
7f6d32e9d000-7f6d3309c000 ---p 0001b000 00:17 28303                      /usr/lib/x86_64-linux-gnu/liblz4.so.1.7.1
7f6d3309c000-7f6d3309d000 r--p 0001a000 00:17 28303                      /usr/lib/x86_64-linux-gnu/liblz4.so.1.7.1
7f6d3309d000-7f6d3309e000 rw-p 0001b000 00:17 28303                      /usr/lib/x86_64-linux-gnu/liblz4.so.1.7.1
7f6d3309e000-7f6d330c2000 r-xp 00000000 00:17 12334                      /lib/x86_64-linux-gnu/liblzma.so.5.2.2
7f6d330c2000-7f6d332c2000 ---p 00024000 00:17 12334                      /lib/x86_64-linux-gnu/liblzma.so.5.2.2
7f6d332c2000-7f6d332c3000 r--p 00024000 00:17 12334                      /lib/x86_64-linux-gnu/liblzma.so.5.2.2
7f6d332c3000-7f6d332c4000 rw-p 00025000 00:17 12334                      /lib/x86_64-linux-gnu/liblzma.so.5.2.2
7f6d332c4000-7f6d33344000 r-xp 00000000 00:17 340610                     /lib/x86_64-linux-gnu/libsystemd.so.0.21.0
7f6d33344000-7f6d33543000 ---p 00080000 00:17 340610                     /lib/x86_64-linux-gnu/libsystemd.so.0.21.0
7f6d33543000-7f6d33546000 r--p 0007f000 00:17 340610                     /lib/x86_64-linux-gnu/libsystemd.so.0.21.0
7f6d33546000-7f6d33547000 rw-p 00082000 00:17 340610                     /lib/x86_64-linux-gnu/libsystemd.so.0.21.0
7f6d33547000-7f6d33548000 rw-p 00000000 00:00 0 
7f6d33548000-7f6d33574000 r-xp 00000000 00:17 27679                      /usr/lib/x86_64-linux-gnu/libatspi.so.0.0.1
7f6d33574000-7f6d33774000 ---p 0002c000 00:17 27679                      /usr/lib/x86_64-linux-gnu/libatspi.so.0.0.1
7f6d33774000-7f6d33777000 r--p 0002c000 00:17 27679                      /usr/lib/x86_64-linux-gnu/libatspi.so.0.0.1
7f6d33777000-7f6d33778000 rw-p 0002f000 00:17 27679                      /usr/lib/x86_64-linux-gnu/libatspi.so.0.0.1
7f6d33778000-7f6d337c3000 r-xp 00000000 00:17 12289                      /lib/x86_64-linux-gnu/libdbus-1.so.3.19.4
7f6d337c3000-7f6d339c3000 ---p 0004b000 00:17 12289                      /lib/x86_64-linux-gnu/libdbus-1.so.3.19.4
7f6d339c3000-7f6d339c4000 r--p 0004b000 00:17 12289                      /lib/x86_64-linux-gnu/libdbus-1.so.3.19.4
7f6d339c4000-7f6d339c5000 rw-p 0004c000 00:17 12289                      /lib/x86_64-linux-gnu/libdbus-1.so.3.19.4
7f6d339c5000-7f6d339f3000 r-xp 00000000 00:17 27677                      /usr/lib/x86_64-linux-gnu/libatk-bridge-2.0.so.0.0.0
7f6d339f3000-7f6d33bf3000 ---p 0002e000 00:17 27677                      /usr/lib/x86_64-linux-gnu/libatk-bridge-2.0.so.0.0.0
7f6d33bf3000-7f6d33bf4000 r--p 0002e000 00:17 27677                      /usr/lib/x86_64-linux-gnu/libatk-bridge-2.0.so.0.0.0
7f6d33bf4000-7f6d33bf5000 rw-p 0002f000 00:17 27677                      /usr/lib/x86_64-linux-gnu/libatk-bridge-2.0.so.0.0.0
7f6d33bf5000-7f6d33bf6000 rw-p 00000000 00:00 0 
7f6d33bf6000-7f6d33bf7000 r-xp 00000000 00:17 30402                      /usr/lib/x86_64-linux-gnu/gtk-2.0/modules/libatk-bridge.so
7f6d33bf7000-7f6d33df6000 ---p 00001000 00:17 30402                      /usr/lib/x86_64-linux-gnu/gtk-2.0/modules/libatk-bridge.so
7f6d33df6000-7f6d33df7000 r--p 00000000 00:17 30402                      /usr/lib/x86_64-linux-gnu/gtk-2.0/modules/libatk-bridge.so
7f6d33df7000-7f6d33df8000 rw-p 00001000 00:17 30402                      /usr/lib/x86_64-linux-gnu/gtk-2.0/modules/libatk-bridge.so
7f6d33df8000-7f6d33dff000 r-xp 00000000 00:17 27979                      /usr/lib/x86_64-linux-gnu/libgailutil.so.18.0.1
7f6d33dff000-7f6d33ffe000 ---p 00007000 00:17 27979                      /usr/lib/x86_64-linux-gnu/libgailutil.so.18.0.1
7f6d33ffe000-7f6d33fff000 r--p 00006000 00:17 27979                      /usr/lib/x86_64-linux-gnu/libgailutil.so.18.0.1
7f6d33fff000-7f6d34000000 rw-p 00007000 00:17 27979                      /usr/lib/x86_64-linux-gnu/libgailutil.so.18.0.1
7f6d34000000-7f6d34021000 rw-p 00000000 00:00 0 
7f6d34021000-7f6d38000000 ---p 00000000 00:00 0 
7f6d3800a000-7f6d380c3000 r--p 00000000 00:17 46644                      /usr/share/fonts/truetype/dejavu/DejaVuSans.ttf
7f6d380c3000-7f6d38110000 r-xp 00000000 00:17 30404                      /usr/lib/x86_64-linux-gnu/gtk-2.0/modules/libgail.so
7f6d38110000-7f6d38310000 ---p 0004d000 00:17 30404                      /usr/lib/x86_64-linux-gnu/gtk-2.0/modules/libgail.so
7f6d38310000-7f6d38311000 r--p 0004d000 00:17 30404                      /usr/lib/x86_64-linux-gnu/gtk-2.0/modules/libgail.so
7f6d38311000-7f6d38313000 rw-p 0004e000 00:17 30404                      /usr/lib/x86_64-linux-gnu/gtk-2.0/modules/libgail.so
7f6d38313000-7f6d38319000 r-xp 00000000 00:17 308063                     /lib/x86_64-linux-gnu/libuuid.so.1.3.0
7f6d38319000-7f6d38518000 ---p 00006000 00:17 308063                     /lib/x86_64-linux-gnu/libuuid.so.1.3.0
7f6d38518000-7f6d38519000 r--p 00005000 00:17 308063                     /lib/x86_64-linux-gnu/libuuid.so.1.3.0
7f6d38519000-7f6d3851a000 rw-p 00006000 00:17 308063                     /lib/x86_64-linux-gnu/libuuid.so.1.3.0
7f6d3851a000-7f6d38520000 r-xp 00000000 00:17 27821                      /usr/lib/x86_64-linux-gnu/libdatrie.so.1.3.3
7f6d38520000-7f6d3871f000 ---p 00006000 00:17 27821                      /usr/lib/x86_64-linux-gnu/libdatrie.so.1.3.3
7f6d3871f000-7f6d38720000 r--p 00005000 00:17 27821                      /usr/lib/x86_64-linux-gnu/libdatrie.so.1.3.3
7f6d38720000-7f6d38721000 rw-p 00006000 00:17 27821                      /usr/lib/x86_64-linux-gnu/libdatrie.so.1.3.3
7f6d38721000-7f6d3874c000 r-xp 00000000 00:17 28080                      /usr/lib/x86_64-linux-gnu/libgraphite2.so.3.0.1
7f6d3874c000-7f6d3894b000 ---p 0002b000 00:17 28080                      /usr/lib/x86_64-linux-gnu/libgraphite2.so.3.0.1
7f6d3894b000-7f6d3894d000 r--p 0002a000 00:17 28080                      /usr/lib/x86_64-linux-gnu/libgraphite2.so.3.0.1
7f6d3894d000-7f6d3894e000 rw-p 0002c000 00:17 28080                      /usr/lib/x86_64-linux-gnu/libgraphite2.so.3.0.1
7f6d3894e000-7f6d38995000 r-xp 00000000 00:17 308088                     /lib/x86_64-linux-gnu/libblkid.so.1.1.0
7f6d38995000-7f6d38b95000 ---p 00047000 00:17 308088                     /lib/x86_64-linux-gnu/libblkid.so.1.1.0
7f6d38b95000-7f6d38b99000 r--p 00047000 00:17 308088                     /lib/x86_64-linux-gnu/libblkid.so.1.1.0
7f6d38b99000-7f6d38b9a000 rw-p 0004b000 00:17 308088                     /lib/x86_64-linux-gnu/libblkid.so.1.1.0
7f6d38b9a000-7f6d38b9b000 rw-p 00000000 00:00 0 
7f6d38b9b000-7f6d38ba3000 r-xp 00000000 00:17 28635                      /usr/lib/x86_64-linux-gnu/libthai.so.0.3.0
7f6d38ba3000-7f6d38da2000 ---p 00008000 00:17 28635                      /usr/lib/x86_64-linux-gnu/libthai.so.0.3.0
7f6d38da2000-7f6d38da3000 r--p 00007000 00:17 28635                      /usr/lib/x86_64-linux-gnu/libthai.so.0.3.0
7f6d38da3000-7f6d38da4000 rw-p 00008000 00:17 28635                      /usr/lib/x86_64-linux-gnu/libthai.so.0.3.0
7f6d38da4000-7f6d38e40000 r-xp 00000000 00:17 28163                      /usr/lib/x86_64-linux-gnu/libharfbuzz.so.0.10702.0
7f6d38e40000-7f6d39040000 ---p 0009c000 00:17 28163                      /usr/lib/x86_64-linux-gnu/libharfbuzz.so.0.10702.0
7f6d39040000-7f6d39041000 r--p 0009c000 00:17 28163                      /usr/lib/x86_64-linux-gnu/libharfbuzz.so.0.10702.0
7f6d39041000-7f6d39042000 rw-p 0009d000 00:17 28163                      /usr/lib/x86_64-linux-gnu/libharfbuzz.so.0.10702.0
7f6d39042000-7f6d390b2000 r-xp 00000000 00:17 12396                      /lib/x86_64-linux-gnu/libpcre.so.3.13.3
7f6d390b2000-7f6d392b2000 ---p 00070000 00:17 12396                      /lib/x86_64-linux-gnu/libpcre.so.3.13.3
7f6d392b2000-7f6d392b3000 r--p 00070000 00:17 12396                      /lib/x86_64-linux-gnu/libpcre.so.3.13.3
7f6d392b3000-7f6d392b4000 rw-p 00071000 00:17 12396                      /lib/x86_64-linux-gnu/libpcre.so.3.13.3
7f6d392b4000-7f6d39305000 r-xp 00000000 00:17 308140                     /lib/x86_64-linux-gnu/libmount.so.1.1.0
7f6d39305000-7f6d39504000 ---p 00051000 00:17 308140                     /lib/x86_64-linux-gnu/libmount.so.1.1.0
7f6d39504000-7f6d39506000 r--p 00050000 00:17 308140                     /lib/x86_64-linux-gnu/libmount.so.1.1.0
7f6d39506000-7f6d39507000 rw-p 00052000 00:17 308140                     /lib/x86_64-linux-gnu/libmount.so.1.1.0
7f6d39507000-7f6d39508000 rw-p 00000000 00:00 0 
7f6d39508000-7f6d3951f000 r-xp 00000000 00:17 12413                      /lib/x86_64-linux-gnu/libresolv-2.27.so
7f6d3951f000-7f6d3971f000 ---p 00017000 00:17 12413                      /lib/x86_64-linux-gnu/libresolv-2.27.so
7f6d3971f000-7f6d39720000 r--p 00017000 00:17 12413                      /lib/x86_64-linux-gnu/libresolv-2.27.so
7f6d39720000-7f6d39721000 rw-p 00018000 00:17 12413                      /lib/x86_64-linux-gnu/libresolv-2.27.so
7f6d39721000-7f6d39723000 rw-p 00000000 00:00 0 
7f6d39723000-7f6d39748000 r-xp 00000000 00:17 12419                      /lib/x86_64-linux-gnu/libselinux.so.1
7f6d39748000-7f6d39947000 ---p 00025000 00:17 12419                      /lib/x86_64-linux-gnu/libselinux.so.1
7f6d39947000-7f6d39948000 r--p 00024000 00:17 12419                      /lib/x86_64-linux-gnu/libselinux.so.1
7f6d39948000-7f6d39949000 rw-p 00025000 00:17 12419                      /lib/x86_64-linux-gnu/libselinux.so.1
7f6d39949000-7f6d3994b000 rw-p 00000000 00:00 0 
7f6d3994b000-7f6d39957000 r-xp 00000000 00:17 28779                      /usr/lib/x86_64-linux-gnu/libxcb-render.so.0.0.0
7f6d39957000-7f6d39b56000 ---p 0000c000 00:17 28779                      /usr/lib/x86_64-linux-gnu/libxcb-render.so.0.0.0
7f6d39b56000-7f6d39b57000 r--p 0000b000 00:17 28779                      /usr/lib/x86_64-linux-gnu/libxcb-render.so.0.0.0
7f6d39b57000-7f6d39b58000 rw-p 0000c000 00:17 28779                      /usr/lib/x86_64-linux-gnu/libxcb-render.so.0.0.0
7f6d39b58000-7f6d39b5a000 r-xp 00000000 00:17 28785                      /usr/lib/x86_64-linux-gnu/libxcb-shm.so.0.0.0
7f6d39b5a000-7f6d39d59000 ---p 00002000 00:17 28785                      /usr/lib/x86_64-linux-gnu/libxcb-shm.so.0.0.0
7f6d39d59000-7f6d39d5a000 r--p 00001000 00:17 28785                      /usr/lib/x86_64-linux-gnu/libxcb-shm.so.0.0.0
7f6d39d5a000-7f6d39d5b000 rw-p 00002000 00:17 28785                      /usr/lib/x86_64-linux-gnu/libxcb-shm.so.0.0.0
7f6d39d5b000-7f6d39d8c000 r-xp 00000000 00:17 345702                     /usr/lib/x86_64-linux-gnu/libpng16.so.16.34.0
7f6d39d8c000-7f6d39f8b000 ---p 00031000 00:17 345702                     /usr/lib/x86_64-linux-gnu/libpng16.so.16.34.0
7f6d39f8b000-7f6d39f8c000 r--p 00030000 00:17 345702                     /usr/lib/x86_64-linux-gnu/libpng16.so.16.34.0
7f6d39f8c000-7f6d39f8d000 rw-p 00031000 00:17 345702                     /usr/lib/x86_64-linux-gnu/libpng16.so.16.34.0
7f6d39f8d000-7f6d3a03a000 r-xp 00000000 00:17 27969                      /usr/lib/x86_64-linux-gnu/libfreetype.so.6.15.0
7f6d3a03a000-7f6d3a239000 ---p 000ad000 00:17 27969                      /usr/lib/x86_64-linux-gnu/libfreetype.so.6.15.0
7f6d3a239000-7f6d3a240000 r--p 000ac000 00:17 27969                      /usr/lib/x86_64-linux-gnu/libfreetype.so.6.15.0
7f6d3a240000-7f6d3a241000 rw-p 000b3000 00:17 27969                      /usr/lib/x86_64-linux-gnu/libfreetype.so.6.15.0
7f6d3a241000-7f6d3a2de000 r-xp 00000000 00:17 28451                      /usr/lib/x86_64-linux-gnu/libpixman-1.so.0.34.0
7f6d3a2de000-7f6d3a4dd000 ---p 0009d000 00:17 28451                      /usr/lib/x86_64-linux-gnu/libpixman-1.so.0.34.0
7f6d3a4dd000-7f6d3a4e5000 r--p 0009c000 00:17 28451                      /usr/lib/x86_64-linux-gnu/libpixman-1.so.0.34.0
7f6d3a4e5000-7f6d3a4e6000 rw-p 000a4000 00:17 28451                      /usr/lib/x86_64-linux-gnu/libpixman-1.so.0.34.0
7f6d3a4e6000-7f6d3a4e8000 r-xp 00000000 00:17 27594                      /usr/lib/x86_64-linux-gnu/libXcomposite.so.1.0.0
7f6d3a4e8000-7f6d3a6e7000 ---p 00002000 00:17 27594                      /usr/lib/x86_64-linux-gnu/libXcomposite.so.1.0.0
7f6d3a6e7000-7f6d3a6e8000 r--p 00001000 00:17 27594                      /usr/lib/x86_64-linux-gnu/libXcomposite.so.1.0.0
7f6d3a6e8000-7f6d3a6e9000 rw-p 00002000 00:17 27594                      /usr/lib/x86_64-linux-gnu/libXcomposite.so.1.0.0
7f6d3a6e9000-7f6d3a6f2000 r-xp 00000000 00:17 27596                      /usr/lib/x86_64-linux-gnu/libXcursor.so.1.0.2
7f6d3a6f2000-7f6d3a8f1000 ---p 00009000 00:17 27596                      /usr/lib/x86_64-linux-gnu/libXcursor.so.1.0.2
7f6d3a8f1000-7f6d3a8f2000 r--p 00008000 00:17 27596                      /usr/lib/x86_64-linux-gnu/libXcursor.so.1.0.2
7f6d3a8f2000-7f6d3a8f3000 rw-p 00009000 00:17 27596                      /usr/lib/x86_64-linux-gnu/libXcursor.so.1.0.2
7f6d3a8f3000-7f6d3a8fd000 r-xp 00000000 00:17 27620                      /usr/lib/x86_64-linux-gnu/libXrandr.so.2.2.0
7f6d3a8fd000-7f6d3aafc000 ---p 0000a000 00:17 27620                      /usr/lib/x86_64-linux-gnu/libXrandr.so.2.2.0
7f6d3aafc000-7f6d3aafd000 r--p 00009000 00:17 27620                      /usr/lib/x86_64-linux-gnu/libXrandr.so.2.2.0
7f6d3aafd000-7f6d3aafe000 rw-p 0000a000 00:17 27620                      /usr/lib/x86_64-linux-gnu/libXrandr.so.2.2.0
7f6d3aafe000-7f6d3ab0d000 r-xp 00000000 00:17 27610                      /usr/lib/x86_64-linux-gnu/libXi.so.6.1.0
7f6d3ab0d000-7f6d3ad0c000 ---p 0000f000 00:17 27610                      /usr/lib/x86_64-linux-gnu/libXi.so.6.1.0
7f6d3ad0c000-7f6d3ad0d000 r--p 0000e000 00:17 27610                      /usr/lib/x86_64-linux-gnu/libXi.so.6.1.0
7f6d3ad0d000-7f6d3ad0e000 rw-p 0000f000 00:17 27610                      /usr/lib/x86_64-linux-gnu/libXi.so.6.1.0
7f6d3ad0e000-7f6d3ad10000 r-xp 00000000 00:17 27612                      /usr/lib/x86_64-linux-gnu/libXinerama.so.1.0.0
7f6d3ad10000-7f6d3af0f000 ---p 00002000 00:17 27612                      /usr/lib/x86_64-linux-gnu/libXinerama.so.1.0.0
7f6d3af0f000-7f6d3af10000 r--p 00001000 00:17 27612                      /usr/lib/x86_64-linux-gnu/libXinerama.so.1.0.0
7f6d3af10000-7f6d3af11000 rw-p 00002000 00:17 27612                      /usr/lib/x86_64-linux-gnu/libXinerama.so.1.0.0
7f6d3af11000-7f6d3af1a000 r-xp 00000000 00:17 27622                      /usr/lib/x86_64-linux-gnu/libXrender.so.1.3.0
7f6d3af1a000-7f6d3b119000 ---p 00009000 00:17 27622                      /usr/lib/x86_64-linux-gnu/libXrender.so.1.3.0
7f6d3b119000-7f6d3b11a000 r--p 00008000 00:17 27622                      /usr/lib/x86_64-linux-gnu/libXrender.so.1.3.0
7f6d3b11a000-7f6d3b11b000 rw-p 00009000 00:17 27622                      /usr/lib/x86_64-linux-gnu/libXrender.so.1.3.0
7f6d3b11b000-7f6d3b159000 r-xp 00000000 00:17 27951                      /usr/lib/x86_64-linux-gnu/libfontconfig.so.1.10.1
7f6d3b159000-7f6d3b359000 ---p 0003e000 00:17 27951                      /usr/lib/x86_64-linux-gnu/libfontconfig.so.1.10.1
7f6d3b359000-7f6d3b35b000 r--p 0003e000 00:17 27951                      /usr/lib/x86_64-linux-gnu/libfontconfig.so.1.10.1
7f6d3b35b000-7f6d3b360000 rw-p 00040000 00:17 27951                      /usr/lib/x86_64-linux-gnu/libfontconfig.so.1.10.1
7f6d3b360000-7f6d3b3aa000 r-xp 00000000 00:17 435607                     /usr/lib/x86_64-linux-gnu/libpango-1.0.so.0.4000.14
7f6d3b3aa000-7f6d3b5a9000 ---p 0004a000 00:17 435607                     /usr/lib/x86_64-linux-gnu/libpango-1.0.so.0.4000.14
7f6d3b5a9000-7f6d3b5ac000 r--p 00049000 00:17 435607                     /usr/lib/x86_64-linux-gnu/libpango-1.0.so.0.4000.14
7f6d3b5ac000-7f6d3b5ad000 rw-p 0004c000 00:17 435607                     /usr/lib/x86_64-linux-gnu/libpango-1.0.so.0.4000.14
7f6d3b5ad000-7f6d3b5c1000 r-xp 00000000 00:17 435629                     /usr/lib/x86_64-linux-gnu/libpangoft2-1.0.so.0.4000.14
7f6d3b5c1000-7f6d3b7c1000 ---p 00014000 00:17 435629                     /usr/lib/x86_64-linux-gnu/libpangoft2-1.0.so.0.4000.14
7f6d3b7c1000-7f6d3b7c2000 r--p 00014000 00:17 435629                     /usr/lib/x86_64-linux-gnu/libpangoft2-1.0.so.0.4000.14
7f6d3b7c2000-7f6d3b7c3000 rw-p 00015000 00:17 435629                     /usr/lib/x86_64-linux-gnu/libpangoft2-1.0.so.0.4000.14
7f6d3b7c3000-7f6d3b7e5000 r-xp 00000000 00:17 27675                      /usr/lib/x86_64-linux-gnu/libatk-1.0.so.0.22810.1
7f6d3b7e5000-7f6d3b9e5000 ---p 00022000 00:17 27675                      /usr/lib/x86_64-linux-gnu/libatk-1.0.so.0.22810.1
7f6d3b9e5000-7f6d3b9e8000 r--p 00022000 00:17 27675                      /usr/lib/x86_64-linux-gnu/libatk-1.0.so.0.22810.1
7f6d3b9e8000-7f6d3b9e9000 rw-p 00025000 00:17 27675                      /usr/lib/x86_64-linux-gnu/libatk-1.0.so.0.22810.1
7f6d3b9e9000-7f6d3b9f5000 r-xp 00000000 00:17 435648                     /usr/lib/x86_64-linux-gnu/libpangocairo-1.0.so.0.4000.14
7f6d3b9f5000-7f6d3bbf4000 ---p 0000c000 00:17 435648                     /usr/lib/x86_64-linux-gnu/libpangocairo-1.0.so.0.4000.14
7f6d3bbf4000-7f6d3bbf5000 r--p 0000b000 00:17 435648                     /usr/lib/x86_64-linux-gnu/libpangocairo-1.0.so.0.4000.14
7f6d3bbf5000-7f6d3bbf6000 rw-p 0000c000 00:17 435648                     /usr/lib/x86_64-linux-gnu/libpangocairo-1.0.so.0.4000.14
7f6d3bbf6000-7f6d3bbf9000 r-xp 00000000 00:17 433208                     /usr/lib/x86_64-linux-gnu/libgmodule-2.0.so.0.5600.2
7f6d3bbf9000-7f6d3bdf8000 ---p 00003000 00:17 433208                     /usr/lib/x86_64-linux-gnu/libgmodule-2.0.so.0.5600.2
7f6d3bdf8000-7f6d3bdf9000 r--p 00002000 00:17 433208                     /usr/lib/x86_64-linux-gnu/libgmodule-2.0.so.0.5600.2
7f6d3bdf9000-7f6d3bdfa000 rw-p 00003000 00:17 433208                     /usr/lib/x86_64-linux-gnu/libgmodule-2.0.so.0.5600.2
7f6d3bdfa000-7f6d3bdff000 r-xp 00000000 00:17 27628                      /usr/lib/x86_64-linux-gnu/libXtst.so.6.1.0
7f6d3bdff000-7f6d3bffe000 ---p 00005000 00:17 27628                      /usr/lib/x86_64-linux-gnu/libXtst.so.6.1.0
7f6d3bffe000-7f6d3bfff000 r--p 00004000 00:17 27628                      /usr/lib/x86_64-linux-gnu/libXtst.so.6.1.0
7f6d3bfff000-7f6d3c000000 rw-p 00005000 00:17 27628                      /usr/lib/x86_64-linux-gnu/libXtst.so.6.1.0
7f6d3c000000-7f6d3c021000 rw-p 00000000 00:00 0 
7f6d3c021000-7f6d40000000 ---p 00000000 00:00 0 
7f6d40004000-7f6d40020000 r--p 00000000 00:17 46776                      /usr/share/fonts/truetype/tlwg/Laksaman.ttf
7f6d40020000-7f6d40037000 r--p 00000000 00:17 46820                      /usr/share/fonts/truetype/tlwg/Waree.ttf
7f6d40037000-7f6d4004c000 r--p 00000000 00:17 46780                      /usr/share/fonts/truetype/tlwg/Loma.ttf
7f6d4004c000-7f6d4015f000 r-xp 00000000 00:17 433207                     /usr/lib/x86_64-linux-gnu/libglib-2.0.so.0.5600.2
7f6d4015f000-7f6d4035f000 ---p 00113000 00:17 433207                     /usr/lib/x86_64-linux-gnu/libglib-2.0.so.0.5600.2
7f6d4035f000-7f6d40360000 r--p 00113000 00:17 433207                     /usr/lib/x86_64-linux-gnu/libglib-2.0.so.0.5600.2
7f6d40360000-7f6d40361000 rw-p 00114000 00:17 433207                     /usr/lib/x86_64-linux-gnu/libglib-2.0.so.0.5600.2
7f6d40361000-7f6d40362000 rw-p 00000000 00:00 0 
7f6d40362000-7f6d40363000 r-xp 00000000 00:17 433210                     /usr/lib/x86_64-linux-gnu/libgthread-2.0.so.0.5600.2
7f6d40363000-7f6d40562000 ---p 00001000 00:17 433210                     /usr/lib/x86_64-linux-gnu/libgthread-2.0.so.0.5600.2
7f6d40562000-7f6d40563000 r--p 00000000 00:17 433210                     /usr/lib/x86_64-linux-gnu/libgthread-2.0.so.0.5600.2
7f6d40563000-7f6d40564000 rw-p 00001000 00:17 433210                     /usr/lib/x86_64-linux-gnu/libgthread-2.0.so.0.5600.2
7f6d40564000-7f6d43c26000 r-xp 00000000 00:17 27548                      /usr/lib/x86_64-linux-gnu/libLLVM-6.0.so.1
7f6d43c26000-7f6d43c27000 ---p 036c2000 00:17 27548                      /usr/lib/x86_64-linux-gnu/libLLVM-6.0.so.1
7f6d43c27000-7f6d43f97000 r--p 036c2000 00:17 27548                      /usr/lib/x86_64-linux-gnu/libLLVM-6.0.so.1
7f6d43f97000-7f6d43fa5000 rw-p 03a32000 00:17 27548                      /usr/lib/x86_64-linux-gnu/libLLVM-6.0.so.1
7f6d43fa5000-7f6d44000000 rw-p 00000000 00:00 0 
7f6d44000000-7f6d44be6000 rw-p 00000000 00:00 0 
7f6d44be6000-7f6d48000000 ---p 00000000 00:00 0 
7f6d4800a000-7f6d48010000 r--p 00000000 00:17 345307                     /usr/share/locale-langpack/ja/LC_MESSAGES/gdk-pixbuf.mo
7f6d48010000-7f6d48023000 r--s 00346000 00:17 351404                     /usr/lib/jvm/java-8-openjdk-amd64/jre/lib/resources.jar
7f6d48023000-7f6d4802e000 r--s 00000000 00:17 133200                     /var/cache/fontconfig/945677eb7aeaf62f1d50efc3fb3ec7d8-le64.cache-7
7f6d4802e000-7f6d48043000 r--s 00000000 00:17 133161                     /var/cache/fontconfig/04aabc0a78ac019cf9454389977116d2-le64.cache-7
7f6d48043000-7f6d48095000 r-xp 00000000 00:17 433209                     /usr/lib/x86_64-linux-gnu/libgobject-2.0.so.0.5600.2
7f6d48095000-7f6d48295000 ---p 00052000 00:17 433209                     /usr/lib/x86_64-linux-gnu/libgobject-2.0.so.0.5600.2
7f6d48295000-7f6d48296000 r--p 00052000 00:17 433209                     /usr/lib/x86_64-linux-gnu/libgobject-2.0.so.0.5600.2
7f6d48296000-7f6d48297000 rw-p 00053000 00:17 433209                     /usr/lib/x86_64-linux-gnu/libgobject-2.0.so.0.5600.2
7f6d48297000-7f6d4842c000 r-xp 00000000 00:17 433206                     /usr/lib/x86_64-linux-gnu/libgio-2.0.so.0.5600.2
7f6d4842c000-7f6d4862c000 ---p 00195000 00:17 433206                     /usr/lib/x86_64-linux-gnu/libgio-2.0.so.0.5600.2
7f6d4862c000-7f6d48633000 r--p 00195000 00:17 433206                     /usr/lib/x86_64-linux-gnu/libgio-2.0.so.0.5600.2
7f6d48633000-7f6d48634000 rw-p 0019c000 00:17 433206                     /usr/lib/x86_64-linux-gnu/libgio-2.0.so.0.5600.2
7f6d48634000-7f6d48636000 rw-p 00000000 00:00 0 
7f6d48636000-7f6d48658000 r-xp 00000000 00:17 28007                      /usr/lib/x86_64-linux-gnu/libgdk_pixbuf-2.0.so.0.3611.0
7f6d48658000-7f6d48858000 ---p 00022000 00:17 28007                      /usr/lib/x86_64-linux-gnu/libgdk_pixbuf-2.0.so.0.3611.0
7f6d48858000-7f6d48859000 r--p 00022000 00:17 28007                      /usr/lib/x86_64-linux-gnu/libgdk_pixbuf-2.0.so.0.3611.0
7f6d48859000-7f6d4885a000 rw-p 00023000 00:17 28007                      /usr/lib/x86_64-linux-gnu/libgdk_pixbuf-2.0.so.0.3611.0
7f6d4885a000-7f6d48972000 r-xp 00000000 00:17 27744                      /usr/lib/x86_64-linux-gnu/libcairo.so.2.11510.0
7f6d48972000-7f6d48b71000 ---p 00118000 00:17 27744                      /usr/lib/x86_64-linux-gnu/libcairo.so.2.11510.0
7f6d48b71000-7f6d48b74000 r--p 00117000 00:17 27744                      /usr/lib/x86_64-linux-gnu/libcairo.so.2.11510.0
7f6d48b74000-7f6d48b76000 rw-p 0011a000 00:17 27744                      /usr/lib/x86_64-linux-gnu/libcairo.so.2.11510.0
7f6d48b76000-7f6d48b77000 rw-p 00000000 00:00 0 
7f6d48b77000-7f6d48c27000 r-xp 00000000 00:17 28005                      /usr/lib/x86_64-linux-gnu/libgdk-x11-2.0.so.0.2400.32
7f6d48c27000-7f6d48e26000 ---p 000b0000 00:17 28005                      /usr/lib/x86_64-linux-gnu/libgdk-x11-2.0.so.0.2400.32
7f6d48e26000-7f6d48e2a000 r--p 000af000 00:17 28005                      /usr/lib/x86_64-linux-gnu/libgdk-x11-2.0.so.0.2400.32
7f6d48e2a000-7f6d48e2c000 rw-p 000b3000 00:17 28005                      /usr/lib/x86_64-linux-gnu/libgdk-x11-2.0.so.0.2400.32
7f6d48e2c000-7f6d49261000 r-xp 00000000 00:17 28138                      /usr/lib/x86_64-linux-gnu/libgtk-x11-2.0.so.0.2400.32
7f6d49261000-7f6d49460000 ---p 00435000 00:17 28138                      /usr/lib/x86_64-linux-gnu/libgtk-x11-2.0.so.0.2400.32
7f6d49460000-7f6d49467000 r--p 00434000 00:17 28138                      /usr/lib/x86_64-linux-gnu/libgtk-x11-2.0.so.0.2400.32
7f6d49467000-7f6d4946b000 rw-p 0043b000 00:17 28138                      /usr/lib/x86_64-linux-gnu/libgtk-x11-2.0.so.0.2400.32
7f6d4946b000-7f6d4946e000 rw-p 00000000 00:00 0 
7f6d4946e000-7f6d49496000 r-xp 00000000 00:17 633373                     /usr/lib/jvm/java-8-openjdk-amd64/jre/lib/amd64/libglass.so
7f6d49496000-7f6d49696000 ---p 00028000 00:17 633373                     /usr/lib/jvm/java-8-openjdk-amd64/jre/lib/amd64/libglass.so
7f6d49696000-7f6d49697000 r--p 00028000 00:17 633373                     /usr/lib/jvm/java-8-openjdk-amd64/jre/lib/amd64/libglass.so
7f6d49697000-7f6d49698000 rw-p 00029000 00:17 633373                     /usr/lib/jvm/java-8-openjdk-amd64/jre/lib/amd64/libglass.so
7f6d49698000-7f6d496a6000 r-xp 00000000 00:17 633383                     /usr/lib/jvm/java-8-openjdk-amd64/jre/lib/amd64/libprism_sw.so
7f6d496a6000-7f6d498a6000 ---p 0000e000 00:17 633383                     /usr/lib/jvm/java-8-openjdk-amd64/jre/lib/amd64/libprism_sw.so
7f6d498a6000-7f6d498a7000 r--p 0000e000 00:17 633383                     /usr/lib/jvm/java-8-openjdk-amd64/jre/lib/amd64/libprism_sw.so
7f6d498a7000-7f6d498a8000 rw-p 0000f000 00:17 633383                     /usr/lib/jvm/java-8-openjdk-amd64/jre/lib/amd64/libprism_sw.so
7f6d498a8000-7f6d498a9000 ---p 00000000 00:00 0 
7f6d498a9000-7f6d4a0a9000 rw-p 00000000 00:00 0 
7f6d4a0a9000-7f6d4a0aa000 ---p 00000000 00:00 0 
7f6d4a0aa000-7f6d4a8aa000 rw-p 00000000 00:00 0 
7f6d4a8aa000-7f6d4a8cf000 r-xp 00000000 00:17 349926                     /lib/x86_64-linux-gnu/libtinfo.so.5.9
7f6d4a8cf000-7f6d4aacf000 ---p 00025000 00:17 349926                     /lib/x86_64-linux-gnu/libtinfo.so.5.9
7f6d4aacf000-7f6d4aad3000 r--p 00025000 00:17 349926                     /lib/x86_64-linux-gnu/libtinfo.so.5.9
7f6d4aad3000-7f6d4aad4000 rw-p 00029000 00:17 349926                     /lib/x86_64-linux-gnu/libtinfo.so.5.9
7f6d4aad4000-7f6d4ab05000 r-xp 00000000 00:17 27893                      /usr/lib/x86_64-linux-gnu/libedit.so.2.0.56
7f6d4ab05000-7f6d4ad04000 ---p 00031000 00:17 27893                      /usr/lib/x86_64-linux-gnu/libedit.so.2.0.56
7f6d4ad04000-7f6d4ad06000 r--p 00030000 00:17 27893                      /usr/lib/x86_64-linux-gnu/libedit.so.2.0.56
7f6d4ad06000-7f6d4ad07000 rw-p 00032000 00:17 27893                      /usr/lib/x86_64-linux-gnu/libedit.so.2.0.56
7f6d4ad07000-7f6d4ad0b000 rw-p 00000000 00:00 0 
7f6d4ad0b000-7f6d4ad12000 r-xp 00000000 00:17 27937                      /usr/lib/x86_64-linux-gnu/libffi.so.6.0.4
7f6d4ad12000-7f6d4af11000 ---p 00007000 00:17 27937                      /usr/lib/x86_64-linux-gnu/libffi.so.6.0.4
7f6d4af11000-7f6d4af12000 r--p 00006000 00:17 27937                      /usr/lib/x86_64-linux-gnu/libffi.so.6.0.4
7f6d4af12000-7f6d4af13000 rw-p 00007000 00:17 27937                      /usr/lib/x86_64-linux-gnu/libffi.so.6.0.4
7f6d4af13000-7f6d4af2c000 r-xp 00000000 00:17 27898                      /usr/lib/x86_64-linux-gnu/libelf-0.170.so
7f6d4af2c000-7f6d4b12b000 ---p 00019000 00:17 27898                      /usr/lib/x86_64-linux-gnu/libelf-0.170.so
7f6d4b12b000-7f6d4b12c000 r--p 00018000 00:17 27898                      /usr/lib/x86_64-linux-gnu/libelf-0.170.so
7f6d4b12c000-7f6d4b12d000 rw-p 00019000 00:17 27898                      /usr/lib/x86_64-linux-gnu/libelf-0.170.so
7f6d4b12d000-7f6d4bbaa000 r-xp 00000000 00:17 346847                     /usr/lib/x86_64-linux-gnu/dri/swrast_dri.so
7f6d4bbaa000-7f6d4bda9000 ---p 00a7d000 00:17 346847                     /usr/lib/x86_64-linux-gnu/dri/swrast_dri.so
7f6d4bda9000-7f6d4bdfe000 r--p 00a7c000 00:17 346847                     /usr/lib/x86_64-linux-gnu/dri/swrast_dri.so
7f6d4bdfe000-7f6d4be07000 rw-p 00ad1000 00:17 346847                     /usr/lib/x86_64-linux-gnu/dri/swrast_dri.so
7f6d4be07000-7f6d4c000000 rw-p 00000000 00:00 0 
7f6d4c000000-7f6d4c021000 rw-p 00000000 00:00 0 
7f6d4c021000-7f6d50000000 ---p 00000000 00:00 0 
7f6d50000000-7f6d50003000 r--s 00000000 00:17 250903                     /var/cache/fontconfig/f24b2111ab8703b4e963115a8cf14259-le64.cache-7
7f6d50003000-7f6d50008000 r--s 00000000 00:17 133171                     /var/cache/fontconfig/2300eef321c393bfd76478a5c0e95b23-le64.cache-7
7f6d50008000-7f6d50009000 r--s 00000000 00:17 133164                     /var/cache/fontconfig/0d8c3b2ac0904cb8a57a757ad11a4a08-le64.cache-7
7f6d50009000-7f6d5000a000 r--s 00000000 00:17 133168                     /var/cache/fontconfig/1ac9eb803944fde146138c791f5cc56a-le64.cache-7
7f6d5000a000-7f6d5000b000 r--s 00000000 00:17 133219                     /var/cache/fontconfig/dc05db6664285cc2f12bf69c139ae4c3-le64.cache-7
7f6d5000b000-7f6d5000d000 r--s 00000000 00:17 133165                     /var/cache/fontconfig/14a5e22175779b556eaa434240950366-le64.cache-7
7f6d5000d000-7f6d5000e000 r--s 00000000 00:17 133192                     /var/cache/fontconfig/660208299946a285a940457d1287da33-le64.cache-7
7f6d5000e000-7f6d50010000 r--s 00000000 00:17 133183                     /var/cache/fontconfig/4f3e3037c9980c83b53a9351efadef62-le64.cache-7
7f6d50010000-7f6d50012000 r--s 00000000 00:17 133197                     /var/cache/fontconfig/767a8244fc0220cfb567a839d0392e0b-le64.cache-7
7f6d50012000-7f6d50013000 r--s 00000000 00:17 482290                     /var/cache/fontconfig/4794a0821666d79190d59a36cb4f44b5-le64.cache-7
7f6d50013000-7f6d50015000 r--s 00000000 00:17 133162                     /var/cache/fontconfig/0bd3dc0958fa2205aaaa8ebb13e2872b-le64.cache-7
7f6d50015000-7f6d5001a000 r--s 00000000 00:17 133220                     /var/cache/fontconfig/def309198bfa603429122923fa2bb2d4-le64.cache-7
7f6d5001a000-7f6d5001b000 r--s 00000000 00:17 133208                     /var/cache/fontconfig/b872e6e592da6075ffa4ab0a1fcc0c75-le64.cache-7
7f6d5001b000-7f6d5001c000 r--s 00000000 00:17 133225                     /var/cache/fontconfig/f6d4eedfaab2589bde49f7a3ff831d22-le64.cache-7
7f6d5001c000-7f6d5001d000 r--s 00000000 00:17 133190                     /var/cache/fontconfig/589f83ef4c36d296ce6e1c846f468f08-le64.cache-7
7f6d5001d000-7f6d5001e000 r--s 00000000 00:17 133210                     /var/cache/fontconfig/bab58bb527bb656aaa9f116d68a48d89-le64.cache-7
7f6d5001e000-7f6d5001f000 r--s 00000000 00:17 133169                     /var/cache/fontconfig/2171a34dccabdb6bcbbc728186263178-le64.cache-7
7f6d5001f000-7f6d50020000 r--s 00000000 00:17 133211                     /var/cache/fontconfig/c5c45a61289222e0d30b1a26ef4effbe-le64.cache-7
7f6d50020000-7f6d50021000 r--s 00000000 00:17 133206                     /var/cache/fontconfig/aec30016f93e1b46d1a973dce0d74068-le64.cache-7
7f6d50021000-7f6d50022000 r--s 00000000 00:17 133176                     /var/cache/fontconfig/3f589640d34b7dc9042c8d453f7c8b9c-le64.cache-7
7f6d50022000-7f6d50023000 r--s 00000000 00:17 133166                     /var/cache/fontconfig/16c2fda60d1b4b719f4b3d06fd951d25-le64.cache-7
7f6d50023000-7f6d50024000 r--s 00000000 00:17 133205                     /var/cache/fontconfig/a48eab177a16e4f3713381162db2f3e9-le64.cache-7
7f6d50024000-7f6d50025000 r--s 00000000 00:17 133186                     /var/cache/fontconfig/564b2e68ac9bc4e36a6f7f6d6125ec1c-le64.cache-7
7f6d50025000-7f6d5002a000 r--s 00000000 00:17 482288                     /var/cache/fontconfig/9d2451b1fd30e5bffe8383fd27c35478-le64.cache-7
7f6d5002a000-7f6d50030000 r--s 00000000 00:17 482286                     /var/cache/fontconfig/3047814df9a2f067bd2d96a2b9c36e5a-le64.cache-7
7f6d50030000-7f6d50031000 r--s 00000000 00:17 133187                     /var/cache/fontconfig/56cf4f4769d0f4abc89a4895d7bd3ae1-le64.cache-7
7f6d50031000-7f6d50032000 r--s 00000000 00:17 133209                     /var/cache/fontconfig/b9d506c9ac06c20b433354fa67a72993-le64.cache-7
7f6d50032000-7f6d50038000 r--s 00000000 00:17 133207                     /var/cache/fontconfig/b47c4e1ecd0709278f4910c18777a504-le64.cache-7
7f6d50038000-7f6d5004b000 r--s 00000000 00:17 133216                     /var/cache/fontconfig/d52a8644073d54c13679302ca1180695-le64.cache-7
7f6d5004b000-7f6d5004c000 r--s 00000000 00:17 133174                     /var/cache/fontconfig/370e5b74bf5dafc30834de68e24a87a4-le64.cache-7
7f6d5004c000-7f6d5004d000 r--s 00000000 00:17 406747                     /var/cache/fontconfig/6b2c5944714ca7831b25bed9e85cb5c8-le64.cache-7
7f6d5004d000-7f6d5004e000 r--s 00000000 00:17 133215                     /var/cache/fontconfig/d5178ab6d91b49bf20a416737dcea9e8-le64.cache-7
7f6d5004e000-7f6d5004f000 r--s 00000000 00:17 406745                     /var/cache/fontconfig/551ecf3b0e8b0bca0f25c0944f561853-le64.cache-7
7f6d5004f000-7f6d50052000 r--s 00000000 00:17 406743                     /var/cache/fontconfig/f259c2cffa685e28062317905db73c4a-le64.cache-7
7f6d50052000-7f6d50054000 r--s 00000000 00:17 406741                     /var/cache/fontconfig/550f3886151c940c12a5ed35f6a00586-le64.cache-7
7f6d50054000-7f6d50057000 r--s 00000000 00:17 406739                     /var/cache/fontconfig/674d1711f2d1d2a09646eb0bdcadee49-le64.cache-7
7f6d50057000-7f6d50058000 r--s 00000000 00:17 133177                     /var/cache/fontconfig/3f7329c5293ffd510edef78f73874cfd-le64.cache-7
7f6d50058000-7f6d50064000 r--s 00000000 00:17 239568                     /var/cache/fontconfig/d589a48862398ed80a3d6066f4f56f4c-le64.cache-7
7f6d50064000-7f6d50065000 r--s 00000000 00:17 133163                     /var/cache/fontconfig/0c9eb80ebd1c36541ebe2852d3bb0c49-le64.cache-7
7f6d50065000-7f6d50066000 r--s 00000000 00:17 133170                     /var/cache/fontconfig/22368d551a680bfe5a62c02760edf4ea-le64.cache-7
7f6d50066000-7f6d50067000 r--s 00000000 00:17 133182                     /var/cache/fontconfig/4d9c95eba1cb85bbcf2878543262124a-le64.cache-7
7f6d50067000-7f6d50068000 r--s 00000000 00:17 133199                     /var/cache/fontconfig/85e0a52ce643a7ba2ae53e5d6949cead-le64.cache-7
7f6d50068000-7f6d50069000 r--s 00000000 00:17 133179                     /var/cache/fontconfig/49f0de54bdd920fe4f0dfd4cbac43e6b-le64.cache-7
7f6d50069000-7f6d5006a000 r--s 00000000 00:17 133226                     /var/cache/fontconfig/f6e6e0a5c3d2f6ae0c0c2e0ecd42a997-le64.cache-7
7f6d5006a000-7f6d50089000 r--s 00000000 00:17 133202                     /var/cache/fontconfig/9b89f8e3dae116d678bbf48e5f21f69b-le64.cache-7
7f6d50089000-7f6d5008b000 r--s 00000000 00:17 133194                     /var/cache/fontconfig/6afa1bb216ce958c1589e297e8008489-le64.cache-7
7f6d5008b000-7f6d5008e000 r--s 00000000 00:17 133221                     /var/cache/fontconfig/e13b20fdb08344e0e664864cc2ede53d-le64.cache-7
7f6d5008e000-7f6d50091000 r--s 00000000 00:17 250901                     /var/cache/fontconfig/7ef2298fde41cc6eeb7af42e48b7d293-le64.cache-7
7f6d50091000-7f6d50094000 r--p 00000000 00:17 345288                     /usr/share/locale-langpack/ja/LC_MESSAGES/atk10.mo
7f6d50094000-7f6d500c1000 r--p 00000000 00:17 345345                     /usr/share/locale-langpack/ja/LC_MESSAGES/gtk20-properties.mo
7f6d500c1000-7f6d500e5000 r--p 00000000 00:17 345544                     /usr/share/locale-langpack/ja/LC_MESSAGES/libc.mo
7f6d500e5000-7f6d500ee000 r-xp 00000000 00:17 27863                      /usr/lib/x86_64-linux-gnu/libdrm_amdgpu.so.1.0.0
7f6d500ee000-7f6d502ed000 ---p 00009000 00:17 27863                      /usr/lib/x86_64-linux-gnu/libdrm_amdgpu.so.1.0.0
7f6d502ed000-7f6d502ee000 r--p 00008000 00:17 27863                      /usr/lib/x86_64-linux-gnu/libdrm_amdgpu.so.1.0.0
7f6d502ee000-7f6d502ef000 rw-p 00009000 00:17 27863                      /usr/lib/x86_64-linux-gnu/libdrm_amdgpu.so.1.0.0
7f6d502ef000-7f6d502fa000 r-xp 00000000 00:17 27869                      /usr/lib/x86_64-linux-gnu/libdrm_radeon.so.1.0.1
7f6d502fa000-7f6d504f9000 ---p 0000b000 00:17 27869                      /usr/lib/x86_64-linux-gnu/libdrm_radeon.so.1.0.1
7f6d504f9000-7f6d504fa000 r--p 0000a000 00:17 27869                      /usr/lib/x86_64-linux-gnu/libdrm_radeon.so.1.0.1
7f6d504fa000-7f6d504fb000 rw-p 0000b000 00:17 27869                      /usr/lib/x86_64-linux-gnu/libdrm_radeon.so.1.0.1
7f6d504fb000-7f6d50502000 r-xp 00000000 00:17 27867                      /usr/lib/x86_64-linux-gnu/libdrm_nouveau.so.2.0.0
7f6d50502000-7f6d50701000 ---p 00007000 00:17 27867                      /usr/lib/x86_64-linux-gnu/libdrm_nouveau.so.2.0.0
7f6d50701000-7f6d50702000 r--p 00006000 00:17 27867                      /usr/lib/x86_64-linux-gnu/libdrm_nouveau.so.2.0.0
7f6d50702000-7f6d50703000 rw-p 00007000 00:17 27867                      /usr/lib/x86_64-linux-gnu/libdrm_nouveau.so.2.0.0
7f6d50703000-7f6d50711000 r-xp 00000000 00:17 28559                      /usr/lib/x86_64-linux-gnu/libsensors.so.4.4.0
7f6d50711000-7f6d50910000 ---p 0000e000 00:17 28559                      /usr/lib/x86_64-linux-gnu/libsensors.so.4.4.0
7f6d50910000-7f6d50911000 r--p 0000d000 00:17 28559                      /usr/lib/x86_64-linux-gnu/libsensors.so.4.4.0
7f6d50911000-7f6d50912000 rw-p 0000e000 00:17 28559                      /usr/lib/x86_64-linux-gnu/libsensors.so.4.4.0
7f6d50912000-7f6d50922000 r-xp 00000000 00:17 27861                      /usr/lib/x86_64-linux-gnu/libdrm.so.2.4.0
7f6d50922000-7f6d50b21000 ---p 00010000 00:17 27861                      /usr/lib/x86_64-linux-gnu/libdrm.so.2.4.0
7f6d50b21000-7f6d50b22000 r--p 0000f000 00:17 27861                      /usr/lib/x86_64-linux-gnu/libdrm.so.2.4.0
7f6d50b22000-7f6d50b23000 rw-p 00010000 00:17 27861                      /usr/lib/x86_64-linux-gnu/libdrm.so.2.4.0
7f6d50b23000-7f6d50b28000 r-xp 00000000 00:17 27638                      /usr/lib/x86_64-linux-gnu/libXxf86vm.so.1.0.0
7f6d50b28000-7f6d50d27000 ---p 00005000 00:17 27638                      /usr/lib/x86_64-linux-gnu/libXxf86vm.so.1.0.0
7f6d50d27000-7f6d50d28000 r--p 00004000 00:17 27638                      /usr/lib/x86_64-linux-gnu/libXxf86vm.so.1.0.0
7f6d50d28000-7f6d50d29000 rw-p 00005000 00:17 27638                      /usr/lib/x86_64-linux-gnu/libXxf86vm.so.1.0.0
7f6d50d29000-7f6d50d2d000 r-xp 00000000 00:17 28761                      /usr/lib/x86_64-linux-gnu/libxcb-dri2.so.0.0.0
7f6d50d2d000-7f6d50f2c000 ---p 00004000 00:17 28761                      /usr/lib/x86_64-linux-gnu/libxcb-dri2.so.0.0.0
7f6d50f2c000-7f6d50f2d000 r--p 00003000 00:17 28761                      /usr/lib/x86_64-linux-gnu/libxcb-dri2.so.0.0.0
7f6d50f2d000-7f6d50f2e000 rw-p 00004000 00:17 28761                      /usr/lib/x86_64-linux-gnu/libxcb-dri2.so.0.0.0
7f6d50f2e000-7f6d50f46000 r-xp 00000000 00:17 28765                      /usr/lib/x86_64-linux-gnu/libxcb-glx.so.0.0.0
7f6d50f46000-7f6d51146000 ---p 00018000 00:17 28765                      /usr/lib/x86_64-linux-gnu/libxcb-glx.so.0.0.0
7f6d51146000-7f6d51148000 r--p 00018000 00:17 28765                      /usr/lib/x86_64-linux-gnu/libxcb-glx.so.0.0.0
7f6d51148000-7f6d51149000 rw-p 0001a000 00:17 28765                      /usr/lib/x86_64-linux-gnu/libxcb-glx.so.0.0.0
7f6d51149000-7f6d5114a000 r-xp 00000000 00:17 435666                     /usr/lib/x86_64-linux-gnu/libX11-xcb.so.1.0.0
7f6d5114a000-7f6d51349000 ---p 00001000 00:17 435666                     /usr/lib/x86_64-linux-gnu/libX11-xcb.so.1.0.0
7f6d51349000-7f6d5134a000 r--p 00000000 00:17 435666                     /usr/lib/x86_64-linux-gnu/libX11-xcb.so.1.0.0
7f6d5134a000-7f6d5134b000 rw-p 00001000 00:17 435666                     /usr/lib/x86_64-linux-gnu/libX11-xcb.so.1.0.0
7f6d5134b000-7f6d51350000 r-xp 00000000 00:17 27604                      /usr/lib/x86_64-linux-gnu/libXfixes.so.3.1.0
7f6d51350000-7f6d5154f000 ---p 00005000 00:17 27604                      /usr/lib/x86_64-linux-gnu/libXfixes.so.3.1.0
7f6d5154f000-7f6d51550000 r--p 00004000 00:17 27604                      /usr/lib/x86_64-linux-gnu/libXfixes.so.3.1.0
7f6d51550000-7f6d51551000 rw-p 00005000 00:17 27604                      /usr/lib/x86_64-linux-gnu/libXfixes.so.3.1.0
7f6d51551000-7f6d51553000 r-xp 00000000 00:17 27598                      /usr/lib/x86_64-linux-gnu/libXdamage.so.1.1.0
7f6d51553000-7f6d51752000 ---p 00002000 00:17 27598                      /usr/lib/x86_64-linux-gnu/libXdamage.so.1.1.0
7f6d51752000-7f6d51753000 r--p 00001000 00:17 27598                      /usr/lib/x86_64-linux-gnu/libXdamage.so.1.1.0
7f6d51753000-7f6d51754000 rw-p 00002000 00:17 27598                      /usr/lib/x86_64-linux-gnu/libXdamage.so.1.1.0
7f6d51754000-7f6d51765000 r-xp 00000000 00:17 27602                      /usr/lib/x86_64-linux-gnu/libXext.so.6.4.0
7f6d51765000-7f6d51964000 ---p 00011000 00:17 27602                      /usr/lib/x86_64-linux-gnu/libXext.so.6.4.0
7f6d51964000-7f6d51965000 r--p 00010000 00:17 27602                      /usr/lib/x86_64-linux-gnu/libXext.so.6.4.0
7f6d51965000-7f6d51966000 rw-p 00011000 00:17 27602                      /usr/lib/x86_64-linux-gnu/libXext.so.6.4.0
7f6d51966000-7f6d51992000 r-xp 00000000 00:17 346826                     /usr/lib/x86_64-linux-gnu/libglapi.so.0.0.0
7f6d51992000-7f6d51b91000 ---p 0002c000 00:17 346826                     /usr/lib/x86_64-linux-gnu/libglapi.so.0.0.0
7f6d51b91000-7f6d51b95000 r--p 0002b000 00:17 346826                     /usr/lib/x86_64-linux-gnu/libglapi.so.0.0.0
7f6d51b95000-7f6d51b96000 rw-p 0002f000 00:17 346826                     /usr/lib/x86_64-linux-gnu/libglapi.so.0.0.0
7f6d51b96000-7f6d51b97000 rw-p 00000000 00:00 0 
7f6d51b97000-7f6d51b98000 r-xp 00000000 00:17 28815                      /usr/lib/x86_64-linux-gnu/libxshmfence.so.1.0.0
7f6d51b98000-7f6d51d97000 ---p 00001000 00:17 28815                      /usr/lib/x86_64-linux-gnu/libxshmfence.so.1.0.0
7f6d51d97000-7f6d51d98000 r--p 00000000 00:17 28815                      /usr/lib/x86_64-linux-gnu/libxshmfence.so.1.0.0
7f6d51d98000-7f6d51d99000 rw-p 00001000 00:17 28815                      /usr/lib/x86_64-linux-gnu/libxshmfence.so.1.0.0
7f6d51d99000-7f6d51d9e000 r-xp 00000000 00:17 28787                      /usr/lib/x86_64-linux-gnu/libxcb-sync.so.1.0.0
7f6d51d9e000-7f6d51f9e000 ---p 00005000 00:17 28787                      /usr/lib/x86_64-linux-gnu/libxcb-sync.so.1.0.0
7f6d51f9e000-7f6d51f9f000 r--p 00005000 00:17 28787                      /usr/lib/x86_64-linux-gnu/libxcb-sync.so.1.0.0
7f6d51f9f000-7f6d51fa0000 rw-p 00006000 00:17 28787                      /usr/lib/x86_64-linux-gnu/libxcb-sync.so.1.0.0
7f6d51fa0000-7f6d51fa2000 r-xp 00000000 00:17 28773                      /usr/lib/x86_64-linux-gnu/libxcb-present.so.0.0.0
7f6d51fa2000-7f6d521a1000 ---p 00002000 00:17 28773                      /usr/lib/x86_64-linux-gnu/libxcb-present.so.0.0.0
7f6d521a1000-7f6d521a2000 r--p 00001000 00:17 28773                      /usr/lib/x86_64-linux-gnu/libxcb-present.so.0.0.0
7f6d521a2000-7f6d521a3000 rw-p 00002000 00:17 28773                      /usr/lib/x86_64-linux-gnu/libxcb-present.so.0.0.0
7f6d521a3000-7f6d521a6000 r-xp 00000000 00:17 28763                      /usr/lib/x86_64-linux-gnu/libxcb-dri3.so.0.0.0
7f6d521a6000-7f6d523a5000 ---p 00003000 00:17 28763                      /usr/lib/x86_64-linux-gnu/libxcb-dri3.so.0.0.0
7f6d523a5000-7f6d523a6000 r--p 00002000 00:17 28763                      /usr/lib/x86_64-linux-gnu/libxcb-dri3.so.0.0.0
7f6d523a6000-7f6d523a7000 rw-p 00003000 00:17 28763                      /usr/lib/x86_64-linux-gnu/libxcb-dri3.so.0.0.0
7f6d523a7000-7f6d523d6000 r-xp 00000000 00:17 12304                      /lib/x86_64-linux-gnu/libexpat.so.1.6.7
7f6d523d6000-7f6d525d6000 ---p 0002f000 00:17 12304                      /lib/x86_64-linux-gnu/libexpat.so.1.6.7
7f6d525d6000-7f6d525d8000 r--p 0002f000 00:17 12304                      /lib/x86_64-linux-gnu/libexpat.so.1.6.7
7f6d525d8000-7f6d525d9000 rw-p 00031000 00:17 12304                      /lib/x86_64-linux-gnu/libexpat.so.1.6.7
7f6d525d9000-7f6d52649000 r-xp 00000000 00:17 346804                     /usr/lib/x86_64-linux-gnu/libGLX_mesa.so.0.0.0
7f6d52649000-7f6d52848000 ---p 00070000 00:17 346804                     /usr/lib/x86_64-linux-gnu/libGLX_mesa.so.0.0.0
7f6d52848000-7f6d5284b000 r--p 0006f000 00:17 346804                     /usr/lib/x86_64-linux-gnu/libGLX_mesa.so.0.0.0
7f6d5284b000-7f6d5284c000 rw-p 00072000 00:17 346804                     /usr/lib/x86_64-linux-gnu/libGLX_mesa.so.0.0.0
7f6d5284c000-7f6d5284d000 rw-p 00000000 00:00 0 
7f6d5284d000-7f6d52860000 r-xp 00000000 00:17 12270                      /lib/x86_64-linux-gnu/libbsd.so.0.8.7
7f6d52860000-7f6d52a5f000 ---p 00013000 00:17 12270                      /lib/x86_64-linux-gnu/libbsd.so.0.8.7
7f6d52a5f000-7f6d52a60000 r--p 00012000 00:17 12270                      /lib/x86_64-linux-gnu/libbsd.so.0.8.7
7f6d52a60000-7f6d52a61000 rw-p 00013000 00:17 12270                      /lib/x86_64-linux-gnu/libbsd.so.0.8.7
7f6d52a61000-7f6d52a62000 rw-p 00000000 00:00 0 
7f6d52a62000-7f6d52a67000 r-xp 00000000 00:17 27600                      /usr/lib/x86_64-linux-gnu/libXdmcp.so.6.0.0
7f6d52a67000-7f6d52c66000 ---p 00005000 00:17 27600                      /usr/lib/x86_64-linux-gnu/libXdmcp.so.6.0.0
7f6d52c66000-7f6d52c67000 r--p 00004000 00:17 27600                      /usr/lib/x86_64-linux-gnu/libXdmcp.so.6.0.0
7f6d52c67000-7f6d52c68000 rw-p 00005000 00:17 27600                      /usr/lib/x86_64-linux-gnu/libXdmcp.so.6.0.0
7f6d52c68000-7f6d52c6a000 r-xp 00000000 00:17 27589                      /usr/lib/x86_64-linux-gnu/libXau.so.6.0.0
7f6d52c6a000-7f6d52e6a000 ---p 00002000 00:17 27589                      /usr/lib/x86_64-linux-gnu/libXau.so.6.0.0
7f6d52e6a000-7f6d52e6b000 r--p 00002000 00:17 27589                      /usr/lib/x86_64-linux-gnu/libXau.so.6.0.0
7f6d52e6b000-7f6d52e6c000 rw-p 00003000 00:17 27589                      /usr/lib/x86_64-linux-gnu/libXau.so.6.0.0
7f6d52e6c000-7f6d52eda000 r-xp 00000000 00:17 436482                     /usr/lib/x86_64-linux-gnu/libGLdispatch.so.0.0.0
7f6d52eda000-7f6d530d9000 ---p 0006e000 00:17 436482                     /usr/lib/x86_64-linux-gnu/libGLdispatch.so.0.0.0
7f6d530d9000-7f6d53101000 r--p 0006d000 00:17 436482                     /usr/lib/x86_64-linux-gnu/libGLdispatch.so.0.0.0
7f6d53101000-7f6d53102000 rw-p 00095000 00:17 436482                     /usr/lib/x86_64-linux-gnu/libGLdispatch.so.0.0.0
7f6d53102000-7f6d53122000 rw-p 00000000 00:00 0 
7f6d53122000-7f6d53132000 r-xp 00000000 00:17 436421                     /usr/lib/x86_64-linux-gnu/libGLX.so.0.0.0
7f6d53132000-7f6d53331000 ---p 00010000 00:17 436421                     /usr/lib/x86_64-linux-gnu/libGLX.so.0.0.0
7f6d53331000-7f6d53332000 r--p 0000f000 00:17 436421                     /usr/lib/x86_64-linux-gnu/libGLX.so.0.0.0
7f6d53332000-7f6d53333000 rw-p 00010000 00:17 436421                     /usr/lib/x86_64-linux-gnu/libGLX.so.0.0.0
7f6d53333000-7f6d53353000 rw-p 00000000 00:00 0 
7f6d53353000-7f6d53379000 r-xp 00000000 00:17 28799                      /usr/lib/x86_64-linux-gnu/libxcb.so.1.1.0
7f6d53379000-7f6d53579000 ---p 00026000 00:17 28799                      /usr/lib/x86_64-linux-gnu/libxcb.so.1.1.0
7f6d53579000-7f6d5357a000 r--p 00026000 00:17 28799                      /usr/lib/x86_64-linux-gnu/libxcb.so.1.1.0
7f6d5357a000-7f6d5357b000 rw-p 00027000 00:17 28799                      /usr/lib/x86_64-linux-gnu/libxcb.so.1.1.0
7f6d5357b000-7f6d535ec000 r-xp 00000000 00:17 436401                     /usr/lib/x86_64-linux-gnu/libGL.so.1.0.0
7f6d535ec000-7f6d537eb000 ---p 00071000 00:17 436401                     /usr/lib/x86_64-linux-gnu/libGL.so.1.0.0
7f6d537eb000-7f6d53805000 r--p 00070000 00:17 436401                     /usr/lib/x86_64-linux-gnu/libGL.so.1.0.0
7f6d53805000-7f6d53806000 rw-p 0008a000 00:17 436401                     /usr/lib/x86_64-linux-gnu/libGL.so.1.0.0
7f6d53806000-7f6d53807000 rw-p 00000000 00:00 0 
7f6d53807000-7f6d5393a000 r-xp 00000000 00:17 435050                     /usr/lib/x86_64-linux-gnu/libX11.so.6.3.0
7f6d5393a000-7f6d53b3a000 ---p 00133000 00:17 435050                     /usr/lib/x86_64-linux-gnu/libX11.so.6.3.0
7f6d53b3a000-7f6d53b3b000 r--p 00133000 00:17 435050                     /usr/lib/x86_64-linux-gnu/libX11.so.6.3.0
7f6d53b3b000-7f6d53b3f000 rw-p 00134000 00:17 435050                     /usr/lib/x86_64-linux-gnu/libX11.so.6.3.0
7f6d53b3f000-7f6d53b4b000 r-xp 00000000 00:17 633382                     /usr/lib/jvm/java-8-openjdk-amd64/jre/lib/amd64/libprism_es2.so
7f6d53b4b000-7f6d53d4a000 ---p 0000c000 00:17 633382                     /usr/lib/jvm/java-8-openjdk-amd64/jre/lib/amd64/libprism_es2.so
7f6d53d4a000-7f6d53d4b000 r--p 0000b000 00:17 633382                     /usr/lib/jvm/java-8-openjdk-amd64/jre/lib/amd64/libprism_es2.so
7f6d53d4b000-7f6d53d4c000 rw-p 0000c000 00:17 633382                     /usr/lib/jvm/java-8-openjdk-amd64/jre/lib/amd64/libprism_es2.so
7f6d53d4c000-7f6d53d4f000 ---p 00000000 00:00 0 
7f6d53d4f000-7f6d53e4d000 rw-p 00000000 00:00 0 
7f6d53e4d000-7f6d53ee4000 r--s 007cb000 00:17 633400                     /usr/share/java/openjfx/jre/lib/ext/jfxrt.jar
7f6d53ee4000-7f6d53eff000 r--s 001d6000 00:17 351384                     /usr/lib/jvm/java-8-openjdk-amd64/jre/lib/ext/nashorn.jar
7f6d53eff000-7f6d53f00000 ---p 00000000 00:00 0 
7f6d53f00000-7f6d54000000 rw-p 00000000 00:00 0 
7f6d54000000-7f6d54a98000 rw-p 00000000 00:00 0 
7f6d54a98000-7f6d58000000 ---p 00000000 00:00 0 
7f6d58000000-7f6d58021000 rw-p 00000000 00:00 0 
7f6d58021000-7f6d5c000000 ---p 00000000 00:00 0 
7f6d5c000000-7f6d5c021000 rw-p 00000000 00:00 0 
7f6d5c021000-7f6d60000000 ---p 00000000 00:00 0 
7f6d60000000-7f6d62618000 rw-p 00000000 00:00 0 
7f6d62618000-7f6d64000000 ---p 00000000 00:00 0 
7f6d64000000-7f6d64021000 rw-p 00000000 00:00 0 
7f6d64021000-7f6d68000000 ---p 00000000 00:00 0 
7f6d68000000-7f6d68021000 rw-p 00000000 00:00 0 
7f6d68021000-7f6d6c000000 ---p 00000000 00:00 0 
7f6d6c000000-7f6d6c021000 rw-p 00000000 00:00 0 
7f6d6c021000-7f6d70000000 ---p 00000000 00:00 0 
7f6d70000000-7f6d70021000 rw-p 00000000 00:00 0 
7f6d70021000-7f6d74000000 ---p 00000000 00:00 0 
7f6d74000000-7f6d74021000 rw-p 00000000 00:00 0 
7f6d74021000-7f6d78000000 ---p 00000000 00:00 0 
7f6d78000000-7f6d78001000 r--s 00000000 00:17 133180                     /var/cache/fontconfig/4b2eda6bb976bda485cb2176619421d5-le64.cache-7
7f6d78001000-7f6d78011000 r--p 00000000 00:17 345346                     /usr/share/locale-langpack/ja/LC_MESSAGES/gtk20.mo
7f6d78011000-7f6d78018000 r--s 00000000 00:17 30001                      /usr/lib/x86_64-linux-gnu/gconv/gconv-modules.cache
7f6d78018000-7f6d78033000 r--s 00394000 00:17 351379                     /usr/lib/jvm/java-8-openjdk-amd64/jre/lib/ext/cldrdata.jar
7f6d78033000-7f6d78036000 ---p 00000000 00:00 0 
7f6d78036000-7f6d78134000 rw-p 00000000 00:00 0 
7f6d78134000-7f6d78135000 ---p 00000000 00:00 0 
7f6d78135000-7f6d78138000 ---p 00000000 00:00 0 
7f6d78138000-7f6d78235000 rw-p 00000000 00:00 0 
7f6d78235000-7f6d78236000 ---p 00000000 00:00 0 
7f6d78236000-7f6d78239000 ---p 00000000 00:00 0 
7f6d78239000-7f6d78336000 rw-p 00000000 00:00 0 
7f6d78336000-7f6d78339000 ---p 00000000 00:00 0 
7f6d78339000-7f6d78437000 rw-p 00000000 00:00 0 
7f6d78437000-7f6d78f06000 r--p 00000000 00:17 19606                      /usr/lib/locale/locale-archive
7f6d78f06000-7f6d78f09000 ---p 00000000 00:00 0 
7f6d78f09000-7f6d79007000 rw-p 00000000 00:00 0 
7f6d79007000-7f6d7900a000 ---p 00000000 00:00 0 
7f6d7900a000-7f6d79108000 rw-p 00000000 00:00 0 
7f6d79108000-7f6d79109000 ---p 00000000 00:00 0 
7f6d79109000-7f6d79b33000 rw-p 00000000 00:00 0 
7f6d79b33000-7f6d79d02000 r--s 03c32000 00:17 351405                     /usr/lib/jvm/java-8-openjdk-amd64/jre/lib/rt.jar
7f6d79d02000-7f6d7c646000 rw-p 00000000 00:00 0 
7f6d7c646000-7f6d7c647000 ---p 00000000 00:00 0 
7f6d7c647000-7f6d7c747000 rw-p 00000000 00:00 0 
7f6d7c747000-7f6d7c748000 ---p 00000000 00:00 0 
7f6d7c748000-7f6d7c85d000 rw-p 00000000 00:00 0 
7f6d7c85d000-7f6d7c991000 ---p 00000000 00:00 0 
7f6d7c991000-7f6d7c9b3000 rw-p 00000000 00:00 0 
7f6d7c9b3000-7f6d7ca36000 ---p 00000000 00:00 0 
7f6d7ca36000-7f6d7ca6a000 rw-p 00000000 00:00 0 
7f6d7ca6a000-7f6d7cdf7000 ---p 00000000 00:00 0 
7f6d7cdf7000-7f6d7dab7000 rwxp 00000000 00:00 0 
7f6d7dab7000-7f6d8bdf7000 ---p 00000000 00:00 0 
7f6d8bdf7000-7f6d8bdff000 r-xp 00000000 00:17 351368                     /usr/lib/jvm/java-8-openjdk-amd64/jre/lib/amd64/libzip.so
7f6d8bdff000-7f6d8bffe000 ---p 00008000 00:17 351368                     /usr/lib/jvm/java-8-openjdk-amd64/jre/lib/amd64/libzip.so
7f6d8bffe000-7f6d8bfff000 r--p 00007000 00:17 351368                     /usr/lib/jvm/java-8-openjdk-amd64/jre/lib/amd64/libzip.so
7f6d8bfff000-7f6d8c000000 rw-p 00008000 00:17 351368                     /usr/lib/jvm/java-8-openjdk-amd64/jre/lib/amd64/libzip.so
7f6d8c000000-7f6d8c358000 rw-p 00000000 00:00 0 
7f6d8c358000-7f6d90000000 ---p 00000000 00:00 0 
7f6d90000000-7f6d90003000 r--s 00038000 00:17 351387                     /usr/lib/jvm/java-8-openjdk-amd64/jre/lib/ext/sunpkcs11.jar
7f6d90003000-7f6d90009000 r--s 0003b000 00:17 351386                     /usr/lib/jvm/java-8-openjdk-amd64/jre/lib/ext/sunjce_provider.jar
7f6d90009000-7f6d90013000 r--s 00116000 00:17 351383                     /usr/lib/jvm/java-8-openjdk-amd64/jre/lib/ext/localedata.jar
7f6d90013000-7f6d9006a000 rw-p 00000000 00:00 0 
7f6d9006a000-7f6d9019f000 ---p 00000000 00:00 0 
7f6d9019f000-7f6d901aa000 r-xp 00000000 00:17 12364                      /lib/x86_64-linux-gnu/libnss_files-2.27.so
7f6d901aa000-7f6d903a9000 ---p 0000b000 00:17 12364                      /lib/x86_64-linux-gnu/libnss_files-2.27.so
7f6d903a9000-7f6d903aa000 r--p 0000a000 00:17 12364                      /lib/x86_64-linux-gnu/libnss_files-2.27.so
7f6d903aa000-7f6d903ab000 rw-p 0000b000 00:17 12364                      /lib/x86_64-linux-gnu/libnss_files-2.27.so
7f6d903ab000-7f6d903b1000 rw-p 00000000 00:00 0 
7f6d903b1000-7f6d903c8000 r-xp 00000000 00:17 12358                      /lib/x86_64-linux-gnu/libnsl-2.27.so
7f6d903c8000-7f6d905c7000 ---p 00017000 00:17 12358                      /lib/x86_64-linux-gnu/libnsl-2.27.so
7f6d905c7000-7f6d905c8000 r--p 00016000 00:17 12358                      /lib/x86_64-linux-gnu/libnsl-2.27.so
7f6d905c8000-7f6d905c9000 rw-p 00017000 00:17 12358                      /lib/x86_64-linux-gnu/libnsl-2.27.so
7f6d905c9000-7f6d905cb000 rw-p 00000000 00:00 0 
7f6d905cb000-7f6d905d6000 r-xp 00000000 00:17 12375                      /lib/x86_64-linux-gnu/libnss_nis-2.27.so
7f6d905d6000-7f6d907d5000 ---p 0000b000 00:17 12375                      /lib/x86_64-linux-gnu/libnss_nis-2.27.so
7f6d907d5000-7f6d907d6000 r--p 0000a000 00:17 12375                      /lib/x86_64-linux-gnu/libnss_nis-2.27.so
7f6d907d6000-7f6d907d7000 rw-p 0000b000 00:17 12375                      /lib/x86_64-linux-gnu/libnss_nis-2.27.so
7f6d907d7000-7f6d907df000 r-xp 00000000 00:17 12360                      /lib/x86_64-linux-gnu/libnss_compat-2.27.so
7f6d907df000-7f6d909df000 ---p 00008000 00:17 12360                      /lib/x86_64-linux-gnu/libnss_compat-2.27.so
7f6d909df000-7f6d909e0000 r--p 00008000 00:17 12360                      /lib/x86_64-linux-gnu/libnss_compat-2.27.so
7f6d909e0000-7f6d909e1000 rw-p 00009000 00:17 12360                      /lib/x86_64-linux-gnu/libnss_compat-2.27.so
7f6d909e1000-7f6d90a0f000 r-xp 00000000 00:17 351349                     /usr/lib/jvm/java-8-openjdk-amd64/jre/lib/amd64/libjava.so
7f6d90a0f000-7f6d90c0e000 ---p 0002e000 00:17 351349                     /usr/lib/jvm/java-8-openjdk-amd64/jre/lib/amd64/libjava.so
7f6d90c0e000-7f6d90c0f000 r--p 0002d000 00:17 351349                     /usr/lib/jvm/java-8-openjdk-amd64/jre/lib/amd64/libjava.so
7f6d90c0f000-7f6d90c11000 rw-p 0002e000 00:17 351349                     /usr/lib/jvm/java-8-openjdk-amd64/jre/lib/amd64/libjava.so
7f6d90c11000-7f6d90c21000 r-xp 00000000 00:17 351367                     /usr/lib/jvm/java-8-openjdk-amd64/jre/lib/amd64/libverify.so
7f6d90c21000-7f6d90e20000 ---p 00010000 00:17 351367                     /usr/lib/jvm/java-8-openjdk-amd64/jre/lib/amd64/libverify.so
7f6d90e20000-7f6d90e22000 r--p 0000f000 00:17 351367                     /usr/lib/jvm/java-8-openjdk-amd64/jre/lib/amd64/libverify.so
7f6d90e22000-7f6d90e23000 rw-p 00011000 00:17 351367                     /usr/lib/jvm/java-8-openjdk-amd64/jre/lib/amd64/libverify.so
7f6d90e23000-7f6d90e2a000 r-xp 00000000 00:17 12415                      /lib/x86_64-linux-gnu/librt-2.27.so
7f6d90e2a000-7f6d91029000 ---p 00007000 00:17 12415                      /lib/x86_64-linux-gnu/librt-2.27.so
7f6d91029000-7f6d9102a000 r--p 00006000 00:17 12415                      /lib/x86_64-linux-gnu/librt-2.27.so
7f6d9102a000-7f6d9102b000 rw-p 00007000 00:17 12415                      /lib/x86_64-linux-gnu/librt-2.27.so
7f6d9102b000-7f6d91042000 r-xp 00000000 00:17 496848                     /lib/x86_64-linux-gnu/libgcc_s.so.1
7f6d91042000-7f6d91241000 ---p 00017000 00:17 496848                     /lib/x86_64-linux-gnu/libgcc_s.so.1
7f6d91241000-7f6d91242000 r--p 00016000 00:17 496848                     /lib/x86_64-linux-gnu/libgcc_s.so.1
7f6d91242000-7f6d91243000 rw-p 00017000 00:17 496848                     /lib/x86_64-linux-gnu/libgcc_s.so.1
7f6d91243000-7f6d913e0000 r-xp 00000000 00:17 12337                      /lib/x86_64-linux-gnu/libm-2.27.so
7f6d913e0000-7f6d915df000 ---p 0019d000 00:17 12337                      /lib/x86_64-linux-gnu/libm-2.27.so
7f6d915df000-7f6d915e0000 r--p 0019c000 00:17 12337                      /lib/x86_64-linux-gnu/libm-2.27.so
7f6d915e0000-7f6d915e1000 rw-p 0019d000 00:17 12337                      /lib/x86_64-linux-gnu/libm-2.27.so
7f6d915e1000-7f6d9175a000 r-xp 00000000 00:17 496695                     /usr/lib/x86_64-linux-gnu/libstdc++.so.6.0.25
7f6d9175a000-7f6d9195a000 ---p 00179000 00:17 496695                     /usr/lib/x86_64-linux-gnu/libstdc++.so.6.0.25
7f6d9195a000-7f6d91964000 r--p 00179000 00:17 496695                     /usr/lib/x86_64-linux-gnu/libstdc++.so.6.0.25
7f6d91964000-7f6d91966000 rw-p 00183000 00:17 496695                     /usr/lib/x86_64-linux-gnu/libstdc++.so.6.0.25
7f6d91966000-7f6d9196a000 rw-p 00000000 00:00 0 
7f6d9196a000-7f6d925ff000 r-xp 00000000 00:17 351370                     /usr/lib/jvm/java-8-openjdk-amd64/jre/lib/amd64/server/libjvm.so
7f6d925ff000-7f6d927fe000 ---p 00c95000 00:17 351370                     /usr/lib/jvm/java-8-openjdk-amd64/jre/lib/amd64/server/libjvm.so
7f6d927fe000-7f6d92892000 r--p 00c94000 00:17 351370                     /usr/lib/jvm/java-8-openjdk-amd64/jre/lib/amd64/server/libjvm.so
7f6d92892000-7f6d928ba000 rw-p 00d28000 00:17 351370                     /usr/lib/jvm/java-8-openjdk-amd64/jre/lib/amd64/server/libjvm.so
7f6d928ba000-7f6d928eb000 rw-p 00000000 00:00 0 
7f6d928eb000-7f6d92905000 r-xp 00000000 00:17 12407                      /lib/x86_64-linux-gnu/libpthread-2.27.so
7f6d92905000-7f6d92b04000 ---p 0001a000 00:17 12407                      /lib/x86_64-linux-gnu/libpthread-2.27.so
7f6d92b04000-7f6d92b05000 r--p 00019000 00:17 12407                      /lib/x86_64-linux-gnu/libpthread-2.27.so
7f6d92b05000-7f6d92b06000 rw-p 0001a000 00:17 12407                      /lib/x86_64-linux-gnu/libpthread-2.27.so
7f6d92b06000-7f6d92b0a000 rw-p 00000000 00:00 0 
7f6d92b0a000-7f6d92b0d000 r-xp 00000000 00:17 12297                      /lib/x86_64-linux-gnu/libdl-2.27.so
7f6d92b0d000-7f6d92d0c000 ---p 00003000 00:17 12297                      /lib/x86_64-linux-gnu/libdl-2.27.so
7f6d92d0c000-7f6d92d0d000 r--p 00002000 00:17 12297                      /lib/x86_64-linux-gnu/libdl-2.27.so
7f6d92d0d000-7f6d92d0e000 rw-p 00003000 00:17 12297                      /lib/x86_64-linux-gnu/libdl-2.27.so
7f6d92d0e000-7f6d92d2a000 r-xp 00000000 00:17 12446                      /lib/x86_64-linux-gnu/libz.so.1.2.11
7f6d92d2a000-7f6d92f29000 ---p 0001c000 00:17 12446                      /lib/x86_64-linux-gnu/libz.so.1.2.11
7f6d92f29000-7f6d92f2a000 r--p 0001b000 00:17 12446                      /lib/x86_64-linux-gnu/libz.so.1.2.11
7f6d92f2a000-7f6d92f2b000 rw-p 0001c000 00:17 12446                      /lib/x86_64-linux-gnu/libz.so.1.2.11
7f6d92f2b000-7f6d93112000 r-xp 00000000 00:17 12274                      /lib/x86_64-linux-gnu/libc-2.27.so
7f6d93112000-7f6d93312000 ---p 001e7000 00:17 12274                      /lib/x86_64-linux-gnu/libc-2.27.so
7f6d93312000-7f6d93316000 r--p 001e7000 00:17 12274                      /lib/x86_64-linux-gnu/libc-2.27.so
7f6d93316000-7f6d93318000 rw-p 001eb000 00:17 12274                      /lib/x86_64-linux-gnu/libc-2.27.so
7f6d93318000-7f6d9331c000 rw-p 00000000 00:00 0 
7f6d9331c000-7f6d9332a000 r-xp 00000000 00:17 351335                     /usr/lib/jvm/java-8-openjdk-amd64/jre/lib/amd64/jli/libjli.so
7f6d9332a000-7f6d93529000 ---p 0000e000 00:17 351335                     /usr/lib/jvm/java-8-openjdk-amd64/jre/lib/amd64/jli/libjli.so
7f6d93529000-7f6d9352a000 r--p 0000d000 00:17 351335                     /usr/lib/jvm/java-8-openjdk-amd64/jre/lib/amd64/jli/libjli.so
7f6d9352a000-7f6d9352b000 rw-p 0000e000 00:17 351335                     /usr/lib/jvm/java-8-openjdk-amd64/jre/lib/amd64/jli/libjli.so
7f6d9352b000-7f6d93552000 r-xp 00000000 00:17 12246                      /lib/x86_64-linux-gnu/ld-2.27.so
7f6d93552000-7f6d93637000 rw-p 00000000 00:00 0 
7f6d93637000-7f6d93638000 ---p 00000000 00:00 0 
7f6d93638000-7f6d9363b000 ---p 00000000 00:00 0 
7f6d9363b000-7f6d9373a000 rw-p 00000000 00:00 0 
7f6d9373a000-7f6d9373b000 rwxp 00000000 00:00 0 
7f6d9373b000-7f6d9373c000 r--s 00010000 00:17 351388                     /usr/lib/jvm/java-8-openjdk-amd64/jre/lib/ext/zipfs.jar
7f6d9373c000-7f6d9373e000 r--s 00008000 00:17 351385                     /usr/lib/jvm/java-8-openjdk-amd64/jre/lib/ext/sunec.jar
7f6d9373e000-7f6d9373f000 r--s 0000a000 00:17 351382                     /usr/lib/jvm/java-8-openjdk-amd64/jre/lib/ext/jaccess.jar
7f6d9373f000-7f6d93742000 r--s 0000f000 00:17 351381                     /usr/lib/jvm/java-8-openjdk-amd64/jre/lib/ext/icedtea-sound.jar
7f6d93742000-7f6d93744000 r--s 00001000 00:17 351380                     /usr/lib/jvm/java-8-openjdk-amd64/jre/lib/ext/dnsns.jar
7f6d93744000-7f6d93746000 r--s 00007000 00:17 221420                     /usr/share/java/java-atk-wrapper.jar
7f6d93746000-7f6d9374e000 rw-s 00000000 00:17 687451                     /tmp/hsperfdata_cs18101/4829
7f6d9374e000-7f6d9374f000 rw-p 00000000 00:00 0 
7f6d9374f000-7f6d93750000 ---p 00000000 00:00 0 
7f6d93750000-7f6d93752000 rw-p 00000000 00:00 0 
7f6d93752000-7f6d93753000 r--p 00027000 00:17 12246                      /lib/x86_64-linux-gnu/ld-2.27.so
7f6d93753000-7f6d93754000 rw-p 00028000 00:17 12246                      /lib/x86_64-linux-gnu/ld-2.27.so
7f6d93754000-7f6d93755000 rw-p 00000000 00:00 0 
7ffd2926b000-7ffd2928c000 rw-p 00000000 00:00 0                          [stack]
7ffd292e0000-7ffd292e3000 r--p 00000000 00:00 0                          [vvar]
7ffd292e3000-7ffd292e5000 r-xp 00000000 00:00 0                          [vdso]
ffffffffff600000-ffffffffff601000 r-xp 00000000 00:00 0                  [vsyscall]

VM Arguments:
java_command: Jikanwari
java_class_path (initial): .
Launcher Type: SUN_STANDARD

Environment Variables:
PATH=/usr/local/sbin:/usr/local/bin:/usr/sbin:/usr/bin:/sbin:/bin:/usr/games:/usr/local/games:/snap/bin
USERNAME=cs18101
SHELL=/bin/bash
DISPLAY=:0

Signal Handlers:
SIGSEGV: [libjvm.so+0xaaf3a0], sa_mask[0]=11111111011111111101111111111110, sa_flags=SA_RESTART|SA_SIGINFO
SIGBUS: [libjvm.so+0xaaf3a0], sa_mask[0]=11111111011111111101111111111110, sa_flags=SA_RESTART|SA_SIGINFO
SIGFPE: [libjvm.so+0x8e52e0], sa_mask[0]=11111111011111111101111111111110, sa_flags=SA_RESTART|SA_SIGINFO
SIGPIPE: SIG_IGN, sa_mask[0]=00000000000010000000000000000000, sa_flags=SA_RESTART
SIGXFSZ: [libjvm.so+0x8e52e0], sa_mask[0]=11111111011111111101111111111110, sa_flags=SA_RESTART|SA_SIGINFO
SIGILL: [libjvm.so+0x8e52e0], sa_mask[0]=11111111011111111101111111111110, sa_flags=SA_RESTART|SA_SIGINFO
SIGUSR1: SIG_DFL, sa_mask[0]=00000000000000000000000000000000, sa_flags=none
SIGUSR2: [libjvm.so+0x8e5190], sa_mask[0]=00000000000000000000000000000000, sa_flags=SA_RESTART|SA_SIGINFO
SIGHUP: [libjvm.so+0x8e5640], sa_mask[0]=11111111011111111101111111111110, sa_flags=SA_RESTART|SA_SIGINFO
SIGINT: [libjvm.so+0x8e5640], sa_mask[0]=11111111011111111101111111111110, sa_flags=SA_RESTART|SA_SIGINFO
SIGTERM: [libjvm.so+0x8e5640], sa_mask[0]=11111111011111111101111111111110, sa_flags=SA_RESTART|SA_SIGINFO
SIGQUIT: [libjvm.so+0x8e5640], sa_mask[0]=11111111011111111101111111111110, sa_flags=SA_RESTART|SA_SIGINFO


---------------  S Y S T E M  ---------------

OS:DISTRIB_ID=Ubuntu
DISTRIB_RELEASE=18.04
DISTRIB_CODENAME=bionic
DISTRIB_DESCRIPTION="Ubuntu 18.04.1 LTS"

uname:Linux 4.15.0-36-generic #39-Ubuntu SMP Mon Sep 24 16:19:09 UTC 2018 x86_64
libc:glibc 2.27 NPTL 2.27 
rlimit: STACK 8192k, CORE 0k, NPROC 15532, NOFILE 4096, AS infinity
load average:0.71 0.33 0.20

/proc/meminfo:
MemTotal:        4039540 kB
MemFree:         1104896 kB
MemAvailable:    2385724 kB
Buffers:           20592 kB
Cached:          1470840 kB
SwapCached:            0 kB
Active:          2047212 kB
Inactive:         687676 kB
Active(anon):    1257876 kB
Inactive(anon):    16596 kB
Active(file):     789336 kB
Inactive(file):   671080 kB
Unevictable:       13568 kB
Mlocked:           13568 kB
SwapTotal:      15624188 kB
SwapFree:       15624188 kB
Dirty:               116 kB
Writeback:             0 kB
AnonPages:       1257036 kB
Mapped:           326184 kB
Shmem:             17464 kB
Slab:              88604 kB
SReclaimable:      46960 kB
SUnreclaim:        41644 kB
KernelStack:       10384 kB
PageTables:        42840 kB
NFS_Unstable:          0 kB
Bounce:                0 kB
WritebackTmp:          0 kB
CommitLimit:    17643956 kB
Committed_AS:    5665960 kB
VmallocTotal:   34359738367 kB
VmallocUsed:           0 kB
VmallocChunk:          0 kB
HardwareCorrupted:     0 kB
AnonHugePages:         0 kB
ShmemHugePages:        0 kB
ShmemPmdMapped:        0 kB
CmaTotal:              0 kB
CmaFree:               0 kB
HugePages_Total:       0
HugePages_Free:        0
HugePages_Rsvd:        0
HugePages_Surp:        0
Hugepagesize:       2048 kB
DirectMap4k:      159680 kB
DirectMap2M:     4034560 kB


CPU:total 2 (initial active 2) (2 cores per cpu, 1 threads per core) family 6 model 142 stepping 10, cmov, cx8, fxsr, mmx, sse, sse2, sse3, ssse3, sse4.1, sse4.2, popcnt, avx, avx2, aes, clmul, 3dnowpref, lzcnt, tsc, tscinvbit

/proc/cpuinfo:
processor	: 0
vendor_id	: GenuineIntel
cpu family	: 6
model		: 142
model name	: Intel(R) Core(TM) i5-8250U CPU @ 1.60GHz
stepping	: 10
cpu MHz		: 1800.001
cache size	: 6144 KB
physical id	: 0
siblings	: 2
core id		: 0
cpu cores	: 2
apicid		: 0
initial apicid	: 0
fpu		: yes
fpu_exception	: yes
cpuid level	: 22
wp		: yes
flags		: fpu vme de pse tsc msr pae mce cx8 apic sep mtrr pge mca cmov pat pse36 clflush mmx fxsr sse sse2 ht syscall nx rdtscp lm constant_tsc rep_good nopl xtopology nonstop_tsc cpuid pni pclmulqdq ssse3 cx16 pcid sse4_1 sse4_2 x2apic movbe popcnt aes xsave avx rdrand hypervisor lahf_lm abm 3dnowprefetch invpcid_single pti fsgsbase avx2 invpcid rdseed clflushopt
bugs		: cpu_meltdown spectre_v1 spectre_v2 spec_store_bypass l1tf
bogomips	: 3600.00
clflush size	: 64
cache_alignment	: 64
address sizes	: 39 bits physical, 48 bits virtual
power management:

processor	: 1
vendor_id	: GenuineIntel
cpu family	: 6
model		: 142
model name	: Intel(R) Core(TM) i5-8250U CPU @ 1.60GHz
stepping	: 10
cpu MHz		: 1800.001
cache size	: 6144 KB
physical id	: 0
siblings	: 2
core id		: 1
cpu cores	: 2
apicid		: 1
initial apicid	: 1
fpu		: yes
fpu_exception	: yes
cpuid level	: 22
wp		: yes
flags		: fpu vme de pse tsc msr pae mce cx8 apic sep mtrr pge mca cmov pat pse36 clflush mmx fxsr sse sse2 ht syscall nx rdtscp lm constant_tsc rep_good nopl xtopology nonstop_tsc cpuid pni pclmulqdq ssse3 cx16 pcid sse4_1 sse4_2 x2apic movbe popcnt aes xsave avx rdrand hypervisor lahf_lm abm 3dnowprefetch invpcid_single pti fsgsbase avx2 invpcid rdseed clflushopt
bugs		: cpu_meltdown spectre_v1 spectre_v2 spec_store_bypass l1tf
bogomips	: 3600.00
clflush size	: 64
cache_alignment	: 64
address sizes	: 39 bits physical, 48 bits virtual
power management:



Memory: 4k page, physical 4039540k(1104896k free), swap 15624188k(15624188k free)

vm_info: OpenJDK 64-Bit Server VM (25.181-b13) for linux-amd64 JRE (1.8.0_181-8u181-b13-0ubuntu0.18.04.1-b13), built on Jul 23 2018 19:14:48 by "buildd" with gcc 7.3.0

time: Thu Jan 31 16:54:58 2019
elapsed time: 42 seconds (0d 0h 0m 42s)

