#
# A fatal error has been detected by the Java Runtime Environment:
#
#  SIGSEGV (0xb) at pc=0x00007f9dc81973c3, pid=2380, tid=0x00007f9d7da34700
#
# JRE version: OpenJDK Runtime Environment (8.0_181-b13) (build 1.8.0_181-8u181-b13-0ubuntu0.18.04.1-b13)
# Java VM: OpenJDK 64-Bit Server VM (25.181-b13 mixed mode linux-amd64 compressed oops)
# Problematic frame:
# j  com.sun.glass.ui.gtk.GtkView.notifyInputMethodDraw(Ljava/lang/String;III[B)V+36
#
# Failed to write core dump. Core dumps have been disabled. To enable core dumping, try "ulimit -c unlimited" before starting Java again
#
# If you would like to submit a bug report, please visit:
#   http://bugreport.java.com/bugreport/crash.jsp
#

---------------  T H R E A D  ---------------

Current thread (0x00007f9dd8362800):  JavaThread "JavaFX Application Thread" [_thread_in_Java, id=2396, stack(0x00007f9d7d934000,0x00007f9d7da35000)]

siginfo: si_signo: 11 (SIGSEGV), si_code: 1 (SEGV_MAPERR), si_addr: 0x00000000a8c2c618

Registers:
RAX=0x0000000000100000, RBX=0x00007f9dc5124b30, RCX=0x00000000a8c2c618, RDX=0x0000000080500004
RSP=0x00007f9d7da32638, RBP=0x00007f9d7da326a0, RSI=0x00007f9dc8186340, RDI=0x00007f9d7da32820
R8 =0x00007f9dc8186340, R9 =0x00007f9d7da32988, R10=0x00007f9dddbe97c0, R11=0x00007f9dc817345f
R12=0x0000000000000000, R13=0x00007f9dc559fc7c, R14=0x00007f9d7da32718, R15=0x00007f9dd8362800
RIP=0x00007f9dc81973c3, EFLAGS=0x0000000000010206, CSGSFS=0x002b000000000033, ERR=0x0000000000000004
  TRAPNO=0x000000000000000e

Top of Stack: (sp=0x00007f9d7da32638)
0x00007f9d7da32638:   00007f9dc817ad80 00000000ef7d0218
0x00007f9d7da32648:   0000000000000001 0000000000000000
0x00007f9d7da32658:   00000000a8c2c618 00007f9d7da32660
0x00007f9d7da32668:   00007f9dc559fc7c 00007f9d7da32718
0x00007f9d7da32678:   00007f9dc55a9a30 00007f9d77ba61a8
0x00007f9d7da32688:   00007f9dc559fe58 0000000000000000
0x00007f9d7da32698:   00007f9d7da326f0 00007f9d7da32780
0x00007f9d7da326a8:   00007f9dc81734e7 0000000000000000
0x00007f9d7da326b8:   0000000000000000 0000000000000000
0x00007f9d7da326c8:   0000000000000000 0000000000000000
0x00007f9d7da326d8:   0000000000000000 0000000000000000
0x00007f9d7da326e8:   0000000000000000 00000000ec54e548
0x00007f9d7da326f8:   00007f9d00000002 00007f9d00000001
0x00007f9d7da32708:   00007f9d00000000 00000000ec54e518
0x00007f9d7da32718:   000055bba8c2c5e8 0000000000001fa0
0x00007f9d7da32728:   00007f9dc559fe58 00007f9d7da32980
0x00007f9d7da32738:   00007f9d7da32820 00007f9dd8362800
0x00007f9d7da32748:   00007f9dd8362800 00007f9d7da32820
0x00007f9d7da32758:   00007f9d7da32a58 00007f9d0000000a
0x00007f9d7da32768:   00007f9dc559fe58 00007f9dc8186340
0x00007f9d7da32778:   00007f9d7da32988 00007f9d7da328a0
0x00007f9d7da32788:   00007f9ddd2f37bb 0000000000000006
0x00007f9d7da32798:   00007f9dd8362800 00000000ffffffff
0x00007f9d7da327a8:   00007f9d7da327e8 00007f9d7da327e0
0x00007f9d7da327b8:   00007f9d0000000a 000000000000000e
0x00007f9d7da327c8:   00007f9dc8186340 00007f9dd8278b98
0x00007f9d7da327d8:   00007f9d7da32a50 00007f9dd8362800
0x00007f9d7da327e8:   00007f9dd8363060 00007f9dd8278b80
0x00007f9d7da327f8:   00007f9dd8278ba0 00007f9dd8278c68
0x00007f9d7da32808:   00000000000000d8 00007f9d7da33ac0
0x00007f9d7da32818:   ffffffffffffffff 00007f9dd8362800
0x00007f9d7da32828:   000055bba8c10680 00007f9dc559fe58 

Instructions: (pc=0x00007f9dc81973c3)
0x00007f9dc81973a3:   be dd 9d 7f 00 00 49 8b 14 d2 52 41 8b d5 4c 8b
0x00007f9dc81973b3:   6d c8 8b c2 81 e0 00 00 10 00 0f 84 6a 01 00 00
0x00007f9dc81973c3:   48 3b 01 48 8b 45 e0 48 85 c0 0f 84 12 00 00 00
0x00007f9dc81973d3:   48 83 40 08 01 48 83 58 08 00 48 83 c0 30 48 89 

Register to memory mapping:

RAX=0x0000000000100000 is an unknown value
RBX={method} {0x00007f9dc5124b30} 'replace' '(IILjava/lang/String;)Ljava/lang/StringBuilder;' in 'java/lang/StringBuilder'
RCX=0x00000000a8c2c618 is an unknown value
RDX=0x0000000080500004 is an unknown value
RSP=0x00007f9d7da32638 is pointing into the stack for thread: 0x00007f9dd8362800
RBP=0x00007f9d7da326a0 is pointing into the stack for thread: 0x00007f9dd8362800
RSI=0x00007f9dc8186340 is at code_begin+0 in an Interpreter codelet
method entry point (kind = zerolocals)  [0x00007f9dc8186340, 0x00007f9dc8186800]  1216 bytes
RDI=0x00007f9d7da32820 is pointing into the stack for thread: 0x00007f9dd8362800
R8 =0x00007f9dc8186340 is at code_begin+0 in an Interpreter codelet
method entry point (kind = zerolocals)  [0x00007f9dc8186340, 0x00007f9dc8186800]  1216 bytes
R9 =0x00007f9d7da32988 is pointing into the stack for thread: 0x00007f9dd8362800
R10=0x00007f9dddbe97c0: <offset 0xf757c0> in /usr/lib/jvm/java-8-openjdk-amd64/jre/lib/amd64/server/libjvm.so at 0x00007f9ddcc74000
R11=0x00007f9dc817345f is at begin+0 in a stub
StubRoutines::call_stub [0x00007f9dc817345f, 0x00007f9dc8173547[ (232 bytes)
R12=0x0000000000000000 is an unknown value
R13=0x00007f9dc559fc7c is pointing into metadata
R14=0x00007f9d7da32718 is pointing into the stack for thread: 0x00007f9dd8362800
R15=0x00007f9dd8362800 is a thread


Stack: [0x00007f9d7d934000,0x00007f9d7da35000],  sp=0x00007f9d7da32638,  free space=1017k
Native frames: (J=compiled Java code, j=interpreted, Vv=VM code, C=native code)
j  com.sun.glass.ui.gtk.GtkView.notifyInputMethodDraw(Ljava/lang/String;III[B)V+36
v  ~StubRoutines::call_stub
V  [libjvm.so+0x67f7bb]
V  [libjvm.so+0x69f246]
V  [libjvm.so+0x6a1e9b]
C  [libglass.so+0x13953]  JNIEnv_::CallVoidMethod(_jobject*, _jmethodID*, ...)+0x93
C  [libglass.so+0x1b8b1]
C  [libX11.so.6+0x5c3ca]
C  0x6563611a00000001


---------------  P R O C E S S  ---------------

Java Threads: ( => current thread )
  0x000055bba8e72800 JavaThread "Prism Font Disposer" daemon [_thread_blocked, id=2398, stack(0x00007f9d7ca44000,0x00007f9d7cb45000)]
  0x00007f9dd8370000 JavaThread "JavaFX-Launcher" [_thread_blocked, id=2397, stack(0x00007f9d7d833000,0x00007f9d7d934000)]
=>0x00007f9dd8362800 JavaThread "JavaFX Application Thread" [_thread_in_Java, id=2396, stack(0x00007f9d7d934000,0x00007f9d7da35000)]
  0x00007f9dd835f800 JavaThread "Thread-1" daemon [_thread_blocked, id=2395, stack(0x00007f9d8c04c000,0x00007f9d8c14d000)]
  0x00007f9dd8270000 JavaThread "QuantumRenderer-0" daemon [_thread_blocked, id=2392, stack(0x00007f9db7060000,0x00007f9db7161000)]
  0x00007f9dd80ba000 JavaThread "Service Thread" daemon [_thread_blocked, id=2390, stack(0x00007f9db732f000,0x00007f9db7430000)]
  0x00007f9dd80b7800 JavaThread "C1 CompilerThread1" daemon [_thread_blocked, id=2389, stack(0x00007f9db7431000,0x00007f9db7531000)]
  0x00007f9dd80b4800 JavaThread "C2 CompilerThread0" daemon [_thread_blocked, id=2388, stack(0x00007f9dc4017000,0x00007f9dc4117000)]
  0x00007f9dd80b3000 JavaThread "Signal Dispatcher" daemon [_thread_blocked, id=2387, stack(0x00007f9dc4117000,0x00007f9dc4218000)]
  0x00007f9dd8081000 JavaThread "Finalizer" daemon [_thread_blocked, id=2386, stack(0x00007f9dc4218000,0x00007f9dc4319000)]
  0x00007f9dd807c800 JavaThread "Reference Handler" daemon [_thread_blocked, id=2385, stack(0x00007f9dc4319000,0x00007f9dc441a000)]
  0x00007f9dd800b000 JavaThread "main" [_thread_blocked, id=2381, stack(0x00007f9dde942000,0x00007f9ddea42000)]

Other Threads:
  0x00007f9dd8074800 VMThread [stack: 0x00007f9dc441b000,0x00007f9dc451b000] [id=2384]
  0x00007f9dd80bd000 WatcherThread [stack: 0x00007f9db722f000,0x00007f9db732f000] [id=2391]

VM state:not at safepoint (normal execution)

VM Mutex/Monitor currently owned by a thread: None

Heap:
 PSYoungGen      total 66048K, used 19783K [0x00000000eb700000, 0x00000000efa00000, 0x0000000100000000)
  eden space 63488K, 27% used [0x00000000eb700000,0x00000000ec7d2f50,0x00000000ef500000)
  from space 2560K, 99% used [0x00000000ef780000,0x00000000ef9fef20,0x00000000efa00000)
  to   space 2560K, 0% used [0x00000000ef500000,0x00000000ef500000,0x00000000ef780000)
 ParOldGen       total 42496K, used 23335K [0x00000000c2400000, 0x00000000c4d80000, 0x00000000eb700000)
  object space 42496K, 54% used [0x00000000c2400000,0x00000000c3ac9d50,0x00000000c4d80000)
 Metaspace       used 19287K, capacity 20510K, committed 20608K, reserved 1067008K
  class space    used 2605K, capacity 2862K, committed 2944K, reserved 1048576K

Card table byte_map: [0x00007f9dc7bc4000,0x00007f9dc7db3000] byte_map_base: 0x00007f9dc75b2000

Marking Bits: (ParMarkBitMap*) 0x00007f9dddbd81c0
 Begin Bits: [0x00007f9dc5a99000, 0x00007f9dc6a09000)
 End Bits:   [0x00007f9dc6a09000, 0x00007f9dc7979000)

Polling page: 0x00007f9ddea59000

CodeCache: size=245760Kb used=11125Kb max_used=11125Kb free=234634Kb
 bounds [0x00007f9dc8173000, 0x00007f9dc8c63000, 0x00007f9dd7173000]
 total_blobs=4211 nmethods=3593 adapters=531
 compilation: enabled

Compilation events (10 events):
Event: 22.513 Thread 0x00007f9dd80b7800 3604       3       com.sun.javafx.scene.control.skin.LabeledSkinBase::computeMaxWidth (12 bytes)
Event: 22.514 Thread 0x00007f9dd80b7800 nmethod 3604 0x00007f9dc8c50a50 code [0x00007f9dc8c50bc0, 0x00007f9dc8c50f48]
Event: 22.683 Thread 0x00007f9dd80b7800 3605       3       com.sun.javafx.font.CharToGlyphMapper::charsToGlyphs (133 bytes)
Event: 22.685 Thread 0x00007f9dd80b7800 nmethod 3605 0x00007f9dc8c4ff10 code [0x00007f9dc8c500c0, 0x00007f9dc8c506d8]
Event: 22.687 Thread 0x00007f9dd80b7800 3606       3       javafx.scene.control.Control::computePrefWidth (51 bytes)
Event: 22.688 Thread 0x00007f9dd80b7800 nmethod 3606 0x00007f9dc8c528d0 code [0x00007f9dc8c52a80, 0x00007f9dc8c531c8]
Event: 22.689 Thread 0x00007f9dd80b7800 3607       3       javafx.scene.layout.Region::layoutInArea (230 bytes)
Event: 22.708 Thread 0x00007f9dd80b7800 nmethod 3607 0x00007f9dc8c53410 code [0x00007f9dc8c537a0, 0x00007f9dc8c551d8]
Event: 23.190 Thread 0x00007f9dd80b7800 3608       3       java.nio.Bits::byteOrder (20 bytes)
Event: 23.190 Thread 0x00007f9dd80b7800 nmethod 3608 0x00007f9dc8c564d0 code [0x00007f9dc8c56640, 0x00007f9dc8c56790]

GC Heap History (8 events):
Event: 0.973 GC heap before
{Heap before GC invocations=1 (full 0):
 PSYoungGen      total 18432K, used 15872K [0x00000000eb700000, 0x00000000ecb80000, 0x0000000100000000)
  eden space 15872K, 100% used [0x00000000eb700000,0x00000000ec680000,0x00000000ec680000)
  from space 2560K, 0% used [0x00000000ec900000,0x00000000ec900000,0x00000000ecb80000)
  to   space 2560K, 0% used [0x00000000ec680000,0x00000000ec680000,0x00000000ec900000)
 ParOldGen       total 42496K, used 0K [0x00000000c2400000, 0x00000000c4d80000, 0x00000000eb700000)
  object space 42496K, 0% used [0x00000000c2400000,0x00000000c2400000,0x00000000c4d80000)
 Metaspace       used 9612K, capacity 10008K, committed 10240K, reserved 1058816K
  class space    used 1155K, capacity 1265K, committed 1280K, reserved 1048576K
Event: 0.994 GC heap after
Heap after GC invocations=1 (full 0):
 PSYoungGen      total 18432K, used 2530K [0x00000000eb700000, 0x00000000edb00000, 0x0000000100000000)
  eden space 15872K, 0% used [0x00000000eb700000,0x00000000eb700000,0x00000000ec680000)
  from space 2560K, 98% used [0x00000000ec680000,0x00000000ec8f8b38,0x00000000ec900000)
  to   space 2560K, 0% used [0x00000000ed880000,0x00000000ed880000,0x00000000edb00000)
 ParOldGen       total 42496K, used 1481K [0x00000000c2400000, 0x00000000c4d80000, 0x00000000eb700000)
  object space 42496K, 3% used [0x00000000c2400000,0x00000000c25724f8,0x00000000c4d80000)
 Metaspace       used 9612K, capacity 10008K, committed 10240K, reserved 1058816K
  class space    used 1155K, capacity 1265K, committed 1280K, reserved 1048576K
}
Event: 1.569 GC heap before
{Heap before GC invocations=2 (full 0):
 PSYoungGen      total 18432K, used 18402K [0x00000000eb700000, 0x00000000edb00000, 0x0000000100000000)
  eden space 15872K, 100% used [0x00000000eb700000,0x00000000ec680000,0x00000000ec680000)
  from space 2560K, 98% used [0x00000000ec680000,0x00000000ec8f8b38,0x00000000ec900000)
  to   space 2560K, 0% used [0x00000000ed880000,0x00000000ed880000,0x00000000edb00000)
 ParOldGen       total 42496K, used 1481K [0x00000000c2400000, 0x00000000c4d80000, 0x00000000eb700000)
  object space 42496K, 3% used [0x00000000c2400000,0x00000000c25724f8,0x00000000c4d80000)
 Metaspace       used 12382K, capacity 12922K, committed 13056K, reserved 1060864K
  class space    used 1598K, capacity 1731K, committed 1792K, reserved 1048576K
Event: 1.584 GC heap after
Heap after GC invocations=2 (full 0):
 PSYoungGen      total 34304K, used 2544K [0x00000000eb700000, 0x00000000edb00000, 0x0000000100000000)
  eden space 31744K, 0% used [0x00000000eb700000,0x00000000eb700000,0x00000000ed600000)
  from space 2560K, 99% used [0x00000000ed880000,0x00000000edafc010,0x00000000edb00000)
  to   space 2560K, 0% used [0x00000000ed600000,0x00000000ed600000,0x00000000ed880000)
 ParOldGen       total 42496K, used 4139K [0x00000000c2400000, 0x00000000c4d80000, 0x00000000eb700000)
  object space 42496K, 9% used [0x00000000c2400000,0x00000000c280adc0,0x00000000c4d80000)
 Metaspace       used 12382K, capacity 12922K, committed 13056K, reserved 1060864K
  class space    used 1598K, capacity 1731K, committed 1792K, reserved 1048576K
}
Event: 2.344 GC heap before
{Heap before GC invocations=3 (full 0):
 PSYoungGen      total 34304K, used 34288K [0x00000000eb700000, 0x00000000edb00000, 0x0000000100000000)
  eden space 31744K, 100% used [0x00000000eb700000,0x00000000ed600000,0x00000000ed600000)
  from space 2560K, 99% used [0x00000000ed880000,0x00000000edafc010,0x00000000edb00000)
  to   space 2560K, 0% used [0x00000000ed600000,0x00000000ed600000,0x00000000ed880000)
 ParOldGen       total 42496K, used 4139K [0x00000000c2400000, 0x00000000c4d80000, 0x00000000eb700000)
  object space 42496K, 9% used [0x00000000c2400000,0x00000000c280adc0,0x00000000c4d80000)
 Metaspace       used 15207K, capacity 16068K, committed 16128K, reserved 1062912K
  class space    used 2080K, capacity 2275K, committed 2304K, reserved 1048576K
Event: 2.355 GC heap after
Heap after GC invocations=3 (full 0):
 PSYoungGen      total 34304K, used 2528K [0x00000000eb700000, 0x00000000efa00000, 0x0000000100000000)
  eden space 31744K, 0% used [0x00000000eb700000,0x00000000eb700000,0x00000000ed600000)
  from space 2560K, 98% used [0x00000000ed600000,0x00000000ed878020,0x00000000ed880000)
  to   space 2560K, 0% used [0x00000000ef780000,0x00000000ef780000,0x00000000efa00000)
 ParOldGen       total 42496K, used 7051K [0x00000000c2400000, 0x00000000c4d80000, 0x00000000eb700000)
  object space 42496K, 16% used [0x00000000c2400000,0x00000000c2ae2eb0,0x00000000c4d80000)
 Metaspace       used 15207K, capacity 16068K, committed 16128K, reserved 1062912K
  class space    used 2080K, capacity 2275K, committed 2304K, reserved 1048576K
}
Event: 8.489 GC heap before
{Heap before GC invocations=4 (full 0):
 PSYoungGen      total 34304K, used 34272K [0x00000000eb700000, 0x00000000efa00000, 0x0000000100000000)
  eden space 31744K, 100% used [0x00000000eb700000,0x00000000ed600000,0x00000000ed600000)
  from space 2560K, 98% used [0x00000000ed600000,0x00000000ed878020,0x00000000ed880000)
  to   space 2560K, 0% used [0x00000000ef780000,0x00000000ef780000,0x00000000efa00000)
 ParOldGen       total 42496K, used 7051K [0x00000000c2400000, 0x00000000c4d80000, 0x00000000eb700000)
  object space 42496K, 16% used [0x00000000c2400000,0x00000000c2ae2eb0,0x00000000c4d80000)
 Metaspace       used 18569K, capacity 19774K, committed 19968K, reserved 1067008K
  class space    used 2576K, capacity 2816K, committed 2816K, reserved 1048576K
Event: 8.550 GC heap after
Heap after GC invocations=4 (full 0):
 PSYoungGen      total 66048K, used 2555K [0x00000000eb700000, 0x00000000efa00000, 0x0000000100000000)
  eden space 63488K, 0% used [0x00000000eb700000,0x00000000eb700000,0x00000000ef500000)
  from space 2560K, 99% used [0x00000000ef780000,0x00000000ef9fef20,0x00000000efa00000)
  to   space 2560K, 0% used [0x00000000ef500000,0x00000000ef500000,0x00000000ef780000)
 ParOldGen       total 42496K, used 23335K [0x00000000c2400000, 0x00000000c4d80000, 0x00000000eb700000)
  object space 42496K, 54% used [0x00000000c2400000,0x00000000c3ac9d50,0x00000000c4d80000)
 Metaspace       used 18569K, capacity 19774K, committed 19968K, reserved 1067008K
  class space    used 2576K, capacity 2816K, committed 2816K, reserved 1048576K
}

Deoptimization events (10 events):
Event: 8.455 Thread 0x00007f9dd8362800 Uncommon trap: reason=array_check action=maybe_recompile pc=0x00007f9dc89c541c method=com.sun.javafx.css.CompoundSelector.applies(Ljavafx/css/Styleable;[Ljava/util/Set;I)Z @ 128
Event: 8.455 Thread 0x00007f9dd8362800 Uncommon trap: reason=array_check action=maybe_recompile pc=0x00007f9dc89c541c method=com.sun.javafx.css.CompoundSelector.applies(Ljavafx/css/Styleable;[Ljava/util/Set;I)Z @ 128
Event: 8.456 Thread 0x00007f9dd8362800 Uncommon trap: reason=array_check action=maybe_recompile pc=0x00007f9dc89c541c method=com.sun.javafx.css.CompoundSelector.applies(Ljavafx/css/Styleable;[Ljava/util/Set;I)Z @ 128
Event: 8.456 Thread 0x00007f9dd8362800 Uncommon trap: reason=array_check action=maybe_recompile pc=0x00007f9dc89c541c method=com.sun.javafx.css.CompoundSelector.applies(Ljavafx/css/Styleable;[Ljava/util/Set;I)Z @ 128
Event: 8.662 Thread 0x00007f9dd8270000 Uncommon trap: reason=unstable_if action=reinterpret pc=0x00007f9dc885fa64 method=com.sun.javafx.geom.RectBounds.isEmpty()Z @ 21
Event: 9.261 Thread 0x00007f9dd8362800 Uncommon trap: reason=unstable_if action=reinterpret pc=0x00007f9dc8302b20 method=sun.nio.cs.UTF_8$Encoder.encode([CII[B)I @ 33
Event: 10.313 Thread 0x00007f9dd8270000 Uncommon trap: reason=unstable_if action=reinterpret pc=0x00007f9dc8a60e80 method=com.sun.pisces.GradientColorMap.findStop(I)I @ 20
Event: 10.313 Thread 0x00007f9dd8270000 Uncommon trap: reason=unstable_if action=reinterpret pc=0x00007f9dc8a5c3ec method=com.sun.pisces.GradientColorMap.findStop(I)I @ 20
Event: 18.508 Thread 0x00007f9dd8362800 Uncommon trap: reason=bimorphic action=maybe_recompile pc=0x00007f9dc862f4ac method=java.util.HashMap.putVal(ILjava/lang/Object;Ljava/lang/Object;ZZ)Ljava/lang/Object; @ 203
Event: 20.626 Thread 0x00007f9dd8362800 Uncommon trap: reason=class_check action=maybe_recompile pc=0x00007f9dc89cb220 method=com.sun.javafx.css.CompoundSelector.stateMatches(Ljavafx/css/Styleable;Ljava/util/Set;I)Z @ 123

Classes redefined (0 events):
No events

Internal exceptions (10 events):
Event: 0.392 Thread 0x00007f9dd800b000 Exception <a 'java/lang/NullPointerException'> (0x00000000eb965e00) thrown at [/build/openjdk-8-8iINie/openjdk-8-8u181-b13/src/hotspot/src/share/vm/interpreter/linkResolver.cpp, line 1185]
Event: 0.929 Thread 0x00007f9dd8362800 Exception <a 'java/lang/NullPointerException'> (0x00000000ec556098) thrown at [/build/openjdk-8-8iINie/openjdk-8-8u181-b13/src/hotspot/src/share/vm/interpreter/linkResolver.cpp, line 1185]
Event: 0.929 Thread 0x00007f9dd8362800 Exception <a 'java/lang/NullPointerException'> (0x00000000ec556098) thrown at [/build/openjdk-8-8iINie/openjdk-8-8u181-b13/src/hotspot/src/share/vm/prims/jvm.cpp, line 1439]
Event: 1.226 Thread 0x00007f9dd8362800 Exception <a 'java/lang/ArrayIndexOutOfBoundsException'> (0x00000000ebcfffe8) thrown at [/build/openjdk-8-8iINie/openjdk-8-8u181-b13/src/hotspot/src/share/vm/runtime/sharedRuntime.cpp, line 605]
Event: 1.227 Thread 0x00007f9dd8362800 Exception <a 'java/lang/ArrayIndexOutOfBoundsException'> (0x00000000ebd00ce8) thrown at [/build/openjdk-8-8iINie/openjdk-8-8u181-b13/src/hotspot/src/share/vm/runtime/sharedRuntime.cpp, line 605]
Event: 1.227 Thread 0x00007f9dd8362800 Exception <a 'java/lang/ArrayIndexOutOfBoundsException'> (0x00000000ebd02090) thrown at [/build/openjdk-8-8iINie/openjdk-8-8u181-b13/src/hotspot/src/share/vm/runtime/sharedRuntime.cpp, line 605]
Event: 1.242 Thread 0x00007f9dd8362800 Exception <a 'java/lang/ArrayIndexOutOfBoundsException': 78> (0x00000000ebd5b9d0) thrown at [/build/openjdk-8-8iINie/openjdk-8-8u181-b13/src/hotspot/src/share/vm/interpreter/interpreterRuntime.cpp, line 366]
Event: 1.252 Thread 0x00007f9dd8362800 Exception <a 'java/lang/ArrayIndexOutOfBoundsException': 75> (0x00000000ebd897f8) thrown at [/build/openjdk-8-8iINie/openjdk-8-8u181-b13/src/hotspot/src/share/vm/interpreter/interpreterRuntime.cpp, line 366]
Event: 1.887 Thread 0x00007f9dd8362800 Implicit null exception at 0x00007f9dc841ce75 to 0x00007f9dc841d091
Event: 3.446 Thread 0x00007f9dd8362800 Implicit null exception at 0x00007f9dc878ff26 to 0x00007f9dc879264d

Events (10 events):
Event: 21.866 loading class java/text/StringCharacterIterator
Event: 21.866 loading class java/text/StringCharacterIterator done
Event: 21.866 Executing VM operation: Deoptimize
Event: 21.868 Executing VM operation: Deoptimize done
Event: 23.143 loading class java/lang/Throwable$WrappedPrintStream
Event: 23.143 loading class java/lang/Throwable$PrintStreamOrWriter
Event: 23.143 loading class java/lang/Throwable$PrintStreamOrWriter done
Event: 23.143 loading class java/lang/Throwable$WrappedPrintStream done
Event: 23.143 loading class java/util/IdentityHashMap$KeySet
Event: 23.144 loading class java/util/IdentityHashMap$KeySet done


Dynamic libraries:
c2400000-c4d80000 rw-p 00000000 00:00 0 
c4d80000-eb700000 ---p 00000000 00:00 0 
eb700000-efa00000 rw-p 00000000 00:00 0 
efa00000-100000000 ---p 00000000 00:00 0 
100000000-1002e0000 rw-p 00000000 00:00 0 
1002e0000-140000000 ---p 00000000 00:00 0 
55bba6e7c000-55bba6e7d000 r-xp 00000000 00:17 351325                     /usr/lib/jvm/java-8-openjdk-amd64/jre/bin/java
55bba707c000-55bba707d000 r--p 00000000 00:17 351325                     /usr/lib/jvm/java-8-openjdk-amd64/jre/bin/java
55bba707d000-55bba707e000 rw-p 00001000 00:17 351325                     /usr/lib/jvm/java-8-openjdk-amd64/jre/bin/java
55bba8c0d000-55bba900e000 rw-p 00000000 00:00 0                          [heap]
7f9d77a6f000-7f9d77baf000 rw-p 00000000 00:00 0 
7f9d77baf000-7f9d77c6f000 ---p 00000000 00:00 0 
7f9d77c6f000-7f9d77def000 rw-p 00000000 00:00 0 
7f9d77def000-7f9d77dff000 r-xp 00000000 00:17 633371                     /usr/lib/jvm/java-8-openjdk-amd64/jre/lib/amd64/libdecora_sse.so
7f9d77dff000-7f9d77ffe000 ---p 00010000 00:17 633371                     /usr/lib/jvm/java-8-openjdk-amd64/jre/lib/amd64/libdecora_sse.so
7f9d77ffe000-7f9d77fff000 r--p 0000f000 00:17 633371                     /usr/lib/jvm/java-8-openjdk-amd64/jre/lib/amd64/libdecora_sse.so
7f9d77fff000-7f9d78000000 rw-p 00010000 00:17 633371                     /usr/lib/jvm/java-8-openjdk-amd64/jre/lib/amd64/libdecora_sse.so
7f9d78000000-7f9d78021000 rw-p 00000000 00:00 0 
7f9d78021000-7f9d7c000000 ---p 00000000 00:00 0 
7f9d7c03c000-7f9d7c415000 r--p 00000000 00:17 46649                      /usr/share/fonts/truetype/droid/DroidSansFallbackFull.ttf
7f9d7c415000-7f9d7c431000 r--p 00000000 00:17 46776                      /usr/share/fonts/truetype/tlwg/Laksaman.ttf
7f9d7c431000-7f9d7c448000 r--p 00000000 00:17 46820                      /usr/share/fonts/truetype/tlwg/Waree.ttf
7f9d7c448000-7f9d7c45d000 r--p 00000000 00:17 46780                      /usr/share/fonts/truetype/tlwg/Loma.ttf
7f9d7c45d000-7f9d7c4fb000 r--p 00000000 00:17 230385                     /usr/share/fonts/truetype/dejavu/DejaVuSans-BoldOblique.ttf
7f9d7c4fb000-7f9d7c597000 r--p 00000000 00:17 230387                     /usr/share/fonts/truetype/dejavu/DejaVuSans-Oblique.ttf
7f9d7c597000-7f9d7c644000 r--p 00000000 00:17 46643                      /usr/share/fonts/truetype/dejavu/DejaVuSans-Bold.ttf
7f9d7c644000-7f9d7c844000 rw-p 00000000 00:00 0 
7f9d7c844000-7f9d7ca44000 rw-p 00000000 00:00 0 
7f9d7ca44000-7f9d7ca47000 ---p 00000000 00:00 0 
7f9d7ca47000-7f9d7cb45000 rw-p 00000000 00:00 0 
7f9d7cb45000-7f9d7cbfe000 r--p 00000000 00:17 46644                      /usr/share/fonts/truetype/dejavu/DejaVuSans.ttf
7f9d7cbfe000-7f9d7cc03000 r-xp 00000000 00:17 633376                     /usr/lib/jvm/java-8-openjdk-amd64/jre/lib/amd64/libjavafx_font_freetype.so
7f9d7cc03000-7f9d7ce02000 ---p 00005000 00:17 633376                     /usr/lib/jvm/java-8-openjdk-amd64/jre/lib/amd64/libjavafx_font_freetype.so
7f9d7ce02000-7f9d7ce03000 r--p 00004000 00:17 633376                     /usr/lib/jvm/java-8-openjdk-amd64/jre/lib/amd64/libjavafx_font_freetype.so
7f9d7ce03000-7f9d7ce04000 rw-p 00005000 00:17 633376                     /usr/lib/jvm/java-8-openjdk-amd64/jre/lib/amd64/libjavafx_font_freetype.so
7f9d7ce04000-7f9d7d004000 rw-p 00000000 00:00 0 
7f9d7d004000-7f9d7d007000 r-xp 00000000 00:17 633375                     /usr/lib/jvm/java-8-openjdk-amd64/jre/lib/amd64/libjavafx_font.so
7f9d7d007000-7f9d7d206000 ---p 00003000 00:17 633375                     /usr/lib/jvm/java-8-openjdk-amd64/jre/lib/amd64/libjavafx_font.so
7f9d7d206000-7f9d7d207000 r--p 00002000 00:17 633375                     /usr/lib/jvm/java-8-openjdk-amd64/jre/lib/amd64/libjavafx_font.so
7f9d7d207000-7f9d7d208000 rw-p 00003000 00:17 633375                     /usr/lib/jvm/java-8-openjdk-amd64/jre/lib/amd64/libjavafx_font.so
7f9d7d208000-7f9d7d408000 rw-p 00000000 00:00 0 
7f9d7d408000-7f9d7d419000 r-xp 00000000 00:17 351361                     /usr/lib/jvm/java-8-openjdk-amd64/jre/lib/amd64/libnio.so
7f9d7d419000-7f9d7d619000 ---p 00011000 00:17 351361                     /usr/lib/jvm/java-8-openjdk-amd64/jre/lib/amd64/libnio.so
7f9d7d619000-7f9d7d61a000 r--p 00011000 00:17 351361                     /usr/lib/jvm/java-8-openjdk-amd64/jre/lib/amd64/libnio.so
7f9d7d61a000-7f9d7d61b000 rw-p 00012000 00:17 351361                     /usr/lib/jvm/java-8-openjdk-amd64/jre/lib/amd64/libnio.so
7f9d7d61b000-7f9d7d632000 r-xp 00000000 00:17 351360                     /usr/lib/jvm/java-8-openjdk-amd64/jre/lib/amd64/libnet.so
7f9d7d632000-7f9d7d831000 ---p 00017000 00:17 351360                     /usr/lib/jvm/java-8-openjdk-amd64/jre/lib/amd64/libnet.so
7f9d7d831000-7f9d7d832000 r--p 00016000 00:17 351360                     /usr/lib/jvm/java-8-openjdk-amd64/jre/lib/amd64/libnet.so
7f9d7d832000-7f9d7d833000 rw-p 00017000 00:17 351360                     /usr/lib/jvm/java-8-openjdk-amd64/jre/lib/amd64/libnet.so
7f9d7d833000-7f9d7d836000 ---p 00000000 00:00 0 
7f9d7d836000-7f9d7d934000 rw-p 00000000 00:00 0 
7f9d7d934000-7f9d7d937000 ---p 00000000 00:00 0 
7f9d7d937000-7f9d7da35000 rw-p 00000000 00:00 0 
7f9d7da35000-7f9d7da6f000 r-xp 00000000 00:17 30384                      /usr/lib/x86_64-linux-gnu/gtk-2.0/2.10.0/engines/libmurrine.so
7f9d7da6f000-7f9d7dc6f000 ---p 0003a000 00:17 30384                      /usr/lib/x86_64-linux-gnu/gtk-2.0/2.10.0/engines/libmurrine.so
7f9d7dc6f000-7f9d7dc70000 r--p 0003a000 00:17 30384                      /usr/lib/x86_64-linux-gnu/gtk-2.0/2.10.0/engines/libmurrine.so
7f9d7dc70000-7f9d7dc71000 rw-p 0003b000 00:17 30384                      /usr/lib/x86_64-linux-gnu/gtk-2.0/2.10.0/engines/libmurrine.so
7f9d7dc71000-7f9d7dc85000 r-xp 00000000 00:17 12315                      /lib/x86_64-linux-gnu/libgpg-error.so.0.22.0
7f9d7dc85000-7f9d7de84000 ---p 00014000 00:17 12315                      /lib/x86_64-linux-gnu/libgpg-error.so.0.22.0
7f9d7de84000-7f9d7de85000 r--p 00013000 00:17 12315                      /lib/x86_64-linux-gnu/libgpg-error.so.0.22.0
7f9d7de85000-7f9d7de86000 rw-p 00014000 00:17 12315                      /lib/x86_64-linux-gnu/libgpg-error.so.0.22.0
7f9d7de86000-7f9d7df9a000 r-xp 00000000 00:17 341198                     /lib/x86_64-linux-gnu/libgcrypt.so.20.2.1
7f9d7df9a000-7f9d7e199000 ---p 00114000 00:17 341198                     /lib/x86_64-linux-gnu/libgcrypt.so.20.2.1
7f9d7e199000-7f9d7e19b000 r--p 00113000 00:17 341198                     /lib/x86_64-linux-gnu/libgcrypt.so.20.2.1
7f9d7e19b000-7f9d7e1a0000 rw-p 00115000 00:17 341198                     /lib/x86_64-linux-gnu/libgcrypt.so.20.2.1
7f9d7e1a0000-7f9d7e1a1000 rw-p 00000000 00:00 0 
7f9d7e1a1000-7f9d7e1bc000 r-xp 00000000 00:17 28303                      /usr/lib/x86_64-linux-gnu/liblz4.so.1.7.1
7f9d7e1bc000-7f9d7e3bb000 ---p 0001b000 00:17 28303                      /usr/lib/x86_64-linux-gnu/liblz4.so.1.7.1
7f9d7e3bb000-7f9d7e3bc000 r--p 0001a000 00:17 28303                      /usr/lib/x86_64-linux-gnu/liblz4.so.1.7.1
7f9d7e3bc000-7f9d7e3bd000 rw-p 0001b000 00:17 28303                      /usr/lib/x86_64-linux-gnu/liblz4.so.1.7.1
7f9d7e3bd000-7f9d7e3e1000 r-xp 00000000 00:17 12334                      /lib/x86_64-linux-gnu/liblzma.so.5.2.2
7f9d7e3e1000-7f9d7e5e1000 ---p 00024000 00:17 12334                      /lib/x86_64-linux-gnu/liblzma.so.5.2.2
7f9d7e5e1000-7f9d7e5e2000 r--p 00024000 00:17 12334                      /lib/x86_64-linux-gnu/liblzma.so.5.2.2
7f9d7e5e2000-7f9d7e5e3000 rw-p 00025000 00:17 12334                      /lib/x86_64-linux-gnu/liblzma.so.5.2.2
7f9d7e5e3000-7f9d7e663000 r-xp 00000000 00:17 340610                     /lib/x86_64-linux-gnu/libsystemd.so.0.21.0
7f9d7e663000-7f9d7e862000 ---p 00080000 00:17 340610                     /lib/x86_64-linux-gnu/libsystemd.so.0.21.0
7f9d7e862000-7f9d7e865000 r--p 0007f000 00:17 340610                     /lib/x86_64-linux-gnu/libsystemd.so.0.21.0
7f9d7e865000-7f9d7e866000 rw-p 00082000 00:17 340610                     /lib/x86_64-linux-gnu/libsystemd.so.0.21.0
7f9d7e866000-7f9d7e867000 rw-p 00000000 00:00 0 
7f9d7e867000-7f9d7e893000 r-xp 00000000 00:17 27679                      /usr/lib/x86_64-linux-gnu/libatspi.so.0.0.1
7f9d7e893000-7f9d7ea93000 ---p 0002c000 00:17 27679                      /usr/lib/x86_64-linux-gnu/libatspi.so.0.0.1
7f9d7ea93000-7f9d7ea96000 r--p 0002c000 00:17 27679                      /usr/lib/x86_64-linux-gnu/libatspi.so.0.0.1
7f9d7ea96000-7f9d7ea97000 rw-p 0002f000 00:17 27679                      /usr/lib/x86_64-linux-gnu/libatspi.so.0.0.1
7f9d7ea97000-7f9d7eae2000 r-xp 00000000 00:17 12289                      /lib/x86_64-linux-gnu/libdbus-1.so.3.19.4
7f9d7eae2000-7f9d7ece2000 ---p 0004b000 00:17 12289                      /lib/x86_64-linux-gnu/libdbus-1.so.3.19.4
7f9d7ece2000-7f9d7ece3000 r--p 0004b000 00:17 12289                      /lib/x86_64-linux-gnu/libdbus-1.so.3.19.4
7f9d7ece3000-7f9d7ece4000 rw-p 0004c000 00:17 12289                      /lib/x86_64-linux-gnu/libdbus-1.so.3.19.4
7f9d7ece4000-7f9d7ed12000 r-xp 00000000 00:17 27677                      /usr/lib/x86_64-linux-gnu/libatk-bridge-2.0.so.0.0.0
7f9d7ed12000-7f9d7ef12000 ---p 0002e000 00:17 27677                      /usr/lib/x86_64-linux-gnu/libatk-bridge-2.0.so.0.0.0
7f9d7ef12000-7f9d7ef13000 r--p 0002e000 00:17 27677                      /usr/lib/x86_64-linux-gnu/libatk-bridge-2.0.so.0.0.0
7f9d7ef13000-7f9d7ef14000 rw-p 0002f000 00:17 27677                      /usr/lib/x86_64-linux-gnu/libatk-bridge-2.0.so.0.0.0
7f9d7ef14000-7f9d7ef15000 rw-p 00000000 00:00 0 
7f9d7ef15000-7f9d7ef16000 r-xp 00000000 00:17 30402                      /usr/lib/x86_64-linux-gnu/gtk-2.0/modules/libatk-bridge.so
7f9d7ef16000-7f9d7f115000 ---p 00001000 00:17 30402                      /usr/lib/x86_64-linux-gnu/gtk-2.0/modules/libatk-bridge.so
7f9d7f115000-7f9d7f116000 r--p 00000000 00:17 30402                      /usr/lib/x86_64-linux-gnu/gtk-2.0/modules/libatk-bridge.so
7f9d7f116000-7f9d7f117000 rw-p 00001000 00:17 30402                      /usr/lib/x86_64-linux-gnu/gtk-2.0/modules/libatk-bridge.so
7f9d7f117000-7f9d7f11e000 r-xp 00000000 00:17 27979                      /usr/lib/x86_64-linux-gnu/libgailutil.so.18.0.1
7f9d7f11e000-7f9d7f31d000 ---p 00007000 00:17 27979                      /usr/lib/x86_64-linux-gnu/libgailutil.so.18.0.1
7f9d7f31d000-7f9d7f31e000 r--p 00006000 00:17 27979                      /usr/lib/x86_64-linux-gnu/libgailutil.so.18.0.1
7f9d7f31e000-7f9d7f31f000 rw-p 00007000 00:17 27979                      /usr/lib/x86_64-linux-gnu/libgailutil.so.18.0.1
7f9d7f31f000-7f9d7f36c000 r-xp 00000000 00:17 30404                      /usr/lib/x86_64-linux-gnu/gtk-2.0/modules/libgail.so
7f9d7f36c000-7f9d7f56c000 ---p 0004d000 00:17 30404                      /usr/lib/x86_64-linux-gnu/gtk-2.0/modules/libgail.so
7f9d7f56c000-7f9d7f56d000 r--p 0004d000 00:17 30404                      /usr/lib/x86_64-linux-gnu/gtk-2.0/modules/libgail.so
7f9d7f56d000-7f9d7f56f000 rw-p 0004e000 00:17 30404                      /usr/lib/x86_64-linux-gnu/gtk-2.0/modules/libgail.so
7f9d7f56f000-7f9d7f575000 r-xp 00000000 00:17 308063                     /lib/x86_64-linux-gnu/libuuid.so.1.3.0
7f9d7f575000-7f9d7f774000 ---p 00006000 00:17 308063                     /lib/x86_64-linux-gnu/libuuid.so.1.3.0
7f9d7f774000-7f9d7f775000 r--p 00005000 00:17 308063                     /lib/x86_64-linux-gnu/libuuid.so.1.3.0
7f9d7f775000-7f9d7f776000 rw-p 00006000 00:17 308063                     /lib/x86_64-linux-gnu/libuuid.so.1.3.0
7f9d7f776000-7f9d7f77c000 r-xp 00000000 00:17 27821                      /usr/lib/x86_64-linux-gnu/libdatrie.so.1.3.3
7f9d7f77c000-7f9d7f97b000 ---p 00006000 00:17 27821                      /usr/lib/x86_64-linux-gnu/libdatrie.so.1.3.3
7f9d7f97b000-7f9d7f97c000 r--p 00005000 00:17 27821                      /usr/lib/x86_64-linux-gnu/libdatrie.so.1.3.3
7f9d7f97c000-7f9d7f97d000 rw-p 00006000 00:17 27821                      /usr/lib/x86_64-linux-gnu/libdatrie.so.1.3.3
7f9d7f97d000-7f9d7f9a8000 r-xp 00000000 00:17 28080                      /usr/lib/x86_64-linux-gnu/libgraphite2.so.3.0.1
7f9d7f9a8000-7f9d7fba7000 ---p 0002b000 00:17 28080                      /usr/lib/x86_64-linux-gnu/libgraphite2.so.3.0.1
7f9d7fba7000-7f9d7fba9000 r--p 0002a000 00:17 28080                      /usr/lib/x86_64-linux-gnu/libgraphite2.so.3.0.1
7f9d7fba9000-7f9d7fbaa000 rw-p 0002c000 00:17 28080                      /usr/lib/x86_64-linux-gnu/libgraphite2.so.3.0.1
7f9d7fbaa000-7f9d7fbf1000 r-xp 00000000 00:17 308088                     /lib/x86_64-linux-gnu/libblkid.so.1.1.0
7f9d7fbf1000-7f9d7fdf1000 ---p 00047000 00:17 308088                     /lib/x86_64-linux-gnu/libblkid.so.1.1.0
7f9d7fdf1000-7f9d7fdf5000 r--p 00047000 00:17 308088                     /lib/x86_64-linux-gnu/libblkid.so.1.1.0
7f9d7fdf5000-7f9d7fdf6000 rw-p 0004b000 00:17 308088                     /lib/x86_64-linux-gnu/libblkid.so.1.1.0
7f9d7fdf6000-7f9d7fdf7000 rw-p 00000000 00:00 0 
7f9d7fdf7000-7f9d7fdff000 r-xp 00000000 00:17 28635                      /usr/lib/x86_64-linux-gnu/libthai.so.0.3.0
7f9d7fdff000-7f9d7fffe000 ---p 00008000 00:17 28635                      /usr/lib/x86_64-linux-gnu/libthai.so.0.3.0
7f9d7fffe000-7f9d7ffff000 r--p 00007000 00:17 28635                      /usr/lib/x86_64-linux-gnu/libthai.so.0.3.0
7f9d7ffff000-7f9d80000000 rw-p 00008000 00:17 28635                      /usr/lib/x86_64-linux-gnu/libthai.so.0.3.0
7f9d80000000-7f9d80021000 rw-p 00000000 00:00 0 
7f9d80021000-7f9d84000000 ---p 00000000 00:00 0 
7f9d84003000-7f9d84009000 r--p 00000000 00:17 345307                     /usr/share/locale-langpack/ja/LC_MESSAGES/gdk-pixbuf.mo
7f9d84009000-7f9d8401c000 r--s 00346000 00:17 351404                     /usr/lib/jvm/java-8-openjdk-amd64/jre/lib/resources.jar
7f9d8401c000-7f9d84027000 r--s 00000000 00:17 133200                     /var/cache/fontconfig/945677eb7aeaf62f1d50efc3fb3ec7d8-le64.cache-7
7f9d84027000-7f9d8402a000 r--s 00000000 00:17 250903                     /var/cache/fontconfig/f24b2111ab8703b4e963115a8cf14259-le64.cache-7
7f9d8402a000-7f9d8402f000 r--s 00000000 00:17 133171                     /var/cache/fontconfig/2300eef321c393bfd76478a5c0e95b23-le64.cache-7
7f9d8402f000-7f9d84030000 r--s 00000000 00:17 133164                     /var/cache/fontconfig/0d8c3b2ac0904cb8a57a757ad11a4a08-le64.cache-7
7f9d84030000-7f9d84045000 r--s 00000000 00:17 133161                     /var/cache/fontconfig/04aabc0a78ac019cf9454389977116d2-le64.cache-7
7f9d84045000-7f9d84046000 r--s 00000000 00:17 133168                     /var/cache/fontconfig/1ac9eb803944fde146138c791f5cc56a-le64.cache-7
7f9d84046000-7f9d84047000 r--s 00000000 00:17 133219                     /var/cache/fontconfig/dc05db6664285cc2f12bf69c139ae4c3-le64.cache-7
7f9d84047000-7f9d84049000 r--s 00000000 00:17 133165                     /var/cache/fontconfig/14a5e22175779b556eaa434240950366-le64.cache-7
7f9d84049000-7f9d8404a000 r--s 00000000 00:17 133192                     /var/cache/fontconfig/660208299946a285a940457d1287da33-le64.cache-7
7f9d8404a000-7f9d8404c000 r--s 00000000 00:17 133183                     /var/cache/fontconfig/4f3e3037c9980c83b53a9351efadef62-le64.cache-7
7f9d8404c000-7f9d8404e000 r--s 00000000 00:17 133197                     /var/cache/fontconfig/767a8244fc0220cfb567a839d0392e0b-le64.cache-7
7f9d8404e000-7f9d8404f000 r--s 00000000 00:17 482290                     /var/cache/fontconfig/4794a0821666d79190d59a36cb4f44b5-le64.cache-7
7f9d8404f000-7f9d84051000 r--s 00000000 00:17 133162                     /var/cache/fontconfig/0bd3dc0958fa2205aaaa8ebb13e2872b-le64.cache-7
7f9d84051000-7f9d84056000 r--s 00000000 00:17 133220                     /var/cache/fontconfig/def309198bfa603429122923fa2bb2d4-le64.cache-7
7f9d84056000-7f9d84057000 r--s 00000000 00:17 133208                     /var/cache/fontconfig/b872e6e592da6075ffa4ab0a1fcc0c75-le64.cache-7
7f9d84057000-7f9d84058000 r--s 00000000 00:17 133225                     /var/cache/fontconfig/f6d4eedfaab2589bde49f7a3ff831d22-le64.cache-7
7f9d84058000-7f9d84059000 r--s 00000000 00:17 133190                     /var/cache/fontconfig/589f83ef4c36d296ce6e1c846f468f08-le64.cache-7
7f9d84059000-7f9d8405a000 r--s 00000000 00:17 133210                     /var/cache/fontconfig/bab58bb527bb656aaa9f116d68a48d89-le64.cache-7
7f9d8405a000-7f9d8405b000 r--s 00000000 00:17 133169                     /var/cache/fontconfig/2171a34dccabdb6bcbbc728186263178-le64.cache-7
7f9d8405b000-7f9d8405c000 r--s 00000000 00:17 133211                     /var/cache/fontconfig/c5c45a61289222e0d30b1a26ef4effbe-le64.cache-7
7f9d8405c000-7f9d8405d000 r--s 00000000 00:17 133206                     /var/cache/fontconfig/aec30016f93e1b46d1a973dce0d74068-le64.cache-7
7f9d8405d000-7f9d84062000 r--s 00000000 00:17 482288                     /var/cache/fontconfig/9d2451b1fd30e5bffe8383fd27c35478-le64.cache-7
7f9d84062000-7f9d84075000 r--s 00000000 00:17 133216                     /var/cache/fontconfig/d52a8644073d54c13679302ca1180695-le64.cache-7
7f9d84075000-7f9d84111000 r-xp 00000000 00:17 28163                      /usr/lib/x86_64-linux-gnu/libharfbuzz.so.0.10702.0
7f9d84111000-7f9d84311000 ---p 0009c000 00:17 28163                      /usr/lib/x86_64-linux-gnu/libharfbuzz.so.0.10702.0
7f9d84311000-7f9d84312000 r--p 0009c000 00:17 28163                      /usr/lib/x86_64-linux-gnu/libharfbuzz.so.0.10702.0
7f9d84312000-7f9d84313000 rw-p 0009d000 00:17 28163                      /usr/lib/x86_64-linux-gnu/libharfbuzz.so.0.10702.0
7f9d84313000-7f9d84383000 r-xp 00000000 00:17 12396                      /lib/x86_64-linux-gnu/libpcre.so.3.13.3
7f9d84383000-7f9d84583000 ---p 00070000 00:17 12396                      /lib/x86_64-linux-gnu/libpcre.so.3.13.3
7f9d84583000-7f9d84584000 r--p 00070000 00:17 12396                      /lib/x86_64-linux-gnu/libpcre.so.3.13.3
7f9d84584000-7f9d84585000 rw-p 00071000 00:17 12396                      /lib/x86_64-linux-gnu/libpcre.so.3.13.3
7f9d84585000-7f9d845d6000 r-xp 00000000 00:17 308140                     /lib/x86_64-linux-gnu/libmount.so.1.1.0
7f9d845d6000-7f9d847d5000 ---p 00051000 00:17 308140                     /lib/x86_64-linux-gnu/libmount.so.1.1.0
7f9d847d5000-7f9d847d7000 r--p 00050000 00:17 308140                     /lib/x86_64-linux-gnu/libmount.so.1.1.0
7f9d847d7000-7f9d847d8000 rw-p 00052000 00:17 308140                     /lib/x86_64-linux-gnu/libmount.so.1.1.0
7f9d847d8000-7f9d847d9000 rw-p 00000000 00:00 0 
7f9d847d9000-7f9d847f0000 r-xp 00000000 00:17 12413                      /lib/x86_64-linux-gnu/libresolv-2.27.so
7f9d847f0000-7f9d849f0000 ---p 00017000 00:17 12413                      /lib/x86_64-linux-gnu/libresolv-2.27.so
7f9d849f0000-7f9d849f1000 r--p 00017000 00:17 12413                      /lib/x86_64-linux-gnu/libresolv-2.27.so
7f9d849f1000-7f9d849f2000 rw-p 00018000 00:17 12413                      /lib/x86_64-linux-gnu/libresolv-2.27.so
7f9d849f2000-7f9d849f4000 rw-p 00000000 00:00 0 
7f9d849f4000-7f9d84a19000 r-xp 00000000 00:17 12419                      /lib/x86_64-linux-gnu/libselinux.so.1
7f9d84a19000-7f9d84c18000 ---p 00025000 00:17 12419                      /lib/x86_64-linux-gnu/libselinux.so.1
7f9d84c18000-7f9d84c19000 r--p 00024000 00:17 12419                      /lib/x86_64-linux-gnu/libselinux.so.1
7f9d84c19000-7f9d84c1a000 rw-p 00025000 00:17 12419                      /lib/x86_64-linux-gnu/libselinux.so.1
7f9d84c1a000-7f9d84c1c000 rw-p 00000000 00:00 0 
7f9d84c1c000-7f9d84c28000 r-xp 00000000 00:17 28779                      /usr/lib/x86_64-linux-gnu/libxcb-render.so.0.0.0
7f9d84c28000-7f9d84e27000 ---p 0000c000 00:17 28779                      /usr/lib/x86_64-linux-gnu/libxcb-render.so.0.0.0
7f9d84e27000-7f9d84e28000 r--p 0000b000 00:17 28779                      /usr/lib/x86_64-linux-gnu/libxcb-render.so.0.0.0
7f9d84e28000-7f9d84e29000 rw-p 0000c000 00:17 28779                      /usr/lib/x86_64-linux-gnu/libxcb-render.so.0.0.0
7f9d84e29000-7f9d84e2b000 r-xp 00000000 00:17 28785                      /usr/lib/x86_64-linux-gnu/libxcb-shm.so.0.0.0
7f9d84e2b000-7f9d8502a000 ---p 00002000 00:17 28785                      /usr/lib/x86_64-linux-gnu/libxcb-shm.so.0.0.0
7f9d8502a000-7f9d8502b000 r--p 00001000 00:17 28785                      /usr/lib/x86_64-linux-gnu/libxcb-shm.so.0.0.0
7f9d8502b000-7f9d8502c000 rw-p 00002000 00:17 28785                      /usr/lib/x86_64-linux-gnu/libxcb-shm.so.0.0.0
7f9d8502c000-7f9d8505d000 r-xp 00000000 00:17 345702                     /usr/lib/x86_64-linux-gnu/libpng16.so.16.34.0
7f9d8505d000-7f9d8525c000 ---p 00031000 00:17 345702                     /usr/lib/x86_64-linux-gnu/libpng16.so.16.34.0
7f9d8525c000-7f9d8525d000 r--p 00030000 00:17 345702                     /usr/lib/x86_64-linux-gnu/libpng16.so.16.34.0
7f9d8525d000-7f9d8525e000 rw-p 00031000 00:17 345702                     /usr/lib/x86_64-linux-gnu/libpng16.so.16.34.0
7f9d8525e000-7f9d8530b000 r-xp 00000000 00:17 27969                      /usr/lib/x86_64-linux-gnu/libfreetype.so.6.15.0
7f9d8530b000-7f9d8550a000 ---p 000ad000 00:17 27969                      /usr/lib/x86_64-linux-gnu/libfreetype.so.6.15.0
7f9d8550a000-7f9d85511000 r--p 000ac000 00:17 27969                      /usr/lib/x86_64-linux-gnu/libfreetype.so.6.15.0
7f9d85511000-7f9d85512000 rw-p 000b3000 00:17 27969                      /usr/lib/x86_64-linux-gnu/libfreetype.so.6.15.0
7f9d85512000-7f9d855af000 r-xp 00000000 00:17 28451                      /usr/lib/x86_64-linux-gnu/libpixman-1.so.0.34.0
7f9d855af000-7f9d857ae000 ---p 0009d000 00:17 28451                      /usr/lib/x86_64-linux-gnu/libpixman-1.so.0.34.0
7f9d857ae000-7f9d857b6000 r--p 0009c000 00:17 28451                      /usr/lib/x86_64-linux-gnu/libpixman-1.so.0.34.0
7f9d857b6000-7f9d857b7000 rw-p 000a4000 00:17 28451                      /usr/lib/x86_64-linux-gnu/libpixman-1.so.0.34.0
7f9d857b7000-7f9d857b9000 r-xp 00000000 00:17 27594                      /usr/lib/x86_64-linux-gnu/libXcomposite.so.1.0.0
7f9d857b9000-7f9d859b8000 ---p 00002000 00:17 27594                      /usr/lib/x86_64-linux-gnu/libXcomposite.so.1.0.0
7f9d859b8000-7f9d859b9000 r--p 00001000 00:17 27594                      /usr/lib/x86_64-linux-gnu/libXcomposite.so.1.0.0
7f9d859b9000-7f9d859ba000 rw-p 00002000 00:17 27594                      /usr/lib/x86_64-linux-gnu/libXcomposite.so.1.0.0
7f9d859ba000-7f9d859c3000 r-xp 00000000 00:17 27596                      /usr/lib/x86_64-linux-gnu/libXcursor.so.1.0.2
7f9d859c3000-7f9d85bc2000 ---p 00009000 00:17 27596                      /usr/lib/x86_64-linux-gnu/libXcursor.so.1.0.2
7f9d85bc2000-7f9d85bc3000 r--p 00008000 00:17 27596                      /usr/lib/x86_64-linux-gnu/libXcursor.so.1.0.2
7f9d85bc3000-7f9d85bc4000 rw-p 00009000 00:17 27596                      /usr/lib/x86_64-linux-gnu/libXcursor.so.1.0.2
7f9d85bc4000-7f9d85bce000 r-xp 00000000 00:17 27620                      /usr/lib/x86_64-linux-gnu/libXrandr.so.2.2.0
7f9d85bce000-7f9d85dcd000 ---p 0000a000 00:17 27620                      /usr/lib/x86_64-linux-gnu/libXrandr.so.2.2.0
7f9d85dcd000-7f9d85dce000 r--p 00009000 00:17 27620                      /usr/lib/x86_64-linux-gnu/libXrandr.so.2.2.0
7f9d85dce000-7f9d85dcf000 rw-p 0000a000 00:17 27620                      /usr/lib/x86_64-linux-gnu/libXrandr.so.2.2.0
7f9d85dcf000-7f9d85dde000 r-xp 00000000 00:17 27610                      /usr/lib/x86_64-linux-gnu/libXi.so.6.1.0
7f9d85dde000-7f9d85fdd000 ---p 0000f000 00:17 27610                      /usr/lib/x86_64-linux-gnu/libXi.so.6.1.0
7f9d85fdd000-7f9d85fde000 r--p 0000e000 00:17 27610                      /usr/lib/x86_64-linux-gnu/libXi.so.6.1.0
7f9d85fde000-7f9d85fdf000 rw-p 0000f000 00:17 27610                      /usr/lib/x86_64-linux-gnu/libXi.so.6.1.0
7f9d85fdf000-7f9d85fe1000 r-xp 00000000 00:17 27612                      /usr/lib/x86_64-linux-gnu/libXinerama.so.1.0.0
7f9d85fe1000-7f9d861e0000 ---p 00002000 00:17 27612                      /usr/lib/x86_64-linux-gnu/libXinerama.so.1.0.0
7f9d861e0000-7f9d861e1000 r--p 00001000 00:17 27612                      /usr/lib/x86_64-linux-gnu/libXinerama.so.1.0.0
7f9d861e1000-7f9d861e2000 rw-p 00002000 00:17 27612                      /usr/lib/x86_64-linux-gnu/libXinerama.so.1.0.0
7f9d861e2000-7f9d861eb000 r-xp 00000000 00:17 27622                      /usr/lib/x86_64-linux-gnu/libXrender.so.1.3.0
7f9d861eb000-7f9d863ea000 ---p 00009000 00:17 27622                      /usr/lib/x86_64-linux-gnu/libXrender.so.1.3.0
7f9d863ea000-7f9d863eb000 r--p 00008000 00:17 27622                      /usr/lib/x86_64-linux-gnu/libXrender.so.1.3.0
7f9d863eb000-7f9d863ec000 rw-p 00009000 00:17 27622                      /usr/lib/x86_64-linux-gnu/libXrender.so.1.3.0
7f9d863ec000-7f9d8642a000 r-xp 00000000 00:17 27951                      /usr/lib/x86_64-linux-gnu/libfontconfig.so.1.10.1
7f9d8642a000-7f9d8662a000 ---p 0003e000 00:17 27951                      /usr/lib/x86_64-linux-gnu/libfontconfig.so.1.10.1
7f9d8662a000-7f9d8662c000 r--p 0003e000 00:17 27951                      /usr/lib/x86_64-linux-gnu/libfontconfig.so.1.10.1
7f9d8662c000-7f9d86631000 rw-p 00040000 00:17 27951                      /usr/lib/x86_64-linux-gnu/libfontconfig.so.1.10.1
7f9d86631000-7f9d8667b000 r-xp 00000000 00:17 435607                     /usr/lib/x86_64-linux-gnu/libpango-1.0.so.0.4000.14
7f9d8667b000-7f9d8687a000 ---p 0004a000 00:17 435607                     /usr/lib/x86_64-linux-gnu/libpango-1.0.so.0.4000.14
7f9d8687a000-7f9d8687d000 r--p 00049000 00:17 435607                     /usr/lib/x86_64-linux-gnu/libpango-1.0.so.0.4000.14
7f9d8687d000-7f9d8687e000 rw-p 0004c000 00:17 435607                     /usr/lib/x86_64-linux-gnu/libpango-1.0.so.0.4000.14
7f9d8687e000-7f9d86892000 r-xp 00000000 00:17 435629                     /usr/lib/x86_64-linux-gnu/libpangoft2-1.0.so.0.4000.14
7f9d86892000-7f9d86a92000 ---p 00014000 00:17 435629                     /usr/lib/x86_64-linux-gnu/libpangoft2-1.0.so.0.4000.14
7f9d86a92000-7f9d86a93000 r--p 00014000 00:17 435629                     /usr/lib/x86_64-linux-gnu/libpangoft2-1.0.so.0.4000.14
7f9d86a93000-7f9d86a94000 rw-p 00015000 00:17 435629                     /usr/lib/x86_64-linux-gnu/libpangoft2-1.0.so.0.4000.14
7f9d86a94000-7f9d86ab6000 r-xp 00000000 00:17 27675                      /usr/lib/x86_64-linux-gnu/libatk-1.0.so.0.22810.1
7f9d86ab6000-7f9d86cb6000 ---p 00022000 00:17 27675                      /usr/lib/x86_64-linux-gnu/libatk-1.0.so.0.22810.1
7f9d86cb6000-7f9d86cb9000 r--p 00022000 00:17 27675                      /usr/lib/x86_64-linux-gnu/libatk-1.0.so.0.22810.1
7f9d86cb9000-7f9d86cba000 rw-p 00025000 00:17 27675                      /usr/lib/x86_64-linux-gnu/libatk-1.0.so.0.22810.1
7f9d86cba000-7f9d86cc6000 r-xp 00000000 00:17 435648                     /usr/lib/x86_64-linux-gnu/libpangocairo-1.0.so.0.4000.14
7f9d86cc6000-7f9d86ec5000 ---p 0000c000 00:17 435648                     /usr/lib/x86_64-linux-gnu/libpangocairo-1.0.so.0.4000.14
7f9d86ec5000-7f9d86ec6000 r--p 0000b000 00:17 435648                     /usr/lib/x86_64-linux-gnu/libpangocairo-1.0.so.0.4000.14
7f9d86ec6000-7f9d86ec7000 rw-p 0000c000 00:17 435648                     /usr/lib/x86_64-linux-gnu/libpangocairo-1.0.so.0.4000.14
7f9d86ec7000-7f9d86eca000 r-xp 00000000 00:17 433208                     /usr/lib/x86_64-linux-gnu/libgmodule-2.0.so.0.5600.2
7f9d86eca000-7f9d870c9000 ---p 00003000 00:17 433208                     /usr/lib/x86_64-linux-gnu/libgmodule-2.0.so.0.5600.2
7f9d870c9000-7f9d870ca000 r--p 00002000 00:17 433208                     /usr/lib/x86_64-linux-gnu/libgmodule-2.0.so.0.5600.2
7f9d870ca000-7f9d870cb000 rw-p 00003000 00:17 433208                     /usr/lib/x86_64-linux-gnu/libgmodule-2.0.so.0.5600.2
7f9d870cb000-7f9d870d0000 r-xp 00000000 00:17 27628                      /usr/lib/x86_64-linux-gnu/libXtst.so.6.1.0
7f9d870d0000-7f9d872cf000 ---p 00005000 00:17 27628                      /usr/lib/x86_64-linux-gnu/libXtst.so.6.1.0
7f9d872cf000-7f9d872d0000 r--p 00004000 00:17 27628                      /usr/lib/x86_64-linux-gnu/libXtst.so.6.1.0
7f9d872d0000-7f9d872d1000 rw-p 00005000 00:17 27628                      /usr/lib/x86_64-linux-gnu/libXtst.so.6.1.0
7f9d872d1000-7f9d873e4000 r-xp 00000000 00:17 433207                     /usr/lib/x86_64-linux-gnu/libglib-2.0.so.0.5600.2
7f9d873e4000-7f9d875e4000 ---p 00113000 00:17 433207                     /usr/lib/x86_64-linux-gnu/libglib-2.0.so.0.5600.2
7f9d875e4000-7f9d875e5000 r--p 00113000 00:17 433207                     /usr/lib/x86_64-linux-gnu/libglib-2.0.so.0.5600.2
7f9d875e5000-7f9d875e6000 rw-p 00114000 00:17 433207                     /usr/lib/x86_64-linux-gnu/libglib-2.0.so.0.5600.2
7f9d875e6000-7f9d875e7000 rw-p 00000000 00:00 0 
7f9d875e7000-7f9d875e8000 r-xp 00000000 00:17 433210                     /usr/lib/x86_64-linux-gnu/libgthread-2.0.so.0.5600.2
7f9d875e8000-7f9d877e7000 ---p 00001000 00:17 433210                     /usr/lib/x86_64-linux-gnu/libgthread-2.0.so.0.5600.2
7f9d877e7000-7f9d877e8000 r--p 00000000 00:17 433210                     /usr/lib/x86_64-linux-gnu/libgthread-2.0.so.0.5600.2
7f9d877e8000-7f9d877e9000 rw-p 00001000 00:17 433210                     /usr/lib/x86_64-linux-gnu/libgthread-2.0.so.0.5600.2
7f9d877e9000-7f9d8783b000 r-xp 00000000 00:17 433209                     /usr/lib/x86_64-linux-gnu/libgobject-2.0.so.0.5600.2
7f9d8783b000-7f9d87a3b000 ---p 00052000 00:17 433209                     /usr/lib/x86_64-linux-gnu/libgobject-2.0.so.0.5600.2
7f9d87a3b000-7f9d87a3c000 r--p 00052000 00:17 433209                     /usr/lib/x86_64-linux-gnu/libgobject-2.0.so.0.5600.2
7f9d87a3c000-7f9d87a3d000 rw-p 00053000 00:17 433209                     /usr/lib/x86_64-linux-gnu/libgobject-2.0.so.0.5600.2
7f9d87a3d000-7f9d87bd2000 r-xp 00000000 00:17 433206                     /usr/lib/x86_64-linux-gnu/libgio-2.0.so.0.5600.2
7f9d87bd2000-7f9d87dd2000 ---p 00195000 00:17 433206                     /usr/lib/x86_64-linux-gnu/libgio-2.0.so.0.5600.2
7f9d87dd2000-7f9d87dd9000 r--p 00195000 00:17 433206                     /usr/lib/x86_64-linux-gnu/libgio-2.0.so.0.5600.2
7f9d87dd9000-7f9d87dda000 rw-p 0019c000 00:17 433206                     /usr/lib/x86_64-linux-gnu/libgio-2.0.so.0.5600.2
7f9d87dda000-7f9d87ddc000 rw-p 00000000 00:00 0 
7f9d87ddc000-7f9d87dfe000 r-xp 00000000 00:17 28007                      /usr/lib/x86_64-linux-gnu/libgdk_pixbuf-2.0.so.0.3611.0
7f9d87dfe000-7f9d87ffe000 ---p 00022000 00:17 28007                      /usr/lib/x86_64-linux-gnu/libgdk_pixbuf-2.0.so.0.3611.0
7f9d87ffe000-7f9d87fff000 r--p 00022000 00:17 28007                      /usr/lib/x86_64-linux-gnu/libgdk_pixbuf-2.0.so.0.3611.0
7f9d87fff000-7f9d88000000 rw-p 00023000 00:17 28007                      /usr/lib/x86_64-linux-gnu/libgdk_pixbuf-2.0.so.0.3611.0
7f9d88000000-7f9d88021000 rw-p 00000000 00:00 0 
7f9d88021000-7f9d8c000000 ---p 00000000 00:00 0 
7f9d8c000000-7f9d8c001000 r--s 00000000 00:17 133176                     /var/cache/fontconfig/3f589640d34b7dc9042c8d453f7c8b9c-le64.cache-7
7f9d8c001000-7f9d8c002000 r--s 00000000 00:17 133166                     /var/cache/fontconfig/16c2fda60d1b4b719f4b3d06fd951d25-le64.cache-7
7f9d8c002000-7f9d8c003000 r--s 00000000 00:17 133205                     /var/cache/fontconfig/a48eab177a16e4f3713381162db2f3e9-le64.cache-7
7f9d8c003000-7f9d8c004000 r--s 00000000 00:17 133186                     /var/cache/fontconfig/564b2e68ac9bc4e36a6f7f6d6125ec1c-le64.cache-7
7f9d8c004000-7f9d8c00a000 r--s 00000000 00:17 482286                     /var/cache/fontconfig/3047814df9a2f067bd2d96a2b9c36e5a-le64.cache-7
7f9d8c00a000-7f9d8c00b000 r--s 00000000 00:17 133187                     /var/cache/fontconfig/56cf4f4769d0f4abc89a4895d7bd3ae1-le64.cache-7
7f9d8c00b000-7f9d8c00c000 r--s 00000000 00:17 133209                     /var/cache/fontconfig/b9d506c9ac06c20b433354fa67a72993-le64.cache-7
7f9d8c00c000-7f9d8c012000 r--s 00000000 00:17 133207                     /var/cache/fontconfig/b47c4e1ecd0709278f4910c18777a504-le64.cache-7
7f9d8c012000-7f9d8c013000 r--s 00000000 00:17 133174                     /var/cache/fontconfig/370e5b74bf5dafc30834de68e24a87a4-le64.cache-7
7f9d8c013000-7f9d8c014000 r--s 00000000 00:17 406747                     /var/cache/fontconfig/6b2c5944714ca7831b25bed9e85cb5c8-le64.cache-7
7f9d8c014000-7f9d8c015000 r--s 00000000 00:17 133215                     /var/cache/fontconfig/d5178ab6d91b49bf20a416737dcea9e8-le64.cache-7
7f9d8c015000-7f9d8c016000 r--s 00000000 00:17 406745                     /var/cache/fontconfig/551ecf3b0e8b0bca0f25c0944f561853-le64.cache-7
7f9d8c016000-7f9d8c019000 r--s 00000000 00:17 406743                     /var/cache/fontconfig/f259c2cffa685e28062317905db73c4a-le64.cache-7
7f9d8c019000-7f9d8c01b000 r--s 00000000 00:17 406741                     /var/cache/fontconfig/550f3886151c940c12a5ed35f6a00586-le64.cache-7
7f9d8c01b000-7f9d8c01e000 r--s 00000000 00:17 406739                     /var/cache/fontconfig/674d1711f2d1d2a09646eb0bdcadee49-le64.cache-7
7f9d8c01e000-7f9d8c01f000 r--s 00000000 00:17 133177                     /var/cache/fontconfig/3f7329c5293ffd510edef78f73874cfd-le64.cache-7
7f9d8c01f000-7f9d8c02b000 r--s 00000000 00:17 239568                     /var/cache/fontconfig/d589a48862398ed80a3d6066f4f56f4c-le64.cache-7
7f9d8c02b000-7f9d8c02c000 r--s 00000000 00:17 133163                     /var/cache/fontconfig/0c9eb80ebd1c36541ebe2852d3bb0c49-le64.cache-7
7f9d8c02c000-7f9d8c02d000 r--s 00000000 00:17 133170                     /var/cache/fontconfig/22368d551a680bfe5a62c02760edf4ea-le64.cache-7
7f9d8c02d000-7f9d8c04c000 r--s 00000000 00:17 133202                     /var/cache/fontconfig/9b89f8e3dae116d678bbf48e5f21f69b-le64.cache-7
7f9d8c04c000-7f9d8c04f000 ---p 00000000 00:00 0 
7f9d8c04f000-7f9d8c14d000 rw-p 00000000 00:00 0 
7f9d8c14d000-7f9d8c17a000 r--p 00000000 00:17 345345                     /usr/share/locale-langpack/ja/LC_MESSAGES/gtk20-properties.mo
7f9d8c17a000-7f9d8c292000 r-xp 00000000 00:17 27744                      /usr/lib/x86_64-linux-gnu/libcairo.so.2.11510.0
7f9d8c292000-7f9d8c491000 ---p 00118000 00:17 27744                      /usr/lib/x86_64-linux-gnu/libcairo.so.2.11510.0
7f9d8c491000-7f9d8c494000 r--p 00117000 00:17 27744                      /usr/lib/x86_64-linux-gnu/libcairo.so.2.11510.0
7f9d8c494000-7f9d8c496000 rw-p 0011a000 00:17 27744                      /usr/lib/x86_64-linux-gnu/libcairo.so.2.11510.0
7f9d8c496000-7f9d8c497000 rw-p 00000000 00:00 0 
7f9d8c497000-7f9d8c547000 r-xp 00000000 00:17 28005                      /usr/lib/x86_64-linux-gnu/libgdk-x11-2.0.so.0.2400.32
7f9d8c547000-7f9d8c746000 ---p 000b0000 00:17 28005                      /usr/lib/x86_64-linux-gnu/libgdk-x11-2.0.so.0.2400.32
7f9d8c746000-7f9d8c74a000 r--p 000af000 00:17 28005                      /usr/lib/x86_64-linux-gnu/libgdk-x11-2.0.so.0.2400.32
7f9d8c74a000-7f9d8c74c000 rw-p 000b3000 00:17 28005                      /usr/lib/x86_64-linux-gnu/libgdk-x11-2.0.so.0.2400.32
7f9d8c74c000-7f9d8cb81000 r-xp 00000000 00:17 28138                      /usr/lib/x86_64-linux-gnu/libgtk-x11-2.0.so.0.2400.32
7f9d8cb81000-7f9d8cd80000 ---p 00435000 00:17 28138                      /usr/lib/x86_64-linux-gnu/libgtk-x11-2.0.so.0.2400.32
7f9d8cd80000-7f9d8cd87000 r--p 00434000 00:17 28138                      /usr/lib/x86_64-linux-gnu/libgtk-x11-2.0.so.0.2400.32
7f9d8cd87000-7f9d8cd8b000 rw-p 0043b000 00:17 28138                      /usr/lib/x86_64-linux-gnu/libgtk-x11-2.0.so.0.2400.32
7f9d8cd8b000-7f9d8cd8e000 rw-p 00000000 00:00 0 
7f9d8cd8e000-7f9d8cdb6000 r-xp 00000000 00:17 633373                     /usr/lib/jvm/java-8-openjdk-amd64/jre/lib/amd64/libglass.so
7f9d8cdb6000-7f9d8cfb6000 ---p 00028000 00:17 633373                     /usr/lib/jvm/java-8-openjdk-amd64/jre/lib/amd64/libglass.so
7f9d8cfb6000-7f9d8cfb7000 r--p 00028000 00:17 633373                     /usr/lib/jvm/java-8-openjdk-amd64/jre/lib/amd64/libglass.so
7f9d8cfb7000-7f9d8cfb8000 rw-p 00029000 00:17 633373                     /usr/lib/jvm/java-8-openjdk-amd64/jre/lib/amd64/libglass.so
7f9d8cfb8000-7f9d8cfc6000 r-xp 00000000 00:17 633383                     /usr/lib/jvm/java-8-openjdk-amd64/jre/lib/amd64/libprism_sw.so
7f9d8cfc6000-7f9d8d1c6000 ---p 0000e000 00:17 633383                     /usr/lib/jvm/java-8-openjdk-amd64/jre/lib/amd64/libprism_sw.so
7f9d8d1c6000-7f9d8d1c7000 r--p 0000e000 00:17 633383                     /usr/lib/jvm/java-8-openjdk-amd64/jre/lib/amd64/libprism_sw.so
7f9d8d1c7000-7f9d8d1c8000 rw-p 0000f000 00:17 633383                     /usr/lib/jvm/java-8-openjdk-amd64/jre/lib/amd64/libprism_sw.so
7f9d8d1c8000-7f9d8d1c9000 ---p 00000000 00:00 0 
7f9d8d1c9000-7f9d8d9c9000 rw-p 00000000 00:00 0 
7f9d8d9c9000-7f9d8d9ca000 ---p 00000000 00:00 0 
7f9d8d9ca000-7f9d8e1ca000 rw-p 00000000 00:00 0 
7f9d8e1ca000-7f9d8e1ef000 r-xp 00000000 00:17 349926                     /lib/x86_64-linux-gnu/libtinfo.so.5.9
7f9d8e1ef000-7f9d8e3ef000 ---p 00025000 00:17 349926                     /lib/x86_64-linux-gnu/libtinfo.so.5.9
7f9d8e3ef000-7f9d8e3f3000 r--p 00025000 00:17 349926                     /lib/x86_64-linux-gnu/libtinfo.so.5.9
7f9d8e3f3000-7f9d8e3f4000 rw-p 00029000 00:17 349926                     /lib/x86_64-linux-gnu/libtinfo.so.5.9
7f9d8e3f4000-7f9d8e425000 r-xp 00000000 00:17 27893                      /usr/lib/x86_64-linux-gnu/libedit.so.2.0.56
7f9d8e425000-7f9d8e624000 ---p 00031000 00:17 27893                      /usr/lib/x86_64-linux-gnu/libedit.so.2.0.56
7f9d8e624000-7f9d8e626000 r--p 00030000 00:17 27893                      /usr/lib/x86_64-linux-gnu/libedit.so.2.0.56
7f9d8e626000-7f9d8e627000 rw-p 00032000 00:17 27893                      /usr/lib/x86_64-linux-gnu/libedit.so.2.0.56
7f9d8e627000-7f9d8e62b000 rw-p 00000000 00:00 0 
7f9d8e62b000-7f9d8e632000 r-xp 00000000 00:17 27937                      /usr/lib/x86_64-linux-gnu/libffi.so.6.0.4
7f9d8e632000-7f9d8e831000 ---p 00007000 00:17 27937                      /usr/lib/x86_64-linux-gnu/libffi.so.6.0.4
7f9d8e831000-7f9d8e832000 r--p 00006000 00:17 27937                      /usr/lib/x86_64-linux-gnu/libffi.so.6.0.4
7f9d8e832000-7f9d8e833000 rw-p 00007000 00:17 27937                      /usr/lib/x86_64-linux-gnu/libffi.so.6.0.4
7f9d8e833000-7f9d91ef5000 r-xp 00000000 00:17 27548                      /usr/lib/x86_64-linux-gnu/libLLVM-6.0.so.1
7f9d91ef5000-7f9d91ef6000 ---p 036c2000 00:17 27548                      /usr/lib/x86_64-linux-gnu/libLLVM-6.0.so.1
7f9d91ef6000-7f9d92266000 r--p 036c2000 00:17 27548                      /usr/lib/x86_64-linux-gnu/libLLVM-6.0.so.1
7f9d92266000-7f9d92274000 rw-p 03a32000 00:17 27548                      /usr/lib/x86_64-linux-gnu/libLLVM-6.0.so.1
7f9d92274000-7f9d922cf000 rw-p 00000000 00:00 0 
7f9d922cf000-7f9d922e8000 r-xp 00000000 00:17 27898                      /usr/lib/x86_64-linux-gnu/libelf-0.170.so
7f9d922e8000-7f9d924e7000 ---p 00019000 00:17 27898                      /usr/lib/x86_64-linux-gnu/libelf-0.170.so
7f9d924e7000-7f9d924e8000 r--p 00018000 00:17 27898                      /usr/lib/x86_64-linux-gnu/libelf-0.170.so
7f9d924e8000-7f9d924e9000 rw-p 00019000 00:17 27898                      /usr/lib/x86_64-linux-gnu/libelf-0.170.so
7f9d924e9000-7f9d924f2000 r-xp 00000000 00:17 27863                      /usr/lib/x86_64-linux-gnu/libdrm_amdgpu.so.1.0.0
7f9d924f2000-7f9d926f1000 ---p 00009000 00:17 27863                      /usr/lib/x86_64-linux-gnu/libdrm_amdgpu.so.1.0.0
7f9d926f1000-7f9d926f2000 r--p 00008000 00:17 27863                      /usr/lib/x86_64-linux-gnu/libdrm_amdgpu.so.1.0.0
7f9d926f2000-7f9d926f3000 rw-p 00009000 00:17 27863                      /usr/lib/x86_64-linux-gnu/libdrm_amdgpu.so.1.0.0
7f9d926f3000-7f9d926fe000 r-xp 00000000 00:17 27869                      /usr/lib/x86_64-linux-gnu/libdrm_radeon.so.1.0.1
7f9d926fe000-7f9d928fd000 ---p 0000b000 00:17 27869                      /usr/lib/x86_64-linux-gnu/libdrm_radeon.so.1.0.1
7f9d928fd000-7f9d928fe000 r--p 0000a000 00:17 27869                      /usr/lib/x86_64-linux-gnu/libdrm_radeon.so.1.0.1
7f9d928fe000-7f9d928ff000 rw-p 0000b000 00:17 27869                      /usr/lib/x86_64-linux-gnu/libdrm_radeon.so.1.0.1
7f9d928ff000-7f9d92906000 r-xp 00000000 00:17 27867                      /usr/lib/x86_64-linux-gnu/libdrm_nouveau.so.2.0.0
7f9d92906000-7f9d92b05000 ---p 00007000 00:17 27867                      /usr/lib/x86_64-linux-gnu/libdrm_nouveau.so.2.0.0
7f9d92b05000-7f9d92b06000 r--p 00006000 00:17 27867                      /usr/lib/x86_64-linux-gnu/libdrm_nouveau.so.2.0.0
7f9d92b06000-7f9d92b07000 rw-p 00007000 00:17 27867                      /usr/lib/x86_64-linux-gnu/libdrm_nouveau.so.2.0.0
7f9d92b07000-7f9d92b15000 r-xp 00000000 00:17 28559                      /usr/lib/x86_64-linux-gnu/libsensors.so.4.4.0
7f9d92b15000-7f9d92d14000 ---p 0000e000 00:17 28559                      /usr/lib/x86_64-linux-gnu/libsensors.so.4.4.0
7f9d92d14000-7f9d92d15000 r--p 0000d000 00:17 28559                      /usr/lib/x86_64-linux-gnu/libsensors.so.4.4.0
7f9d92d15000-7f9d92d16000 rw-p 0000e000 00:17 28559                      /usr/lib/x86_64-linux-gnu/libsensors.so.4.4.0
7f9d92d16000-7f9d93793000 r-xp 00000000 00:17 346847                     /usr/lib/x86_64-linux-gnu/dri/swrast_dri.so
7f9d93793000-7f9d93992000 ---p 00a7d000 00:17 346847                     /usr/lib/x86_64-linux-gnu/dri/swrast_dri.so
7f9d93992000-7f9d939e7000 r--p 00a7c000 00:17 346847                     /usr/lib/x86_64-linux-gnu/dri/swrast_dri.so
7f9d939e7000-7f9d939f0000 rw-p 00ad1000 00:17 346847                     /usr/lib/x86_64-linux-gnu/dri/swrast_dri.so
7f9d939f0000-7f9d93be9000 rw-p 00000000 00:00 0 
7f9d93be9000-7f9d93bf9000 r-xp 00000000 00:17 27861                      /usr/lib/x86_64-linux-gnu/libdrm.so.2.4.0
7f9d93bf9000-7f9d93df8000 ---p 00010000 00:17 27861                      /usr/lib/x86_64-linux-gnu/libdrm.so.2.4.0
7f9d93df8000-7f9d93df9000 r--p 0000f000 00:17 27861                      /usr/lib/x86_64-linux-gnu/libdrm.so.2.4.0
7f9d93df9000-7f9d93dfa000 rw-p 00010000 00:17 27861                      /usr/lib/x86_64-linux-gnu/libdrm.so.2.4.0
7f9d93dfa000-7f9d93dff000 r-xp 00000000 00:17 27638                      /usr/lib/x86_64-linux-gnu/libXxf86vm.so.1.0.0
7f9d93dff000-7f9d93ffe000 ---p 00005000 00:17 27638                      /usr/lib/x86_64-linux-gnu/libXxf86vm.so.1.0.0
7f9d93ffe000-7f9d93fff000 r--p 00004000 00:17 27638                      /usr/lib/x86_64-linux-gnu/libXxf86vm.so.1.0.0
7f9d93fff000-7f9d94000000 rw-p 00005000 00:17 27638                      /usr/lib/x86_64-linux-gnu/libXxf86vm.so.1.0.0
7f9d94000000-7f9d94021000 rw-p 00000000 00:00 0 
7f9d94021000-7f9d98000000 ---p 00000000 00:00 0 
7f9d98000000-7f9d9892a000 rw-p 00000000 00:00 0 
7f9d9892a000-7f9d9c000000 ---p 00000000 00:00 0 
7f9d9c000000-7f9d9c5e7000 rw-p 00000000 00:00 0 
7f9d9c5e7000-7f9da0000000 ---p 00000000 00:00 0 
7f9da0000000-7f9da0021000 rw-p 00000000 00:00 0 
7f9da0021000-7f9da4000000 ---p 00000000 00:00 0 
7f9da4000000-7f9da4021000 rw-p 00000000 00:00 0 
7f9da4021000-7f9da8000000 ---p 00000000 00:00 0 
7f9da8000000-7f9da93ba000 rw-p 00000000 00:00 0 
7f9da93ba000-7f9dac000000 ---p 00000000 00:00 0 
7f9dac000000-7f9dac021000 rw-p 00000000 00:00 0 
7f9dac021000-7f9db0000000 ---p 00000000 00:00 0 
7f9db0000000-7f9db0021000 rw-p 00000000 00:00 0 
7f9db0021000-7f9db4000000 ---p 00000000 00:00 0 
7f9db4000000-7f9db4001000 r--s 00000000 00:17 133182                     /var/cache/fontconfig/4d9c95eba1cb85bbcf2878543262124a-le64.cache-7
7f9db4001000-7f9db4002000 r--s 00000000 00:17 133199                     /var/cache/fontconfig/85e0a52ce643a7ba2ae53e5d6949cead-le64.cache-7
7f9db4002000-7f9db4003000 r--s 00000000 00:17 133179                     /var/cache/fontconfig/49f0de54bdd920fe4f0dfd4cbac43e6b-le64.cache-7
7f9db4003000-7f9db4027000 r--p 00000000 00:17 345544                     /usr/share/locale-langpack/ja/LC_MESSAGES/libc.mo
7f9db4027000-7f9db402b000 r-xp 00000000 00:17 28761                      /usr/lib/x86_64-linux-gnu/libxcb-dri2.so.0.0.0
7f9db402b000-7f9db422a000 ---p 00004000 00:17 28761                      /usr/lib/x86_64-linux-gnu/libxcb-dri2.so.0.0.0
7f9db422a000-7f9db422b000 r--p 00003000 00:17 28761                      /usr/lib/x86_64-linux-gnu/libxcb-dri2.so.0.0.0
7f9db422b000-7f9db422c000 rw-p 00004000 00:17 28761                      /usr/lib/x86_64-linux-gnu/libxcb-dri2.so.0.0.0
7f9db422c000-7f9db4244000 r-xp 00000000 00:17 28765                      /usr/lib/x86_64-linux-gnu/libxcb-glx.so.0.0.0
7f9db4244000-7f9db4444000 ---p 00018000 00:17 28765                      /usr/lib/x86_64-linux-gnu/libxcb-glx.so.0.0.0
7f9db4444000-7f9db4446000 r--p 00018000 00:17 28765                      /usr/lib/x86_64-linux-gnu/libxcb-glx.so.0.0.0
7f9db4446000-7f9db4447000 rw-p 0001a000 00:17 28765                      /usr/lib/x86_64-linux-gnu/libxcb-glx.so.0.0.0
7f9db4447000-7f9db4448000 r-xp 00000000 00:17 435666                     /usr/lib/x86_64-linux-gnu/libX11-xcb.so.1.0.0
7f9db4448000-7f9db4647000 ---p 00001000 00:17 435666                     /usr/lib/x86_64-linux-gnu/libX11-xcb.so.1.0.0
7f9db4647000-7f9db4648000 r--p 00000000 00:17 435666                     /usr/lib/x86_64-linux-gnu/libX11-xcb.so.1.0.0
7f9db4648000-7f9db4649000 rw-p 00001000 00:17 435666                     /usr/lib/x86_64-linux-gnu/libX11-xcb.so.1.0.0
7f9db4649000-7f9db464e000 r-xp 00000000 00:17 27604                      /usr/lib/x86_64-linux-gnu/libXfixes.so.3.1.0
7f9db464e000-7f9db484d000 ---p 00005000 00:17 27604                      /usr/lib/x86_64-linux-gnu/libXfixes.so.3.1.0
7f9db484d000-7f9db484e000 r--p 00004000 00:17 27604                      /usr/lib/x86_64-linux-gnu/libXfixes.so.3.1.0
7f9db484e000-7f9db484f000 rw-p 00005000 00:17 27604                      /usr/lib/x86_64-linux-gnu/libXfixes.so.3.1.0
7f9db484f000-7f9db4851000 r-xp 00000000 00:17 27598                      /usr/lib/x86_64-linux-gnu/libXdamage.so.1.1.0
7f9db4851000-7f9db4a50000 ---p 00002000 00:17 27598                      /usr/lib/x86_64-linux-gnu/libXdamage.so.1.1.0
7f9db4a50000-7f9db4a51000 r--p 00001000 00:17 27598                      /usr/lib/x86_64-linux-gnu/libXdamage.so.1.1.0
7f9db4a51000-7f9db4a52000 rw-p 00002000 00:17 27598                      /usr/lib/x86_64-linux-gnu/libXdamage.so.1.1.0
7f9db4a52000-7f9db4a63000 r-xp 00000000 00:17 27602                      /usr/lib/x86_64-linux-gnu/libXext.so.6.4.0
7f9db4a63000-7f9db4c62000 ---p 00011000 00:17 27602                      /usr/lib/x86_64-linux-gnu/libXext.so.6.4.0
7f9db4c62000-7f9db4c63000 r--p 00010000 00:17 27602                      /usr/lib/x86_64-linux-gnu/libXext.so.6.4.0
7f9db4c63000-7f9db4c64000 rw-p 00011000 00:17 27602                      /usr/lib/x86_64-linux-gnu/libXext.so.6.4.0
7f9db4c64000-7f9db4c90000 r-xp 00000000 00:17 346826                     /usr/lib/x86_64-linux-gnu/libglapi.so.0.0.0
7f9db4c90000-7f9db4e8f000 ---p 0002c000 00:17 346826                     /usr/lib/x86_64-linux-gnu/libglapi.so.0.0.0
7f9db4e8f000-7f9db4e93000 r--p 0002b000 00:17 346826                     /usr/lib/x86_64-linux-gnu/libglapi.so.0.0.0
7f9db4e93000-7f9db4e94000 rw-p 0002f000 00:17 346826                     /usr/lib/x86_64-linux-gnu/libglapi.so.0.0.0
7f9db4e94000-7f9db4e95000 rw-p 00000000 00:00 0 
7f9db4e95000-7f9db4e96000 r-xp 00000000 00:17 28815                      /usr/lib/x86_64-linux-gnu/libxshmfence.so.1.0.0
7f9db4e96000-7f9db5095000 ---p 00001000 00:17 28815                      /usr/lib/x86_64-linux-gnu/libxshmfence.so.1.0.0
7f9db5095000-7f9db5096000 r--p 00000000 00:17 28815                      /usr/lib/x86_64-linux-gnu/libxshmfence.so.1.0.0
7f9db5096000-7f9db5097000 rw-p 00001000 00:17 28815                      /usr/lib/x86_64-linux-gnu/libxshmfence.so.1.0.0
7f9db5097000-7f9db509c000 r-xp 00000000 00:17 28787                      /usr/lib/x86_64-linux-gnu/libxcb-sync.so.1.0.0
7f9db509c000-7f9db529c000 ---p 00005000 00:17 28787                      /usr/lib/x86_64-linux-gnu/libxcb-sync.so.1.0.0
7f9db529c000-7f9db529d000 r--p 00005000 00:17 28787                      /usr/lib/x86_64-linux-gnu/libxcb-sync.so.1.0.0
7f9db529d000-7f9db529e000 rw-p 00006000 00:17 28787                      /usr/lib/x86_64-linux-gnu/libxcb-sync.so.1.0.0
7f9db529e000-7f9db52a0000 r-xp 00000000 00:17 28773                      /usr/lib/x86_64-linux-gnu/libxcb-present.so.0.0.0
7f9db52a0000-7f9db549f000 ---p 00002000 00:17 28773                      /usr/lib/x86_64-linux-gnu/libxcb-present.so.0.0.0
7f9db549f000-7f9db54a0000 r--p 00001000 00:17 28773                      /usr/lib/x86_64-linux-gnu/libxcb-present.so.0.0.0
7f9db54a0000-7f9db54a1000 rw-p 00002000 00:17 28773                      /usr/lib/x86_64-linux-gnu/libxcb-present.so.0.0.0
7f9db54a1000-7f9db54a4000 r-xp 00000000 00:17 28763                      /usr/lib/x86_64-linux-gnu/libxcb-dri3.so.0.0.0
7f9db54a4000-7f9db56a3000 ---p 00003000 00:17 28763                      /usr/lib/x86_64-linux-gnu/libxcb-dri3.so.0.0.0
7f9db56a3000-7f9db56a4000 r--p 00002000 00:17 28763                      /usr/lib/x86_64-linux-gnu/libxcb-dri3.so.0.0.0
7f9db56a4000-7f9db56a5000 rw-p 00003000 00:17 28763                      /usr/lib/x86_64-linux-gnu/libxcb-dri3.so.0.0.0
7f9db56a5000-7f9db56d4000 r-xp 00000000 00:17 12304                      /lib/x86_64-linux-gnu/libexpat.so.1.6.7
7f9db56d4000-7f9db58d4000 ---p 0002f000 00:17 12304                      /lib/x86_64-linux-gnu/libexpat.so.1.6.7
7f9db58d4000-7f9db58d6000 r--p 0002f000 00:17 12304                      /lib/x86_64-linux-gnu/libexpat.so.1.6.7
7f9db58d6000-7f9db58d7000 rw-p 00031000 00:17 12304                      /lib/x86_64-linux-gnu/libexpat.so.1.6.7
7f9db58d7000-7f9db5947000 r-xp 00000000 00:17 346804                     /usr/lib/x86_64-linux-gnu/libGLX_mesa.so.0.0.0
7f9db5947000-7f9db5b46000 ---p 00070000 00:17 346804                     /usr/lib/x86_64-linux-gnu/libGLX_mesa.so.0.0.0
7f9db5b46000-7f9db5b49000 r--p 0006f000 00:17 346804                     /usr/lib/x86_64-linux-gnu/libGLX_mesa.so.0.0.0
7f9db5b49000-7f9db5b4a000 rw-p 00072000 00:17 346804                     /usr/lib/x86_64-linux-gnu/libGLX_mesa.so.0.0.0
7f9db5b4a000-7f9db5b4b000 rw-p 00000000 00:00 0 
7f9db5b4b000-7f9db5b5e000 r-xp 00000000 00:17 12270                      /lib/x86_64-linux-gnu/libbsd.so.0.8.7
7f9db5b5e000-7f9db5d5d000 ---p 00013000 00:17 12270                      /lib/x86_64-linux-gnu/libbsd.so.0.8.7
7f9db5d5d000-7f9db5d5e000 r--p 00012000 00:17 12270                      /lib/x86_64-linux-gnu/libbsd.so.0.8.7
7f9db5d5e000-7f9db5d5f000 rw-p 00013000 00:17 12270                      /lib/x86_64-linux-gnu/libbsd.so.0.8.7
7f9db5d5f000-7f9db5d60000 rw-p 00000000 00:00 0 
7f9db5d60000-7f9db5d65000 r-xp 00000000 00:17 27600                      /usr/lib/x86_64-linux-gnu/libXdmcp.so.6.0.0
7f9db5d65000-7f9db5f64000 ---p 00005000 00:17 27600                      /usr/lib/x86_64-linux-gnu/libXdmcp.so.6.0.0
7f9db5f64000-7f9db5f65000 r--p 00004000 00:17 27600                      /usr/lib/x86_64-linux-gnu/libXdmcp.so.6.0.0
7f9db5f65000-7f9db5f66000 rw-p 00005000 00:17 27600                      /usr/lib/x86_64-linux-gnu/libXdmcp.so.6.0.0
7f9db5f66000-7f9db5f68000 r-xp 00000000 00:17 27589                      /usr/lib/x86_64-linux-gnu/libXau.so.6.0.0
7f9db5f68000-7f9db6168000 ---p 00002000 00:17 27589                      /usr/lib/x86_64-linux-gnu/libXau.so.6.0.0
7f9db6168000-7f9db6169000 r--p 00002000 00:17 27589                      /usr/lib/x86_64-linux-gnu/libXau.so.6.0.0
7f9db6169000-7f9db616a000 rw-p 00003000 00:17 27589                      /usr/lib/x86_64-linux-gnu/libXau.so.6.0.0
7f9db616a000-7f9db61d8000 r-xp 00000000 00:17 436482                     /usr/lib/x86_64-linux-gnu/libGLdispatch.so.0.0.0
7f9db61d8000-7f9db63d7000 ---p 0006e000 00:17 436482                     /usr/lib/x86_64-linux-gnu/libGLdispatch.so.0.0.0
7f9db63d7000-7f9db63ff000 r--p 0006d000 00:17 436482                     /usr/lib/x86_64-linux-gnu/libGLdispatch.so.0.0.0
7f9db63ff000-7f9db6400000 rw-p 00095000 00:17 436482                     /usr/lib/x86_64-linux-gnu/libGLdispatch.so.0.0.0
7f9db6400000-7f9db6420000 rw-p 00000000 00:00 0 
7f9db6420000-7f9db6430000 r-xp 00000000 00:17 436421                     /usr/lib/x86_64-linux-gnu/libGLX.so.0.0.0
7f9db6430000-7f9db662f000 ---p 00010000 00:17 436421                     /usr/lib/x86_64-linux-gnu/libGLX.so.0.0.0
7f9db662f000-7f9db6630000 r--p 0000f000 00:17 436421                     /usr/lib/x86_64-linux-gnu/libGLX.so.0.0.0
7f9db6630000-7f9db6631000 rw-p 00010000 00:17 436421                     /usr/lib/x86_64-linux-gnu/libGLX.so.0.0.0
7f9db6631000-7f9db6651000 rw-p 00000000 00:00 0 
7f9db6651000-7f9db6677000 r-xp 00000000 00:17 28799                      /usr/lib/x86_64-linux-gnu/libxcb.so.1.1.0
7f9db6677000-7f9db6877000 ---p 00026000 00:17 28799                      /usr/lib/x86_64-linux-gnu/libxcb.so.1.1.0
7f9db6877000-7f9db6878000 r--p 00026000 00:17 28799                      /usr/lib/x86_64-linux-gnu/libxcb.so.1.1.0
7f9db6878000-7f9db6879000 rw-p 00027000 00:17 28799                      /usr/lib/x86_64-linux-gnu/libxcb.so.1.1.0
7f9db6879000-7f9db68ea000 r-xp 00000000 00:17 436401                     /usr/lib/x86_64-linux-gnu/libGL.so.1.0.0
7f9db68ea000-7f9db6ae9000 ---p 00071000 00:17 436401                     /usr/lib/x86_64-linux-gnu/libGL.so.1.0.0
7f9db6ae9000-7f9db6b03000 r--p 00070000 00:17 436401                     /usr/lib/x86_64-linux-gnu/libGL.so.1.0.0
7f9db6b03000-7f9db6b04000 rw-p 0008a000 00:17 436401                     /usr/lib/x86_64-linux-gnu/libGL.so.1.0.0
7f9db6b04000-7f9db6b05000 rw-p 00000000 00:00 0 
7f9db6b05000-7f9db6c38000 r-xp 00000000 00:17 435050                     /usr/lib/x86_64-linux-gnu/libX11.so.6.3.0
7f9db6c38000-7f9db6e38000 ---p 00133000 00:17 435050                     /usr/lib/x86_64-linux-gnu/libX11.so.6.3.0
7f9db6e38000-7f9db6e39000 r--p 00133000 00:17 435050                     /usr/lib/x86_64-linux-gnu/libX11.so.6.3.0
7f9db6e39000-7f9db6e3d000 rw-p 00134000 00:17 435050                     /usr/lib/x86_64-linux-gnu/libX11.so.6.3.0
7f9db6e3d000-7f9db6e3e000 r--s 00000000 00:17 133226                     /var/cache/fontconfig/f6e6e0a5c3d2f6ae0c0c2e0ecd42a997-le64.cache-7
7f9db6e3e000-7f9db6e40000 r--s 00000000 00:17 133194                     /var/cache/fontconfig/6afa1bb216ce958c1589e297e8008489-le64.cache-7
7f9db6e40000-7f9db6e43000 r--s 00000000 00:17 133221                     /var/cache/fontconfig/e13b20fdb08344e0e664864cc2ede53d-le64.cache-7
7f9db6e43000-7f9db6e53000 r--p 00000000 00:17 345346                     /usr/share/locale-langpack/ja/LC_MESSAGES/gtk20.mo
7f9db6e53000-7f9db6e5f000 r-xp 00000000 00:17 633382                     /usr/lib/jvm/java-8-openjdk-amd64/jre/lib/amd64/libprism_es2.so
7f9db6e5f000-7f9db705e000 ---p 0000c000 00:17 633382                     /usr/lib/jvm/java-8-openjdk-amd64/jre/lib/amd64/libprism_es2.so
7f9db705e000-7f9db705f000 r--p 0000b000 00:17 633382                     /usr/lib/jvm/java-8-openjdk-amd64/jre/lib/amd64/libprism_es2.so
7f9db705f000-7f9db7060000 rw-p 0000c000 00:17 633382                     /usr/lib/jvm/java-8-openjdk-amd64/jre/lib/amd64/libprism_es2.so
7f9db7060000-7f9db7063000 ---p 00000000 00:00 0 
7f9db7063000-7f9db7161000 rw-p 00000000 00:00 0 
7f9db7161000-7f9db71f8000 r--s 007cb000 00:17 633400                     /usr/share/java/openjfx/jre/lib/ext/jfxrt.jar
7f9db71f8000-7f9db7213000 r--s 001d6000 00:17 351384                     /usr/lib/jvm/java-8-openjdk-amd64/jre/lib/ext/nashorn.jar
7f9db7213000-7f9db722e000 r--s 00394000 00:17 351379                     /usr/lib/jvm/java-8-openjdk-amd64/jre/lib/ext/cldrdata.jar
7f9db722e000-7f9db722f000 ---p 00000000 00:00 0 
7f9db722f000-7f9db732f000 rw-p 00000000 00:00 0 
7f9db732f000-7f9db7332000 ---p 00000000 00:00 0 
7f9db7332000-7f9db7430000 rw-p 00000000 00:00 0 
7f9db7430000-7f9db7431000 ---p 00000000 00:00 0 
7f9db7431000-7f9db7434000 ---p 00000000 00:00 0 
7f9db7434000-7f9db7531000 rw-p 00000000 00:00 0 
7f9db7531000-7f9db8000000 r--p 00000000 00:17 19606                      /usr/lib/locale/locale-archive
7f9db8000000-7f9db8021000 rw-p 00000000 00:00 0 
7f9db8021000-7f9dbc000000 ---p 00000000 00:00 0 
7f9dbc000000-7f9dbc021000 rw-p 00000000 00:00 0 
7f9dbc021000-7f9dc0000000 ---p 00000000 00:00 0 
7f9dc0000000-7f9dc0023000 rw-p 00000000 00:00 0 
7f9dc0023000-7f9dc4000000 ---p 00000000 00:00 0 
7f9dc4000000-7f9dc4003000 r--s 00000000 00:17 250901                     /var/cache/fontconfig/7ef2298fde41cc6eeb7af42e48b7d293-le64.cache-7
7f9dc4003000-7f9dc4006000 r--p 00000000 00:17 345288                     /usr/share/locale-langpack/ja/LC_MESSAGES/atk10.mo
7f9dc4006000-7f9dc400d000 r--s 00000000 00:17 30001                      /usr/lib/x86_64-linux-gnu/gconv/gconv-modules.cache
7f9dc400d000-7f9dc4010000 r--s 00038000 00:17 351387                     /usr/lib/jvm/java-8-openjdk-amd64/jre/lib/ext/sunpkcs11.jar
7f9dc4010000-7f9dc4016000 r--s 0003b000 00:17 351386                     /usr/lib/jvm/java-8-openjdk-amd64/jre/lib/ext/sunjce_provider.jar
7f9dc4016000-7f9dc4017000 ---p 00000000 00:00 0 
7f9dc4017000-7f9dc401a000 ---p 00000000 00:00 0 
7f9dc401a000-7f9dc4117000 rw-p 00000000 00:00 0 
7f9dc4117000-7f9dc411a000 ---p 00000000 00:00 0 
7f9dc411a000-7f9dc4218000 rw-p 00000000 00:00 0 
7f9dc4218000-7f9dc421b000 ---p 00000000 00:00 0 
7f9dc421b000-7f9dc4319000 rw-p 00000000 00:00 0 
7f9dc4319000-7f9dc431c000 ---p 00000000 00:00 0 
7f9dc431c000-7f9dc441a000 rw-p 00000000 00:00 0 
7f9dc441a000-7f9dc441b000 ---p 00000000 00:00 0 
7f9dc441b000-7f9dc4e66000 rw-p 00000000 00:00 0 
7f9dc4e66000-7f9dc5035000 r--s 03c32000 00:17 351405                     /usr/lib/jvm/java-8-openjdk-amd64/jre/lib/rt.jar
7f9dc5035000-7f9dc7979000 rw-p 00000000 00:00 0 
7f9dc7979000-7f9dc797a000 ---p 00000000 00:00 0 
7f9dc797a000-7f9dc7a8f000 rw-p 00000000 00:00 0 
7f9dc7a8f000-7f9dc7bc4000 ---p 00000000 00:00 0 
7f9dc7bc4000-7f9dc7bd9000 rw-p 00000000 00:00 0 
7f9dc7bd9000-7f9dc7d0d000 ---p 00000000 00:00 0 
7f9dc7d0d000-7f9dc7d2f000 rw-p 00000000 00:00 0 
7f9dc7d2f000-7f9dc7db2000 ---p 00000000 00:00 0 
7f9dc7db2000-7f9dc7ddf000 rw-p 00000000 00:00 0 
7f9dc7ddf000-7f9dc8173000 ---p 00000000 00:00 0 
7f9dc8173000-7f9dc8c63000 rwxp 00000000 00:00 0 
7f9dc8c63000-7f9dd7173000 ---p 00000000 00:00 0 
7f9dd7173000-7f9dd717b000 r-xp 00000000 00:17 351368                     /usr/lib/jvm/java-8-openjdk-amd64/jre/lib/amd64/libzip.so
7f9dd717b000-7f9dd737a000 ---p 00008000 00:17 351368                     /usr/lib/jvm/java-8-openjdk-amd64/jre/lib/amd64/libzip.so
7f9dd737a000-7f9dd737b000 r--p 00007000 00:17 351368                     /usr/lib/jvm/java-8-openjdk-amd64/jre/lib/amd64/libzip.so
7f9dd737b000-7f9dd737c000 rw-p 00008000 00:17 351368                     /usr/lib/jvm/java-8-openjdk-amd64/jre/lib/amd64/libzip.so
7f9dd737c000-7f9dd7387000 r-xp 00000000 00:17 12364                      /lib/x86_64-linux-gnu/libnss_files-2.27.so
7f9dd7387000-7f9dd7586000 ---p 0000b000 00:17 12364                      /lib/x86_64-linux-gnu/libnss_files-2.27.so
7f9dd7586000-7f9dd7587000 r--p 0000a000 00:17 12364                      /lib/x86_64-linux-gnu/libnss_files-2.27.so
7f9dd7587000-7f9dd7588000 rw-p 0000b000 00:17 12364                      /lib/x86_64-linux-gnu/libnss_files-2.27.so
7f9dd7588000-7f9dd758e000 rw-p 00000000 00:00 0 
7f9dd758e000-7f9dd75a5000 r-xp 00000000 00:17 12358                      /lib/x86_64-linux-gnu/libnsl-2.27.so
7f9dd75a5000-7f9dd77a4000 ---p 00017000 00:17 12358                      /lib/x86_64-linux-gnu/libnsl-2.27.so
7f9dd77a4000-7f9dd77a5000 r--p 00016000 00:17 12358                      /lib/x86_64-linux-gnu/libnsl-2.27.so
7f9dd77a5000-7f9dd77a6000 rw-p 00017000 00:17 12358                      /lib/x86_64-linux-gnu/libnsl-2.27.so
7f9dd77a6000-7f9dd77a8000 rw-p 00000000 00:00 0 
7f9dd77a8000-7f9dd77b3000 r-xp 00000000 00:17 12375                      /lib/x86_64-linux-gnu/libnss_nis-2.27.so
7f9dd77b3000-7f9dd79b2000 ---p 0000b000 00:17 12375                      /lib/x86_64-linux-gnu/libnss_nis-2.27.so
7f9dd79b2000-7f9dd79b3000 r--p 0000a000 00:17 12375                      /lib/x86_64-linux-gnu/libnss_nis-2.27.so
7f9dd79b3000-7f9dd79b4000 rw-p 0000b000 00:17 12375                      /lib/x86_64-linux-gnu/libnss_nis-2.27.so
7f9dd79b4000-7f9dd79bc000 r-xp 00000000 00:17 12360                      /lib/x86_64-linux-gnu/libnss_compat-2.27.so
7f9dd79bc000-7f9dd7bbc000 ---p 00008000 00:17 12360                      /lib/x86_64-linux-gnu/libnss_compat-2.27.so
7f9dd7bbc000-7f9dd7bbd000 r--p 00008000 00:17 12360                      /lib/x86_64-linux-gnu/libnss_compat-2.27.so
7f9dd7bbd000-7f9dd7bbe000 rw-p 00009000 00:17 12360                      /lib/x86_64-linux-gnu/libnss_compat-2.27.so
7f9dd7bbe000-7f9dd7bec000 r-xp 00000000 00:17 351349                     /usr/lib/jvm/java-8-openjdk-amd64/jre/lib/amd64/libjava.so
7f9dd7bec000-7f9dd7deb000 ---p 0002e000 00:17 351349                     /usr/lib/jvm/java-8-openjdk-amd64/jre/lib/amd64/libjava.so
7f9dd7deb000-7f9dd7dec000 r--p 0002d000 00:17 351349                     /usr/lib/jvm/java-8-openjdk-amd64/jre/lib/amd64/libjava.so
7f9dd7dec000-7f9dd7dee000 rw-p 0002e000 00:17 351349                     /usr/lib/jvm/java-8-openjdk-amd64/jre/lib/amd64/libjava.so
7f9dd7dee000-7f9dd7dfe000 r-xp 00000000 00:17 351367                     /usr/lib/jvm/java-8-openjdk-amd64/jre/lib/amd64/libverify.so
7f9dd7dfe000-7f9dd7ffd000 ---p 00010000 00:17 351367                     /usr/lib/jvm/java-8-openjdk-amd64/jre/lib/amd64/libverify.so
7f9dd7ffd000-7f9dd7fff000 r--p 0000f000 00:17 351367                     /usr/lib/jvm/java-8-openjdk-amd64/jre/lib/amd64/libverify.so
7f9dd7fff000-7f9dd8000000 rw-p 00011000 00:17 351367                     /usr/lib/jvm/java-8-openjdk-amd64/jre/lib/amd64/libverify.so
7f9dd8000000-7f9dd8384000 rw-p 00000000 00:00 0 
7f9dd8384000-7f9ddc000000 ---p 00000000 00:00 0 
7f9ddc000000-7f9ddc001000 r--s 00000000 00:17 133180                     /var/cache/fontconfig/4b2eda6bb976bda485cb2176619421d5-le64.cache-7
7f9ddc001000-7f9ddc00b000 r--s 00116000 00:17 351383                     /usr/lib/jvm/java-8-openjdk-amd64/jre/lib/ext/localedata.jar
7f9ddc00b000-7f9ddc02c000 rw-p 00000000 00:00 0 
7f9ddc02c000-7f9ddc02d000 ---p 00000000 00:00 0 
7f9ddc02d000-7f9ddc12d000 rw-p 00000000 00:00 0 
7f9ddc12d000-7f9ddc134000 r-xp 00000000 00:17 12415                      /lib/x86_64-linux-gnu/librt-2.27.so
7f9ddc134000-7f9ddc333000 ---p 00007000 00:17 12415                      /lib/x86_64-linux-gnu/librt-2.27.so
7f9ddc333000-7f9ddc334000 r--p 00006000 00:17 12415                      /lib/x86_64-linux-gnu/librt-2.27.so
7f9ddc334000-7f9ddc335000 rw-p 00007000 00:17 12415                      /lib/x86_64-linux-gnu/librt-2.27.so
7f9ddc335000-7f9ddc34c000 r-xp 00000000 00:17 496848                     /lib/x86_64-linux-gnu/libgcc_s.so.1
7f9ddc34c000-7f9ddc54b000 ---p 00017000 00:17 496848                     /lib/x86_64-linux-gnu/libgcc_s.so.1
7f9ddc54b000-7f9ddc54c000 r--p 00016000 00:17 496848                     /lib/x86_64-linux-gnu/libgcc_s.so.1
7f9ddc54c000-7f9ddc54d000 rw-p 00017000 00:17 496848                     /lib/x86_64-linux-gnu/libgcc_s.so.1
7f9ddc54d000-7f9ddc6ea000 r-xp 00000000 00:17 12337                      /lib/x86_64-linux-gnu/libm-2.27.so
7f9ddc6ea000-7f9ddc8e9000 ---p 0019d000 00:17 12337                      /lib/x86_64-linux-gnu/libm-2.27.so
7f9ddc8e9000-7f9ddc8ea000 r--p 0019c000 00:17 12337                      /lib/x86_64-linux-gnu/libm-2.27.so
7f9ddc8ea000-7f9ddc8eb000 rw-p 0019d000 00:17 12337                      /lib/x86_64-linux-gnu/libm-2.27.so
7f9ddc8eb000-7f9ddca64000 r-xp 00000000 00:17 496695                     /usr/lib/x86_64-linux-gnu/libstdc++.so.6.0.25
7f9ddca64000-7f9ddcc64000 ---p 00179000 00:17 496695                     /usr/lib/x86_64-linux-gnu/libstdc++.so.6.0.25
7f9ddcc64000-7f9ddcc6e000 r--p 00179000 00:17 496695                     /usr/lib/x86_64-linux-gnu/libstdc++.so.6.0.25
7f9ddcc6e000-7f9ddcc70000 rw-p 00183000 00:17 496695                     /usr/lib/x86_64-linux-gnu/libstdc++.so.6.0.25
7f9ddcc70000-7f9ddcc74000 rw-p 00000000 00:00 0 
7f9ddcc74000-7f9ddd909000 r-xp 00000000 00:17 351370                     /usr/lib/jvm/java-8-openjdk-amd64/jre/lib/amd64/server/libjvm.so
7f9ddd909000-7f9dddb08000 ---p 00c95000 00:17 351370                     /usr/lib/jvm/java-8-openjdk-amd64/jre/lib/amd64/server/libjvm.so
7f9dddb08000-7f9dddb9c000 r--p 00c94000 00:17 351370                     /usr/lib/jvm/java-8-openjdk-amd64/jre/lib/amd64/server/libjvm.so
7f9dddb9c000-7f9dddbc4000 rw-p 00d28000 00:17 351370                     /usr/lib/jvm/java-8-openjdk-amd64/jre/lib/amd64/server/libjvm.so
7f9dddbc4000-7f9dddbf5000 rw-p 00000000 00:00 0 
7f9dddbf5000-7f9dddc0f000 r-xp 00000000 00:17 12407                      /lib/x86_64-linux-gnu/libpthread-2.27.so
7f9dddc0f000-7f9ddde0e000 ---p 0001a000 00:17 12407                      /lib/x86_64-linux-gnu/libpthread-2.27.so
7f9ddde0e000-7f9ddde0f000 r--p 00019000 00:17 12407                      /lib/x86_64-linux-gnu/libpthread-2.27.so
7f9ddde0f000-7f9ddde10000 rw-p 0001a000 00:17 12407                      /lib/x86_64-linux-gnu/libpthread-2.27.so
7f9ddde10000-7f9ddde14000 rw-p 00000000 00:00 0 
7f9ddde14000-7f9ddde17000 r-xp 00000000 00:17 12297                      /lib/x86_64-linux-gnu/libdl-2.27.so
7f9ddde17000-7f9dde016000 ---p 00003000 00:17 12297                      /lib/x86_64-linux-gnu/libdl-2.27.so
7f9dde016000-7f9dde017000 r--p 00002000 00:17 12297                      /lib/x86_64-linux-gnu/libdl-2.27.so
7f9dde017000-7f9dde018000 rw-p 00003000 00:17 12297                      /lib/x86_64-linux-gnu/libdl-2.27.so
7f9dde018000-7f9dde034000 r-xp 00000000 00:17 12446                      /lib/x86_64-linux-gnu/libz.so.1.2.11
7f9dde034000-7f9dde233000 ---p 0001c000 00:17 12446                      /lib/x86_64-linux-gnu/libz.so.1.2.11
7f9dde233000-7f9dde234000 r--p 0001b000 00:17 12446                      /lib/x86_64-linux-gnu/libz.so.1.2.11
7f9dde234000-7f9dde235000 rw-p 0001c000 00:17 12446                      /lib/x86_64-linux-gnu/libz.so.1.2.11
7f9dde235000-7f9dde41c000 r-xp 00000000 00:17 12274                      /lib/x86_64-linux-gnu/libc-2.27.so
7f9dde41c000-7f9dde61c000 ---p 001e7000 00:17 12274                      /lib/x86_64-linux-gnu/libc-2.27.so
7f9dde61c000-7f9dde620000 r--p 001e7000 00:17 12274                      /lib/x86_64-linux-gnu/libc-2.27.so
7f9dde620000-7f9dde622000 rw-p 001eb000 00:17 12274                      /lib/x86_64-linux-gnu/libc-2.27.so
7f9dde622000-7f9dde626000 rw-p 00000000 00:00 0 
7f9dde626000-7f9dde634000 r-xp 00000000 00:17 351335                     /usr/lib/jvm/java-8-openjdk-amd64/jre/lib/amd64/jli/libjli.so
7f9dde634000-7f9dde833000 ---p 0000e000 00:17 351335                     /usr/lib/jvm/java-8-openjdk-amd64/jre/lib/amd64/jli/libjli.so
7f9dde833000-7f9dde834000 r--p 0000d000 00:17 351335                     /usr/lib/jvm/java-8-openjdk-amd64/jre/lib/amd64/jli/libjli.so
7f9dde834000-7f9dde835000 rw-p 0000e000 00:17 351335                     /usr/lib/jvm/java-8-openjdk-amd64/jre/lib/amd64/jli/libjli.so
7f9dde835000-7f9dde85c000 r-xp 00000000 00:17 12246                      /lib/x86_64-linux-gnu/ld-2.27.so
7f9dde85c000-7f9dde941000 rw-p 00000000 00:00 0 
7f9dde941000-7f9dde942000 ---p 00000000 00:00 0 
7f9dde942000-7f9dde945000 ---p 00000000 00:00 0 
7f9dde945000-7f9ddea44000 rw-p 00000000 00:00 0 
7f9ddea44000-7f9ddea45000 rwxp 00000000 00:00 0 
7f9ddea45000-7f9ddea46000 r--s 00010000 00:17 351388                     /usr/lib/jvm/java-8-openjdk-amd64/jre/lib/ext/zipfs.jar
7f9ddea46000-7f9ddea48000 r--s 00008000 00:17 351385                     /usr/lib/jvm/java-8-openjdk-amd64/jre/lib/ext/sunec.jar
7f9ddea48000-7f9ddea49000 r--s 0000a000 00:17 351382                     /usr/lib/jvm/java-8-openjdk-amd64/jre/lib/ext/jaccess.jar
7f9ddea49000-7f9ddea4c000 r--s 0000f000 00:17 351381                     /usr/lib/jvm/java-8-openjdk-amd64/jre/lib/ext/icedtea-sound.jar
7f9ddea4c000-7f9ddea4e000 r--s 00001000 00:17 351380                     /usr/lib/jvm/java-8-openjdk-amd64/jre/lib/ext/dnsns.jar
7f9ddea4e000-7f9ddea50000 r--s 00007000 00:17 221420                     /usr/share/java/java-atk-wrapper.jar
7f9ddea50000-7f9ddea58000 rw-s 00000000 00:17 685374                     /tmp/hsperfdata_cs18101/2380
7f9ddea58000-7f9ddea59000 rw-p 00000000 00:00 0 
7f9ddea59000-7f9ddea5a000 r--p 00000000 00:00 0 
7f9ddea5a000-7f9ddea5c000 rw-p 00000000 00:00 0 
7f9ddea5c000-7f9ddea5d000 r--p 00027000 00:17 12246                      /lib/x86_64-linux-gnu/ld-2.27.so
7f9ddea5d000-7f9ddea5e000 rw-p 00028000 00:17 12246                      /lib/x86_64-linux-gnu/ld-2.27.so
7f9ddea5e000-7f9ddea5f000 rw-p 00000000 00:00 0 
7ffe5dcf2000-7ffe5dd13000 rw-p 00000000 00:00 0                          [stack]
7ffe5dd18000-7ffe5dd1b000 r--p 00000000 00:00 0                          [vvar]
7ffe5dd1b000-7ffe5dd1d000 r-xp 00000000 00:00 0                          [vdso]
ffffffffff600000-ffffffffff601000 r-xp 00000000 00:00 0                  [vsyscall]

VM Arguments:
java_command: Jikanwari
java_class_path (initial): .
Launcher Type: SUN_STANDARD

Environment Variables:
PATH=/usr/local/sbin:/usr/local/bin:/usr/sbin:/usr/bin:/sbin:/bin:/usr/games:/usr/local/games:/snap/bin
USERNAME=cs18101
SHELL=/bin/bash
DISPLAY=:0

Signal Handlers:
SIGSEGV: [libjvm.so+0xaaf3a0], sa_mask[0]=11111111011111111101111111111110, sa_flags=SA_RESTART|SA_SIGINFO
SIGBUS: [libjvm.so+0xaaf3a0], sa_mask[0]=11111111011111111101111111111110, sa_flags=SA_RESTART|SA_SIGINFO
SIGFPE: [libjvm.so+0x8e52e0], sa_mask[0]=11111111011111111101111111111110, sa_flags=SA_RESTART|SA_SIGINFO
SIGPIPE: SIG_IGN, sa_mask[0]=00000000000010000000000000000000, sa_flags=SA_RESTART
SIGXFSZ: [libjvm.so+0x8e52e0], sa_mask[0]=11111111011111111101111111111110, sa_flags=SA_RESTART|SA_SIGINFO
SIGILL: [libjvm.so+0x8e52e0], sa_mask[0]=11111111011111111101111111111110, sa_flags=SA_RESTART|SA_SIGINFO
SIGUSR1: SIG_DFL, sa_mask[0]=00000000000000000000000000000000, sa_flags=none
SIGUSR2: [libjvm.so+0x8e5190], sa_mask[0]=00000000000000000000000000000000, sa_flags=SA_RESTART|SA_SIGINFO
SIGHUP: [libjvm.so+0x8e5640], sa_mask[0]=11111111011111111101111111111110, sa_flags=SA_RESTART|SA_SIGINFO
SIGINT: [libjvm.so+0x8e5640], sa_mask[0]=11111111011111111101111111111110, sa_flags=SA_RESTART|SA_SIGINFO
SIGTERM: [libjvm.so+0x8e5640], sa_mask[0]=11111111011111111101111111111110, sa_flags=SA_RESTART|SA_SIGINFO
SIGQUIT: [libjvm.so+0x8e5640], sa_mask[0]=11111111011111111101111111111110, sa_flags=SA_RESTART|SA_SIGINFO


---------------  S Y S T E M  ---------------

OS:DISTRIB_ID=Ubuntu
DISTRIB_RELEASE=18.04
DISTRIB_CODENAME=bionic
DISTRIB_DESCRIPTION="Ubuntu 18.04.1 LTS"

uname:Linux 4.15.0-36-generic #39-Ubuntu SMP Mon Sep 24 16:19:09 UTC 2018 x86_64
libc:glibc 2.27 NPTL 2.27 
rlimit: STACK 8192k, CORE 0k, NPROC 15532, NOFILE 4096, AS infinity
load average:2.28 2.07 0.94

/proc/meminfo:
MemTotal:        4039540 kB
MemFree:         1956964 kB
MemAvailable:    2681288 kB
Buffers:           20524 kB
Cached:           905840 kB
SwapCached:            0 kB
Active:          1296412 kB
Inactive:         596108 kB
Active(anon):     980572 kB
Inactive(anon):     5192 kB
Active(file):     315840 kB
Inactive(file):   590916 kB
Unevictable:       13568 kB
Mlocked:           13568 kB
SwapTotal:      15624188 kB
SwapFree:       15624188 kB
Dirty:                80 kB
Writeback:             0 kB
AnonPages:        979656 kB
Mapped:           303148 kB
Shmem:              6056 kB
Slab:              81244 kB
SReclaimable:      41272 kB
SUnreclaim:        39972 kB
KernelStack:       10256 kB
PageTables:        41076 kB
NFS_Unstable:          0 kB
Bounce:                0 kB
WritebackTmp:          0 kB
CommitLimit:    17643956 kB
Committed_AS:    5217648 kB
VmallocTotal:   34359738367 kB
VmallocUsed:           0 kB
VmallocChunk:          0 kB
HardwareCorrupted:     0 kB
AnonHugePages:         0 kB
ShmemHugePages:        0 kB
ShmemPmdMapped:        0 kB
CmaTotal:              0 kB
CmaFree:               0 kB
HugePages_Total:       0
HugePages_Free:        0
HugePages_Rsvd:        0
HugePages_Surp:        0
Hugepagesize:       2048 kB
DirectMap4k:      120768 kB
DirectMap2M:     4073472 kB


CPU:total 2 (initial active 2) (2 cores per cpu, 1 threads per core) family 6 model 142 stepping 10, cmov, cx8, fxsr, mmx, sse, sse2, sse3, ssse3, sse4.1, sse4.2, popcnt, avx, avx2, aes, clmul, 3dnowpref, lzcnt, tsc, tscinvbit

/proc/cpuinfo:
processor	: 0
vendor_id	: GenuineIntel
cpu family	: 6
model		: 142
model name	: Intel(R) Core(TM) i5-8250U CPU @ 1.60GHz
stepping	: 10
cpu MHz		: 1800.001
cache size	: 6144 KB
physical id	: 0
siblings	: 2
core id		: 0
cpu cores	: 2
apicid		: 0
initial apicid	: 0
fpu		: yes
fpu_exception	: yes
cpuid level	: 22
wp		: yes
flags		: fpu vme de pse tsc msr pae mce cx8 apic sep mtrr pge mca cmov pat pse36 clflush mmx fxsr sse sse2 ht syscall nx rdtscp lm constant_tsc rep_good nopl xtopology nonstop_tsc cpuid pni pclmulqdq ssse3 cx16 pcid sse4_1 sse4_2 x2apic movbe popcnt aes xsave avx rdrand hypervisor lahf_lm abm 3dnowprefetch invpcid_single pti fsgsbase avx2 invpcid rdseed clflushopt
bugs		: cpu_meltdown spectre_v1 spectre_v2 spec_store_bypass l1tf
bogomips	: 3600.00
clflush size	: 64
cache_alignment	: 64
address sizes	: 39 bits physical, 48 bits virtual
power management:

processor	: 1
vendor_id	: GenuineIntel
cpu family	: 6
model		: 142
model name	: Intel(R) Core(TM) i5-8250U CPU @ 1.60GHz
stepping	: 10
cpu MHz		: 1800.001
cache size	: 6144 KB
physical id	: 0
siblings	: 2
core id		: 1
cpu cores	: 2
apicid		: 1
initial apicid	: 1
fpu		: yes
fpu_exception	: yes
cpuid level	: 22
wp		: yes
flags		: fpu vme de pse tsc msr pae mce cx8 apic sep mtrr pge mca cmov pat pse36 clflush mmx fxsr sse sse2 ht syscall nx rdtscp lm constant_tsc rep_good nopl xtopology nonstop_tsc cpuid pni pclmulqdq ssse3 cx16 pcid sse4_1 sse4_2 x2apic movbe popcnt aes xsave avx rdrand hypervisor lahf_lm abm 3dnowprefetch invpcid_single pti fsgsbase avx2 invpcid rdseed clflushopt
bugs		: cpu_meltdown spectre_v1 spectre_v2 spec_store_bypass l1tf
bogomips	: 3600.00
clflush size	: 64
cache_alignment	: 64
address sizes	: 39 bits physical, 48 bits virtual
power management:



Memory: 4k page, physical 4039540k(1956964k free), swap 15624188k(15624188k free)

vm_info: OpenJDK 64-Bit Server VM (25.181-b13) for linux-amd64 JRE (1.8.0_181-8u181-b13-0ubuntu0.18.04.1-b13), built on Jul 23 2018 19:14:48 by "buildd" with gcc 7.3.0

time: Wed Jan 30 22:22:29 2019
elapsed time: 23 seconds (0d 0h 0m 23s)

