#
# A fatal error has been detected by the Java Runtime Environment:
#
#  SIGSEGV (0xb) at pc=0x00007fc0f10243c3, pid=4459, tid=0x00007fc0b4160700
#
# JRE version: OpenJDK Runtime Environment (8.0_181-b13) (build 1.8.0_181-8u181-b13-0ubuntu0.18.04.1-b13)
# Java VM: OpenJDK 64-Bit Server VM (25.181-b13 mixed mode linux-amd64 compressed oops)
# Problematic frame:
# j  com.sun.glass.ui.gtk.GtkView.notifyInputMethodDraw(Ljava/lang/String;III[B)V+50
#
# Failed to write core dump. Core dumps have been disabled. To enable core dumping, try "ulimit -c unlimited" before starting Java again
#
# If you would like to submit a bug report, please visit:
#   http://bugreport.java.com/bugreport/crash.jsp
#

---------------  T H R E A D  ---------------

Current thread (0x00007fc100355000):  JavaThread "JavaFX Application Thread" [_thread_in_Java, id=4475, stack(0x00007fc0b4060000,0x00007fc0b4161000)]

siginfo: si_signo: 11 (SIGSEGV), si_code: 2 (SEGV_ACCERR), si_addr: 0x00000000d743dac0

Registers:
RAX=0x0000000000100000, RBX=0x00007fc104f19d00, RCX=0x00000000d743dac0, RDX=0x0000000080500003
RSP=0x00007fc0b415e640, RBP=0x00007fc0b415e6a0, RSI=0x00007fc0f1013340, RDI=0x00007fc0b415e820
R8 =0x00007fc0f1013340, R9 =0x00007fc0b415e988, R10=0x00007fc108ad27c0, R11=0x00007fc0f100045f
R12=0x0000000000000000, R13=0x00007fc105395c8a, R14=0x00007fc0b415e718, R15=0x00007fc100355000
RIP=0x00007fc0f10243c3, EFLAGS=0x0000000000010206, CSGSFS=0x002b000000000033, ERR=0x0000000000000004
  TRAPNO=0x000000000000000e

Top of Stack: (sp=0x00007fc0b415e640)
0x00007fc0b415e640:   00007fc0f1007d80 00000000ec03d320
0x00007fc0b415e650:   0000000000000000 00000000d743dac0
0x00007fc0b415e660:   00007fc0b415e660 00007fc105395c8a
0x00007fc0b415e670:   00007fc0b415e718 00007fc10539fa30
0x00007fc0b415e680:   0000000000000000 00007fc105395e58
0x00007fc0b415e690:   0000000000000000 00007fc0b415e6f0
0x00007fc0b415e6a0:   00007fc0b415e780 00007fc0f10004e7
0x00007fc0b415e6b0:   0000000000000000 0000000000000000
0x00007fc0b415e6c0:   0000000000000000 0000000000000000
0x00007fc0b415e6d0:   0000000000000000 0000000000000000
0x00007fc0b415e6e0:   0000000000000000 0000000000000000
0x00007fc0b415e6f0:   00000000ec03d350 00007fc100000001
0x00007fc0b415e700:   00007fc000000000 00007fc000000000
0x00007fc0b415e710:   00000000ec03d320 000055fed743db98
0x00007fc0b415e720:   0000000000001fa0 00007fc105395e58
0x00007fc0b415e730:   00007fc0b415e980 00007fc0b415e820
0x00007fc0b415e740:   00007fc100355000 00007fc100355000
0x00007fc0b415e750:   00007fc0b415e820 00007fc0b415ea58
0x00007fc0b415e760:   00007fc00000000a 00007fc105395e58
0x00007fc0b415e770:   00007fc0f1013340 00007fc0b415e988
0x00007fc0b415e780:   00007fc0b415e8a0 00007fc1081dc7bb
0x00007fc0b415e790:   0000000000000006 00007fc100355000
0x00007fc0b415e7a0:   00000000ffffffff 00007fc0b415e7e8
0x00007fc0b415e7b0:   00007fc0b415e7e0 00007fc10000000a
0x00007fc0b415e7c0:   000000000000000e 00007fc0f1013340
0x00007fc0b415e7d0:   00007fc100307c28 00007fc0b415ea50
0x00007fc0b415e7e0:   00007fc100355000 00007fc1003555f0
0x00007fc0b415e7f0:   00007fc100307c10 00007fc100307c30
0x00007fc0b415e800:   00007fc100307cf8 00000000000000d8
0x00007fc0b415e810:   00007fc0b415fac0 ffffffffffffffff
0x00007fc0b415e820:   00007fc100355000 000055fed742a680
0x00007fc0b415e830:   00007fc105395e58 000055fed743db98 

Instructions: (pc=0x00007fc0f10243c3)
0x00007fc0f10243a3:   ad 08 c1 7f 00 00 49 8b 14 d2 52 41 8b d5 4c 8b
0x00007fc0f10243b3:   6d c8 8b c2 81 e0 00 00 10 00 0f 84 6a 01 00 00
0x00007fc0f10243c3:   48 3b 01 48 8b 45 e0 48 85 c0 0f 84 12 00 00 00
0x00007fc0f10243d3:   48 83 40 08 01 48 83 58 08 00 48 83 c0 30 48 89 

Register to memory mapping:

RAX=
[error occurred during error reporting (printing register info), id 0xb]

Stack: [0x00007fc0b4060000,0x00007fc0b4161000],  sp=0x00007fc0b415e640,  free space=1017k
Native frames: (J=compiled Java code, j=interpreted, Vv=VM code, C=native code)
j  com.sun.glass.ui.gtk.GtkView.notifyInputMethodDraw(Ljava/lang/String;III[B)V+50
v  ~StubRoutines::call_stub
V  [libjvm.so+0x67f7bb]
V  [libjvm.so+0x69f246]
V  [libjvm.so+0x6a1e9b]
C  [libglass.so+0x13953]  JNIEnv_::CallVoidMethod(_jobject*, _jmethodID*, ...)+0x93
C  [libglass.so+0x1b8b1]
C  [libX11.so.6+0x5c3ca]
C  0x8038370700000000


---------------  P R O C E S S  ---------------

Java Threads: ( => current thread )
  0x000055fed76a3800 JavaThread "Prism Font Disposer" daemon [_thread_blocked, id=4477, stack(0x00007fc0a38f5000,0x00007fc0a39f6000)]
  0x00007fc100362800 JavaThread "JavaFX-Launcher" [_thread_blocked, id=4476, stack(0x00007fc0ac74b000,0x00007fc0ac84c000)]
=>0x00007fc100355000 JavaThread "JavaFX Application Thread" [_thread_in_Java, id=4475, stack(0x00007fc0b4060000,0x00007fc0b4161000)]
  0x00007fc100351800 JavaThread "Thread-1" daemon [_thread_blocked, id=4474, stack(0x00007fc0ec036000,0x00007fc0ec137000)]
  0x00007fc100262800 JavaThread "QuantumRenderer-0" daemon [_thread_blocked, id=4471, stack(0x00007fc0edf4a000,0x00007fc0ee04b000)]
  0x00007fc1000c4000 JavaThread "Service Thread" daemon [_thread_blocked, id=4469, stack(0x00007fc0ee14c000,0x00007fc0ee24d000)]
  0x00007fc1000b7800 JavaThread "C1 CompilerThread1" daemon [_thread_blocked, id=4468, stack(0x00007fc0ee24e000,0x00007fc0ee34e000)]
  0x00007fc1000b4800 JavaThread "C2 CompilerThread0" daemon [_thread_blocked, id=4467, stack(0x00007fc0ee34f000,0x00007fc0ee44f000)]
  0x00007fc1000b3000 JavaThread "Signal Dispatcher" daemon [_thread_blocked, id=4466, stack(0x00007fc0ee44f000,0x00007fc0ee550000)]
  0x00007fc100081000 JavaThread "Finalizer" daemon [_thread_blocked, id=4465, stack(0x00007fc0ef01f000,0x00007fc0ef120000)]
  0x00007fc10007c800 JavaThread "Reference Handler" daemon [_thread_blocked, id=4464, stack(0x00007fc1040ed000,0x00007fc1041ee000)]
  0x00007fc10000b000 JavaThread "main" [_thread_blocked, id=4460, stack(0x00007fc10982b000,0x00007fc10992b000)]

Other Threads:
  0x00007fc100074800 VMThread [stack: 0x00007fc1041ef000,0x00007fc1042ef000] [id=4463]
  0x00007fc1000cf000 WatcherThread [stack: 0x00007fc0ee04c000,0x00007fc0ee14c000] [id=4470]

VM state:not at safepoint (normal execution)

VM Mutex/Monitor currently owned by a thread: None

Heap:
 PSYoungGen      total 66048K, used 14746K [0x00000000eb700000, 0x00000000efa00000, 0x0000000100000000)
  eden space 63488K, 19% used [0x00000000eb700000,0x00000000ec2eb9b0,0x00000000ef500000)
  from space 2560K, 99% used [0x00000000ef780000,0x00000000ef9faf50,0x00000000efa00000)
  to   space 2560K, 0% used [0x00000000ef500000,0x00000000ef500000,0x00000000ef780000)
 ParOldGen       total 42496K, used 23587K [0x00000000c2400000, 0x00000000c4d80000, 0x00000000eb700000)
  object space 42496K, 55% used [0x00000000c2400000,0x00000000c3b08d28,0x00000000c4d80000)
 Metaspace       used 19052K, capacity 20258K, committed 20608K, reserved 1067008K
  class space    used 2587K, capacity 2848K, committed 2944K, reserved 1048576K

Card table byte_map: [0x00007fc105bda000,0x00007fc105dc9000] byte_map_base: 0x00007fc1055c8000

Marking Bits: (ParMarkBitMap*) 0x00007fc108ac11c0
 Begin Bits: [0x00007fc0ef120000, 0x00007fc0f0090000)
 End Bits:   [0x00007fc0f0090000, 0x00007fc0f1000000)

Polling page: 0x00007fc109942000

CodeCache: size=245760Kb used=10874Kb max_used=10874Kb free=234885Kb
 bounds [0x00007fc0f1000000, 0x00007fc0f1ab0000, 0x00007fc100000000]
 total_blobs=3980 nmethods=3370 adapters=522
 compilation: enabled

Compilation events (10 events):
Event: 18.480 Thread 0x00007fc1000b7800 3368       3       com.sun.pisces.PiscesRenderer::setClip (64 bytes)
Event: 18.481 Thread 0x00007fc1000b7800 nmethod 3368 0x00007fc0f1a9a050 code [0x00007fc0f1a9a200, 0x00007fc0f1a9a788]
Event: 18.482 Thread 0x00007fc1000b7800 3374       3       com.sun.javafx.sg.prism.NGText::renderText (523 bytes)
Event: 18.496 Thread 0x00007fc1000b7800 nmethod 3374 0x00007fc0f1a9c210 code [0x00007fc0f1a9c740, 0x00007fc0f1a9f4a8]
Event: 18.496 Thread 0x00007fc1000b7800 3373       3       com.sun.javafx.sg.prism.NGText::getStrike (292 bytes)
Event: 18.502 Thread 0x00007fc1000b7800 nmethod 3373 0x00007fc0f1aa1710 code [0x00007fc0f1aa1a40, 0x00007fc0f1aa3358]
Event: 18.502 Thread 0x00007fc1000b7800 3375       3       com.sun.prism.sw.SWGraphics::getAssociatedScreen (8 bytes)
Event: 18.503 Thread 0x00007fc1000b7800 nmethod 3375 0x00007fc0f1a99750 code [0x00007fc0f1a998c0, 0x00007fc0f1a99bb0]
Event: 18.503 Thread 0x00007fc1000b7800 3376       3       com.sun.prism.sw.SWRTTexture::getAssociatedScreen (8 bytes)
Event: 18.503 Thread 0x00007fc1000b7800 nmethod 3376 0x00007fc0f1a99210 code [0x00007fc0f1a99380, 0x00007fc0f1a99610]

GC Heap History (8 events):
Event: 0.904 GC heap before
{Heap before GC invocations=1 (full 0):
 PSYoungGen      total 18432K, used 15872K [0x00000000eb700000, 0x00000000ecb80000, 0x0000000100000000)
  eden space 15872K, 100% used [0x00000000eb700000,0x00000000ec680000,0x00000000ec680000)
  from space 2560K, 0% used [0x00000000ec900000,0x00000000ec900000,0x00000000ecb80000)
  to   space 2560K, 0% used [0x00000000ec680000,0x00000000ec680000,0x00000000ec900000)
 ParOldGen       total 42496K, used 0K [0x00000000c2400000, 0x00000000c4d80000, 0x00000000eb700000)
  object space 42496K, 0% used [0x00000000c2400000,0x00000000c2400000,0x00000000c4d80000)
 Metaspace       used 9611K, capacity 10016K, committed 10240K, reserved 1058816K
  class space    used 1155K, capacity 1265K, committed 1280K, reserved 1048576K
Event: 0.936 GC heap after
Heap after GC invocations=1 (full 0):
 PSYoungGen      total 18432K, used 2546K [0x00000000eb700000, 0x00000000edb00000, 0x0000000100000000)
  eden space 15872K, 0% used [0x00000000eb700000,0x00000000eb700000,0x00000000ec680000)
  from space 2560K, 99% used [0x00000000ec680000,0x00000000ec8fcb28,0x00000000ec900000)
  to   space 2560K, 0% used [0x00000000ed880000,0x00000000ed880000,0x00000000edb00000)
 ParOldGen       total 42496K, used 1451K [0x00000000c2400000, 0x00000000c4d80000, 0x00000000eb700000)
  object space 42496K, 3% used [0x00000000c2400000,0x00000000c256ac00,0x00000000c4d80000)
 Metaspace       used 9611K, capacity 10016K, committed 10240K, reserved 1058816K
  class space    used 1155K, capacity 1265K, committed 1280K, reserved 1048576K
}
Event: 1.609 GC heap before
{Heap before GC invocations=2 (full 0):
 PSYoungGen      total 18432K, used 18418K [0x00000000eb700000, 0x00000000edb00000, 0x0000000100000000)
  eden space 15872K, 100% used [0x00000000eb700000,0x00000000ec680000,0x00000000ec680000)
  from space 2560K, 99% used [0x00000000ec680000,0x00000000ec8fcb28,0x00000000ec900000)
  to   space 2560K, 0% used [0x00000000ed880000,0x00000000ed880000,0x00000000edb00000)
 ParOldGen       total 42496K, used 1451K [0x00000000c2400000, 0x00000000c4d80000, 0x00000000eb700000)
  object space 42496K, 3% used [0x00000000c2400000,0x00000000c256ac00,0x00000000c4d80000)
 Metaspace       used 12400K, capacity 12952K, committed 13056K, reserved 1060864K
  class space    used 1600K, capacity 1734K, committed 1792K, reserved 1048576K
Event: 1.622 GC heap after
Heap after GC invocations=2 (full 0):
 PSYoungGen      total 34304K, used 2560K [0x00000000eb700000, 0x00000000edb00000, 0x0000000100000000)
  eden space 31744K, 0% used [0x00000000eb700000,0x00000000eb700000,0x00000000ed600000)
  from space 2560K, 100% used [0x00000000ed880000,0x00000000edb00000,0x00000000edb00000)
  to   space 2560K, 0% used [0x00000000ed600000,0x00000000ed600000,0x00000000ed880000)
 ParOldGen       total 42496K, used 4211K [0x00000000c2400000, 0x00000000c4d80000, 0x00000000eb700000)
  object space 42496K, 9% used [0x00000000c2400000,0x00000000c281cd90,0x00000000c4d80000)
 Metaspace       used 12400K, capacity 12952K, committed 13056K, reserved 1060864K
  class space    used 1600K, capacity 1734K, committed 1792K, reserved 1048576K
}
Event: 2.594 GC heap before
{Heap before GC invocations=3 (full 0):
 PSYoungGen      total 34304K, used 34304K [0x00000000eb700000, 0x00000000edb00000, 0x0000000100000000)
  eden space 31744K, 100% used [0x00000000eb700000,0x00000000ed600000,0x00000000ed600000)
  from space 2560K, 100% used [0x00000000ed880000,0x00000000edb00000,0x00000000edb00000)
  to   space 2560K, 0% used [0x00000000ed600000,0x00000000ed600000,0x00000000ed880000)
 ParOldGen       total 42496K, used 4211K [0x00000000c2400000, 0x00000000c4d80000, 0x00000000eb700000)
  object space 42496K, 9% used [0x00000000c2400000,0x00000000c281cd90,0x00000000c4d80000)
 Metaspace       used 15262K, capacity 16142K, committed 16384K, reserved 1062912K
  class space    used 2091K, capacity 2286K, committed 2304K, reserved 1048576K
Event: 2.626 GC heap after
Heap after GC invocations=3 (full 0):
 PSYoungGen      total 34304K, used 2528K [0x00000000eb700000, 0x00000000efa00000, 0x0000000100000000)
  eden space 31744K, 0% used [0x00000000eb700000,0x00000000eb700000,0x00000000ed600000)
  from space 2560K, 98% used [0x00000000ed600000,0x00000000ed878020,0x00000000ed880000)
  to   space 2560K, 0% used [0x00000000ef780000,0x00000000ef780000,0x00000000efa00000)
 ParOldGen       total 42496K, used 7151K [0x00000000c2400000, 0x00000000c4d80000, 0x00000000eb700000)
  object space 42496K, 16% used [0x00000000c2400000,0x00000000c2afbd10,0x00000000c4d80000)
 Metaspace       used 15262K, capacity 16142K, committed 16384K, reserved 1062912K
  class space    used 2091K, capacity 2286K, committed 2304K, reserved 1048576K
}
Event: 11.704 GC heap before
{Heap before GC invocations=4 (full 0):
 PSYoungGen      total 34304K, used 34272K [0x00000000eb700000, 0x00000000efa00000, 0x0000000100000000)
  eden space 31744K, 100% used [0x00000000eb700000,0x00000000ed600000,0x00000000ed600000)
  from space 2560K, 98% used [0x00000000ed600000,0x00000000ed878020,0x00000000ed880000)
  to   space 2560K, 0% used [0x00000000ef780000,0x00000000ef780000,0x00000000efa00000)
 ParOldGen       total 42496K, used 7151K [0x00000000c2400000, 0x00000000c4d80000, 0x00000000eb700000)
  object space 42496K, 16% used [0x00000000c2400000,0x00000000c2afbd10,0x00000000c4d80000)
 Metaspace       used 18752K, capacity 19938K, committed 20096K, reserved 1067008K
  class space    used 2587K, capacity 2848K, committed 2944K, reserved 1048576K
Event: 11.753 GC heap after
Heap after GC invocations=4 (full 0):
 PSYoungGen      total 66048K, used 2539K [0x00000000eb700000, 0x00000000efa00000, 0x0000000100000000)
  eden space 63488K, 0% used [0x00000000eb700000,0x00000000eb700000,0x00000000ef500000)
  from space 2560K, 99% used [0x00000000ef780000,0x00000000ef9faf50,0x00000000efa00000)
  to   space 2560K, 0% used [0x00000000ef500000,0x00000000ef500000,0x00000000ef780000)
 ParOldGen       total 42496K, used 23587K [0x00000000c2400000, 0x00000000c4d80000, 0x00000000eb700000)
  object space 42496K, 55% used [0x00000000c2400000,0x00000000c3b08d28,0x00000000c4d80000)
 Metaspace       used 18752K, capacity 19938K, committed 20096K, reserved 1067008K
  class space    used 2587K, capacity 2848K, committed 2944K, reserved 1048576K
}

Deoptimization events (10 events):
Event: 6.290 Thread 0x00007fc100355000 Uncommon trap: reason=class_check action=maybe_recompile pc=0x00007fc0f17cc238 method=com.sun.javafx.css.CompoundSelector.stateMatches(Ljavafx/css/Styleable;Ljava/util/Set;I)Z @ 123
Event: 6.290 Thread 0x00007fc100355000 Uncommon trap: reason=class_check action=maybe_recompile pc=0x00007fc0f17cc238 method=com.sun.javafx.css.CompoundSelector.stateMatches(Ljavafx/css/Styleable;Ljava/util/Set;I)Z @ 123
Event: 6.290 Thread 0x00007fc100355000 Uncommon trap: reason=class_check action=maybe_recompile pc=0x00007fc0f17cc238 method=com.sun.javafx.css.CompoundSelector.stateMatches(Ljavafx/css/Styleable;Ljava/util/Set;I)Z @ 123
Event: 6.734 Thread 0x00007fc100262800 Uncommon trap: reason=unstable_if action=reinterpret pc=0x00007fc0f17f738c method=com.sun.openpisces.Renderer.produceAlphas(Lcom/sun/openpisces/AlphaConsumer;)V @ 326
Event: 13.603 Thread 0x00007fc100355000 Uncommon trap: reason=unstable_if action=reinterpret pc=0x00007fc0f12d4e1c method=sun.nio.cs.UTF_8$Decoder.decode([BII[C)I @ 30
Event: 13.604 Thread 0x00007fc100355000 Uncommon trap: reason=unstable_if action=reinterpret pc=0x00007fc0f12cad64 method=java.lang.AbstractStringBuilder.append(Ljava/lang/String;)Ljava/lang/AbstractStringBuilder; @ 1
Event: 13.604 Thread 0x00007fc100355000 Uncommon trap: reason=unstable_if action=reinterpret pc=0x00007fc0f120b96c method=java.lang.AbstractStringBuilder.append(Ljava/lang/String;)Ljava/lang/AbstractStringBuilder; @ 1
Event: 13.610 Thread 0x00007fc100355000 Uncommon trap: reason=unstable_if action=reinterpret pc=0x00007fc0f17e4edc method=com.sun.javafx.css.StyleManager$CacheContainer.getStyleMap(I)Lcom/sun/javafx/css/StyleMap; @ 22
Event: 13.611 Thread 0x00007fc100355000 Uncommon trap: reason=unstable_if action=reinterpret pc=0x00007fc0f176de54 method=com.sun.javafx.css.StyleManager$CacheContainer.getStyleMap(I)Lcom/sun/javafx/css/StyleMap; @ 22
Event: 13.766 Thread 0x00007fc100355000 Uncommon trap: reason=bimorphic action=maybe_recompile pc=0x00007fc0f14e0984 method=java.util.HashMap.putVal(ILjava/lang/Object;Ljava/lang/Object;ZZ)Ljava/lang/Object; @ 203

Classes redefined (0 events):
No events

Internal exceptions (10 events):
Event: 1.205 Thread 0x00007fc100355000 Exception <a 'java/lang/ArrayIndexOutOfBoundsException'> (0x00000000ebd039f0) thrown at [/build/openjdk-8-8iINie/openjdk-8-8u181-b13/src/hotspot/src/share/vm/runtime/sharedRuntime.cpp, line 605]
Event: 1.206 Thread 0x00007fc100355000 Exception <a 'java/lang/ArrayIndexOutOfBoundsException'> (0x00000000ebd046f0) thrown at [/build/openjdk-8-8iINie/openjdk-8-8u181-b13/src/hotspot/src/share/vm/runtime/sharedRuntime.cpp, line 605]
Event: 1.206 Thread 0x00007fc100355000 Exception <a 'java/lang/ArrayIndexOutOfBoundsException'> (0x00000000ebd05a98) thrown at [/build/openjdk-8-8iINie/openjdk-8-8u181-b13/src/hotspot/src/share/vm/runtime/sharedRuntime.cpp, line 605]
Event: 1.232 Thread 0x00007fc100355000 Exception <a 'java/lang/ArrayIndexOutOfBoundsException'> (0x00000000ebd5f3c0) thrown at [/build/openjdk-8-8iINie/openjdk-8-8u181-b13/src/hotspot/src/share/vm/runtime/sharedRuntime.cpp, line 605]
Event: 1.249 Thread 0x00007fc100355000 Exception <a 'java/lang/ArrayIndexOutOfBoundsException'> (0x00000000ebd8d1e8) thrown at [/build/openjdk-8-8iINie/openjdk-8-8u181-b13/src/hotspot/src/share/vm/runtime/sharedRuntime.cpp, line 605]
Event: 1.983 Thread 0x00007fc100355000 Implicit null exception at 0x00007fc0f1326b75 to 0x00007fc0f1326d91
Event: 4.100 Thread 0x00007fc100355000 Implicit null exception at 0x00007fc0f15dbd88 to 0x00007fc0f15dda51
Event: 13.603 Thread 0x00007fc100355000 Exception <a 'java/io/FileNotFoundException'> (0x00000000eb751700) thrown at [/build/openjdk-8-8iINie/openjdk-8-8u181-b13/src/hotspot/src/share/vm/prims/jni.cpp, line 709]
Event: 13.604 Thread 0x00007fc100355000 Implicit null exception at 0x00007fc0f12ca9b5 to 0x00007fc0f12cad51
Event: 13.604 Thread 0x00007fc100355000 Implicit null exception at 0x00007fc0f120b5b6 to 0x00007fc0f120b955

Events (10 events):
Event: 14.545 Thread 0x00007fc100262800 DEOPT PACKING pc=0x00007fc0f18cf361 sp=0x00007fc0ee047db0
Event: 14.545 Thread 0x00007fc100262800 DEOPT UNPACKING pc=0x00007fc0f10474c4 sp=0x00007fc0ee047b30 mode 0
Event: 15.464 Thread 0x00007fc100355000 DEOPT PACKING pc=0x00007fc0f161616c sp=0x00007fc0b415c060
Event: 15.465 Thread 0x00007fc100355000 DEOPT UNPACKING pc=0x00007fc0f10474c4 sp=0x00007fc0b415bdf8 mode 0
Event: 15.473 Thread 0x00007fc100355000 DEOPT PACKING pc=0x00007fc0f161616c sp=0x00007fc0b415c260
Event: 15.473 Thread 0x00007fc100355000 DEOPT UNPACKING pc=0x00007fc0f10474c4 sp=0x00007fc0b415bff8 mode 0
Event: 15.536 Executing VM operation: RevokeBias
Event: 15.537 Executing VM operation: RevokeBias done
Event: 15.544 Executing VM operation: RevokeBias
Event: 15.544 Executing VM operation: RevokeBias done


Dynamic libraries:
c2400000-c4d80000 rw-p 00000000 00:00 0 
c4d80000-eb700000 ---p 00000000 00:00 0 
eb700000-efa00000 rw-p 00000000 00:00 0 
efa00000-100000000 ---p 00000000 00:00 0 
100000000-1002e0000 rw-p 00000000 00:00 0 
1002e0000-140000000 ---p 00000000 00:00 0 
55fed543b000-55fed543c000 r-xp 00000000 00:17 351325                     /usr/lib/jvm/java-8-openjdk-amd64/jre/bin/java
55fed563b000-55fed563c000 r--p 00000000 00:17 351325                     /usr/lib/jvm/java-8-openjdk-amd64/jre/bin/java
55fed563c000-55fed563d000 rw-p 00001000 00:17 351325                     /usr/lib/jvm/java-8-openjdk-amd64/jre/bin/java
55fed7427000-55fed77e1000 rw-p 00000000 00:00 0                          [heap]
7fc0a2988000-7fc0a2ac8000 rw-p 00000000 00:00 0 
7fc0a2ac8000-7fc0a2b88000 ---p 00000000 00:00 0 
7fc0a2b88000-7fc0a2d08000 rw-p 00000000 00:00 0 
7fc0a2d08000-7fc0a2d18000 r-xp 00000000 00:17 633371                     /usr/lib/jvm/java-8-openjdk-amd64/jre/lib/amd64/libdecora_sse.so
7fc0a2d18000-7fc0a2f17000 ---p 00010000 00:17 633371                     /usr/lib/jvm/java-8-openjdk-amd64/jre/lib/amd64/libdecora_sse.so
7fc0a2f17000-7fc0a2f18000 r--p 0000f000 00:17 633371                     /usr/lib/jvm/java-8-openjdk-amd64/jre/lib/amd64/libdecora_sse.so
7fc0a2f18000-7fc0a2f19000 rw-p 00010000 00:17 633371                     /usr/lib/jvm/java-8-openjdk-amd64/jre/lib/amd64/libdecora_sse.so
7fc0a2f19000-7fc0a32f2000 r--p 00000000 00:17 46649                      /usr/share/fonts/truetype/droid/DroidSansFallbackFull.ttf
7fc0a32f2000-7fc0a330e000 r--p 00000000 00:17 46776                      /usr/share/fonts/truetype/tlwg/Laksaman.ttf
7fc0a330e000-7fc0a33ac000 r--p 00000000 00:17 230385                     /usr/share/fonts/truetype/dejavu/DejaVuSans-BoldOblique.ttf
7fc0a33ac000-7fc0a3448000 r--p 00000000 00:17 230387                     /usr/share/fonts/truetype/dejavu/DejaVuSans-Oblique.ttf
7fc0a3448000-7fc0a34f5000 r--p 00000000 00:17 46643                      /usr/share/fonts/truetype/dejavu/DejaVuSans-Bold.ttf
7fc0a34f5000-7fc0a36f5000 rw-p 00000000 00:00 0 
7fc0a36f5000-7fc0a38f5000 rw-p 00000000 00:00 0 
7fc0a38f5000-7fc0a38f8000 ---p 00000000 00:00 0 
7fc0a38f8000-7fc0a39f6000 rw-p 00000000 00:00 0 
7fc0a39f6000-7fc0a39fb000 r-xp 00000000 00:17 633376                     /usr/lib/jvm/java-8-openjdk-amd64/jre/lib/amd64/libjavafx_font_freetype.so
7fc0a39fb000-7fc0a3bfa000 ---p 00005000 00:17 633376                     /usr/lib/jvm/java-8-openjdk-amd64/jre/lib/amd64/libjavafx_font_freetype.so
7fc0a3bfa000-7fc0a3bfb000 r--p 00004000 00:17 633376                     /usr/lib/jvm/java-8-openjdk-amd64/jre/lib/amd64/libjavafx_font_freetype.so
7fc0a3bfb000-7fc0a3bfc000 rw-p 00005000 00:17 633376                     /usr/lib/jvm/java-8-openjdk-amd64/jre/lib/amd64/libjavafx_font_freetype.so
7fc0a3bfc000-7fc0a3dfc000 rw-p 00000000 00:00 0 
7fc0a3dfc000-7fc0a3dff000 r-xp 00000000 00:17 633375                     /usr/lib/jvm/java-8-openjdk-amd64/jre/lib/amd64/libjavafx_font.so
7fc0a3dff000-7fc0a3ffe000 ---p 00003000 00:17 633375                     /usr/lib/jvm/java-8-openjdk-amd64/jre/lib/amd64/libjavafx_font.so
7fc0a3ffe000-7fc0a3fff000 r--p 00002000 00:17 633375                     /usr/lib/jvm/java-8-openjdk-amd64/jre/lib/amd64/libjavafx_font.so
7fc0a3fff000-7fc0a4000000 rw-p 00003000 00:17 633375                     /usr/lib/jvm/java-8-openjdk-amd64/jre/lib/amd64/libjavafx_font.so
7fc0a4000000-7fc0a4021000 rw-p 00000000 00:00 0 
7fc0a4021000-7fc0a8000000 ---p 00000000 00:00 0 
7fc0a8000000-7fc0a8021000 rw-p 00000000 00:00 0 
7fc0a8021000-7fc0ac000000 ---p 00000000 00:00 0 
7fc0ac015000-7fc0ac02c000 r--p 00000000 00:17 46820                      /usr/share/fonts/truetype/tlwg/Waree.ttf
7fc0ac02c000-7fc0ac041000 r--p 00000000 00:17 46780                      /usr/share/fonts/truetype/tlwg/Loma.ttf
7fc0ac041000-7fc0ac054000 r--s 00346000 00:17 351404                     /usr/lib/jvm/java-8-openjdk-amd64/jre/lib/resources.jar
7fc0ac054000-7fc0ac10d000 r--p 00000000 00:17 46644                      /usr/share/fonts/truetype/dejavu/DejaVuSans.ttf
7fc0ac10d000-7fc0ac118000 r--s 00000000 00:17 133200                     /var/cache/fontconfig/945677eb7aeaf62f1d50efc3fb3ec7d8-le64.cache-7
7fc0ac118000-7fc0ac11b000 r--s 00000000 00:17 250903                     /var/cache/fontconfig/f24b2111ab8703b4e963115a8cf14259-le64.cache-7
7fc0ac11b000-7fc0ac120000 r--s 00000000 00:17 133171                     /var/cache/fontconfig/2300eef321c393bfd76478a5c0e95b23-le64.cache-7
7fc0ac120000-7fc0ac320000 rw-p 00000000 00:00 0 
7fc0ac320000-7fc0ac331000 r-xp 00000000 00:17 351361                     /usr/lib/jvm/java-8-openjdk-amd64/jre/lib/amd64/libnio.so
7fc0ac331000-7fc0ac531000 ---p 00011000 00:17 351361                     /usr/lib/jvm/java-8-openjdk-amd64/jre/lib/amd64/libnio.so
7fc0ac531000-7fc0ac532000 r--p 00011000 00:17 351361                     /usr/lib/jvm/java-8-openjdk-amd64/jre/lib/amd64/libnio.so
7fc0ac532000-7fc0ac533000 rw-p 00012000 00:17 351361                     /usr/lib/jvm/java-8-openjdk-amd64/jre/lib/amd64/libnio.so
7fc0ac533000-7fc0ac54a000 r-xp 00000000 00:17 351360                     /usr/lib/jvm/java-8-openjdk-amd64/jre/lib/amd64/libnet.so
7fc0ac54a000-7fc0ac749000 ---p 00017000 00:17 351360                     /usr/lib/jvm/java-8-openjdk-amd64/jre/lib/amd64/libnet.so
7fc0ac749000-7fc0ac74a000 r--p 00016000 00:17 351360                     /usr/lib/jvm/java-8-openjdk-amd64/jre/lib/amd64/libnet.so
7fc0ac74a000-7fc0ac74b000 rw-p 00017000 00:17 351360                     /usr/lib/jvm/java-8-openjdk-amd64/jre/lib/amd64/libnet.so
7fc0ac74b000-7fc0ac74e000 ---p 00000000 00:00 0 
7fc0ac74e000-7fc0ac84c000 rw-p 00000000 00:00 0 
7fc0ac84c000-7fc0ac886000 r-xp 00000000 00:17 30384                      /usr/lib/x86_64-linux-gnu/gtk-2.0/2.10.0/engines/libmurrine.so
7fc0ac886000-7fc0aca86000 ---p 0003a000 00:17 30384                      /usr/lib/x86_64-linux-gnu/gtk-2.0/2.10.0/engines/libmurrine.so
7fc0aca86000-7fc0aca87000 r--p 0003a000 00:17 30384                      /usr/lib/x86_64-linux-gnu/gtk-2.0/2.10.0/engines/libmurrine.so
7fc0aca87000-7fc0aca88000 rw-p 0003b000 00:17 30384                      /usr/lib/x86_64-linux-gnu/gtk-2.0/2.10.0/engines/libmurrine.so
7fc0aca88000-7fc0aca9c000 r-xp 00000000 00:17 12315                      /lib/x86_64-linux-gnu/libgpg-error.so.0.22.0
7fc0aca9c000-7fc0acc9b000 ---p 00014000 00:17 12315                      /lib/x86_64-linux-gnu/libgpg-error.so.0.22.0
7fc0acc9b000-7fc0acc9c000 r--p 00013000 00:17 12315                      /lib/x86_64-linux-gnu/libgpg-error.so.0.22.0
7fc0acc9c000-7fc0acc9d000 rw-p 00014000 00:17 12315                      /lib/x86_64-linux-gnu/libgpg-error.so.0.22.0
7fc0acc9d000-7fc0acdb1000 r-xp 00000000 00:17 341198                     /lib/x86_64-linux-gnu/libgcrypt.so.20.2.1
7fc0acdb1000-7fc0acfb0000 ---p 00114000 00:17 341198                     /lib/x86_64-linux-gnu/libgcrypt.so.20.2.1
7fc0acfb0000-7fc0acfb2000 r--p 00113000 00:17 341198                     /lib/x86_64-linux-gnu/libgcrypt.so.20.2.1
7fc0acfb2000-7fc0acfb7000 rw-p 00115000 00:17 341198                     /lib/x86_64-linux-gnu/libgcrypt.so.20.2.1
7fc0acfb7000-7fc0acfb8000 rw-p 00000000 00:00 0 
7fc0acfb8000-7fc0acfd3000 r-xp 00000000 00:17 28303                      /usr/lib/x86_64-linux-gnu/liblz4.so.1.7.1
7fc0acfd3000-7fc0ad1d2000 ---p 0001b000 00:17 28303                      /usr/lib/x86_64-linux-gnu/liblz4.so.1.7.1
7fc0ad1d2000-7fc0ad1d3000 r--p 0001a000 00:17 28303                      /usr/lib/x86_64-linux-gnu/liblz4.so.1.7.1
7fc0ad1d3000-7fc0ad1d4000 rw-p 0001b000 00:17 28303                      /usr/lib/x86_64-linux-gnu/liblz4.so.1.7.1
7fc0ad1d4000-7fc0ad1f8000 r-xp 00000000 00:17 12334                      /lib/x86_64-linux-gnu/liblzma.so.5.2.2
7fc0ad1f8000-7fc0ad3f8000 ---p 00024000 00:17 12334                      /lib/x86_64-linux-gnu/liblzma.so.5.2.2
7fc0ad3f8000-7fc0ad3f9000 r--p 00024000 00:17 12334                      /lib/x86_64-linux-gnu/liblzma.so.5.2.2
7fc0ad3f9000-7fc0ad3fa000 rw-p 00025000 00:17 12334                      /lib/x86_64-linux-gnu/liblzma.so.5.2.2
7fc0ad3fa000-7fc0ad47a000 r-xp 00000000 00:17 340610                     /lib/x86_64-linux-gnu/libsystemd.so.0.21.0
7fc0ad47a000-7fc0ad679000 ---p 00080000 00:17 340610                     /lib/x86_64-linux-gnu/libsystemd.so.0.21.0
7fc0ad679000-7fc0ad67c000 r--p 0007f000 00:17 340610                     /lib/x86_64-linux-gnu/libsystemd.so.0.21.0
7fc0ad67c000-7fc0ad67d000 rw-p 00082000 00:17 340610                     /lib/x86_64-linux-gnu/libsystemd.so.0.21.0
7fc0ad67d000-7fc0ad67e000 rw-p 00000000 00:00 0 
7fc0ad67e000-7fc0ad6aa000 r-xp 00000000 00:17 27679                      /usr/lib/x86_64-linux-gnu/libatspi.so.0.0.1
7fc0ad6aa000-7fc0ad8aa000 ---p 0002c000 00:17 27679                      /usr/lib/x86_64-linux-gnu/libatspi.so.0.0.1
7fc0ad8aa000-7fc0ad8ad000 r--p 0002c000 00:17 27679                      /usr/lib/x86_64-linux-gnu/libatspi.so.0.0.1
7fc0ad8ad000-7fc0ad8ae000 rw-p 0002f000 00:17 27679                      /usr/lib/x86_64-linux-gnu/libatspi.so.0.0.1
7fc0ad8ae000-7fc0ad8f9000 r-xp 00000000 00:17 12289                      /lib/x86_64-linux-gnu/libdbus-1.so.3.19.4
7fc0ad8f9000-7fc0adaf9000 ---p 0004b000 00:17 12289                      /lib/x86_64-linux-gnu/libdbus-1.so.3.19.4
7fc0adaf9000-7fc0adafa000 r--p 0004b000 00:17 12289                      /lib/x86_64-linux-gnu/libdbus-1.so.3.19.4
7fc0adafa000-7fc0adafb000 rw-p 0004c000 00:17 12289                      /lib/x86_64-linux-gnu/libdbus-1.so.3.19.4
7fc0adafb000-7fc0adb29000 r-xp 00000000 00:17 27677                      /usr/lib/x86_64-linux-gnu/libatk-bridge-2.0.so.0.0.0
7fc0adb29000-7fc0add29000 ---p 0002e000 00:17 27677                      /usr/lib/x86_64-linux-gnu/libatk-bridge-2.0.so.0.0.0
7fc0add29000-7fc0add2a000 r--p 0002e000 00:17 27677                      /usr/lib/x86_64-linux-gnu/libatk-bridge-2.0.so.0.0.0
7fc0add2a000-7fc0add2b000 rw-p 0002f000 00:17 27677                      /usr/lib/x86_64-linux-gnu/libatk-bridge-2.0.so.0.0.0
7fc0add2b000-7fc0add2c000 rw-p 00000000 00:00 0 
7fc0add2c000-7fc0add2d000 r-xp 00000000 00:17 30402                      /usr/lib/x86_64-linux-gnu/gtk-2.0/modules/libatk-bridge.so
7fc0add2d000-7fc0adf2c000 ---p 00001000 00:17 30402                      /usr/lib/x86_64-linux-gnu/gtk-2.0/modules/libatk-bridge.so
7fc0adf2c000-7fc0adf2d000 r--p 00000000 00:17 30402                      /usr/lib/x86_64-linux-gnu/gtk-2.0/modules/libatk-bridge.so
7fc0adf2d000-7fc0adf2e000 rw-p 00001000 00:17 30402                      /usr/lib/x86_64-linux-gnu/gtk-2.0/modules/libatk-bridge.so
7fc0adf2e000-7fc0adf35000 r-xp 00000000 00:17 27979                      /usr/lib/x86_64-linux-gnu/libgailutil.so.18.0.1
7fc0adf35000-7fc0ae134000 ---p 00007000 00:17 27979                      /usr/lib/x86_64-linux-gnu/libgailutil.so.18.0.1
7fc0ae134000-7fc0ae135000 r--p 00006000 00:17 27979                      /usr/lib/x86_64-linux-gnu/libgailutil.so.18.0.1
7fc0ae135000-7fc0ae136000 rw-p 00007000 00:17 27979                      /usr/lib/x86_64-linux-gnu/libgailutil.so.18.0.1
7fc0ae136000-7fc0ae183000 r-xp 00000000 00:17 30404                      /usr/lib/x86_64-linux-gnu/gtk-2.0/modules/libgail.so
7fc0ae183000-7fc0ae383000 ---p 0004d000 00:17 30404                      /usr/lib/x86_64-linux-gnu/gtk-2.0/modules/libgail.so
7fc0ae383000-7fc0ae384000 r--p 0004d000 00:17 30404                      /usr/lib/x86_64-linux-gnu/gtk-2.0/modules/libgail.so
7fc0ae384000-7fc0ae386000 rw-p 0004e000 00:17 30404                      /usr/lib/x86_64-linux-gnu/gtk-2.0/modules/libgail.so
7fc0ae386000-7fc0ae38c000 r-xp 00000000 00:17 308063                     /lib/x86_64-linux-gnu/libuuid.so.1.3.0
7fc0ae38c000-7fc0ae58b000 ---p 00006000 00:17 308063                     /lib/x86_64-linux-gnu/libuuid.so.1.3.0
7fc0ae58b000-7fc0ae58c000 r--p 00005000 00:17 308063                     /lib/x86_64-linux-gnu/libuuid.so.1.3.0
7fc0ae58c000-7fc0ae58d000 rw-p 00006000 00:17 308063                     /lib/x86_64-linux-gnu/libuuid.so.1.3.0
7fc0ae58d000-7fc0ae593000 r-xp 00000000 00:17 27821                      /usr/lib/x86_64-linux-gnu/libdatrie.so.1.3.3
7fc0ae593000-7fc0ae792000 ---p 00006000 00:17 27821                      /usr/lib/x86_64-linux-gnu/libdatrie.so.1.3.3
7fc0ae792000-7fc0ae793000 r--p 00005000 00:17 27821                      /usr/lib/x86_64-linux-gnu/libdatrie.so.1.3.3
7fc0ae793000-7fc0ae794000 rw-p 00006000 00:17 27821                      /usr/lib/x86_64-linux-gnu/libdatrie.so.1.3.3
7fc0ae794000-7fc0ae7bf000 r-xp 00000000 00:17 28080                      /usr/lib/x86_64-linux-gnu/libgraphite2.so.3.0.1
7fc0ae7bf000-7fc0ae9be000 ---p 0002b000 00:17 28080                      /usr/lib/x86_64-linux-gnu/libgraphite2.so.3.0.1
7fc0ae9be000-7fc0ae9c0000 r--p 0002a000 00:17 28080                      /usr/lib/x86_64-linux-gnu/libgraphite2.so.3.0.1
7fc0ae9c0000-7fc0ae9c1000 rw-p 0002c000 00:17 28080                      /usr/lib/x86_64-linux-gnu/libgraphite2.so.3.0.1
7fc0ae9c1000-7fc0aea08000 r-xp 00000000 00:17 308088                     /lib/x86_64-linux-gnu/libblkid.so.1.1.0
7fc0aea08000-7fc0aec08000 ---p 00047000 00:17 308088                     /lib/x86_64-linux-gnu/libblkid.so.1.1.0
7fc0aec08000-7fc0aec0c000 r--p 00047000 00:17 308088                     /lib/x86_64-linux-gnu/libblkid.so.1.1.0
7fc0aec0c000-7fc0aec0d000 rw-p 0004b000 00:17 308088                     /lib/x86_64-linux-gnu/libblkid.so.1.1.0
7fc0aec0d000-7fc0aec0e000 rw-p 00000000 00:00 0 
7fc0aec0e000-7fc0aec16000 r-xp 00000000 00:17 28635                      /usr/lib/x86_64-linux-gnu/libthai.so.0.3.0
7fc0aec16000-7fc0aee15000 ---p 00008000 00:17 28635                      /usr/lib/x86_64-linux-gnu/libthai.so.0.3.0
7fc0aee15000-7fc0aee16000 r--p 00007000 00:17 28635                      /usr/lib/x86_64-linux-gnu/libthai.so.0.3.0
7fc0aee16000-7fc0aee17000 rw-p 00008000 00:17 28635                      /usr/lib/x86_64-linux-gnu/libthai.so.0.3.0
7fc0aee17000-7fc0aeeb3000 r-xp 00000000 00:17 28163                      /usr/lib/x86_64-linux-gnu/libharfbuzz.so.0.10702.0
7fc0aeeb3000-7fc0af0b3000 ---p 0009c000 00:17 28163                      /usr/lib/x86_64-linux-gnu/libharfbuzz.so.0.10702.0
7fc0af0b3000-7fc0af0b4000 r--p 0009c000 00:17 28163                      /usr/lib/x86_64-linux-gnu/libharfbuzz.so.0.10702.0
7fc0af0b4000-7fc0af0b5000 rw-p 0009d000 00:17 28163                      /usr/lib/x86_64-linux-gnu/libharfbuzz.so.0.10702.0
7fc0af0b5000-7fc0af125000 r-xp 00000000 00:17 12396                      /lib/x86_64-linux-gnu/libpcre.so.3.13.3
7fc0af125000-7fc0af325000 ---p 00070000 00:17 12396                      /lib/x86_64-linux-gnu/libpcre.so.3.13.3
7fc0af325000-7fc0af326000 r--p 00070000 00:17 12396                      /lib/x86_64-linux-gnu/libpcre.so.3.13.3
7fc0af326000-7fc0af327000 rw-p 00071000 00:17 12396                      /lib/x86_64-linux-gnu/libpcre.so.3.13.3
7fc0af327000-7fc0af378000 r-xp 00000000 00:17 308140                     /lib/x86_64-linux-gnu/libmount.so.1.1.0
7fc0af378000-7fc0af577000 ---p 00051000 00:17 308140                     /lib/x86_64-linux-gnu/libmount.so.1.1.0
7fc0af577000-7fc0af579000 r--p 00050000 00:17 308140                     /lib/x86_64-linux-gnu/libmount.so.1.1.0
7fc0af579000-7fc0af57a000 rw-p 00052000 00:17 308140                     /lib/x86_64-linux-gnu/libmount.so.1.1.0
7fc0af57a000-7fc0af57b000 rw-p 00000000 00:00 0 
7fc0af57b000-7fc0af592000 r-xp 00000000 00:17 12413                      /lib/x86_64-linux-gnu/libresolv-2.27.so
7fc0af592000-7fc0af792000 ---p 00017000 00:17 12413                      /lib/x86_64-linux-gnu/libresolv-2.27.so
7fc0af792000-7fc0af793000 r--p 00017000 00:17 12413                      /lib/x86_64-linux-gnu/libresolv-2.27.so
7fc0af793000-7fc0af794000 rw-p 00018000 00:17 12413                      /lib/x86_64-linux-gnu/libresolv-2.27.so
7fc0af794000-7fc0af796000 rw-p 00000000 00:00 0 
7fc0af796000-7fc0af7bb000 r-xp 00000000 00:17 12419                      /lib/x86_64-linux-gnu/libselinux.so.1
7fc0af7bb000-7fc0af9ba000 ---p 00025000 00:17 12419                      /lib/x86_64-linux-gnu/libselinux.so.1
7fc0af9ba000-7fc0af9bb000 r--p 00024000 00:17 12419                      /lib/x86_64-linux-gnu/libselinux.so.1
7fc0af9bb000-7fc0af9bc000 rw-p 00025000 00:17 12419                      /lib/x86_64-linux-gnu/libselinux.so.1
7fc0af9bc000-7fc0af9be000 rw-p 00000000 00:00 0 
7fc0af9be000-7fc0af9ca000 r-xp 00000000 00:17 28779                      /usr/lib/x86_64-linux-gnu/libxcb-render.so.0.0.0
7fc0af9ca000-7fc0afbc9000 ---p 0000c000 00:17 28779                      /usr/lib/x86_64-linux-gnu/libxcb-render.so.0.0.0
7fc0afbc9000-7fc0afbca000 r--p 0000b000 00:17 28779                      /usr/lib/x86_64-linux-gnu/libxcb-render.so.0.0.0
7fc0afbca000-7fc0afbcb000 rw-p 0000c000 00:17 28779                      /usr/lib/x86_64-linux-gnu/libxcb-render.so.0.0.0
7fc0afbcb000-7fc0afbcd000 r-xp 00000000 00:17 28785                      /usr/lib/x86_64-linux-gnu/libxcb-shm.so.0.0.0
7fc0afbcd000-7fc0afdcc000 ---p 00002000 00:17 28785                      /usr/lib/x86_64-linux-gnu/libxcb-shm.so.0.0.0
7fc0afdcc000-7fc0afdcd000 r--p 00001000 00:17 28785                      /usr/lib/x86_64-linux-gnu/libxcb-shm.so.0.0.0
7fc0afdcd000-7fc0afdce000 rw-p 00002000 00:17 28785                      /usr/lib/x86_64-linux-gnu/libxcb-shm.so.0.0.0
7fc0afdce000-7fc0afdff000 r-xp 00000000 00:17 345702                     /usr/lib/x86_64-linux-gnu/libpng16.so.16.34.0
7fc0afdff000-7fc0afffe000 ---p 00031000 00:17 345702                     /usr/lib/x86_64-linux-gnu/libpng16.so.16.34.0
7fc0afffe000-7fc0affff000 r--p 00030000 00:17 345702                     /usr/lib/x86_64-linux-gnu/libpng16.so.16.34.0
7fc0affff000-7fc0b0000000 rw-p 00031000 00:17 345702                     /usr/lib/x86_64-linux-gnu/libpng16.so.16.34.0
7fc0b0000000-7fc0b0021000 rw-p 00000000 00:00 0 
7fc0b0021000-7fc0b4000000 ---p 00000000 00:00 0 
7fc0b4000000-7fc0b4001000 r--s 00000000 00:17 133164                     /var/cache/fontconfig/0d8c3b2ac0904cb8a57a757ad11a4a08-le64.cache-7
7fc0b4001000-7fc0b4016000 r--s 00000000 00:17 133161                     /var/cache/fontconfig/04aabc0a78ac019cf9454389977116d2-le64.cache-7
7fc0b4016000-7fc0b4017000 r--s 00000000 00:17 133168                     /var/cache/fontconfig/1ac9eb803944fde146138c791f5cc56a-le64.cache-7
7fc0b4017000-7fc0b4018000 r--s 00000000 00:17 133219                     /var/cache/fontconfig/dc05db6664285cc2f12bf69c139ae4c3-le64.cache-7
7fc0b4018000-7fc0b401a000 r--s 00000000 00:17 133165                     /var/cache/fontconfig/14a5e22175779b556eaa434240950366-le64.cache-7
7fc0b401a000-7fc0b401b000 r--s 00000000 00:17 133192                     /var/cache/fontconfig/660208299946a285a940457d1287da33-le64.cache-7
7fc0b401b000-7fc0b401d000 r--s 00000000 00:17 133183                     /var/cache/fontconfig/4f3e3037c9980c83b53a9351efadef62-le64.cache-7
7fc0b401d000-7fc0b401f000 r--s 00000000 00:17 133197                     /var/cache/fontconfig/767a8244fc0220cfb567a839d0392e0b-le64.cache-7
7fc0b401f000-7fc0b4020000 r--s 00000000 00:17 482290                     /var/cache/fontconfig/4794a0821666d79190d59a36cb4f44b5-le64.cache-7
7fc0b4020000-7fc0b4022000 r--s 00000000 00:17 133162                     /var/cache/fontconfig/0bd3dc0958fa2205aaaa8ebb13e2872b-le64.cache-7
7fc0b4022000-7fc0b4027000 r--s 00000000 00:17 133220                     /var/cache/fontconfig/def309198bfa603429122923fa2bb2d4-le64.cache-7
7fc0b4027000-7fc0b4028000 r--s 00000000 00:17 133208                     /var/cache/fontconfig/b872e6e592da6075ffa4ab0a1fcc0c75-le64.cache-7
7fc0b4028000-7fc0b4029000 r--s 00000000 00:17 133225                     /var/cache/fontconfig/f6d4eedfaab2589bde49f7a3ff831d22-le64.cache-7
7fc0b4029000-7fc0b402a000 r--s 00000000 00:17 133190                     /var/cache/fontconfig/589f83ef4c36d296ce6e1c846f468f08-le64.cache-7
7fc0b402a000-7fc0b402b000 r--s 00000000 00:17 133210                     /var/cache/fontconfig/bab58bb527bb656aaa9f116d68a48d89-le64.cache-7
7fc0b402b000-7fc0b402c000 r--s 00000000 00:17 133169                     /var/cache/fontconfig/2171a34dccabdb6bcbbc728186263178-le64.cache-7
7fc0b402c000-7fc0b402d000 r--s 00000000 00:17 133211                     /var/cache/fontconfig/c5c45a61289222e0d30b1a26ef4effbe-le64.cache-7
7fc0b402d000-7fc0b402e000 r--s 00000000 00:17 133206                     /var/cache/fontconfig/aec30016f93e1b46d1a973dce0d74068-le64.cache-7
7fc0b402e000-7fc0b402f000 r--s 00000000 00:17 133176                     /var/cache/fontconfig/3f589640d34b7dc9042c8d453f7c8b9c-le64.cache-7
7fc0b402f000-7fc0b4030000 r--s 00000000 00:17 133166                     /var/cache/fontconfig/16c2fda60d1b4b719f4b3d06fd951d25-le64.cache-7
7fc0b4030000-7fc0b4031000 r--s 00000000 00:17 133205                     /var/cache/fontconfig/a48eab177a16e4f3713381162db2f3e9-le64.cache-7
7fc0b4031000-7fc0b4032000 r--s 00000000 00:17 133186                     /var/cache/fontconfig/564b2e68ac9bc4e36a6f7f6d6125ec1c-le64.cache-7
7fc0b4032000-7fc0b4037000 r--s 00000000 00:17 482288                     /var/cache/fontconfig/9d2451b1fd30e5bffe8383fd27c35478-le64.cache-7
7fc0b4037000-7fc0b403d000 r--s 00000000 00:17 482286                     /var/cache/fontconfig/3047814df9a2f067bd2d96a2b9c36e5a-le64.cache-7
7fc0b403d000-7fc0b403e000 r--s 00000000 00:17 133187                     /var/cache/fontconfig/56cf4f4769d0f4abc89a4895d7bd3ae1-le64.cache-7
7fc0b403e000-7fc0b403f000 r--s 00000000 00:17 133209                     /var/cache/fontconfig/b9d506c9ac06c20b433354fa67a72993-le64.cache-7
7fc0b403f000-7fc0b4045000 r--s 00000000 00:17 133207                     /var/cache/fontconfig/b47c4e1ecd0709278f4910c18777a504-le64.cache-7
7fc0b4045000-7fc0b4058000 r--s 00000000 00:17 133216                     /var/cache/fontconfig/d52a8644073d54c13679302ca1180695-le64.cache-7
7fc0b4058000-7fc0b4059000 r--s 00000000 00:17 133174                     /var/cache/fontconfig/370e5b74bf5dafc30834de68e24a87a4-le64.cache-7
7fc0b4059000-7fc0b405a000 r--s 00000000 00:17 406747                     /var/cache/fontconfig/6b2c5944714ca7831b25bed9e85cb5c8-le64.cache-7
7fc0b405a000-7fc0b405b000 r--s 00000000 00:17 133215                     /var/cache/fontconfig/d5178ab6d91b49bf20a416737dcea9e8-le64.cache-7
7fc0b405b000-7fc0b405e000 r--s 00000000 00:17 406743                     /var/cache/fontconfig/f259c2cffa685e28062317905db73c4a-le64.cache-7
7fc0b405e000-7fc0b4060000 r--s 00000000 00:17 406741                     /var/cache/fontconfig/550f3886151c940c12a5ed35f6a00586-le64.cache-7
7fc0b4060000-7fc0b4063000 ---p 00000000 00:00 0 
7fc0b4063000-7fc0b4161000 rw-p 00000000 00:00 0 
7fc0b4161000-7fc0b420e000 r-xp 00000000 00:17 27969                      /usr/lib/x86_64-linux-gnu/libfreetype.so.6.15.0
7fc0b420e000-7fc0b440d000 ---p 000ad000 00:17 27969                      /usr/lib/x86_64-linux-gnu/libfreetype.so.6.15.0
7fc0b440d000-7fc0b4414000 r--p 000ac000 00:17 27969                      /usr/lib/x86_64-linux-gnu/libfreetype.so.6.15.0
7fc0b4414000-7fc0b4415000 rw-p 000b3000 00:17 27969                      /usr/lib/x86_64-linux-gnu/libfreetype.so.6.15.0
7fc0b4415000-7fc0b44b2000 r-xp 00000000 00:17 28451                      /usr/lib/x86_64-linux-gnu/libpixman-1.so.0.34.0
7fc0b44b2000-7fc0b46b1000 ---p 0009d000 00:17 28451                      /usr/lib/x86_64-linux-gnu/libpixman-1.so.0.34.0
7fc0b46b1000-7fc0b46b9000 r--p 0009c000 00:17 28451                      /usr/lib/x86_64-linux-gnu/libpixman-1.so.0.34.0
7fc0b46b9000-7fc0b46ba000 rw-p 000a4000 00:17 28451                      /usr/lib/x86_64-linux-gnu/libpixman-1.so.0.34.0
7fc0b46ba000-7fc0b46bc000 r-xp 00000000 00:17 27594                      /usr/lib/x86_64-linux-gnu/libXcomposite.so.1.0.0
7fc0b46bc000-7fc0b48bb000 ---p 00002000 00:17 27594                      /usr/lib/x86_64-linux-gnu/libXcomposite.so.1.0.0
7fc0b48bb000-7fc0b48bc000 r--p 00001000 00:17 27594                      /usr/lib/x86_64-linux-gnu/libXcomposite.so.1.0.0
7fc0b48bc000-7fc0b48bd000 rw-p 00002000 00:17 27594                      /usr/lib/x86_64-linux-gnu/libXcomposite.so.1.0.0
7fc0b48bd000-7fc0b48c6000 r-xp 00000000 00:17 27596                      /usr/lib/x86_64-linux-gnu/libXcursor.so.1.0.2
7fc0b48c6000-7fc0b4ac5000 ---p 00009000 00:17 27596                      /usr/lib/x86_64-linux-gnu/libXcursor.so.1.0.2
7fc0b4ac5000-7fc0b4ac6000 r--p 00008000 00:17 27596                      /usr/lib/x86_64-linux-gnu/libXcursor.so.1.0.2
7fc0b4ac6000-7fc0b4ac7000 rw-p 00009000 00:17 27596                      /usr/lib/x86_64-linux-gnu/libXcursor.so.1.0.2
7fc0b4ac7000-7fc0b4ad1000 r-xp 00000000 00:17 27620                      /usr/lib/x86_64-linux-gnu/libXrandr.so.2.2.0
7fc0b4ad1000-7fc0b4cd0000 ---p 0000a000 00:17 27620                      /usr/lib/x86_64-linux-gnu/libXrandr.so.2.2.0
7fc0b4cd0000-7fc0b4cd1000 r--p 00009000 00:17 27620                      /usr/lib/x86_64-linux-gnu/libXrandr.so.2.2.0
7fc0b4cd1000-7fc0b4cd2000 rw-p 0000a000 00:17 27620                      /usr/lib/x86_64-linux-gnu/libXrandr.so.2.2.0
7fc0b4cd2000-7fc0b4ce1000 r-xp 00000000 00:17 27610                      /usr/lib/x86_64-linux-gnu/libXi.so.6.1.0
7fc0b4ce1000-7fc0b4ee0000 ---p 0000f000 00:17 27610                      /usr/lib/x86_64-linux-gnu/libXi.so.6.1.0
7fc0b4ee0000-7fc0b4ee1000 r--p 0000e000 00:17 27610                      /usr/lib/x86_64-linux-gnu/libXi.so.6.1.0
7fc0b4ee1000-7fc0b4ee2000 rw-p 0000f000 00:17 27610                      /usr/lib/x86_64-linux-gnu/libXi.so.6.1.0
7fc0b4ee2000-7fc0b4ee4000 r-xp 00000000 00:17 27612                      /usr/lib/x86_64-linux-gnu/libXinerama.so.1.0.0
7fc0b4ee4000-7fc0b50e3000 ---p 00002000 00:17 27612                      /usr/lib/x86_64-linux-gnu/libXinerama.so.1.0.0
7fc0b50e3000-7fc0b50e4000 r--p 00001000 00:17 27612                      /usr/lib/x86_64-linux-gnu/libXinerama.so.1.0.0
7fc0b50e4000-7fc0b50e5000 rw-p 00002000 00:17 27612                      /usr/lib/x86_64-linux-gnu/libXinerama.so.1.0.0
7fc0b50e5000-7fc0b50ee000 r-xp 00000000 00:17 27622                      /usr/lib/x86_64-linux-gnu/libXrender.so.1.3.0
7fc0b50ee000-7fc0b52ed000 ---p 00009000 00:17 27622                      /usr/lib/x86_64-linux-gnu/libXrender.so.1.3.0
7fc0b52ed000-7fc0b52ee000 r--p 00008000 00:17 27622                      /usr/lib/x86_64-linux-gnu/libXrender.so.1.3.0
7fc0b52ee000-7fc0b52ef000 rw-p 00009000 00:17 27622                      /usr/lib/x86_64-linux-gnu/libXrender.so.1.3.0
7fc0b52ef000-7fc0b532d000 r-xp 00000000 00:17 27951                      /usr/lib/x86_64-linux-gnu/libfontconfig.so.1.10.1
7fc0b532d000-7fc0b552d000 ---p 0003e000 00:17 27951                      /usr/lib/x86_64-linux-gnu/libfontconfig.so.1.10.1
7fc0b552d000-7fc0b552f000 r--p 0003e000 00:17 27951                      /usr/lib/x86_64-linux-gnu/libfontconfig.so.1.10.1
7fc0b552f000-7fc0b5534000 rw-p 00040000 00:17 27951                      /usr/lib/x86_64-linux-gnu/libfontconfig.so.1.10.1
7fc0b5534000-7fc0b557e000 r-xp 00000000 00:17 435607                     /usr/lib/x86_64-linux-gnu/libpango-1.0.so.0.4000.14
7fc0b557e000-7fc0b577d000 ---p 0004a000 00:17 435607                     /usr/lib/x86_64-linux-gnu/libpango-1.0.so.0.4000.14
7fc0b577d000-7fc0b5780000 r--p 00049000 00:17 435607                     /usr/lib/x86_64-linux-gnu/libpango-1.0.so.0.4000.14
7fc0b5780000-7fc0b5781000 rw-p 0004c000 00:17 435607                     /usr/lib/x86_64-linux-gnu/libpango-1.0.so.0.4000.14
7fc0b5781000-7fc0b5795000 r-xp 00000000 00:17 435629                     /usr/lib/x86_64-linux-gnu/libpangoft2-1.0.so.0.4000.14
7fc0b5795000-7fc0b5995000 ---p 00014000 00:17 435629                     /usr/lib/x86_64-linux-gnu/libpangoft2-1.0.so.0.4000.14
7fc0b5995000-7fc0b5996000 r--p 00014000 00:17 435629                     /usr/lib/x86_64-linux-gnu/libpangoft2-1.0.so.0.4000.14
7fc0b5996000-7fc0b5997000 rw-p 00015000 00:17 435629                     /usr/lib/x86_64-linux-gnu/libpangoft2-1.0.so.0.4000.14
7fc0b5997000-7fc0b59b9000 r-xp 00000000 00:17 27675                      /usr/lib/x86_64-linux-gnu/libatk-1.0.so.0.22810.1
7fc0b59b9000-7fc0b5bb9000 ---p 00022000 00:17 27675                      /usr/lib/x86_64-linux-gnu/libatk-1.0.so.0.22810.1
7fc0b5bb9000-7fc0b5bbc000 r--p 00022000 00:17 27675                      /usr/lib/x86_64-linux-gnu/libatk-1.0.so.0.22810.1
7fc0b5bbc000-7fc0b5bbd000 rw-p 00025000 00:17 27675                      /usr/lib/x86_64-linux-gnu/libatk-1.0.so.0.22810.1
7fc0b5bbd000-7fc0b5bc9000 r-xp 00000000 00:17 435648                     /usr/lib/x86_64-linux-gnu/libpangocairo-1.0.so.0.4000.14
7fc0b5bc9000-7fc0b5dc8000 ---p 0000c000 00:17 435648                     /usr/lib/x86_64-linux-gnu/libpangocairo-1.0.so.0.4000.14
7fc0b5dc8000-7fc0b5dc9000 r--p 0000b000 00:17 435648                     /usr/lib/x86_64-linux-gnu/libpangocairo-1.0.so.0.4000.14
7fc0b5dc9000-7fc0b5dca000 rw-p 0000c000 00:17 435648                     /usr/lib/x86_64-linux-gnu/libpangocairo-1.0.so.0.4000.14
7fc0b5dca000-7fc0b5dcd000 r-xp 00000000 00:17 433208                     /usr/lib/x86_64-linux-gnu/libgmodule-2.0.so.0.5600.2
7fc0b5dcd000-7fc0b5fcc000 ---p 00003000 00:17 433208                     /usr/lib/x86_64-linux-gnu/libgmodule-2.0.so.0.5600.2
7fc0b5fcc000-7fc0b5fcd000 r--p 00002000 00:17 433208                     /usr/lib/x86_64-linux-gnu/libgmodule-2.0.so.0.5600.2
7fc0b5fcd000-7fc0b5fce000 rw-p 00003000 00:17 433208                     /usr/lib/x86_64-linux-gnu/libgmodule-2.0.so.0.5600.2
7fc0b5fce000-7fc0b5fd3000 r-xp 00000000 00:17 27628                      /usr/lib/x86_64-linux-gnu/libXtst.so.6.1.0
7fc0b5fd3000-7fc0b61d2000 ---p 00005000 00:17 27628                      /usr/lib/x86_64-linux-gnu/libXtst.so.6.1.0
7fc0b61d2000-7fc0b61d3000 r--p 00004000 00:17 27628                      /usr/lib/x86_64-linux-gnu/libXtst.so.6.1.0
7fc0b61d3000-7fc0b61d4000 rw-p 00005000 00:17 27628                      /usr/lib/x86_64-linux-gnu/libXtst.so.6.1.0
7fc0b61d4000-7fc0b62e7000 r-xp 00000000 00:17 433207                     /usr/lib/x86_64-linux-gnu/libglib-2.0.so.0.5600.2
7fc0b62e7000-7fc0b64e7000 ---p 00113000 00:17 433207                     /usr/lib/x86_64-linux-gnu/libglib-2.0.so.0.5600.2
7fc0b64e7000-7fc0b64e8000 r--p 00113000 00:17 433207                     /usr/lib/x86_64-linux-gnu/libglib-2.0.so.0.5600.2
7fc0b64e8000-7fc0b64e9000 rw-p 00114000 00:17 433207                     /usr/lib/x86_64-linux-gnu/libglib-2.0.so.0.5600.2
7fc0b64e9000-7fc0b64ea000 rw-p 00000000 00:00 0 
7fc0b64ea000-7fc0b64eb000 r-xp 00000000 00:17 433210                     /usr/lib/x86_64-linux-gnu/libgthread-2.0.so.0.5600.2
7fc0b64eb000-7fc0b66ea000 ---p 00001000 00:17 433210                     /usr/lib/x86_64-linux-gnu/libgthread-2.0.so.0.5600.2
7fc0b66ea000-7fc0b66eb000 r--p 00000000 00:17 433210                     /usr/lib/x86_64-linux-gnu/libgthread-2.0.so.0.5600.2
7fc0b66eb000-7fc0b66ec000 rw-p 00001000 00:17 433210                     /usr/lib/x86_64-linux-gnu/libgthread-2.0.so.0.5600.2
7fc0b66ec000-7fc0b673e000 r-xp 00000000 00:17 433209                     /usr/lib/x86_64-linux-gnu/libgobject-2.0.so.0.5600.2
7fc0b673e000-7fc0b693e000 ---p 00052000 00:17 433209                     /usr/lib/x86_64-linux-gnu/libgobject-2.0.so.0.5600.2
7fc0b693e000-7fc0b693f000 r--p 00052000 00:17 433209                     /usr/lib/x86_64-linux-gnu/libgobject-2.0.so.0.5600.2
7fc0b693f000-7fc0b6940000 rw-p 00053000 00:17 433209                     /usr/lib/x86_64-linux-gnu/libgobject-2.0.so.0.5600.2
7fc0b6940000-7fc0b6ad5000 r-xp 00000000 00:17 433206                     /usr/lib/x86_64-linux-gnu/libgio-2.0.so.0.5600.2
7fc0b6ad5000-7fc0b6cd5000 ---p 00195000 00:17 433206                     /usr/lib/x86_64-linux-gnu/libgio-2.0.so.0.5600.2
7fc0b6cd5000-7fc0b6cdc000 r--p 00195000 00:17 433206                     /usr/lib/x86_64-linux-gnu/libgio-2.0.so.0.5600.2
7fc0b6cdc000-7fc0b6cdd000 rw-p 0019c000 00:17 433206                     /usr/lib/x86_64-linux-gnu/libgio-2.0.so.0.5600.2
7fc0b6cdd000-7fc0b6cdf000 rw-p 00000000 00:00 0 
7fc0b6cdf000-7fc0b6d01000 r-xp 00000000 00:17 28007                      /usr/lib/x86_64-linux-gnu/libgdk_pixbuf-2.0.so.0.3611.0
7fc0b6d01000-7fc0b6f01000 ---p 00022000 00:17 28007                      /usr/lib/x86_64-linux-gnu/libgdk_pixbuf-2.0.so.0.3611.0
7fc0b6f01000-7fc0b6f02000 r--p 00022000 00:17 28007                      /usr/lib/x86_64-linux-gnu/libgdk_pixbuf-2.0.so.0.3611.0
7fc0b6f02000-7fc0b6f03000 rw-p 00023000 00:17 28007                      /usr/lib/x86_64-linux-gnu/libgdk_pixbuf-2.0.so.0.3611.0
7fc0b6f03000-7fc0b701b000 r-xp 00000000 00:17 27744                      /usr/lib/x86_64-linux-gnu/libcairo.so.2.11510.0
7fc0b701b000-7fc0b721a000 ---p 00118000 00:17 27744                      /usr/lib/x86_64-linux-gnu/libcairo.so.2.11510.0
7fc0b721a000-7fc0b721d000 r--p 00117000 00:17 27744                      /usr/lib/x86_64-linux-gnu/libcairo.so.2.11510.0
7fc0b721d000-7fc0b721f000 rw-p 0011a000 00:17 27744                      /usr/lib/x86_64-linux-gnu/libcairo.so.2.11510.0
7fc0b721f000-7fc0b7220000 rw-p 00000000 00:00 0 
7fc0b7220000-7fc0b72d0000 r-xp 00000000 00:17 28005                      /usr/lib/x86_64-linux-gnu/libgdk-x11-2.0.so.0.2400.32
7fc0b72d0000-7fc0b74cf000 ---p 000b0000 00:17 28005                      /usr/lib/x86_64-linux-gnu/libgdk-x11-2.0.so.0.2400.32
7fc0b74cf000-7fc0b74d3000 r--p 000af000 00:17 28005                      /usr/lib/x86_64-linux-gnu/libgdk-x11-2.0.so.0.2400.32
7fc0b74d3000-7fc0b74d5000 rw-p 000b3000 00:17 28005                      /usr/lib/x86_64-linux-gnu/libgdk-x11-2.0.so.0.2400.32
7fc0b74d5000-7fc0b790a000 r-xp 00000000 00:17 28138                      /usr/lib/x86_64-linux-gnu/libgtk-x11-2.0.so.0.2400.32
7fc0b790a000-7fc0b7b09000 ---p 00435000 00:17 28138                      /usr/lib/x86_64-linux-gnu/libgtk-x11-2.0.so.0.2400.32
7fc0b7b09000-7fc0b7b10000 r--p 00434000 00:17 28138                      /usr/lib/x86_64-linux-gnu/libgtk-x11-2.0.so.0.2400.32
7fc0b7b10000-7fc0b7b14000 rw-p 0043b000 00:17 28138                      /usr/lib/x86_64-linux-gnu/libgtk-x11-2.0.so.0.2400.32
7fc0b7b14000-7fc0b7b17000 rw-p 00000000 00:00 0 
7fc0b7b17000-7fc0b7b3f000 r-xp 00000000 00:17 633373                     /usr/lib/jvm/java-8-openjdk-amd64/jre/lib/amd64/libglass.so
7fc0b7b3f000-7fc0b7d3f000 ---p 00028000 00:17 633373                     /usr/lib/jvm/java-8-openjdk-amd64/jre/lib/amd64/libglass.so
7fc0b7d3f000-7fc0b7d40000 r--p 00028000 00:17 633373                     /usr/lib/jvm/java-8-openjdk-amd64/jre/lib/amd64/libglass.so
7fc0b7d40000-7fc0b7d41000 rw-p 00029000 00:17 633373                     /usr/lib/jvm/java-8-openjdk-amd64/jre/lib/amd64/libglass.so
7fc0b7d41000-7fc0b7d4f000 r-xp 00000000 00:17 633383                     /usr/lib/jvm/java-8-openjdk-amd64/jre/lib/amd64/libprism_sw.so
7fc0b7d4f000-7fc0b7f4f000 ---p 0000e000 00:17 633383                     /usr/lib/jvm/java-8-openjdk-amd64/jre/lib/amd64/libprism_sw.so
7fc0b7f4f000-7fc0b7f50000 r--p 0000e000 00:17 633383                     /usr/lib/jvm/java-8-openjdk-amd64/jre/lib/amd64/libprism_sw.so
7fc0b7f50000-7fc0b7f51000 rw-p 0000f000 00:17 633383                     /usr/lib/jvm/java-8-openjdk-amd64/jre/lib/amd64/libprism_sw.so
7fc0b7f51000-7fc0b7f52000 ---p 00000000 00:00 0 
7fc0b7f52000-7fc0b8752000 rw-p 00000000 00:00 0 
7fc0b8752000-7fc0b8753000 ---p 00000000 00:00 0 
7fc0b8753000-7fc0b8f53000 rw-p 00000000 00:00 0 
7fc0b8f53000-7fc0b8f78000 r-xp 00000000 00:17 349926                     /lib/x86_64-linux-gnu/libtinfo.so.5.9
7fc0b8f78000-7fc0b9178000 ---p 00025000 00:17 349926                     /lib/x86_64-linux-gnu/libtinfo.so.5.9
7fc0b9178000-7fc0b917c000 r--p 00025000 00:17 349926                     /lib/x86_64-linux-gnu/libtinfo.so.5.9
7fc0b917c000-7fc0b917d000 rw-p 00029000 00:17 349926                     /lib/x86_64-linux-gnu/libtinfo.so.5.9
7fc0b917d000-7fc0b91ae000 r-xp 00000000 00:17 27893                      /usr/lib/x86_64-linux-gnu/libedit.so.2.0.56
7fc0b91ae000-7fc0b93ad000 ---p 00031000 00:17 27893                      /usr/lib/x86_64-linux-gnu/libedit.so.2.0.56
7fc0b93ad000-7fc0b93af000 r--p 00030000 00:17 27893                      /usr/lib/x86_64-linux-gnu/libedit.so.2.0.56
7fc0b93af000-7fc0b93b0000 rw-p 00032000 00:17 27893                      /usr/lib/x86_64-linux-gnu/libedit.so.2.0.56
7fc0b93b0000-7fc0b93b4000 rw-p 00000000 00:00 0 
7fc0b93b4000-7fc0b93bb000 r-xp 00000000 00:17 27937                      /usr/lib/x86_64-linux-gnu/libffi.so.6.0.4
7fc0b93bb000-7fc0b95ba000 ---p 00007000 00:17 27937                      /usr/lib/x86_64-linux-gnu/libffi.so.6.0.4
7fc0b95ba000-7fc0b95bb000 r--p 00006000 00:17 27937                      /usr/lib/x86_64-linux-gnu/libffi.so.6.0.4
7fc0b95bb000-7fc0b95bc000 rw-p 00007000 00:17 27937                      /usr/lib/x86_64-linux-gnu/libffi.so.6.0.4
7fc0b95bc000-7fc0bcc7e000 r-xp 00000000 00:17 27548                      /usr/lib/x86_64-linux-gnu/libLLVM-6.0.so.1
7fc0bcc7e000-7fc0bcc7f000 ---p 036c2000 00:17 27548                      /usr/lib/x86_64-linux-gnu/libLLVM-6.0.so.1
7fc0bcc7f000-7fc0bcfef000 r--p 036c2000 00:17 27548                      /usr/lib/x86_64-linux-gnu/libLLVM-6.0.so.1
7fc0bcfef000-7fc0bcffd000 rw-p 03a32000 00:17 27548                      /usr/lib/x86_64-linux-gnu/libLLVM-6.0.so.1
7fc0bcffd000-7fc0bd058000 rw-p 00000000 00:00 0 
7fc0bd058000-7fc0bd071000 r-xp 00000000 00:17 27898                      /usr/lib/x86_64-linux-gnu/libelf-0.170.so
7fc0bd071000-7fc0bd270000 ---p 00019000 00:17 27898                      /usr/lib/x86_64-linux-gnu/libelf-0.170.so
7fc0bd270000-7fc0bd271000 r--p 00018000 00:17 27898                      /usr/lib/x86_64-linux-gnu/libelf-0.170.so
7fc0bd271000-7fc0bd272000 rw-p 00019000 00:17 27898                      /usr/lib/x86_64-linux-gnu/libelf-0.170.so
7fc0bd272000-7fc0bd27b000 r-xp 00000000 00:17 27863                      /usr/lib/x86_64-linux-gnu/libdrm_amdgpu.so.1.0.0
7fc0bd27b000-7fc0bd47a000 ---p 00009000 00:17 27863                      /usr/lib/x86_64-linux-gnu/libdrm_amdgpu.so.1.0.0
7fc0bd47a000-7fc0bd47b000 r--p 00008000 00:17 27863                      /usr/lib/x86_64-linux-gnu/libdrm_amdgpu.so.1.0.0
7fc0bd47b000-7fc0bd47c000 rw-p 00009000 00:17 27863                      /usr/lib/x86_64-linux-gnu/libdrm_amdgpu.so.1.0.0
7fc0bd47c000-7fc0bd487000 r-xp 00000000 00:17 27869                      /usr/lib/x86_64-linux-gnu/libdrm_radeon.so.1.0.1
7fc0bd487000-7fc0bd686000 ---p 0000b000 00:17 27869                      /usr/lib/x86_64-linux-gnu/libdrm_radeon.so.1.0.1
7fc0bd686000-7fc0bd687000 r--p 0000a000 00:17 27869                      /usr/lib/x86_64-linux-gnu/libdrm_radeon.so.1.0.1
7fc0bd687000-7fc0bd688000 rw-p 0000b000 00:17 27869                      /usr/lib/x86_64-linux-gnu/libdrm_radeon.so.1.0.1
7fc0bd688000-7fc0bd68f000 r-xp 00000000 00:17 27867                      /usr/lib/x86_64-linux-gnu/libdrm_nouveau.so.2.0.0
7fc0bd68f000-7fc0bd88e000 ---p 00007000 00:17 27867                      /usr/lib/x86_64-linux-gnu/libdrm_nouveau.so.2.0.0
7fc0bd88e000-7fc0bd88f000 r--p 00006000 00:17 27867                      /usr/lib/x86_64-linux-gnu/libdrm_nouveau.so.2.0.0
7fc0bd88f000-7fc0bd890000 rw-p 00007000 00:17 27867                      /usr/lib/x86_64-linux-gnu/libdrm_nouveau.so.2.0.0
7fc0bd890000-7fc0bd89e000 r-xp 00000000 00:17 28559                      /usr/lib/x86_64-linux-gnu/libsensors.so.4.4.0
7fc0bd89e000-7fc0bda9d000 ---p 0000e000 00:17 28559                      /usr/lib/x86_64-linux-gnu/libsensors.so.4.4.0
7fc0bda9d000-7fc0bda9e000 r--p 0000d000 00:17 28559                      /usr/lib/x86_64-linux-gnu/libsensors.so.4.4.0
7fc0bda9e000-7fc0bda9f000 rw-p 0000e000 00:17 28559                      /usr/lib/x86_64-linux-gnu/libsensors.so.4.4.0
7fc0bda9f000-7fc0be51c000 r-xp 00000000 00:17 346847                     /usr/lib/x86_64-linux-gnu/dri/swrast_dri.so
7fc0be51c000-7fc0be71b000 ---p 00a7d000 00:17 346847                     /usr/lib/x86_64-linux-gnu/dri/swrast_dri.so
7fc0be71b000-7fc0be770000 r--p 00a7c000 00:17 346847                     /usr/lib/x86_64-linux-gnu/dri/swrast_dri.so
7fc0be770000-7fc0be779000 rw-p 00ad1000 00:17 346847                     /usr/lib/x86_64-linux-gnu/dri/swrast_dri.so
7fc0be779000-7fc0be972000 rw-p 00000000 00:00 0 
7fc0be972000-7fc0be982000 r-xp 00000000 00:17 27861                      /usr/lib/x86_64-linux-gnu/libdrm.so.2.4.0
7fc0be982000-7fc0beb81000 ---p 00010000 00:17 27861                      /usr/lib/x86_64-linux-gnu/libdrm.so.2.4.0
7fc0beb81000-7fc0beb82000 r--p 0000f000 00:17 27861                      /usr/lib/x86_64-linux-gnu/libdrm.so.2.4.0
7fc0beb82000-7fc0beb83000 rw-p 00010000 00:17 27861                      /usr/lib/x86_64-linux-gnu/libdrm.so.2.4.0
7fc0beb83000-7fc0beb88000 r-xp 00000000 00:17 27638                      /usr/lib/x86_64-linux-gnu/libXxf86vm.so.1.0.0
7fc0beb88000-7fc0bed87000 ---p 00005000 00:17 27638                      /usr/lib/x86_64-linux-gnu/libXxf86vm.so.1.0.0
7fc0bed87000-7fc0bed88000 r--p 00004000 00:17 27638                      /usr/lib/x86_64-linux-gnu/libXxf86vm.so.1.0.0
7fc0bed88000-7fc0bed89000 rw-p 00005000 00:17 27638                      /usr/lib/x86_64-linux-gnu/libXxf86vm.so.1.0.0
7fc0bed89000-7fc0bed8d000 r-xp 00000000 00:17 28761                      /usr/lib/x86_64-linux-gnu/libxcb-dri2.so.0.0.0
7fc0bed8d000-7fc0bef8c000 ---p 00004000 00:17 28761                      /usr/lib/x86_64-linux-gnu/libxcb-dri2.so.0.0.0
7fc0bef8c000-7fc0bef8d000 r--p 00003000 00:17 28761                      /usr/lib/x86_64-linux-gnu/libxcb-dri2.so.0.0.0
7fc0bef8d000-7fc0bef8e000 rw-p 00004000 00:17 28761                      /usr/lib/x86_64-linux-gnu/libxcb-dri2.so.0.0.0
7fc0bef8e000-7fc0befa6000 r-xp 00000000 00:17 28765                      /usr/lib/x86_64-linux-gnu/libxcb-glx.so.0.0.0
7fc0befa6000-7fc0bf1a6000 ---p 00018000 00:17 28765                      /usr/lib/x86_64-linux-gnu/libxcb-glx.so.0.0.0
7fc0bf1a6000-7fc0bf1a8000 r--p 00018000 00:17 28765                      /usr/lib/x86_64-linux-gnu/libxcb-glx.so.0.0.0
7fc0bf1a8000-7fc0bf1a9000 rw-p 0001a000 00:17 28765                      /usr/lib/x86_64-linux-gnu/libxcb-glx.so.0.0.0
7fc0bf1a9000-7fc0bf1aa000 r-xp 00000000 00:17 435666                     /usr/lib/x86_64-linux-gnu/libX11-xcb.so.1.0.0
7fc0bf1aa000-7fc0bf3a9000 ---p 00001000 00:17 435666                     /usr/lib/x86_64-linux-gnu/libX11-xcb.so.1.0.0
7fc0bf3a9000-7fc0bf3aa000 r--p 00000000 00:17 435666                     /usr/lib/x86_64-linux-gnu/libX11-xcb.so.1.0.0
7fc0bf3aa000-7fc0bf3ab000 rw-p 00001000 00:17 435666                     /usr/lib/x86_64-linux-gnu/libX11-xcb.so.1.0.0
7fc0bf3ab000-7fc0bf3b0000 r-xp 00000000 00:17 27604                      /usr/lib/x86_64-linux-gnu/libXfixes.so.3.1.0
7fc0bf3b0000-7fc0bf5af000 ---p 00005000 00:17 27604                      /usr/lib/x86_64-linux-gnu/libXfixes.so.3.1.0
7fc0bf5af000-7fc0bf5b0000 r--p 00004000 00:17 27604                      /usr/lib/x86_64-linux-gnu/libXfixes.so.3.1.0
7fc0bf5b0000-7fc0bf5b1000 rw-p 00005000 00:17 27604                      /usr/lib/x86_64-linux-gnu/libXfixes.so.3.1.0
7fc0bf5b1000-7fc0bf5b3000 r-xp 00000000 00:17 27598                      /usr/lib/x86_64-linux-gnu/libXdamage.so.1.1.0
7fc0bf5b3000-7fc0bf7b2000 ---p 00002000 00:17 27598                      /usr/lib/x86_64-linux-gnu/libXdamage.so.1.1.0
7fc0bf7b2000-7fc0bf7b3000 r--p 00001000 00:17 27598                      /usr/lib/x86_64-linux-gnu/libXdamage.so.1.1.0
7fc0bf7b3000-7fc0bf7b4000 rw-p 00002000 00:17 27598                      /usr/lib/x86_64-linux-gnu/libXdamage.so.1.1.0
7fc0bf7b4000-7fc0bf7c5000 r-xp 00000000 00:17 27602                      /usr/lib/x86_64-linux-gnu/libXext.so.6.4.0
7fc0bf7c5000-7fc0bf9c4000 ---p 00011000 00:17 27602                      /usr/lib/x86_64-linux-gnu/libXext.so.6.4.0
7fc0bf9c4000-7fc0bf9c5000 r--p 00010000 00:17 27602                      /usr/lib/x86_64-linux-gnu/libXext.so.6.4.0
7fc0bf9c5000-7fc0bf9c6000 rw-p 00011000 00:17 27602                      /usr/lib/x86_64-linux-gnu/libXext.so.6.4.0
7fc0bf9c6000-7fc0bf9f2000 r-xp 00000000 00:17 346826                     /usr/lib/x86_64-linux-gnu/libglapi.so.0.0.0
7fc0bf9f2000-7fc0bfbf1000 ---p 0002c000 00:17 346826                     /usr/lib/x86_64-linux-gnu/libglapi.so.0.0.0
7fc0bfbf1000-7fc0bfbf5000 r--p 0002b000 00:17 346826                     /usr/lib/x86_64-linux-gnu/libglapi.so.0.0.0
7fc0bfbf5000-7fc0bfbf6000 rw-p 0002f000 00:17 346826                     /usr/lib/x86_64-linux-gnu/libglapi.so.0.0.0
7fc0bfbf6000-7fc0bfbf7000 rw-p 00000000 00:00 0 
7fc0bfbf7000-7fc0bfbf8000 r-xp 00000000 00:17 28815                      /usr/lib/x86_64-linux-gnu/libxshmfence.so.1.0.0
7fc0bfbf8000-7fc0bfdf7000 ---p 00001000 00:17 28815                      /usr/lib/x86_64-linux-gnu/libxshmfence.so.1.0.0
7fc0bfdf7000-7fc0bfdf8000 r--p 00000000 00:17 28815                      /usr/lib/x86_64-linux-gnu/libxshmfence.so.1.0.0
7fc0bfdf8000-7fc0bfdf9000 rw-p 00001000 00:17 28815                      /usr/lib/x86_64-linux-gnu/libxshmfence.so.1.0.0
7fc0bfdf9000-7fc0bfdfe000 r-xp 00000000 00:17 28787                      /usr/lib/x86_64-linux-gnu/libxcb-sync.so.1.0.0
7fc0bfdfe000-7fc0bfffe000 ---p 00005000 00:17 28787                      /usr/lib/x86_64-linux-gnu/libxcb-sync.so.1.0.0
7fc0bfffe000-7fc0bffff000 r--p 00005000 00:17 28787                      /usr/lib/x86_64-linux-gnu/libxcb-sync.so.1.0.0
7fc0bffff000-7fc0c0000000 rw-p 00006000 00:17 28787                      /usr/lib/x86_64-linux-gnu/libxcb-sync.so.1.0.0
7fc0c0000000-7fc0c0021000 rw-p 00000000 00:00 0 
7fc0c0021000-7fc0c4000000 ---p 00000000 00:00 0 
7fc0c4000000-7fc0c491f000 rw-p 00000000 00:00 0 
7fc0c491f000-7fc0c8000000 ---p 00000000 00:00 0 
7fc0c8000000-7fc0c877d000 rw-p 00000000 00:00 0 
7fc0c877d000-7fc0cc000000 ---p 00000000 00:00 0 
7fc0cc000000-7fc0cc021000 rw-p 00000000 00:00 0 
7fc0cc021000-7fc0d0000000 ---p 00000000 00:00 0 
7fc0d0000000-7fc0d0021000 rw-p 00000000 00:00 0 
7fc0d0021000-7fc0d4000000 ---p 00000000 00:00 0 
7fc0d4000000-7fc0d5600000 rw-p 00000000 00:00 0 
7fc0d5600000-7fc0d8000000 ---p 00000000 00:00 0 
7fc0d8000000-7fc0d8021000 rw-p 00000000 00:00 0 
7fc0d8021000-7fc0dc000000 ---p 00000000 00:00 0 
7fc0dc000000-7fc0dc021000 rw-p 00000000 00:00 0 
7fc0dc021000-7fc0e0000000 ---p 00000000 00:00 0 
7fc0e0000000-7fc0e0021000 rw-p 00000000 00:00 0 
7fc0e0021000-7fc0e4000000 ---p 00000000 00:00 0 
7fc0e4000000-7fc0e4021000 rw-p 00000000 00:00 0 
7fc0e4021000-7fc0e8000000 ---p 00000000 00:00 0 
7fc0e8000000-7fc0e8022000 rw-p 00000000 00:00 0 
7fc0e8022000-7fc0ec000000 ---p 00000000 00:00 0 
7fc0ec000000-7fc0ec001000 r--s 00000000 00:17 406745                     /var/cache/fontconfig/551ecf3b0e8b0bca0f25c0944f561853-le64.cache-7
7fc0ec001000-7fc0ec004000 r--s 00000000 00:17 406739                     /var/cache/fontconfig/674d1711f2d1d2a09646eb0bdcadee49-le64.cache-7
7fc0ec004000-7fc0ec005000 r--s 00000000 00:17 133177                     /var/cache/fontconfig/3f7329c5293ffd510edef78f73874cfd-le64.cache-7
7fc0ec005000-7fc0ec011000 r--s 00000000 00:17 239568                     /var/cache/fontconfig/d589a48862398ed80a3d6066f4f56f4c-le64.cache-7
7fc0ec011000-7fc0ec012000 r--s 00000000 00:17 133163                     /var/cache/fontconfig/0c9eb80ebd1c36541ebe2852d3bb0c49-le64.cache-7
7fc0ec012000-7fc0ec013000 r--s 00000000 00:17 133170                     /var/cache/fontconfig/22368d551a680bfe5a62c02760edf4ea-le64.cache-7
7fc0ec013000-7fc0ec014000 r--s 00000000 00:17 133182                     /var/cache/fontconfig/4d9c95eba1cb85bbcf2878543262124a-le64.cache-7
7fc0ec014000-7fc0ec015000 r--s 00000000 00:17 133199                     /var/cache/fontconfig/85e0a52ce643a7ba2ae53e5d6949cead-le64.cache-7
7fc0ec015000-7fc0ec016000 r--s 00000000 00:17 133179                     /var/cache/fontconfig/49f0de54bdd920fe4f0dfd4cbac43e6b-le64.cache-7
7fc0ec016000-7fc0ec017000 r--s 00000000 00:17 133226                     /var/cache/fontconfig/f6e6e0a5c3d2f6ae0c0c2e0ecd42a997-le64.cache-7
7fc0ec017000-7fc0ec036000 r--s 00000000 00:17 133202                     /var/cache/fontconfig/9b89f8e3dae116d678bbf48e5f21f69b-le64.cache-7
7fc0ec036000-7fc0ec039000 ---p 00000000 00:00 0 
7fc0ec039000-7fc0ec137000 rw-p 00000000 00:00 0 
7fc0ec137000-7fc0ec164000 r--p 00000000 00:17 345345                     /usr/share/locale-langpack/ja/LC_MESSAGES/gtk20-properties.mo
7fc0ec164000-7fc0ec188000 r--p 00000000 00:17 345544                     /usr/share/locale-langpack/ja/LC_MESSAGES/libc.mo
7fc0ec188000-7fc0ec18a000 r-xp 00000000 00:17 28773                      /usr/lib/x86_64-linux-gnu/libxcb-present.so.0.0.0
7fc0ec18a000-7fc0ec389000 ---p 00002000 00:17 28773                      /usr/lib/x86_64-linux-gnu/libxcb-present.so.0.0.0
7fc0ec389000-7fc0ec38a000 r--p 00001000 00:17 28773                      /usr/lib/x86_64-linux-gnu/libxcb-present.so.0.0.0
7fc0ec38a000-7fc0ec38b000 rw-p 00002000 00:17 28773                      /usr/lib/x86_64-linux-gnu/libxcb-present.so.0.0.0
7fc0ec38b000-7fc0ec38e000 r-xp 00000000 00:17 28763                      /usr/lib/x86_64-linux-gnu/libxcb-dri3.so.0.0.0
7fc0ec38e000-7fc0ec58d000 ---p 00003000 00:17 28763                      /usr/lib/x86_64-linux-gnu/libxcb-dri3.so.0.0.0
7fc0ec58d000-7fc0ec58e000 r--p 00002000 00:17 28763                      /usr/lib/x86_64-linux-gnu/libxcb-dri3.so.0.0.0
7fc0ec58e000-7fc0ec58f000 rw-p 00003000 00:17 28763                      /usr/lib/x86_64-linux-gnu/libxcb-dri3.so.0.0.0
7fc0ec58f000-7fc0ec5be000 r-xp 00000000 00:17 12304                      /lib/x86_64-linux-gnu/libexpat.so.1.6.7
7fc0ec5be000-7fc0ec7be000 ---p 0002f000 00:17 12304                      /lib/x86_64-linux-gnu/libexpat.so.1.6.7
7fc0ec7be000-7fc0ec7c0000 r--p 0002f000 00:17 12304                      /lib/x86_64-linux-gnu/libexpat.so.1.6.7
7fc0ec7c0000-7fc0ec7c1000 rw-p 00031000 00:17 12304                      /lib/x86_64-linux-gnu/libexpat.so.1.6.7
7fc0ec7c1000-7fc0ec831000 r-xp 00000000 00:17 346804                     /usr/lib/x86_64-linux-gnu/libGLX_mesa.so.0.0.0
7fc0ec831000-7fc0eca30000 ---p 00070000 00:17 346804                     /usr/lib/x86_64-linux-gnu/libGLX_mesa.so.0.0.0
7fc0eca30000-7fc0eca33000 r--p 0006f000 00:17 346804                     /usr/lib/x86_64-linux-gnu/libGLX_mesa.so.0.0.0
7fc0eca33000-7fc0eca34000 rw-p 00072000 00:17 346804                     /usr/lib/x86_64-linux-gnu/libGLX_mesa.so.0.0.0
7fc0eca34000-7fc0eca35000 rw-p 00000000 00:00 0 
7fc0eca35000-7fc0eca48000 r-xp 00000000 00:17 12270                      /lib/x86_64-linux-gnu/libbsd.so.0.8.7
7fc0eca48000-7fc0ecc47000 ---p 00013000 00:17 12270                      /lib/x86_64-linux-gnu/libbsd.so.0.8.7
7fc0ecc47000-7fc0ecc48000 r--p 00012000 00:17 12270                      /lib/x86_64-linux-gnu/libbsd.so.0.8.7
7fc0ecc48000-7fc0ecc49000 rw-p 00013000 00:17 12270                      /lib/x86_64-linux-gnu/libbsd.so.0.8.7
7fc0ecc49000-7fc0ecc4a000 rw-p 00000000 00:00 0 
7fc0ecc4a000-7fc0ecc4f000 r-xp 00000000 00:17 27600                      /usr/lib/x86_64-linux-gnu/libXdmcp.so.6.0.0
7fc0ecc4f000-7fc0ece4e000 ---p 00005000 00:17 27600                      /usr/lib/x86_64-linux-gnu/libXdmcp.so.6.0.0
7fc0ece4e000-7fc0ece4f000 r--p 00004000 00:17 27600                      /usr/lib/x86_64-linux-gnu/libXdmcp.so.6.0.0
7fc0ece4f000-7fc0ece50000 rw-p 00005000 00:17 27600                      /usr/lib/x86_64-linux-gnu/libXdmcp.so.6.0.0
7fc0ece50000-7fc0ece52000 r-xp 00000000 00:17 27589                      /usr/lib/x86_64-linux-gnu/libXau.so.6.0.0
7fc0ece52000-7fc0ed052000 ---p 00002000 00:17 27589                      /usr/lib/x86_64-linux-gnu/libXau.so.6.0.0
7fc0ed052000-7fc0ed053000 r--p 00002000 00:17 27589                      /usr/lib/x86_64-linux-gnu/libXau.so.6.0.0
7fc0ed053000-7fc0ed054000 rw-p 00003000 00:17 27589                      /usr/lib/x86_64-linux-gnu/libXau.so.6.0.0
7fc0ed054000-7fc0ed0c2000 r-xp 00000000 00:17 436482                     /usr/lib/x86_64-linux-gnu/libGLdispatch.so.0.0.0
7fc0ed0c2000-7fc0ed2c1000 ---p 0006e000 00:17 436482                     /usr/lib/x86_64-linux-gnu/libGLdispatch.so.0.0.0
7fc0ed2c1000-7fc0ed2e9000 r--p 0006d000 00:17 436482                     /usr/lib/x86_64-linux-gnu/libGLdispatch.so.0.0.0
7fc0ed2e9000-7fc0ed2ea000 rw-p 00095000 00:17 436482                     /usr/lib/x86_64-linux-gnu/libGLdispatch.so.0.0.0
7fc0ed2ea000-7fc0ed30a000 rw-p 00000000 00:00 0 
7fc0ed30a000-7fc0ed31a000 r-xp 00000000 00:17 436421                     /usr/lib/x86_64-linux-gnu/libGLX.so.0.0.0
7fc0ed31a000-7fc0ed519000 ---p 00010000 00:17 436421                     /usr/lib/x86_64-linux-gnu/libGLX.so.0.0.0
7fc0ed519000-7fc0ed51a000 r--p 0000f000 00:17 436421                     /usr/lib/x86_64-linux-gnu/libGLX.so.0.0.0
7fc0ed51a000-7fc0ed51b000 rw-p 00010000 00:17 436421                     /usr/lib/x86_64-linux-gnu/libGLX.so.0.0.0
7fc0ed51b000-7fc0ed53b000 rw-p 00000000 00:00 0 
7fc0ed53b000-7fc0ed561000 r-xp 00000000 00:17 28799                      /usr/lib/x86_64-linux-gnu/libxcb.so.1.1.0
7fc0ed561000-7fc0ed761000 ---p 00026000 00:17 28799                      /usr/lib/x86_64-linux-gnu/libxcb.so.1.1.0
7fc0ed761000-7fc0ed762000 r--p 00026000 00:17 28799                      /usr/lib/x86_64-linux-gnu/libxcb.so.1.1.0
7fc0ed762000-7fc0ed763000 rw-p 00027000 00:17 28799                      /usr/lib/x86_64-linux-gnu/libxcb.so.1.1.0
7fc0ed763000-7fc0ed7d4000 r-xp 00000000 00:17 436401                     /usr/lib/x86_64-linux-gnu/libGL.so.1.0.0
7fc0ed7d4000-7fc0ed9d3000 ---p 00071000 00:17 436401                     /usr/lib/x86_64-linux-gnu/libGL.so.1.0.0
7fc0ed9d3000-7fc0ed9ed000 r--p 00070000 00:17 436401                     /usr/lib/x86_64-linux-gnu/libGL.so.1.0.0
7fc0ed9ed000-7fc0ed9ee000 rw-p 0008a000 00:17 436401                     /usr/lib/x86_64-linux-gnu/libGL.so.1.0.0
7fc0ed9ee000-7fc0ed9ef000 rw-p 00000000 00:00 0 
7fc0ed9ef000-7fc0edb22000 r-xp 00000000 00:17 435050                     /usr/lib/x86_64-linux-gnu/libX11.so.6.3.0
7fc0edb22000-7fc0edd22000 ---p 00133000 00:17 435050                     /usr/lib/x86_64-linux-gnu/libX11.so.6.3.0
7fc0edd22000-7fc0edd23000 r--p 00133000 00:17 435050                     /usr/lib/x86_64-linux-gnu/libX11.so.6.3.0
7fc0edd23000-7fc0edd27000 rw-p 00134000 00:17 435050                     /usr/lib/x86_64-linux-gnu/libX11.so.6.3.0
7fc0edd27000-7fc0edd28000 r--s 00000000 00:17 133180                     /var/cache/fontconfig/4b2eda6bb976bda485cb2176619421d5-le64.cache-7
7fc0edd28000-7fc0edd2a000 r--s 00000000 00:17 133194                     /var/cache/fontconfig/6afa1bb216ce958c1589e297e8008489-le64.cache-7
7fc0edd2a000-7fc0edd2d000 r--s 00000000 00:17 133221                     /var/cache/fontconfig/e13b20fdb08344e0e664864cc2ede53d-le64.cache-7
7fc0edd2d000-7fc0edd3d000 r--p 00000000 00:17 345346                     /usr/share/locale-langpack/ja/LC_MESSAGES/gtk20.mo
7fc0edd3d000-7fc0edd49000 r-xp 00000000 00:17 633382                     /usr/lib/jvm/java-8-openjdk-amd64/jre/lib/amd64/libprism_es2.so
7fc0edd49000-7fc0edf48000 ---p 0000c000 00:17 633382                     /usr/lib/jvm/java-8-openjdk-amd64/jre/lib/amd64/libprism_es2.so
7fc0edf48000-7fc0edf49000 r--p 0000b000 00:17 633382                     /usr/lib/jvm/java-8-openjdk-amd64/jre/lib/amd64/libprism_es2.so
7fc0edf49000-7fc0edf4a000 rw-p 0000c000 00:17 633382                     /usr/lib/jvm/java-8-openjdk-amd64/jre/lib/amd64/libprism_es2.so
7fc0edf4a000-7fc0edf4d000 ---p 00000000 00:00 0 
7fc0edf4d000-7fc0ee04b000 rw-p 00000000 00:00 0 
7fc0ee04b000-7fc0ee04c000 ---p 00000000 00:00 0 
7fc0ee04c000-7fc0ee14c000 rw-p 00000000 00:00 0 
7fc0ee14c000-7fc0ee14f000 ---p 00000000 00:00 0 
7fc0ee14f000-7fc0ee24d000 rw-p 00000000 00:00 0 
7fc0ee24d000-7fc0ee24e000 ---p 00000000 00:00 0 
7fc0ee24e000-7fc0ee251000 ---p 00000000 00:00 0 
7fc0ee251000-7fc0ee34e000 rw-p 00000000 00:00 0 
7fc0ee34e000-7fc0ee34f000 ---p 00000000 00:00 0 
7fc0ee34f000-7fc0ee352000 ---p 00000000 00:00 0 
7fc0ee352000-7fc0ee44f000 rw-p 00000000 00:00 0 
7fc0ee44f000-7fc0ee452000 ---p 00000000 00:00 0 
7fc0ee452000-7fc0ee550000 rw-p 00000000 00:00 0 
7fc0ee550000-7fc0ef01f000 r--p 00000000 00:17 19606                      /usr/lib/locale/locale-archive
7fc0ef01f000-7fc0ef022000 ---p 00000000 00:00 0 
7fc0ef022000-7fc0f1000000 rw-p 00000000 00:00 0 
7fc0f1000000-7fc0f1ab0000 rwxp 00000000 00:00 0 
7fc0f1ab0000-7fc100000000 ---p 00000000 00:00 0 
7fc100000000-7fc100376000 rw-p 00000000 00:00 0 
7fc100376000-7fc104000000 ---p 00000000 00:00 0 
7fc104000000-7fc104003000 r--s 00000000 00:17 250901                     /var/cache/fontconfig/7ef2298fde41cc6eeb7af42e48b7d293-le64.cache-7
7fc104003000-7fc104006000 r--p 00000000 00:17 345288                     /usr/share/locale-langpack/ja/LC_MESSAGES/atk10.mo
7fc104006000-7fc10400d000 r--s 00000000 00:17 30001                      /usr/lib/x86_64-linux-gnu/gconv/gconv-modules.cache
7fc10400d000-7fc1040a4000 r--s 007cb000 00:17 633400                     /usr/share/java/openjfx/jre/lib/ext/jfxrt.jar
7fc1040a4000-7fc1040a7000 r--s 00038000 00:17 351387                     /usr/lib/jvm/java-8-openjdk-amd64/jre/lib/ext/sunpkcs11.jar
7fc1040a7000-7fc1040ad000 r--s 0003b000 00:17 351386                     /usr/lib/jvm/java-8-openjdk-amd64/jre/lib/ext/sunjce_provider.jar
7fc1040ad000-7fc1040c8000 r--s 001d6000 00:17 351384                     /usr/lib/jvm/java-8-openjdk-amd64/jre/lib/ext/nashorn.jar
7fc1040c8000-7fc1040d2000 r--s 00116000 00:17 351383                     /usr/lib/jvm/java-8-openjdk-amd64/jre/lib/ext/localedata.jar
7fc1040d2000-7fc1040ed000 r--s 00394000 00:17 351379                     /usr/lib/jvm/java-8-openjdk-amd64/jre/lib/ext/cldrdata.jar
7fc1040ed000-7fc1040f0000 ---p 00000000 00:00 0 
7fc1040f0000-7fc1041ee000 rw-p 00000000 00:00 0 
7fc1041ee000-7fc1041ef000 ---p 00000000 00:00 0 
7fc1041ef000-7fc104c5b000 rw-p 00000000 00:00 0 
7fc104c5b000-7fc104e2a000 r--s 03c32000 00:17 351405                     /usr/lib/jvm/java-8-openjdk-amd64/jre/lib/rt.jar
7fc104e2a000-7fc10588e000 rw-p 00000000 00:00 0 
7fc10588e000-7fc10588f000 ---p 00000000 00:00 0 
7fc10588f000-7fc10598f000 rw-p 00000000 00:00 0 
7fc10598f000-7fc105990000 ---p 00000000 00:00 0 
7fc105990000-7fc105aa5000 rw-p 00000000 00:00 0 
7fc105aa5000-7fc105bda000 ---p 00000000 00:00 0 
7fc105bda000-7fc105bef000 rw-p 00000000 00:00 0 
7fc105bef000-7fc105d23000 ---p 00000000 00:00 0 
7fc105d23000-7fc105d45000 rw-p 00000000 00:00 0 
7fc105d45000-7fc105dc8000 ---p 00000000 00:00 0 
7fc105dc8000-7fc105df4000 rw-p 00000000 00:00 0 
7fc105df4000-7fc106189000 ---p 00000000 00:00 0 
7fc106189000-7fc106191000 r-xp 00000000 00:17 351368                     /usr/lib/jvm/java-8-openjdk-amd64/jre/lib/amd64/libzip.so
7fc106191000-7fc106390000 ---p 00008000 00:17 351368                     /usr/lib/jvm/java-8-openjdk-amd64/jre/lib/amd64/libzip.so
7fc106390000-7fc106391000 r--p 00007000 00:17 351368                     /usr/lib/jvm/java-8-openjdk-amd64/jre/lib/amd64/libzip.so
7fc106391000-7fc106392000 rw-p 00008000 00:17 351368                     /usr/lib/jvm/java-8-openjdk-amd64/jre/lib/amd64/libzip.so
7fc106392000-7fc10639d000 r-xp 00000000 00:17 12364                      /lib/x86_64-linux-gnu/libnss_files-2.27.so
7fc10639d000-7fc10659c000 ---p 0000b000 00:17 12364                      /lib/x86_64-linux-gnu/libnss_files-2.27.so
7fc10659c000-7fc10659d000 r--p 0000a000 00:17 12364                      /lib/x86_64-linux-gnu/libnss_files-2.27.so
7fc10659d000-7fc10659e000 rw-p 0000b000 00:17 12364                      /lib/x86_64-linux-gnu/libnss_files-2.27.so
7fc10659e000-7fc1065a4000 rw-p 00000000 00:00 0 
7fc1065a4000-7fc1065bb000 r-xp 00000000 00:17 12358                      /lib/x86_64-linux-gnu/libnsl-2.27.so
7fc1065bb000-7fc1067ba000 ---p 00017000 00:17 12358                      /lib/x86_64-linux-gnu/libnsl-2.27.so
7fc1067ba000-7fc1067bb000 r--p 00016000 00:17 12358                      /lib/x86_64-linux-gnu/libnsl-2.27.so
7fc1067bb000-7fc1067bc000 rw-p 00017000 00:17 12358                      /lib/x86_64-linux-gnu/libnsl-2.27.so
7fc1067bc000-7fc1067be000 rw-p 00000000 00:00 0 
7fc1067be000-7fc1067c9000 r-xp 00000000 00:17 12375                      /lib/x86_64-linux-gnu/libnss_nis-2.27.so
7fc1067c9000-7fc1069c8000 ---p 0000b000 00:17 12375                      /lib/x86_64-linux-gnu/libnss_nis-2.27.so
7fc1069c8000-7fc1069c9000 r--p 0000a000 00:17 12375                      /lib/x86_64-linux-gnu/libnss_nis-2.27.so
7fc1069c9000-7fc1069ca000 rw-p 0000b000 00:17 12375                      /lib/x86_64-linux-gnu/libnss_nis-2.27.so
7fc1069ca000-7fc1069d2000 r-xp 00000000 00:17 12360                      /lib/x86_64-linux-gnu/libnss_compat-2.27.so
7fc1069d2000-7fc106bd2000 ---p 00008000 00:17 12360                      /lib/x86_64-linux-gnu/libnss_compat-2.27.so
7fc106bd2000-7fc106bd3000 r--p 00008000 00:17 12360                      /lib/x86_64-linux-gnu/libnss_compat-2.27.so
7fc106bd3000-7fc106bd4000 rw-p 00009000 00:17 12360                      /lib/x86_64-linux-gnu/libnss_compat-2.27.so
7fc106bd4000-7fc106c02000 r-xp 00000000 00:17 351349                     /usr/lib/jvm/java-8-openjdk-amd64/jre/lib/amd64/libjava.so
7fc106c02000-7fc106e01000 ---p 0002e000 00:17 351349                     /usr/lib/jvm/java-8-openjdk-amd64/jre/lib/amd64/libjava.so
7fc106e01000-7fc106e02000 r--p 0002d000 00:17 351349                     /usr/lib/jvm/java-8-openjdk-amd64/jre/lib/amd64/libjava.so
7fc106e02000-7fc106e04000 rw-p 0002e000 00:17 351349                     /usr/lib/jvm/java-8-openjdk-amd64/jre/lib/amd64/libjava.so
7fc106e04000-7fc106e14000 r-xp 00000000 00:17 351367                     /usr/lib/jvm/java-8-openjdk-amd64/jre/lib/amd64/libverify.so
7fc106e14000-7fc107013000 ---p 00010000 00:17 351367                     /usr/lib/jvm/java-8-openjdk-amd64/jre/lib/amd64/libverify.so
7fc107013000-7fc107015000 r--p 0000f000 00:17 351367                     /usr/lib/jvm/java-8-openjdk-amd64/jre/lib/amd64/libverify.so
7fc107015000-7fc107016000 rw-p 00011000 00:17 351367                     /usr/lib/jvm/java-8-openjdk-amd64/jre/lib/amd64/libverify.so
7fc107016000-7fc10701d000 r-xp 00000000 00:17 12415                      /lib/x86_64-linux-gnu/librt-2.27.so
7fc10701d000-7fc10721c000 ---p 00007000 00:17 12415                      /lib/x86_64-linux-gnu/librt-2.27.so
7fc10721c000-7fc10721d000 r--p 00006000 00:17 12415                      /lib/x86_64-linux-gnu/librt-2.27.so
7fc10721d000-7fc10721e000 rw-p 00007000 00:17 12415                      /lib/x86_64-linux-gnu/librt-2.27.so
7fc10721e000-7fc107235000 r-xp 00000000 00:17 496848                     /lib/x86_64-linux-gnu/libgcc_s.so.1
7fc107235000-7fc107434000 ---p 00017000 00:17 496848                     /lib/x86_64-linux-gnu/libgcc_s.so.1
7fc107434000-7fc107435000 r--p 00016000 00:17 496848                     /lib/x86_64-linux-gnu/libgcc_s.so.1
7fc107435000-7fc107436000 rw-p 00017000 00:17 496848                     /lib/x86_64-linux-gnu/libgcc_s.so.1
7fc107436000-7fc1075d3000 r-xp 00000000 00:17 12337                      /lib/x86_64-linux-gnu/libm-2.27.so
7fc1075d3000-7fc1077d2000 ---p 0019d000 00:17 12337                      /lib/x86_64-linux-gnu/libm-2.27.so
7fc1077d2000-7fc1077d3000 r--p 0019c000 00:17 12337                      /lib/x86_64-linux-gnu/libm-2.27.so
7fc1077d3000-7fc1077d4000 rw-p 0019d000 00:17 12337                      /lib/x86_64-linux-gnu/libm-2.27.so
7fc1077d4000-7fc10794d000 r-xp 00000000 00:17 496695                     /usr/lib/x86_64-linux-gnu/libstdc++.so.6.0.25
7fc10794d000-7fc107b4d000 ---p 00179000 00:17 496695                     /usr/lib/x86_64-linux-gnu/libstdc++.so.6.0.25
7fc107b4d000-7fc107b57000 r--p 00179000 00:17 496695                     /usr/lib/x86_64-linux-gnu/libstdc++.so.6.0.25
7fc107b57000-7fc107b59000 rw-p 00183000 00:17 496695                     /usr/lib/x86_64-linux-gnu/libstdc++.so.6.0.25
7fc107b59000-7fc107b5d000 rw-p 00000000 00:00 0 
7fc107b5d000-7fc1087f2000 r-xp 00000000 00:17 351370                     /usr/lib/jvm/java-8-openjdk-amd64/jre/lib/amd64/server/libjvm.so
7fc1087f2000-7fc1089f1000 ---p 00c95000 00:17 351370                     /usr/lib/jvm/java-8-openjdk-amd64/jre/lib/amd64/server/libjvm.so
7fc1089f1000-7fc108a85000 r--p 00c94000 00:17 351370                     /usr/lib/jvm/java-8-openjdk-amd64/jre/lib/amd64/server/libjvm.so
7fc108a85000-7fc108aad000 rw-p 00d28000 00:17 351370                     /usr/lib/jvm/java-8-openjdk-amd64/jre/lib/amd64/server/libjvm.so
7fc108aad000-7fc108ade000 rw-p 00000000 00:00 0 
7fc108ade000-7fc108af8000 r-xp 00000000 00:17 12407                      /lib/x86_64-linux-gnu/libpthread-2.27.so
7fc108af8000-7fc108cf7000 ---p 0001a000 00:17 12407                      /lib/x86_64-linux-gnu/libpthread-2.27.so
7fc108cf7000-7fc108cf8000 r--p 00019000 00:17 12407                      /lib/x86_64-linux-gnu/libpthread-2.27.so
7fc108cf8000-7fc108cf9000 rw-p 0001a000 00:17 12407                      /lib/x86_64-linux-gnu/libpthread-2.27.so
7fc108cf9000-7fc108cfd000 rw-p 00000000 00:00 0 
7fc108cfd000-7fc108d00000 r-xp 00000000 00:17 12297                      /lib/x86_64-linux-gnu/libdl-2.27.so
7fc108d00000-7fc108eff000 ---p 00003000 00:17 12297                      /lib/x86_64-linux-gnu/libdl-2.27.so
7fc108eff000-7fc108f00000 r--p 00002000 00:17 12297                      /lib/x86_64-linux-gnu/libdl-2.27.so
7fc108f00000-7fc108f01000 rw-p 00003000 00:17 12297                      /lib/x86_64-linux-gnu/libdl-2.27.so
7fc108f01000-7fc108f1d000 r-xp 00000000 00:17 12446                      /lib/x86_64-linux-gnu/libz.so.1.2.11
7fc108f1d000-7fc10911c000 ---p 0001c000 00:17 12446                      /lib/x86_64-linux-gnu/libz.so.1.2.11
7fc10911c000-7fc10911d000 r--p 0001b000 00:17 12446                      /lib/x86_64-linux-gnu/libz.so.1.2.11
7fc10911d000-7fc10911e000 rw-p 0001c000 00:17 12446                      /lib/x86_64-linux-gnu/libz.so.1.2.11
7fc10911e000-7fc109305000 r-xp 00000000 00:17 12274                      /lib/x86_64-linux-gnu/libc-2.27.so
7fc109305000-7fc109505000 ---p 001e7000 00:17 12274                      /lib/x86_64-linux-gnu/libc-2.27.so
7fc109505000-7fc109509000 r--p 001e7000 00:17 12274                      /lib/x86_64-linux-gnu/libc-2.27.so
7fc109509000-7fc10950b000 rw-p 001eb000 00:17 12274                      /lib/x86_64-linux-gnu/libc-2.27.so
7fc10950b000-7fc10950f000 rw-p 00000000 00:00 0 
7fc10950f000-7fc10951d000 r-xp 00000000 00:17 351335                     /usr/lib/jvm/java-8-openjdk-amd64/jre/lib/amd64/jli/libjli.so
7fc10951d000-7fc10971c000 ---p 0000e000 00:17 351335                     /usr/lib/jvm/java-8-openjdk-amd64/jre/lib/amd64/jli/libjli.so
7fc10971c000-7fc10971d000 r--p 0000d000 00:17 351335                     /usr/lib/jvm/java-8-openjdk-amd64/jre/lib/amd64/jli/libjli.so
7fc10971d000-7fc10971e000 rw-p 0000e000 00:17 351335                     /usr/lib/jvm/java-8-openjdk-amd64/jre/lib/amd64/jli/libjli.so
7fc10971e000-7fc109745000 r-xp 00000000 00:17 12246                      /lib/x86_64-linux-gnu/ld-2.27.so
7fc109745000-7fc10982a000 rw-p 00000000 00:00 0 
7fc10982a000-7fc10982b000 ---p 00000000 00:00 0 
7fc10982b000-7fc10982e000 ---p 00000000 00:00 0 
7fc10982e000-7fc10992d000 rw-p 00000000 00:00 0 
7fc10992d000-7fc10992e000 rwxp 00000000 00:00 0 
7fc10992e000-7fc10992f000 r--s 00010000 00:17 351388                     /usr/lib/jvm/java-8-openjdk-amd64/jre/lib/ext/zipfs.jar
7fc10992f000-7fc109931000 r--s 00008000 00:17 351385                     /usr/lib/jvm/java-8-openjdk-amd64/jre/lib/ext/sunec.jar
7fc109931000-7fc109932000 r--s 0000a000 00:17 351382                     /usr/lib/jvm/java-8-openjdk-amd64/jre/lib/ext/jaccess.jar
7fc109932000-7fc109935000 r--s 0000f000 00:17 351381                     /usr/lib/jvm/java-8-openjdk-amd64/jre/lib/ext/icedtea-sound.jar
7fc109935000-7fc109937000 r--s 00001000 00:17 351380                     /usr/lib/jvm/java-8-openjdk-amd64/jre/lib/ext/dnsns.jar
7fc109937000-7fc109939000 r--s 00007000 00:17 221420                     /usr/share/java/java-atk-wrapper.jar
7fc109939000-7fc109941000 rw-s 00000000 00:17 687425                     /tmp/hsperfdata_cs18101/4459
7fc109941000-7fc109942000 rw-p 00000000 00:00 0 
7fc109942000-7fc109943000 r--p 00000000 00:00 0 
7fc109943000-7fc109945000 rw-p 00000000 00:00 0 
7fc109945000-7fc109946000 r--p 00027000 00:17 12246                      /lib/x86_64-linux-gnu/ld-2.27.so
7fc109946000-7fc109947000 rw-p 00028000 00:17 12246                      /lib/x86_64-linux-gnu/ld-2.27.so
7fc109947000-7fc109948000 rw-p 00000000 00:00 0 
7ffeb70b1000-7ffeb70d2000 rw-p 00000000 00:00 0                          [stack]
7ffeb71a6000-7ffeb71a9000 r--p 00000000 00:00 0                          [vvar]
7ffeb71a9000-7ffeb71ab000 r-xp 00000000 00:00 0                          [vdso]
ffffffffff600000-ffffffffff601000 r-xp 00000000 00:00 0                  [vsyscall]

VM Arguments:
java_command: Jikanwari
java_class_path (initial): .
Launcher Type: SUN_STANDARD

Environment Variables:
PATH=/usr/local/sbin:/usr/local/bin:/usr/sbin:/usr/bin:/sbin:/bin:/usr/games:/usr/local/games:/snap/bin
USERNAME=cs18101
SHELL=/bin/bash
DISPLAY=:0

Signal Handlers:
SIGSEGV: [libjvm.so+0xaaf3a0], sa_mask[0]=11111111011111111101111111111110, sa_flags=SA_RESTART|SA_SIGINFO
SIGBUS: [libjvm.so+0xaaf3a0], sa_mask[0]=11111111011111111101111111111110, sa_flags=SA_RESTART|SA_SIGINFO
SIGFPE: [libjvm.so+0x8e52e0], sa_mask[0]=11111111011111111101111111111110, sa_flags=SA_RESTART|SA_SIGINFO
SIGPIPE: SIG_IGN, sa_mask[0]=00000000000010000000000000000000, sa_flags=SA_RESTART
SIGXFSZ: [libjvm.so+0x8e52e0], sa_mask[0]=11111111011111111101111111111110, sa_flags=SA_RESTART|SA_SIGINFO
SIGILL: [libjvm.so+0x8e52e0], sa_mask[0]=11111111011111111101111111111110, sa_flags=SA_RESTART|SA_SIGINFO
SIGUSR1: SIG_DFL, sa_mask[0]=00000000000000000000000000000000, sa_flags=none
SIGUSR2: [libjvm.so+0x8e5190], sa_mask[0]=00000000000000000000000000000000, sa_flags=SA_RESTART|SA_SIGINFO
SIGHUP: [libjvm.so+0x8e5640], sa_mask[0]=11111111011111111101111111111110, sa_flags=SA_RESTART|SA_SIGINFO
SIGINT: [libjvm.so+0x8e5640], sa_mask[0]=11111111011111111101111111111110, sa_flags=SA_RESTART|SA_SIGINFO
SIGTERM: [libjvm.so+0x8e5640], sa_mask[0]=11111111011111111101111111111110, sa_flags=SA_RESTART|SA_SIGINFO
SIGQUIT: [libjvm.so+0x8e5640], sa_mask[0]=11111111011111111101111111111110, sa_flags=SA_RESTART|SA_SIGINFO


---------------  S Y S T E M  ---------------

OS:DISTRIB_ID=Ubuntu
DISTRIB_RELEASE=18.04
DISTRIB_CODENAME=bionic
DISTRIB_DESCRIPTION="Ubuntu 18.04.1 LTS"

uname:Linux 4.15.0-36-generic #39-Ubuntu SMP Mon Sep 24 16:19:09 UTC 2018 x86_64
libc:glibc 2.27 NPTL 2.27 
rlimit: STACK 8192k, CORE 0k, NPROC 15532, NOFILE 4096, AS infinity
load average:0.62 0.30 0.15

/proc/meminfo:
MemTotal:        4039540 kB
MemFree:         1133936 kB
MemAvailable:    2396628 kB
Buffers:           20592 kB
Cached:          1452860 kB
SwapCached:            0 kB
Active:          2020200 kB
Inactive:         685744 kB
Active(anon):    1246912 kB
Inactive(anon):    16704 kB
Active(file):     773288 kB
Inactive(file):   669040 kB
Unevictable:       13568 kB
Mlocked:           13568 kB
SwapTotal:      15624188 kB
SwapFree:       15624188 kB
Dirty:               244 kB
Writeback:             0 kB
AnonPages:       1246084 kB
Mapped:           326432 kB
Shmem:             17572 kB
Slab:              88564 kB
SReclaimable:      46864 kB
SUnreclaim:        41700 kB
KernelStack:       10400 kB
PageTables:        42788 kB
NFS_Unstable:          0 kB
Bounce:                0 kB
WritebackTmp:          0 kB
CommitLimit:    17643956 kB
Committed_AS:    5664344 kB
VmallocTotal:   34359738367 kB
VmallocUsed:           0 kB
VmallocChunk:          0 kB
HardwareCorrupted:     0 kB
AnonHugePages:         0 kB
ShmemHugePages:        0 kB
ShmemPmdMapped:        0 kB
CmaTotal:              0 kB
CmaFree:               0 kB
HugePages_Total:       0
HugePages_Free:        0
HugePages_Rsvd:        0
HugePages_Surp:        0
Hugepagesize:       2048 kB
DirectMap4k:      159680 kB
DirectMap2M:     4034560 kB


CPU:total 2 (initial active 2) (2 cores per cpu, 1 threads per core) family 6 model 142 stepping 10, cmov, cx8, fxsr, mmx, sse, sse2, sse3, ssse3, sse4.1, sse4.2, popcnt, avx, avx2, aes, clmul, 3dnowpref, lzcnt, tsc, tscinvbit

/proc/cpuinfo:
processor	: 0
vendor_id	: GenuineIntel
cpu family	: 6
model		: 142
model name	: Intel(R) Core(TM) i5-8250U CPU @ 1.60GHz
stepping	: 10
cpu MHz		: 1800.001
cache size	: 6144 KB
physical id	: 0
siblings	: 2
core id		: 0
cpu cores	: 2
apicid		: 0
initial apicid	: 0
fpu		: yes
fpu_exception	: yes
cpuid level	: 22
wp		: yes
flags		: fpu vme de pse tsc msr pae mce cx8 apic sep mtrr pge mca cmov pat pse36 clflush mmx fxsr sse sse2 ht syscall nx rdtscp lm constant_tsc rep_good nopl xtopology nonstop_tsc cpuid pni pclmulqdq ssse3 cx16 pcid sse4_1 sse4_2 x2apic movbe popcnt aes xsave avx rdrand hypervisor lahf_lm abm 3dnowprefetch invpcid_single pti fsgsbase avx2 invpcid rdseed clflushopt
bugs		: cpu_meltdown spectre_v1 spectre_v2 spec_store_bypass l1tf
bogomips	: 3600.00
clflush size	: 64
cache_alignment	: 64
address sizes	: 39 bits physical, 48 bits virtual
power management:

processor	: 1
vendor_id	: GenuineIntel
cpu family	: 6
model		: 142
model name	: Intel(R) Core(TM) i5-8250U CPU @ 1.60GHz
stepping	: 10
cpu MHz		: 1800.001
cache size	: 6144 KB
physical id	: 0
siblings	: 2
core id		: 1
cpu cores	: 2
apicid		: 1
initial apicid	: 1
fpu		: yes
fpu_exception	: yes
cpuid level	: 22
wp		: yes
flags		: fpu vme de pse tsc msr pae mce cx8 apic sep mtrr pge mca cmov pat pse36 clflush mmx fxsr sse sse2 ht syscall nx rdtscp lm constant_tsc rep_good nopl xtopology nonstop_tsc cpuid pni pclmulqdq ssse3 cx16 pcid sse4_1 sse4_2 x2apic movbe popcnt aes xsave avx rdrand hypervisor lahf_lm abm 3dnowprefetch invpcid_single pti fsgsbase avx2 invpcid rdseed clflushopt
bugs		: cpu_meltdown spectre_v1 spectre_v2 spec_store_bypass l1tf
bogomips	: 3600.00
clflush size	: 64
cache_alignment	: 64
address sizes	: 39 bits physical, 48 bits virtual
power management:



Memory: 4k page, physical 4039540k(1133936k free), swap 15624188k(15624188k free)

vm_info: OpenJDK 64-Bit Server VM (25.181-b13) for linux-amd64 JRE (1.8.0_181-8u181-b13-0ubuntu0.18.04.1-b13), built on Jul 23 2018 19:14:48 by "buildd" with gcc 7.3.0

time: Thu Jan 31 16:19:58 2019
elapsed time: 19 seconds (0d 0h 0m 19s)

