#
# A fatal error has been detected by the Java Runtime Environment:
#
#  SIGSEGV (0xb) at pc=0x00007f4fc8c0cb51, pid=2295, tid=0x00007f4f88174700
#
# JRE version: OpenJDK Runtime Environment (8.0_181-b13) (build 1.8.0_181-8u181-b13-0ubuntu0.18.04.1-b13)
# Java VM: OpenJDK 64-Bit Server VM (25.181-b13 mixed mode linux-amd64 compressed oops)
# Problematic frame:
# j  com.sun.glass.ui.gtk.GtkView.notifyInputMethodDraw(Ljava/lang/String;III[B)V+16
#
# Failed to write core dump. Core dumps have been disabled. To enable core dumping, try "ulimit -c unlimited" before starting Java again
#
# If you would like to submit a bug report, please visit:
#   http://bugreport.java.com/bugreport/crash.jsp
#

---------------  T H R E A D  ---------------

Current thread (0x00007f4fd8331800):  JavaThread "JavaFX Application Thread" [_thread_in_Java, id=2311, stack(0x00007f4f88074000,0x00007f4f88175000)]

siginfo: si_signo: 11 (SIGSEGV), si_code: 1 (SEGV_MAPERR), si_addr: 0x00007f7acc95d19d

Registers:
RAX=0x00000000ebc82100, RBX=0x000000000000003c, RCX=0x0000002b0493919d, RDX=0x0000000000000000
RSP=0x00007f4f88172660, RBP=0x00007f4f881726a0, RSI=0x00007f4f88172600, RDI=0x0000000000000248
R8 =0x0000000000000020, R9 =0x0000000000000020, R10=0x00007f4fc8024000, R11=0x00007f4fc94e9300
R12=0x0000000000000000, R13=0x00007f4fc5f10c6b, R14=0x00007f4f88172718, R15=0x00007f4fd8331800
RIP=0x00007f4fc8c0cb51, EFLAGS=0x0000000000010203, CSGSFS=0x002b000000000033, ERR=0x0000000000000006
  TRAPNO=0x000000000000000e

Top of Stack: (sp=0x00007f4f88172660)
0x00007f4f88172660:   00007f4f88172660 00007f4fc5f10c68
0x00007f4f88172670:   00007f4f88172718 00007f4fc5f1aa30
0x00007f4f88172680:   0000000000000000 00007f4fc5f10e58
0x00007f4f88172690:   0000000000000000 00007f4f881726f0
0x00007f4f881726a0:   00007f4f88172780 00007f4fc8be54e7
0x00007f4f881726b0:   0000000000000000 0000000000000000
0x00007f4f881726c0:   0000000000000000 0000000000000000
0x00007f4f881726d0:   0000000000000000 0000000000000000
0x00007f4f881726e0:   0000000000000000 0000000000000000
0x00007f4f881726f0:   00000000ebc820e8 00007f4f00000001
0x00007f4f88172700:   00007f4f00000000 00007f4f00000000
0x00007f4f88172710:   00000000ebc820b8 0000560927233b88
0x00007f4f88172720:   0000000000001fa0 00007f4fc5f10e58
0x00007f4f88172730:   00007f4f88172980 00007f4f88172820
0x00007f4f88172740:   00007f4fd8331800 00007f4fd8331800
0x00007f4f88172750:   00007f4f88172820 00007f4f88172a58
0x00007f4f88172760:   00007f4f0000000a 00007f4fc5f10e58
0x00007f4f88172770:   00007f4fc8bf8340 00007f4f88172988
0x00007f4f88172780:   00007f4f881728a0 00007f4fddcef7bb
0x00007f4f88172790:   0000000000000006 00007f4fd8331800
0x00007f4f881727a0:   00000000ffffffff 00007f4f881727e8
0x00007f4f881727b0:   00007f4f881727e0 00007f4f0000000a
0x00007f4f881727c0:   000000000000000e 00007f4fc8bf8340
0x00007f4f881727d0:   00007f4fd82f7d38 00007f4f88172a50
0x00007f4f881727e0:   00007f4fd8331800 00007f4fd8331e20
0x00007f4f881727f0:   00007f4fd82f7d20 00007f4fd82f7d40
0x00007f4f88172800:   00007f4fd82f7e08 00000000000000d8
0x00007f4f88172810:   00007f4f88173ac0 ffffffffffffffff
0x00007f4f88172820:   00007f4fd8331800 0000560927220680
0x00007f4f88172830:   00007f4fc5f10e58 0000560927233b88
0x00007f4f88172840:   00007f4f88173850 00007f4fc8bfd3db
0x00007f4f88172850:   00007f4f881738b0 00007f4f88172a50 

Instructions: (pc=0x00007f4fc8c0cb51)
0x00007f4fc8c0cb31:   48 8b 5c d9 20 c1 ea 15 83 e2 01 59 48 3b 01 89
0x00007f4fc8c0cb41:   04 19 48 c1 e9 09 49 ba 00 40 02 c8 4f 7f 00 00
0x00007f4fc8c0cb51:   41 c6 04 0a 00 85 d2 0f 84 05 00 00 00 f0 83 04
0x00007f4fc8c0cb61:   24 00 41 0f b6 5d 03 49 83 c5 03 49 ba 00 4f 5e 

Register to memory mapping:

RAX=0x00000000ebc82100 is an oop
java.nio.HeapByteBuffer 
 - klass: 'java/nio/HeapByteBuffer'
RBX=0x000000000000003c is an unknown value
RCX=0x0000002b0493919d is an unknown value
RDX=0x0000000000000000 is an unknown value
RSP=0x00007f4f88172660 is pointing into the stack for thread: 0x00007f4fd8331800
RBP=0x00007f4f881726a0 is pointing into the stack for thread: 0x00007f4fd8331800
RSI=0x00007f4f88172600 is pointing into the stack for thread: 0x00007f4fd8331800
RDI=0x0000000000000248 is an unknown value
R8 =0x0000000000000020 is an unknown value
R9 =0x0000000000000020 is an unknown value
R10=0x00007f4fc8024000 is an unknown value
R11=0x00007f4fc94e9300 is at entry_point+0 in (nmethod*)0x00007f4fc94e9190
R12=0x0000000000000000 is an unknown value
R13=0x00007f4fc5f10c6b is pointing into metadata
R14=0x00007f4f88172718 is pointing into the stack for thread: 0x00007f4fd8331800
R15=0x00007f4fd8331800 is a thread


Stack: [0x00007f4f88074000,0x00007f4f88175000],  sp=0x00007f4f88172660,  free space=1017k
Native frames: (J=compiled Java code, j=interpreted, Vv=VM code, C=native code)
j  com.sun.glass.ui.gtk.GtkView.notifyInputMethodDraw(Ljava/lang/String;III[B)V+16
v  ~StubRoutines::call_stub
V  [libjvm.so+0x67f7bb]
V  [libjvm.so+0x69f246]
V  [libjvm.so+0x6a1e9b]
C  [libglass.so+0x13953]  JNIEnv_::CallVoidMethod(_jobject*, _jmethodID*, ...)+0x93
C  [libglass.so+0x1b8b1]
C  [libX11.so.6+0x5c3ca]
C  0xd6d0757800000000


---------------  P R O C E S S  ---------------

Java Threads: ( => current thread )
  0x00005609274a4000 JavaThread "Prism Font Disposer" daemon [_thread_blocked, id=2313, stack(0x00007f4f813cf000,0x00007f4f814d0000)]
  0x00007f4fd833f000 JavaThread "JavaFX-Launcher" [_thread_blocked, id=2312, stack(0x00007f4f821be000,0x00007f4f822bf000)]
=>0x00007f4fd8331800 JavaThread "JavaFX Application Thread" [_thread_in_Java, id=2311, stack(0x00007f4f88074000,0x00007f4f88175000)]
  0x00007f4fd832e800 JavaThread "Thread-1" daemon [_thread_blocked, id=2310, stack(0x00007f4fbc09b000,0x00007f4fbc19c000)]
  0x00007f4fd8240000 JavaThread "QuantumRenderer-0" daemon [_thread_blocked, id=2307, stack(0x00007f4fbfa64000,0x00007f4fbfb65000)]
  0x00007f4fd80ba000 JavaThread "Service Thread" daemon [_thread_blocked, id=2305, stack(0x00007f4fbfcfd000,0x00007f4fbfdfe000)]
  0x00007f4fd80b7800 JavaThread "C1 CompilerThread1" daemon [_thread_blocked, id=2304, stack(0x00007f4fbfdff000,0x00007f4fbfeff000)]
  0x00007f4fd80b4800 JavaThread "C2 CompilerThread0" daemon [_thread_blocked, id=2303, stack(0x00007f4fbff00000,0x00007f4fc0000000)]
  0x00007f4fd80b3000 JavaThread "Signal Dispatcher" daemon [_thread_blocked, id=2302, stack(0x00007f4fc402f000,0x00007f4fc4130000)]
  0x00007f4fd8081000 JavaThread "Finalizer" daemon [_thread_blocked, id=2301, stack(0x00007f4fc4bff000,0x00007f4fc4d00000)]
  0x00007f4fd807c800 JavaThread "Reference Handler" daemon [_thread_blocked, id=2300, stack(0x00007f4fc4d00000,0x00007f4fc4e01000)]
  0x00007f4fd800b000 JavaThread "main" [_thread_blocked, id=2296, stack(0x00007f4fdf33e000,0x00007f4fdf43e000)]

Other Threads:
  0x00007f4fd8074800 VMThread [stack: 0x00007f4fc4e02000,0x00007f4fc4f02000] [id=2299]
  0x00007f4fd80bd000 WatcherThread [stack: 0x00007f4fbfbfd000,0x00007f4fbfcfd000] [id=2306]

VM state:not at safepoint (normal execution)

VM Mutex/Monitor currently owned by a thread: None

Heap:
 PSYoungGen      total 76288K, used 22091K [0x00000000eb700000, 0x00000000f1800000, 0x0000000100000000)
  eden space 60928K, 13% used [0x00000000eb700000,0x00000000ebed3b08,0x00000000ef280000)
  from space 15360K, 91% used [0x00000000f0400000,0x00000000f11bf118,0x00000000f1300000)
  to   space 17920K, 0% used [0x00000000ef280000,0x00000000ef280000,0x00000000f0400000)
 ParOldGen       total 42496K, used 23502K [0x00000000c2400000, 0x00000000c4d80000, 0x00000000eb700000)
  object space 42496K, 55% used [0x00000000c2400000,0x00000000c3af3a78,0x00000000c4d80000)
 Metaspace       used 19556K, capacity 20854K, committed 21120K, reserved 1067008K
  class space    used 2606K, capacity 2864K, committed 2944K, reserved 1048576K

Card table byte_map: [0x00007f4fc8636000,0x00007f4fc8825000] byte_map_base: 0x00007f4fc8024000

Marking Bits: (ParMarkBitMap*) 0x00007f4fde5d41c0
 Begin Bits: [0x00007f4fc640a000, 0x00007f4fc737a000)
 End Bits:   [0x00007f4fc737a000, 0x00007f4fc82ea000)

Polling page: 0x00007f4fdf455000

CodeCache: size=245760Kb used=11728Kb max_used=11884Kb free=234031Kb
 bounds [0x00007f4fc8be5000, 0x00007f4fc97b5000, 0x00007f4fd7be5000]
 total_blobs=4394 nmethods=3777 adapters=531
 compilation: enabled

Compilation events (10 events):
Event: 65.637 Thread 0x00007f4fd80b7800 4320       3       javafx.scene.Node::sceneToLocal (21 bytes)
Event: 65.640 Thread 0x00007f4fd80b7800 nmethod 4320 0x00007f4fc94f3350 code [0x00007f4fc94f35e0, 0x00007f4fc94f4c08]
Event: 65.804 Thread 0x00007f4fd80b4800 4321       4       com.sun.javafx.scene.input.InputEventUtils::recomputeCoordinates (220 bytes)
Event: 65.898 Thread 0x00007f4fd80b4800 nmethod 4321 0x00007f4fc94bbe10 code [0x00007f4fc94bc100, 0x00007f4fc94bd150]
Event: 66.609 Thread 0x00007f4fd80b7800 4322       3       com.sun.javafx.css.PseudoClassState::getT (6 bytes)
Event: 66.610 Thread 0x00007f4fd80b7800 nmethod 4322 0x00007f4fc963b8d0 code [0x00007f4fc963ba40, 0x00007f4fc963bca8]
Event: 66.611 Thread 0x00007f4fd80b4800 4323       4       com.sun.javafx.css.PseudoClassState::iterator (5 bytes)
Event: 66.617 Thread 0x00007f4fd80b7800 4324       3       com.sun.javafx.geom.RectBounds::disjoint (74 bytes)
Event: 66.618 Thread 0x00007f4fd80b4800 nmethod 4323 0x00007f4fc94f3010 code [0x00007f4fc94f3160, 0x00007f4fc94f3238]
Event: 66.619 Thread 0x00007f4fd80b7800 nmethod 4324 0x00007f4fc9060490 code [0x00007f4fc9060640, 0x00007f4fc90610f0]

GC Heap History (10 events):
Event: 2.552 GC heap before
{Heap before GC invocations=2 (full 0):
 PSYoungGen      total 18432K, used 18418K [0x00000000eb700000, 0x00000000ecb80000, 0x0000000100000000)
  eden space 15872K, 100% used [0x00000000eb700000,0x00000000ec680000,0x00000000ec680000)
  from space 2560K, 99% used [0x00000000ec680000,0x00000000ec8fcb28,0x00000000ec900000)
  to   space 2560K, 0% used [0x00000000ec900000,0x00000000ec900000,0x00000000ecb80000)
 ParOldGen       total 42496K, used 1446K [0x00000000c2400000, 0x00000000c4d80000, 0x00000000eb700000)
  object space 42496K, 3% used [0x00000000c2400000,0x00000000c2569b18,0x00000000c4d80000)
 Metaspace       used 12381K, capacity 12880K, committed 13056K, reserved 1060864K
  class space    used 1600K, capacity 1734K, committed 1792K, reserved 1048576K
Event: 2.573 GC heap after
Heap after GC invocations=2 (full 0):
 PSYoungGen      total 18432K, used 2544K [0x00000000eb700000, 0x00000000edb00000, 0x0000000100000000)
  eden space 15872K, 0% used [0x00000000eb700000,0x00000000eb700000,0x00000000ec680000)
  from space 2560K, 99% used [0x00000000ec900000,0x00000000ecb7c010,0x00000000ecb80000)
  to   space 2560K, 0% used [0x00000000ec680000,0x00000000ec680000,0x00000000ec900000)
 ParOldGen       total 42496K, used 4142K [0x00000000c2400000, 0x00000000c4d80000, 0x00000000eb700000)
  object space 42496K, 9% used [0x00000000c2400000,0x00000000c280bb58,0x00000000c4d80000)
 Metaspace       used 12381K, capacity 12880K, committed 13056K, reserved 1060864K
  class space    used 1600K, capacity 1734K, committed 1792K, reserved 1048576K
}
Event: 3.001 GC heap before
{Heap before GC invocations=3 (full 0):
 PSYoungGen      total 18432K, used 18416K [0x00000000eb700000, 0x00000000edb00000, 0x0000000100000000)
  eden space 15872K, 100% used [0x00000000eb700000,0x00000000ec680000,0x00000000ec680000)
  from space 2560K, 99% used [0x00000000ec900000,0x00000000ecb7c010,0x00000000ecb80000)
  to   space 2560K, 0% used [0x00000000ec680000,0x00000000ec680000,0x00000000ec900000)
 ParOldGen       total 42496K, used 4142K [0x00000000c2400000, 0x00000000c4d80000, 0x00000000eb700000)
  object space 42496K, 9% used [0x00000000c2400000,0x00000000c280bb58,0x00000000c4d80000)
 Metaspace       used 13523K, capacity 14060K, committed 14208K, reserved 1060864K
  class space    used 1791K, capacity 1917K, committed 1920K, reserved 1048576K
Event: 3.033 GC heap after
Heap after GC invocations=3 (full 0):
 PSYoungGen      total 18432K, used 2544K [0x00000000eb700000, 0x00000000edb00000, 0x0000000100000000)
  eden space 15872K, 0% used [0x00000000eb700000,0x00000000eb700000,0x00000000ec680000)
  from space 2560K, 99% used [0x00000000ec680000,0x00000000ec8fc010,0x00000000ec900000)
  to   space 2560K, 0% used [0x00000000ed880000,0x00000000ed880000,0x00000000edb00000)
 ParOldGen       total 42496K, used 5538K [0x00000000c2400000, 0x00000000c4d80000, 0x00000000eb700000)
  object space 42496K, 13% used [0x00000000c2400000,0x00000000c29689e8,0x00000000c4d80000)
 Metaspace       used 13523K, capacity 14060K, committed 14208K, reserved 1060864K
  class space    used 1791K, capacity 1917K, committed 1920K, reserved 1048576K
}
Event: 3.290 GC heap before
{Heap before GC invocations=4 (full 0):
 PSYoungGen      total 18432K, used 18416K [0x00000000eb700000, 0x00000000edb00000, 0x0000000100000000)
  eden space 15872K, 100% used [0x00000000eb700000,0x00000000ec680000,0x00000000ec680000)
  from space 2560K, 99% used [0x00000000ec680000,0x00000000ec8fc010,0x00000000ec900000)
  to   space 2560K, 0% used [0x00000000ed880000,0x00000000ed880000,0x00000000edb00000)
 ParOldGen       total 42496K, used 5538K [0x00000000c2400000, 0x00000000c4d80000, 0x00000000eb700000)
  object space 42496K, 13% used [0x00000000c2400000,0x00000000c29689e8,0x00000000c4d80000)
 Metaspace       used 15228K, capacity 16074K, committed 16128K, reserved 1062912K
  class space    used 2098K, capacity 2286K, committed 2304K, reserved 1048576K
Event: 3.308 GC heap after
Heap after GC invocations=4 (full 0):
 PSYoungGen      total 34304K, used 2528K [0x00000000eb700000, 0x00000000edb00000, 0x0000000100000000)
  eden space 31744K, 0% used [0x00000000eb700000,0x00000000eb700000,0x00000000ed600000)
  from space 2560K, 98% used [0x00000000ed880000,0x00000000edaf8020,0x00000000edb00000)
  to   space 2560K, 0% used [0x00000000ed600000,0x00000000ed600000,0x00000000ed880000)
 ParOldGen       total 42496K, used 7075K [0x00000000c2400000, 0x00000000c4d80000, 0x00000000eb700000)
  object space 42496K, 16% used [0x00000000c2400000,0x00000000c2ae8d78,0x00000000c4d80000)
 Metaspace       used 15228K, capacity 16074K, committed 16128K, reserved 1062912K
  class space    used 2098K, capacity 2286K, committed 2304K, reserved 1048576K
}
Event: 7.260 GC heap before
{Heap before GC invocations=5 (full 0):
 PSYoungGen      total 34304K, used 34272K [0x00000000eb700000, 0x00000000edb00000, 0x0000000100000000)
  eden space 31744K, 100% used [0x00000000eb700000,0x00000000ed600000,0x00000000ed600000)
  from space 2560K, 98% used [0x00000000ed880000,0x00000000edaf8020,0x00000000edb00000)
  to   space 2560K, 0% used [0x00000000ed600000,0x00000000ed600000,0x00000000ed880000)
 ParOldGen       total 42496K, used 7075K [0x00000000c2400000, 0x00000000c4d80000, 0x00000000eb700000)
  object space 42496K, 16% used [0x00000000c2400000,0x00000000c2ae8d78,0x00000000c4d80000)
 Metaspace       used 18627K, capacity 19804K, committed 19968K, reserved 1067008K
  class space    used 2571K, capacity 2809K, committed 2816K, reserved 1048576K
Event: 7.417 GC heap after
Heap after GC invocations=5 (full 0):
 PSYoungGen      total 34304K, used 2538K [0x00000000eb700000, 0x00000000f1300000, 0x0000000100000000)
  eden space 31744K, 0% used [0x00000000eb700000,0x00000000eb700000,0x00000000ed600000)
  from space 2560K, 99% used [0x00000000ed600000,0x00000000ed87a810,0x00000000ed880000)
  to   space 15360K, 0% used [0x00000000f0400000,0x00000000f0400000,0x00000000f1300000)
 ParOldGen       total 42496K, used 23494K [0x00000000c2400000, 0x00000000c4d80000, 0x00000000eb700000)
  object space 42496K, 55% used [0x00000000c2400000,0x00000000c3af1a78,0x00000000c4d80000)
 Metaspace       used 18627K, capacity 19804K, committed 19968K, reserved 1067008K
  class space    used 2571K, capacity 2809K, committed 2816K, reserved 1048576K
}
Event: 59.623 GC heap before
{Heap before GC invocations=6 (full 0):
 PSYoungGen      total 34304K, used 34282K [0x00000000eb700000, 0x00000000f1300000, 0x0000000100000000)
  eden space 31744K, 100% used [0x00000000eb700000,0x00000000ed600000,0x00000000ed600000)
  from space 2560K, 99% used [0x00000000ed600000,0x00000000ed87a810,0x00000000ed880000)
  to   space 15360K, 0% used [0x00000000f0400000,0x00000000f0400000,0x00000000f1300000)
 ParOldGen       total 42496K, used 23494K [0x00000000c2400000, 0x00000000c4d80000, 0x00000000eb700000)
  object space 42496K, 55% used [0x00000000c2400000,0x00000000c3af1a78,0x00000000c4d80000)
 Metaspace       used 19537K, capacity 20790K, committed 21120K, reserved 1067008K
  class space    used 2606K, capacity 2864K, committed 2944K, reserved 1048576K
Event: 59.656 GC heap after
Heap after GC invocations=6 (full 0):
 PSYoungGen      total 76288K, used 14076K [0x00000000eb700000, 0x00000000f1800000, 0x0000000100000000)
  eden space 60928K, 0% used [0x00000000eb700000,0x00000000eb700000,0x00000000ef280000)
  from space 15360K, 91% used [0x00000000f0400000,0x00000000f11bf118,0x00000000f1300000)
  to   space 17920K, 0% used [0x00000000ef280000,0x00000000ef280000,0x00000000f0400000)
 ParOldGen       total 42496K, used 23502K [0x00000000c2400000, 0x00000000c4d80000, 0x00000000eb700000)
  object space 42496K, 55% used [0x00000000c2400000,0x00000000c3af3a78,0x00000000c4d80000)
 Metaspace       used 19537K, capacity 20790K, committed 21120K, reserved 1067008K
  class space    used 2606K, capacity 2864K, committed 2944K, reserved 1048576K
}

Deoptimization events (10 events):
Event: 9.921 Thread 0x00007f4fd8240000 Uncommon trap: reason=unstable_if action=reinterpret pc=0x00007f4fc949042c method=com.sun.pisces.GradientColorMap.findStop(I)I @ 20
Event: 12.964 Thread 0x00007f4fd8331800 Uncommon trap: reason=bimorphic action=maybe_recompile pc=0x00007f4fc90a75c4 method=java.util.HashMap.putVal(ILjava/lang/Object;Ljava/lang/Object;ZZ)Ljava/lang/Object; @ 203
Event: 16.388 Thread 0x00007f4fd8331800 Uncommon trap: reason=class_check action=maybe_recompile pc=0x00007f4fc9459fb4 method=com.sun.javafx.css.CompoundSelector.stateMatches(Ljavafx/css/Styleable;Ljava/util/Set;I)Z @ 123
Event: 17.616 Thread 0x00007f4fd8331800 Uncommon trap: reason=null_check action=make_not_entrant pc=0x00007f4fc956d45c method=javafx.scene.Node$MiscProperties.getEffect()Ljavafx/scene/effect/Effect; @ 20
Event: 17.617 Thread 0x00007f4fd8331800 Uncommon trap: reason=unstable_if action=reinterpret pc=0x00007f4fc9362704 method=com.sun.javafx.geom.RectBounds.isEmpty()Z @ 21
Event: 20.768 Thread 0x00007f4fd8331800 Uncommon trap: reason=bimorphic action=maybe_recompile pc=0x00007f4fc90a75c4 method=java.util.HashMap.putVal(ILjava/lang/Object;Ljava/lang/Object;ZZ)Ljava/lang/Object; @ 203
Event: 23.051 Thread 0x00007f4fd8331800 Uncommon trap: reason=unstable_if action=reinterpret pc=0x00007f4fc963c224 method=javafx.scene.Node.impl_intersectsBounds(Lcom/sun/javafx/geom/PickRay;)D @ 902
Event: 25.032 Thread 0x00007f4fd8331800 Uncommon trap: reason=unstable_if action=reinterpret pc=0x00007f4fc968bba0 method=javafx.scene.Node.updateBounds()V @ 27
Event: 28.450 Thread 0x00007f4fd8240000 Uncommon trap: reason=unstable_if action=reinterpret pc=0x00007f4fc9760930 method=com.sun.javafx.sg.prism.NGNode.doRender(Lcom/sun/prism/Graphics;)V @ 230
Event: 59.659 Thread 0x00007f4fd8331800 Uncommon trap: reason=bimorphic action=maybe_recompile pc=0x00007f4fc90a75c4 method=java.util.HashMap.putVal(ILjava/lang/Object;Ljava/lang/Object;ZZ)Ljava/lang/Object; @ 203

Classes redefined (0 events):
No events

Internal exceptions (10 events):
Event: 1.700 Thread 0x00007f4fd8331800 Exception <a 'java/lang/NullPointerException'> (0x00000000ec5568c0) thrown at [/build/openjdk-8-8iINie/openjdk-8-8u181-b13/src/hotspot/src/share/vm/interpreter/linkResolver.cpp, line 1185]
Event: 1.700 Thread 0x00007f4fd8331800 Exception <a 'java/lang/NullPointerException'> (0x00000000ec5568c0) thrown at [/build/openjdk-8-8iINie/openjdk-8-8u181-b13/src/hotspot/src/share/vm/prims/jvm.cpp, line 1439]
Event: 2.057 Thread 0x00007f4fd8331800 Exception <a 'java/lang/ArrayIndexOutOfBoundsException'> (0x00000000ebcffa30) thrown at [/build/openjdk-8-8iINie/openjdk-8-8u181-b13/src/hotspot/src/share/vm/runtime/sharedRuntime.cpp, line 605]
Event: 2.058 Thread 0x00007f4fd8331800 Exception <a 'java/lang/ArrayIndexOutOfBoundsException'> (0x00000000ebd00730) thrown at [/build/openjdk-8-8iINie/openjdk-8-8u181-b13/src/hotspot/src/share/vm/runtime/sharedRuntime.cpp, line 605]
Event: 2.059 Thread 0x00007f4fd8331800 Exception <a 'java/lang/ArrayIndexOutOfBoundsException'> (0x00000000ebd01ad8) thrown at [/build/openjdk-8-8iINie/openjdk-8-8u181-b13/src/hotspot/src/share/vm/runtime/sharedRuntime.cpp, line 605]
Event: 2.096 Thread 0x00007f4fd8331800 Exception <a 'java/lang/ArrayIndexOutOfBoundsException'> (0x00000000ebd5b3e8) thrown at [/build/openjdk-8-8iINie/openjdk-8-8u181-b13/src/hotspot/src/share/vm/runtime/sharedRuntime.cpp, line 605]
Event: 2.112 Thread 0x00007f4fd8331800 Exception <a 'java/lang/ArrayIndexOutOfBoundsException'> (0x00000000ebd89230) thrown at [/build/openjdk-8-8iINie/openjdk-8-8u181-b13/src/hotspot/src/share/vm/runtime/sharedRuntime.cpp, line 605]
Event: 2.862 Thread 0x00007f4fd8331800 Implicit null exception at 0x00007f4fc8e9bb35 to 0x00007f4fc8e9bd51
Event: 4.316 Thread 0x00007f4fd8331800 Implicit null exception at 0x00007f4fc91d732a to 0x00007f4fc91d9c6d
Event: 17.616 Thread 0x00007f4fd8331800 Implicit null exception at 0x00007f4fc956cc1f to 0x00007f4fc956d441

Events (10 events):
Event: 60.871 Thread 0x00007f4fd80b4800 flushing nmethod 0x00007f4fc92eebd0
Event: 60.871 Thread 0x00007f4fd80b4800 flushing nmethod 0x00007f4fc92ef650
Event: 60.872 Thread 0x00007f4fd80b4800 flushing nmethod 0x00007f4fc930ca10
Event: 61.115 Thread 0x00007f4fd80b4800 flushing nmethod 0x00007f4fc9330fd0
Event: 61.115 Thread 0x00007f4fd80b4800 flushing nmethod 0x00007f4fc9368a50
Event: 61.115 Thread 0x00007f4fd80b4800 flushing nmethod 0x00007f4fc9395710
Event: 61.271 Thread 0x00007f4fd80b7800 flushing nmethod 0x00007f4fc944d8d0
Event: 61.387 Thread 0x00007f4fd80b4800 flushing nmethod 0x00007f4fc963b750
Event: 64.871 Executing VM operation: RevokeBias
Event: 64.871 Executing VM operation: RevokeBias done


Dynamic libraries:
c2400000-c4d80000 rw-p 00000000 00:00 0 
c4d80000-eb700000 ---p 00000000 00:00 0 
eb700000-f1800000 rw-p 00000000 00:00 0 
f1800000-100000000 ---p 00000000 00:00 0 
100000000-1002e0000 rw-p 00000000 00:00 0 
1002e0000-140000000 ---p 00000000 00:00 0 
56092586d000-56092586e000 r-xp 00000000 00:17 351325                     /usr/lib/jvm/java-8-openjdk-amd64/jre/bin/java
560925a6d000-560925a6e000 r--p 00000000 00:17 351325                     /usr/lib/jvm/java-8-openjdk-amd64/jre/bin/java
560925a6e000-560925a6f000 rw-p 00001000 00:17 351325                     /usr/lib/jvm/java-8-openjdk-amd64/jre/bin/java
56092721d000-56092761a000 rw-p 00000000 00:00 0                          [heap]
7f4f78000000-7f4f78021000 rw-p 00000000 00:00 0 
7f4f78021000-7f4f7c000000 ---p 00000000 00:00 0 
7f4f7c000000-7f4f7c021000 rw-p 00000000 00:00 0 
7f4f7c021000-7f4f80000000 ---p 00000000 00:00 0 
7f4f8047e000-7f4f8063e000 rw-p 00000000 00:00 0 
7f4f8063e000-7f4f8067e000 ---p 00000000 00:00 0 
7f4f8067e000-7f4f807fe000 rw-p 00000000 00:00 0 
7f4f807fe000-7f4f8080e000 r-xp 00000000 00:17 633371                     /usr/lib/jvm/java-8-openjdk-amd64/jre/lib/amd64/libdecora_sse.so
7f4f8080e000-7f4f80a0d000 ---p 00010000 00:17 633371                     /usr/lib/jvm/java-8-openjdk-amd64/jre/lib/amd64/libdecora_sse.so
7f4f80a0d000-7f4f80a0e000 r--p 0000f000 00:17 633371                     /usr/lib/jvm/java-8-openjdk-amd64/jre/lib/amd64/libdecora_sse.so
7f4f80a0e000-7f4f80a0f000 rw-p 00010000 00:17 633371                     /usr/lib/jvm/java-8-openjdk-amd64/jre/lib/amd64/libdecora_sse.so
7f4f80a0f000-7f4f80de8000 r--p 00000000 00:17 46649                      /usr/share/fonts/truetype/droid/DroidSansFallbackFull.ttf
7f4f80de8000-7f4f80e86000 r--p 00000000 00:17 230385                     /usr/share/fonts/truetype/dejavu/DejaVuSans-BoldOblique.ttf
7f4f80e86000-7f4f80f22000 r--p 00000000 00:17 230387                     /usr/share/fonts/truetype/dejavu/DejaVuSans-Oblique.ttf
7f4f80f22000-7f4f80fcf000 r--p 00000000 00:17 46643                      /usr/share/fonts/truetype/dejavu/DejaVuSans-Bold.ttf
7f4f80fcf000-7f4f811cf000 rw-p 00000000 00:00 0 
7f4f811cf000-7f4f813cf000 rw-p 00000000 00:00 0 
7f4f813cf000-7f4f813d2000 ---p 00000000 00:00 0 
7f4f813d2000-7f4f814d0000 rw-p 00000000 00:00 0 
7f4f814d0000-7f4f81589000 r--p 00000000 00:17 46644                      /usr/share/fonts/truetype/dejavu/DejaVuSans.ttf
7f4f81589000-7f4f8158e000 r-xp 00000000 00:17 633376                     /usr/lib/jvm/java-8-openjdk-amd64/jre/lib/amd64/libjavafx_font_freetype.so
7f4f8158e000-7f4f8178d000 ---p 00005000 00:17 633376                     /usr/lib/jvm/java-8-openjdk-amd64/jre/lib/amd64/libjavafx_font_freetype.so
7f4f8178d000-7f4f8178e000 r--p 00004000 00:17 633376                     /usr/lib/jvm/java-8-openjdk-amd64/jre/lib/amd64/libjavafx_font_freetype.so
7f4f8178e000-7f4f8178f000 rw-p 00005000 00:17 633376                     /usr/lib/jvm/java-8-openjdk-amd64/jre/lib/amd64/libjavafx_font_freetype.so
7f4f8178f000-7f4f8198f000 rw-p 00000000 00:00 0 
7f4f8198f000-7f4f81992000 r-xp 00000000 00:17 633375                     /usr/lib/jvm/java-8-openjdk-amd64/jre/lib/amd64/libjavafx_font.so
7f4f81992000-7f4f81b91000 ---p 00003000 00:17 633375                     /usr/lib/jvm/java-8-openjdk-amd64/jre/lib/amd64/libjavafx_font.so
7f4f81b91000-7f4f81b92000 r--p 00002000 00:17 633375                     /usr/lib/jvm/java-8-openjdk-amd64/jre/lib/amd64/libjavafx_font.so
7f4f81b92000-7f4f81b93000 rw-p 00003000 00:17 633375                     /usr/lib/jvm/java-8-openjdk-amd64/jre/lib/amd64/libjavafx_font.so
7f4f81b93000-7f4f81d93000 rw-p 00000000 00:00 0 
7f4f81d93000-7f4f81da4000 r-xp 00000000 00:17 351361                     /usr/lib/jvm/java-8-openjdk-amd64/jre/lib/amd64/libnio.so
7f4f81da4000-7f4f81fa4000 ---p 00011000 00:17 351361                     /usr/lib/jvm/java-8-openjdk-amd64/jre/lib/amd64/libnio.so
7f4f81fa4000-7f4f81fa5000 r--p 00011000 00:17 351361                     /usr/lib/jvm/java-8-openjdk-amd64/jre/lib/amd64/libnio.so
7f4f81fa5000-7f4f81fa6000 rw-p 00012000 00:17 351361                     /usr/lib/jvm/java-8-openjdk-amd64/jre/lib/amd64/libnio.so
7f4f81fa6000-7f4f81fbd000 r-xp 00000000 00:17 351360                     /usr/lib/jvm/java-8-openjdk-amd64/jre/lib/amd64/libnet.so
7f4f81fbd000-7f4f821bc000 ---p 00017000 00:17 351360                     /usr/lib/jvm/java-8-openjdk-amd64/jre/lib/amd64/libnet.so
7f4f821bc000-7f4f821bd000 r--p 00016000 00:17 351360                     /usr/lib/jvm/java-8-openjdk-amd64/jre/lib/amd64/libnet.so
7f4f821bd000-7f4f821be000 rw-p 00017000 00:17 351360                     /usr/lib/jvm/java-8-openjdk-amd64/jre/lib/amd64/libnet.so
7f4f821be000-7f4f821c1000 ---p 00000000 00:00 0 
7f4f821c1000-7f4f822bf000 rw-p 00000000 00:00 0 
7f4f822bf000-7f4f822f9000 r-xp 00000000 00:17 30384                      /usr/lib/x86_64-linux-gnu/gtk-2.0/2.10.0/engines/libmurrine.so
7f4f822f9000-7f4f824f9000 ---p 0003a000 00:17 30384                      /usr/lib/x86_64-linux-gnu/gtk-2.0/2.10.0/engines/libmurrine.so
7f4f824f9000-7f4f824fa000 r--p 0003a000 00:17 30384                      /usr/lib/x86_64-linux-gnu/gtk-2.0/2.10.0/engines/libmurrine.so
7f4f824fa000-7f4f824fb000 rw-p 0003b000 00:17 30384                      /usr/lib/x86_64-linux-gnu/gtk-2.0/2.10.0/engines/libmurrine.so
7f4f824fb000-7f4f8250f000 r-xp 00000000 00:17 12315                      /lib/x86_64-linux-gnu/libgpg-error.so.0.22.0
7f4f8250f000-7f4f8270e000 ---p 00014000 00:17 12315                      /lib/x86_64-linux-gnu/libgpg-error.so.0.22.0
7f4f8270e000-7f4f8270f000 r--p 00013000 00:17 12315                      /lib/x86_64-linux-gnu/libgpg-error.so.0.22.0
7f4f8270f000-7f4f82710000 rw-p 00014000 00:17 12315                      /lib/x86_64-linux-gnu/libgpg-error.so.0.22.0
7f4f82710000-7f4f82824000 r-xp 00000000 00:17 341198                     /lib/x86_64-linux-gnu/libgcrypt.so.20.2.1
7f4f82824000-7f4f82a23000 ---p 00114000 00:17 341198                     /lib/x86_64-linux-gnu/libgcrypt.so.20.2.1
7f4f82a23000-7f4f82a25000 r--p 00113000 00:17 341198                     /lib/x86_64-linux-gnu/libgcrypt.so.20.2.1
7f4f82a25000-7f4f82a2a000 rw-p 00115000 00:17 341198                     /lib/x86_64-linux-gnu/libgcrypt.so.20.2.1
7f4f82a2a000-7f4f82a2b000 rw-p 00000000 00:00 0 
7f4f82a2b000-7f4f82a46000 r-xp 00000000 00:17 28303                      /usr/lib/x86_64-linux-gnu/liblz4.so.1.7.1
7f4f82a46000-7f4f82c45000 ---p 0001b000 00:17 28303                      /usr/lib/x86_64-linux-gnu/liblz4.so.1.7.1
7f4f82c45000-7f4f82c46000 r--p 0001a000 00:17 28303                      /usr/lib/x86_64-linux-gnu/liblz4.so.1.7.1
7f4f82c46000-7f4f82c47000 rw-p 0001b000 00:17 28303                      /usr/lib/x86_64-linux-gnu/liblz4.so.1.7.1
7f4f82c47000-7f4f82c6b000 r-xp 00000000 00:17 12334                      /lib/x86_64-linux-gnu/liblzma.so.5.2.2
7f4f82c6b000-7f4f82e6b000 ---p 00024000 00:17 12334                      /lib/x86_64-linux-gnu/liblzma.so.5.2.2
7f4f82e6b000-7f4f82e6c000 r--p 00024000 00:17 12334                      /lib/x86_64-linux-gnu/liblzma.so.5.2.2
7f4f82e6c000-7f4f82e6d000 rw-p 00025000 00:17 12334                      /lib/x86_64-linux-gnu/liblzma.so.5.2.2
7f4f82e6d000-7f4f82eed000 r-xp 00000000 00:17 340610                     /lib/x86_64-linux-gnu/libsystemd.so.0.21.0
7f4f82eed000-7f4f830ec000 ---p 00080000 00:17 340610                     /lib/x86_64-linux-gnu/libsystemd.so.0.21.0
7f4f830ec000-7f4f830ef000 r--p 0007f000 00:17 340610                     /lib/x86_64-linux-gnu/libsystemd.so.0.21.0
7f4f830ef000-7f4f830f0000 rw-p 00082000 00:17 340610                     /lib/x86_64-linux-gnu/libsystemd.so.0.21.0
7f4f830f0000-7f4f830f1000 rw-p 00000000 00:00 0 
7f4f830f1000-7f4f8311d000 r-xp 00000000 00:17 27679                      /usr/lib/x86_64-linux-gnu/libatspi.so.0.0.1
7f4f8311d000-7f4f8331d000 ---p 0002c000 00:17 27679                      /usr/lib/x86_64-linux-gnu/libatspi.so.0.0.1
7f4f8331d000-7f4f83320000 r--p 0002c000 00:17 27679                      /usr/lib/x86_64-linux-gnu/libatspi.so.0.0.1
7f4f83320000-7f4f83321000 rw-p 0002f000 00:17 27679                      /usr/lib/x86_64-linux-gnu/libatspi.so.0.0.1
7f4f83321000-7f4f8336c000 r-xp 00000000 00:17 12289                      /lib/x86_64-linux-gnu/libdbus-1.so.3.19.4
7f4f8336c000-7f4f8356c000 ---p 0004b000 00:17 12289                      /lib/x86_64-linux-gnu/libdbus-1.so.3.19.4
7f4f8356c000-7f4f8356d000 r--p 0004b000 00:17 12289                      /lib/x86_64-linux-gnu/libdbus-1.so.3.19.4
7f4f8356d000-7f4f8356e000 rw-p 0004c000 00:17 12289                      /lib/x86_64-linux-gnu/libdbus-1.so.3.19.4
7f4f8356e000-7f4f8359c000 r-xp 00000000 00:17 27677                      /usr/lib/x86_64-linux-gnu/libatk-bridge-2.0.so.0.0.0
7f4f8359c000-7f4f8379c000 ---p 0002e000 00:17 27677                      /usr/lib/x86_64-linux-gnu/libatk-bridge-2.0.so.0.0.0
7f4f8379c000-7f4f8379d000 r--p 0002e000 00:17 27677                      /usr/lib/x86_64-linux-gnu/libatk-bridge-2.0.so.0.0.0
7f4f8379d000-7f4f8379e000 rw-p 0002f000 00:17 27677                      /usr/lib/x86_64-linux-gnu/libatk-bridge-2.0.so.0.0.0
7f4f8379e000-7f4f8379f000 rw-p 00000000 00:00 0 
7f4f8379f000-7f4f837a0000 r-xp 00000000 00:17 30402                      /usr/lib/x86_64-linux-gnu/gtk-2.0/modules/libatk-bridge.so
7f4f837a0000-7f4f8399f000 ---p 00001000 00:17 30402                      /usr/lib/x86_64-linux-gnu/gtk-2.0/modules/libatk-bridge.so
7f4f8399f000-7f4f839a0000 r--p 00000000 00:17 30402                      /usr/lib/x86_64-linux-gnu/gtk-2.0/modules/libatk-bridge.so
7f4f839a0000-7f4f839a1000 rw-p 00001000 00:17 30402                      /usr/lib/x86_64-linux-gnu/gtk-2.0/modules/libatk-bridge.so
7f4f839a1000-7f4f839a8000 r-xp 00000000 00:17 27979                      /usr/lib/x86_64-linux-gnu/libgailutil.so.18.0.1
7f4f839a8000-7f4f83ba7000 ---p 00007000 00:17 27979                      /usr/lib/x86_64-linux-gnu/libgailutil.so.18.0.1
7f4f83ba7000-7f4f83ba8000 r--p 00006000 00:17 27979                      /usr/lib/x86_64-linux-gnu/libgailutil.so.18.0.1
7f4f83ba8000-7f4f83ba9000 rw-p 00007000 00:17 27979                      /usr/lib/x86_64-linux-gnu/libgailutil.so.18.0.1
7f4f83ba9000-7f4f83bf6000 r-xp 00000000 00:17 30404                      /usr/lib/x86_64-linux-gnu/gtk-2.0/modules/libgail.so
7f4f83bf6000-7f4f83df6000 ---p 0004d000 00:17 30404                      /usr/lib/x86_64-linux-gnu/gtk-2.0/modules/libgail.so
7f4f83df6000-7f4f83df7000 r--p 0004d000 00:17 30404                      /usr/lib/x86_64-linux-gnu/gtk-2.0/modules/libgail.so
7f4f83df7000-7f4f83df9000 rw-p 0004e000 00:17 30404                      /usr/lib/x86_64-linux-gnu/gtk-2.0/modules/libgail.so
7f4f83df9000-7f4f83dff000 r-xp 00000000 00:17 308063                     /lib/x86_64-linux-gnu/libuuid.so.1.3.0
7f4f83dff000-7f4f83ffe000 ---p 00006000 00:17 308063                     /lib/x86_64-linux-gnu/libuuid.so.1.3.0
7f4f83ffe000-7f4f83fff000 r--p 00005000 00:17 308063                     /lib/x86_64-linux-gnu/libuuid.so.1.3.0
7f4f83fff000-7f4f84000000 rw-p 00006000 00:17 308063                     /lib/x86_64-linux-gnu/libuuid.so.1.3.0
7f4f84000000-7f4f84021000 rw-p 00000000 00:00 0 
7f4f84021000-7f4f88000000 ---p 00000000 00:00 0 
7f4f8802c000-7f4f88048000 r--p 00000000 00:17 46776                      /usr/share/fonts/truetype/tlwg/Laksaman.ttf
7f4f88048000-7f4f8805f000 r--p 00000000 00:17 46820                      /usr/share/fonts/truetype/tlwg/Waree.ttf
7f4f8805f000-7f4f88074000 r--p 00000000 00:17 46780                      /usr/share/fonts/truetype/tlwg/Loma.ttf
7f4f88074000-7f4f88077000 ---p 00000000 00:00 0 
7f4f88077000-7f4f88175000 rw-p 00000000 00:00 0 
7f4f88175000-7f4f8817b000 r-xp 00000000 00:17 27821                      /usr/lib/x86_64-linux-gnu/libdatrie.so.1.3.3
7f4f8817b000-7f4f8837a000 ---p 00006000 00:17 27821                      /usr/lib/x86_64-linux-gnu/libdatrie.so.1.3.3
7f4f8837a000-7f4f8837b000 r--p 00005000 00:17 27821                      /usr/lib/x86_64-linux-gnu/libdatrie.so.1.3.3
7f4f8837b000-7f4f8837c000 rw-p 00006000 00:17 27821                      /usr/lib/x86_64-linux-gnu/libdatrie.so.1.3.3
7f4f8837c000-7f4f883a7000 r-xp 00000000 00:17 28080                      /usr/lib/x86_64-linux-gnu/libgraphite2.so.3.0.1
7f4f883a7000-7f4f885a6000 ---p 0002b000 00:17 28080                      /usr/lib/x86_64-linux-gnu/libgraphite2.so.3.0.1
7f4f885a6000-7f4f885a8000 r--p 0002a000 00:17 28080                      /usr/lib/x86_64-linux-gnu/libgraphite2.so.3.0.1
7f4f885a8000-7f4f885a9000 rw-p 0002c000 00:17 28080                      /usr/lib/x86_64-linux-gnu/libgraphite2.so.3.0.1
7f4f885a9000-7f4f885f0000 r-xp 00000000 00:17 308088                     /lib/x86_64-linux-gnu/libblkid.so.1.1.0
7f4f885f0000-7f4f887f0000 ---p 00047000 00:17 308088                     /lib/x86_64-linux-gnu/libblkid.so.1.1.0
7f4f887f0000-7f4f887f4000 r--p 00047000 00:17 308088                     /lib/x86_64-linux-gnu/libblkid.so.1.1.0
7f4f887f4000-7f4f887f5000 rw-p 0004b000 00:17 308088                     /lib/x86_64-linux-gnu/libblkid.so.1.1.0
7f4f887f5000-7f4f887f6000 rw-p 00000000 00:00 0 
7f4f887f6000-7f4f887fe000 r-xp 00000000 00:17 28635                      /usr/lib/x86_64-linux-gnu/libthai.so.0.3.0
7f4f887fe000-7f4f889fd000 ---p 00008000 00:17 28635                      /usr/lib/x86_64-linux-gnu/libthai.so.0.3.0
7f4f889fd000-7f4f889fe000 r--p 00007000 00:17 28635                      /usr/lib/x86_64-linux-gnu/libthai.so.0.3.0
7f4f889fe000-7f4f889ff000 rw-p 00008000 00:17 28635                      /usr/lib/x86_64-linux-gnu/libthai.so.0.3.0
7f4f889ff000-7f4f88a9b000 r-xp 00000000 00:17 28163                      /usr/lib/x86_64-linux-gnu/libharfbuzz.so.0.10702.0
7f4f88a9b000-7f4f88c9b000 ---p 0009c000 00:17 28163                      /usr/lib/x86_64-linux-gnu/libharfbuzz.so.0.10702.0
7f4f88c9b000-7f4f88c9c000 r--p 0009c000 00:17 28163                      /usr/lib/x86_64-linux-gnu/libharfbuzz.so.0.10702.0
7f4f88c9c000-7f4f88c9d000 rw-p 0009d000 00:17 28163                      /usr/lib/x86_64-linux-gnu/libharfbuzz.so.0.10702.0
7f4f88c9d000-7f4f88d0d000 r-xp 00000000 00:17 12396                      /lib/x86_64-linux-gnu/libpcre.so.3.13.3
7f4f88d0d000-7f4f88f0d000 ---p 00070000 00:17 12396                      /lib/x86_64-linux-gnu/libpcre.so.3.13.3
7f4f88f0d000-7f4f88f0e000 r--p 00070000 00:17 12396                      /lib/x86_64-linux-gnu/libpcre.so.3.13.3
7f4f88f0e000-7f4f88f0f000 rw-p 00071000 00:17 12396                      /lib/x86_64-linux-gnu/libpcre.so.3.13.3
7f4f88f0f000-7f4f88f60000 r-xp 00000000 00:17 308140                     /lib/x86_64-linux-gnu/libmount.so.1.1.0
7f4f88f60000-7f4f8915f000 ---p 00051000 00:17 308140                     /lib/x86_64-linux-gnu/libmount.so.1.1.0
7f4f8915f000-7f4f89161000 r--p 00050000 00:17 308140                     /lib/x86_64-linux-gnu/libmount.so.1.1.0
7f4f89161000-7f4f89162000 rw-p 00052000 00:17 308140                     /lib/x86_64-linux-gnu/libmount.so.1.1.0
7f4f89162000-7f4f89163000 rw-p 00000000 00:00 0 
7f4f89163000-7f4f8917a000 r-xp 00000000 00:17 12413                      /lib/x86_64-linux-gnu/libresolv-2.27.so
7f4f8917a000-7f4f8937a000 ---p 00017000 00:17 12413                      /lib/x86_64-linux-gnu/libresolv-2.27.so
7f4f8937a000-7f4f8937b000 r--p 00017000 00:17 12413                      /lib/x86_64-linux-gnu/libresolv-2.27.so
7f4f8937b000-7f4f8937c000 rw-p 00018000 00:17 12413                      /lib/x86_64-linux-gnu/libresolv-2.27.so
7f4f8937c000-7f4f8937e000 rw-p 00000000 00:00 0 
7f4f8937e000-7f4f893a3000 r-xp 00000000 00:17 12419                      /lib/x86_64-linux-gnu/libselinux.so.1
7f4f893a3000-7f4f895a2000 ---p 00025000 00:17 12419                      /lib/x86_64-linux-gnu/libselinux.so.1
7f4f895a2000-7f4f895a3000 r--p 00024000 00:17 12419                      /lib/x86_64-linux-gnu/libselinux.so.1
7f4f895a3000-7f4f895a4000 rw-p 00025000 00:17 12419                      /lib/x86_64-linux-gnu/libselinux.so.1
7f4f895a4000-7f4f895a6000 rw-p 00000000 00:00 0 
7f4f895a6000-7f4f895b2000 r-xp 00000000 00:17 28779                      /usr/lib/x86_64-linux-gnu/libxcb-render.so.0.0.0
7f4f895b2000-7f4f897b1000 ---p 0000c000 00:17 28779                      /usr/lib/x86_64-linux-gnu/libxcb-render.so.0.0.0
7f4f897b1000-7f4f897b2000 r--p 0000b000 00:17 28779                      /usr/lib/x86_64-linux-gnu/libxcb-render.so.0.0.0
7f4f897b2000-7f4f897b3000 rw-p 0000c000 00:17 28779                      /usr/lib/x86_64-linux-gnu/libxcb-render.so.0.0.0
7f4f897b3000-7f4f897b5000 r-xp 00000000 00:17 28785                      /usr/lib/x86_64-linux-gnu/libxcb-shm.so.0.0.0
7f4f897b5000-7f4f899b4000 ---p 00002000 00:17 28785                      /usr/lib/x86_64-linux-gnu/libxcb-shm.so.0.0.0
7f4f899b4000-7f4f899b5000 r--p 00001000 00:17 28785                      /usr/lib/x86_64-linux-gnu/libxcb-shm.so.0.0.0
7f4f899b5000-7f4f899b6000 rw-p 00002000 00:17 28785                      /usr/lib/x86_64-linux-gnu/libxcb-shm.so.0.0.0
7f4f899b6000-7f4f899e7000 r-xp 00000000 00:17 345702                     /usr/lib/x86_64-linux-gnu/libpng16.so.16.34.0
7f4f899e7000-7f4f89be6000 ---p 00031000 00:17 345702                     /usr/lib/x86_64-linux-gnu/libpng16.so.16.34.0
7f4f89be6000-7f4f89be7000 r--p 00030000 00:17 345702                     /usr/lib/x86_64-linux-gnu/libpng16.so.16.34.0
7f4f89be7000-7f4f89be8000 rw-p 00031000 00:17 345702                     /usr/lib/x86_64-linux-gnu/libpng16.so.16.34.0
7f4f89be8000-7f4f89c95000 r-xp 00000000 00:17 27969                      /usr/lib/x86_64-linux-gnu/libfreetype.so.6.15.0
7f4f89c95000-7f4f89e94000 ---p 000ad000 00:17 27969                      /usr/lib/x86_64-linux-gnu/libfreetype.so.6.15.0
7f4f89e94000-7f4f89e9b000 r--p 000ac000 00:17 27969                      /usr/lib/x86_64-linux-gnu/libfreetype.so.6.15.0
7f4f89e9b000-7f4f89e9c000 rw-p 000b3000 00:17 27969                      /usr/lib/x86_64-linux-gnu/libfreetype.so.6.15.0
7f4f89e9c000-7f4f89f39000 r-xp 00000000 00:17 28451                      /usr/lib/x86_64-linux-gnu/libpixman-1.so.0.34.0
7f4f89f39000-7f4f8a138000 ---p 0009d000 00:17 28451                      /usr/lib/x86_64-linux-gnu/libpixman-1.so.0.34.0
7f4f8a138000-7f4f8a140000 r--p 0009c000 00:17 28451                      /usr/lib/x86_64-linux-gnu/libpixman-1.so.0.34.0
7f4f8a140000-7f4f8a141000 rw-p 000a4000 00:17 28451                      /usr/lib/x86_64-linux-gnu/libpixman-1.so.0.34.0
7f4f8a141000-7f4f8a143000 r-xp 00000000 00:17 27594                      /usr/lib/x86_64-linux-gnu/libXcomposite.so.1.0.0
7f4f8a143000-7f4f8a342000 ---p 00002000 00:17 27594                      /usr/lib/x86_64-linux-gnu/libXcomposite.so.1.0.0
7f4f8a342000-7f4f8a343000 r--p 00001000 00:17 27594                      /usr/lib/x86_64-linux-gnu/libXcomposite.so.1.0.0
7f4f8a343000-7f4f8a344000 rw-p 00002000 00:17 27594                      /usr/lib/x86_64-linux-gnu/libXcomposite.so.1.0.0
7f4f8a344000-7f4f8a34d000 r-xp 00000000 00:17 27596                      /usr/lib/x86_64-linux-gnu/libXcursor.so.1.0.2
7f4f8a34d000-7f4f8a54c000 ---p 00009000 00:17 27596                      /usr/lib/x86_64-linux-gnu/libXcursor.so.1.0.2
7f4f8a54c000-7f4f8a54d000 r--p 00008000 00:17 27596                      /usr/lib/x86_64-linux-gnu/libXcursor.so.1.0.2
7f4f8a54d000-7f4f8a54e000 rw-p 00009000 00:17 27596                      /usr/lib/x86_64-linux-gnu/libXcursor.so.1.0.2
7f4f8a54e000-7f4f8a558000 r-xp 00000000 00:17 27620                      /usr/lib/x86_64-linux-gnu/libXrandr.so.2.2.0
7f4f8a558000-7f4f8a757000 ---p 0000a000 00:17 27620                      /usr/lib/x86_64-linux-gnu/libXrandr.so.2.2.0
7f4f8a757000-7f4f8a758000 r--p 00009000 00:17 27620                      /usr/lib/x86_64-linux-gnu/libXrandr.so.2.2.0
7f4f8a758000-7f4f8a759000 rw-p 0000a000 00:17 27620                      /usr/lib/x86_64-linux-gnu/libXrandr.so.2.2.0
7f4f8a759000-7f4f8a768000 r-xp 00000000 00:17 27610                      /usr/lib/x86_64-linux-gnu/libXi.so.6.1.0
7f4f8a768000-7f4f8a967000 ---p 0000f000 00:17 27610                      /usr/lib/x86_64-linux-gnu/libXi.so.6.1.0
7f4f8a967000-7f4f8a968000 r--p 0000e000 00:17 27610                      /usr/lib/x86_64-linux-gnu/libXi.so.6.1.0
7f4f8a968000-7f4f8a969000 rw-p 0000f000 00:17 27610                      /usr/lib/x86_64-linux-gnu/libXi.so.6.1.0
7f4f8a969000-7f4f8a96b000 r-xp 00000000 00:17 27612                      /usr/lib/x86_64-linux-gnu/libXinerama.so.1.0.0
7f4f8a96b000-7f4f8ab6a000 ---p 00002000 00:17 27612                      /usr/lib/x86_64-linux-gnu/libXinerama.so.1.0.0
7f4f8ab6a000-7f4f8ab6b000 r--p 00001000 00:17 27612                      /usr/lib/x86_64-linux-gnu/libXinerama.so.1.0.0
7f4f8ab6b000-7f4f8ab6c000 rw-p 00002000 00:17 27612                      /usr/lib/x86_64-linux-gnu/libXinerama.so.1.0.0
7f4f8ab6c000-7f4f8ab75000 r-xp 00000000 00:17 27622                      /usr/lib/x86_64-linux-gnu/libXrender.so.1.3.0
7f4f8ab75000-7f4f8ad74000 ---p 00009000 00:17 27622                      /usr/lib/x86_64-linux-gnu/libXrender.so.1.3.0
7f4f8ad74000-7f4f8ad75000 r--p 00008000 00:17 27622                      /usr/lib/x86_64-linux-gnu/libXrender.so.1.3.0
7f4f8ad75000-7f4f8ad76000 rw-p 00009000 00:17 27622                      /usr/lib/x86_64-linux-gnu/libXrender.so.1.3.0
7f4f8ad76000-7f4f8adb4000 r-xp 00000000 00:17 27951                      /usr/lib/x86_64-linux-gnu/libfontconfig.so.1.10.1
7f4f8adb4000-7f4f8afb4000 ---p 0003e000 00:17 27951                      /usr/lib/x86_64-linux-gnu/libfontconfig.so.1.10.1
7f4f8afb4000-7f4f8afb6000 r--p 0003e000 00:17 27951                      /usr/lib/x86_64-linux-gnu/libfontconfig.so.1.10.1
7f4f8afb6000-7f4f8afbb000 rw-p 00040000 00:17 27951                      /usr/lib/x86_64-linux-gnu/libfontconfig.so.1.10.1
7f4f8afbb000-7f4f8b005000 r-xp 00000000 00:17 435607                     /usr/lib/x86_64-linux-gnu/libpango-1.0.so.0.4000.14
7f4f8b005000-7f4f8b204000 ---p 0004a000 00:17 435607                     /usr/lib/x86_64-linux-gnu/libpango-1.0.so.0.4000.14
7f4f8b204000-7f4f8b207000 r--p 00049000 00:17 435607                     /usr/lib/x86_64-linux-gnu/libpango-1.0.so.0.4000.14
7f4f8b207000-7f4f8b208000 rw-p 0004c000 00:17 435607                     /usr/lib/x86_64-linux-gnu/libpango-1.0.so.0.4000.14
7f4f8b208000-7f4f8b21c000 r-xp 00000000 00:17 435629                     /usr/lib/x86_64-linux-gnu/libpangoft2-1.0.so.0.4000.14
7f4f8b21c000-7f4f8b41c000 ---p 00014000 00:17 435629                     /usr/lib/x86_64-linux-gnu/libpangoft2-1.0.so.0.4000.14
7f4f8b41c000-7f4f8b41d000 r--p 00014000 00:17 435629                     /usr/lib/x86_64-linux-gnu/libpangoft2-1.0.so.0.4000.14
7f4f8b41d000-7f4f8b41e000 rw-p 00015000 00:17 435629                     /usr/lib/x86_64-linux-gnu/libpangoft2-1.0.so.0.4000.14
7f4f8b41e000-7f4f8b440000 r-xp 00000000 00:17 27675                      /usr/lib/x86_64-linux-gnu/libatk-1.0.so.0.22810.1
7f4f8b440000-7f4f8b640000 ---p 00022000 00:17 27675                      /usr/lib/x86_64-linux-gnu/libatk-1.0.so.0.22810.1
7f4f8b640000-7f4f8b643000 r--p 00022000 00:17 27675                      /usr/lib/x86_64-linux-gnu/libatk-1.0.so.0.22810.1
7f4f8b643000-7f4f8b644000 rw-p 00025000 00:17 27675                      /usr/lib/x86_64-linux-gnu/libatk-1.0.so.0.22810.1
7f4f8b644000-7f4f8b650000 r-xp 00000000 00:17 435648                     /usr/lib/x86_64-linux-gnu/libpangocairo-1.0.so.0.4000.14
7f4f8b650000-7f4f8b84f000 ---p 0000c000 00:17 435648                     /usr/lib/x86_64-linux-gnu/libpangocairo-1.0.so.0.4000.14
7f4f8b84f000-7f4f8b850000 r--p 0000b000 00:17 435648                     /usr/lib/x86_64-linux-gnu/libpangocairo-1.0.so.0.4000.14
7f4f8b850000-7f4f8b851000 rw-p 0000c000 00:17 435648                     /usr/lib/x86_64-linux-gnu/libpangocairo-1.0.so.0.4000.14
7f4f8b851000-7f4f8b854000 r-xp 00000000 00:17 433208                     /usr/lib/x86_64-linux-gnu/libgmodule-2.0.so.0.5600.2
7f4f8b854000-7f4f8ba53000 ---p 00003000 00:17 433208                     /usr/lib/x86_64-linux-gnu/libgmodule-2.0.so.0.5600.2
7f4f8ba53000-7f4f8ba54000 r--p 00002000 00:17 433208                     /usr/lib/x86_64-linux-gnu/libgmodule-2.0.so.0.5600.2
7f4f8ba54000-7f4f8ba55000 rw-p 00003000 00:17 433208                     /usr/lib/x86_64-linux-gnu/libgmodule-2.0.so.0.5600.2
7f4f8ba55000-7f4f8ba5a000 r-xp 00000000 00:17 27628                      /usr/lib/x86_64-linux-gnu/libXtst.so.6.1.0
7f4f8ba5a000-7f4f8bc59000 ---p 00005000 00:17 27628                      /usr/lib/x86_64-linux-gnu/libXtst.so.6.1.0
7f4f8bc59000-7f4f8bc5a000 r--p 00004000 00:17 27628                      /usr/lib/x86_64-linux-gnu/libXtst.so.6.1.0
7f4f8bc5a000-7f4f8bc5b000 rw-p 00005000 00:17 27628                      /usr/lib/x86_64-linux-gnu/libXtst.so.6.1.0
7f4f8bc5b000-7f4f8bd6e000 r-xp 00000000 00:17 433207                     /usr/lib/x86_64-linux-gnu/libglib-2.0.so.0.5600.2
7f4f8bd6e000-7f4f8bf6e000 ---p 00113000 00:17 433207                     /usr/lib/x86_64-linux-gnu/libglib-2.0.so.0.5600.2
7f4f8bf6e000-7f4f8bf6f000 r--p 00113000 00:17 433207                     /usr/lib/x86_64-linux-gnu/libglib-2.0.so.0.5600.2
7f4f8bf6f000-7f4f8bf70000 rw-p 00114000 00:17 433207                     /usr/lib/x86_64-linux-gnu/libglib-2.0.so.0.5600.2
7f4f8bf70000-7f4f8bf71000 rw-p 00000000 00:00 0 
7f4f8bf71000-7f4f8bfc3000 r-xp 00000000 00:17 433209                     /usr/lib/x86_64-linux-gnu/libgobject-2.0.so.0.5600.2
7f4f8bfc3000-7f4f8c1c3000 ---p 00052000 00:17 433209                     /usr/lib/x86_64-linux-gnu/libgobject-2.0.so.0.5600.2
7f4f8c1c3000-7f4f8c1c4000 r--p 00052000 00:17 433209                     /usr/lib/x86_64-linux-gnu/libgobject-2.0.so.0.5600.2
7f4f8c1c4000-7f4f8c1c5000 rw-p 00053000 00:17 433209                     /usr/lib/x86_64-linux-gnu/libgobject-2.0.so.0.5600.2
7f4f8c1c5000-7f4f8c35a000 r-xp 00000000 00:17 433206                     /usr/lib/x86_64-linux-gnu/libgio-2.0.so.0.5600.2
7f4f8c35a000-7f4f8c55a000 ---p 00195000 00:17 433206                     /usr/lib/x86_64-linux-gnu/libgio-2.0.so.0.5600.2
7f4f8c55a000-7f4f8c561000 r--p 00195000 00:17 433206                     /usr/lib/x86_64-linux-gnu/libgio-2.0.so.0.5600.2
7f4f8c561000-7f4f8c562000 rw-p 0019c000 00:17 433206                     /usr/lib/x86_64-linux-gnu/libgio-2.0.so.0.5600.2
7f4f8c562000-7f4f8c564000 rw-p 00000000 00:00 0 
7f4f8c564000-7f4f8fc26000 r-xp 00000000 00:17 27548                      /usr/lib/x86_64-linux-gnu/libLLVM-6.0.so.1
7f4f8fc26000-7f4f8fc27000 ---p 036c2000 00:17 27548                      /usr/lib/x86_64-linux-gnu/libLLVM-6.0.so.1
7f4f8fc27000-7f4f8ff97000 r--p 036c2000 00:17 27548                      /usr/lib/x86_64-linux-gnu/libLLVM-6.0.so.1
7f4f8ff97000-7f4f8ffa5000 rw-p 03a32000 00:17 27548                      /usr/lib/x86_64-linux-gnu/libLLVM-6.0.so.1
7f4f8ffa5000-7f4f90000000 rw-p 00000000 00:00 0 
7f4f90000000-7f4f90d95000 rw-p 00000000 00:00 0 
7f4f90d95000-7f4f94000000 ---p 00000000 00:00 0 
7f4f94000000-7f4f94013000 r--s 00346000 00:17 351404                     /usr/lib/jvm/java-8-openjdk-amd64/jre/lib/resources.jar
7f4f94013000-7f4f9401e000 r--s 00000000 00:17 133200                     /var/cache/fontconfig/945677eb7aeaf62f1d50efc3fb3ec7d8-le64.cache-7
7f4f9401e000-7f4f9401f000 r-xp 00000000 00:17 433210                     /usr/lib/x86_64-linux-gnu/libgthread-2.0.so.0.5600.2
7f4f9401f000-7f4f9421e000 ---p 00001000 00:17 433210                     /usr/lib/x86_64-linux-gnu/libgthread-2.0.so.0.5600.2
7f4f9421e000-7f4f9421f000 r--p 00000000 00:17 433210                     /usr/lib/x86_64-linux-gnu/libgthread-2.0.so.0.5600.2
7f4f9421f000-7f4f94220000 rw-p 00001000 00:17 433210                     /usr/lib/x86_64-linux-gnu/libgthread-2.0.so.0.5600.2
7f4f94220000-7f4f94242000 r-xp 00000000 00:17 28007                      /usr/lib/x86_64-linux-gnu/libgdk_pixbuf-2.0.so.0.3611.0
7f4f94242000-7f4f94442000 ---p 00022000 00:17 28007                      /usr/lib/x86_64-linux-gnu/libgdk_pixbuf-2.0.so.0.3611.0
7f4f94442000-7f4f94443000 r--p 00022000 00:17 28007                      /usr/lib/x86_64-linux-gnu/libgdk_pixbuf-2.0.so.0.3611.0
7f4f94443000-7f4f94444000 rw-p 00023000 00:17 28007                      /usr/lib/x86_64-linux-gnu/libgdk_pixbuf-2.0.so.0.3611.0
7f4f94444000-7f4f9455c000 r-xp 00000000 00:17 27744                      /usr/lib/x86_64-linux-gnu/libcairo.so.2.11510.0
7f4f9455c000-7f4f9475b000 ---p 00118000 00:17 27744                      /usr/lib/x86_64-linux-gnu/libcairo.so.2.11510.0
7f4f9475b000-7f4f9475e000 r--p 00117000 00:17 27744                      /usr/lib/x86_64-linux-gnu/libcairo.so.2.11510.0
7f4f9475e000-7f4f94760000 rw-p 0011a000 00:17 27744                      /usr/lib/x86_64-linux-gnu/libcairo.so.2.11510.0
7f4f94760000-7f4f94761000 rw-p 00000000 00:00 0 
7f4f94761000-7f4f94811000 r-xp 00000000 00:17 28005                      /usr/lib/x86_64-linux-gnu/libgdk-x11-2.0.so.0.2400.32
7f4f94811000-7f4f94a10000 ---p 000b0000 00:17 28005                      /usr/lib/x86_64-linux-gnu/libgdk-x11-2.0.so.0.2400.32
7f4f94a10000-7f4f94a14000 r--p 000af000 00:17 28005                      /usr/lib/x86_64-linux-gnu/libgdk-x11-2.0.so.0.2400.32
7f4f94a14000-7f4f94a16000 rw-p 000b3000 00:17 28005                      /usr/lib/x86_64-linux-gnu/libgdk-x11-2.0.so.0.2400.32
7f4f94a16000-7f4f94e4b000 r-xp 00000000 00:17 28138                      /usr/lib/x86_64-linux-gnu/libgtk-x11-2.0.so.0.2400.32
7f4f94e4b000-7f4f9504a000 ---p 00435000 00:17 28138                      /usr/lib/x86_64-linux-gnu/libgtk-x11-2.0.so.0.2400.32
7f4f9504a000-7f4f95051000 r--p 00434000 00:17 28138                      /usr/lib/x86_64-linux-gnu/libgtk-x11-2.0.so.0.2400.32
7f4f95051000-7f4f95055000 rw-p 0043b000 00:17 28138                      /usr/lib/x86_64-linux-gnu/libgtk-x11-2.0.so.0.2400.32
7f4f95055000-7f4f95058000 rw-p 00000000 00:00 0 
7f4f95058000-7f4f95080000 r-xp 00000000 00:17 633373                     /usr/lib/jvm/java-8-openjdk-amd64/jre/lib/amd64/libglass.so
7f4f95080000-7f4f95280000 ---p 00028000 00:17 633373                     /usr/lib/jvm/java-8-openjdk-amd64/jre/lib/amd64/libglass.so
7f4f95280000-7f4f95281000 r--p 00028000 00:17 633373                     /usr/lib/jvm/java-8-openjdk-amd64/jre/lib/amd64/libglass.so
7f4f95281000-7f4f95282000 rw-p 00029000 00:17 633373                     /usr/lib/jvm/java-8-openjdk-amd64/jre/lib/amd64/libglass.so
7f4f95282000-7f4f95290000 r-xp 00000000 00:17 633383                     /usr/lib/jvm/java-8-openjdk-amd64/jre/lib/amd64/libprism_sw.so
7f4f95290000-7f4f95490000 ---p 0000e000 00:17 633383                     /usr/lib/jvm/java-8-openjdk-amd64/jre/lib/amd64/libprism_sw.so
7f4f95490000-7f4f95491000 r--p 0000e000 00:17 633383                     /usr/lib/jvm/java-8-openjdk-amd64/jre/lib/amd64/libprism_sw.so
7f4f95491000-7f4f95492000 rw-p 0000f000 00:17 633383                     /usr/lib/jvm/java-8-openjdk-amd64/jre/lib/amd64/libprism_sw.so
7f4f95492000-7f4f95493000 ---p 00000000 00:00 0 
7f4f95493000-7f4f95c93000 rw-p 00000000 00:00 0 
7f4f95c93000-7f4f95c94000 ---p 00000000 00:00 0 
7f4f95c94000-7f4f96494000 rw-p 00000000 00:00 0 
7f4f96494000-7f4f964b9000 r-xp 00000000 00:17 349926                     /lib/x86_64-linux-gnu/libtinfo.so.5.9
7f4f964b9000-7f4f966b9000 ---p 00025000 00:17 349926                     /lib/x86_64-linux-gnu/libtinfo.so.5.9
7f4f966b9000-7f4f966bd000 r--p 00025000 00:17 349926                     /lib/x86_64-linux-gnu/libtinfo.so.5.9
7f4f966bd000-7f4f966be000 rw-p 00029000 00:17 349926                     /lib/x86_64-linux-gnu/libtinfo.so.5.9
7f4f966be000-7f4f966ef000 r-xp 00000000 00:17 27893                      /usr/lib/x86_64-linux-gnu/libedit.so.2.0.56
7f4f966ef000-7f4f968ee000 ---p 00031000 00:17 27893                      /usr/lib/x86_64-linux-gnu/libedit.so.2.0.56
7f4f968ee000-7f4f968f0000 r--p 00030000 00:17 27893                      /usr/lib/x86_64-linux-gnu/libedit.so.2.0.56
7f4f968f0000-7f4f968f1000 rw-p 00032000 00:17 27893                      /usr/lib/x86_64-linux-gnu/libedit.so.2.0.56
7f4f968f1000-7f4f968f5000 rw-p 00000000 00:00 0 
7f4f968f5000-7f4f968fc000 r-xp 00000000 00:17 27937                      /usr/lib/x86_64-linux-gnu/libffi.so.6.0.4
7f4f968fc000-7f4f96afb000 ---p 00007000 00:17 27937                      /usr/lib/x86_64-linux-gnu/libffi.so.6.0.4
7f4f96afb000-7f4f96afc000 r--p 00006000 00:17 27937                      /usr/lib/x86_64-linux-gnu/libffi.so.6.0.4
7f4f96afc000-7f4f96afd000 rw-p 00007000 00:17 27937                      /usr/lib/x86_64-linux-gnu/libffi.so.6.0.4
7f4f96afd000-7f4f96b16000 r-xp 00000000 00:17 27898                      /usr/lib/x86_64-linux-gnu/libelf-0.170.so
7f4f96b16000-7f4f96d15000 ---p 00019000 00:17 27898                      /usr/lib/x86_64-linux-gnu/libelf-0.170.so
7f4f96d15000-7f4f96d16000 r--p 00018000 00:17 27898                      /usr/lib/x86_64-linux-gnu/libelf-0.170.so
7f4f96d16000-7f4f96d17000 rw-p 00019000 00:17 27898                      /usr/lib/x86_64-linux-gnu/libelf-0.170.so
7f4f96d17000-7f4f96d20000 r-xp 00000000 00:17 27863                      /usr/lib/x86_64-linux-gnu/libdrm_amdgpu.so.1.0.0
7f4f96d20000-7f4f96f1f000 ---p 00009000 00:17 27863                      /usr/lib/x86_64-linux-gnu/libdrm_amdgpu.so.1.0.0
7f4f96f1f000-7f4f96f20000 r--p 00008000 00:17 27863                      /usr/lib/x86_64-linux-gnu/libdrm_amdgpu.so.1.0.0
7f4f96f20000-7f4f96f21000 rw-p 00009000 00:17 27863                      /usr/lib/x86_64-linux-gnu/libdrm_amdgpu.so.1.0.0
7f4f96f21000-7f4f96f2c000 r-xp 00000000 00:17 27869                      /usr/lib/x86_64-linux-gnu/libdrm_radeon.so.1.0.1
7f4f96f2c000-7f4f9712b000 ---p 0000b000 00:17 27869                      /usr/lib/x86_64-linux-gnu/libdrm_radeon.so.1.0.1
7f4f9712b000-7f4f9712c000 r--p 0000a000 00:17 27869                      /usr/lib/x86_64-linux-gnu/libdrm_radeon.so.1.0.1
7f4f9712c000-7f4f9712d000 rw-p 0000b000 00:17 27869                      /usr/lib/x86_64-linux-gnu/libdrm_radeon.so.1.0.1
7f4f9712d000-7f4f97baa000 r-xp 00000000 00:17 346847                     /usr/lib/x86_64-linux-gnu/dri/swrast_dri.so
7f4f97baa000-7f4f97da9000 ---p 00a7d000 00:17 346847                     /usr/lib/x86_64-linux-gnu/dri/swrast_dri.so
7f4f97da9000-7f4f97dfe000 r--p 00a7c000 00:17 346847                     /usr/lib/x86_64-linux-gnu/dri/swrast_dri.so
7f4f97dfe000-7f4f97e07000 rw-p 00ad1000 00:17 346847                     /usr/lib/x86_64-linux-gnu/dri/swrast_dri.so
7f4f97e07000-7f4f98000000 rw-p 00000000 00:00 0 
7f4f98000000-7f4f988a7000 rw-p 00000000 00:00 0 
7f4f988a7000-7f4f9c000000 ---p 00000000 00:00 0 
7f4f9c000000-7f4f9c021000 rw-p 00000000 00:00 0 
7f4f9c021000-7f4fa0000000 ---p 00000000 00:00 0 
7f4fa0000000-7f4fa1ba0000 rw-p 00000000 00:00 0 
7f4fa1ba0000-7f4fa4000000 ---p 00000000 00:00 0 
7f4fa4000000-7f4fa4021000 rw-p 00000000 00:00 0 
7f4fa4021000-7f4fa8000000 ---p 00000000 00:00 0 
7f4fa8000000-7f4fa8021000 rw-p 00000000 00:00 0 
7f4fa8021000-7f4fac000000 ---p 00000000 00:00 0 
7f4fac000000-7f4fac021000 rw-p 00000000 00:00 0 
7f4fac021000-7f4fb0000000 ---p 00000000 00:00 0 
7f4fb0000000-7f4fb0021000 rw-p 00000000 00:00 0 
7f4fb0021000-7f4fb4000000 ---p 00000000 00:00 0 
7f4fb4000000-7f4fb4021000 rw-p 00000000 00:00 0 
7f4fb4021000-7f4fb8000000 ---p 00000000 00:00 0 
7f4fb8000000-7f4fb8021000 rw-p 00000000 00:00 0 
7f4fb8021000-7f4fbc000000 ---p 00000000 00:00 0 
7f4fbc000000-7f4fbc006000 r--p 00000000 00:17 345307                     /usr/share/locale-langpack/ja/LC_MESSAGES/gdk-pixbuf.mo
7f4fbc006000-7f4fbc009000 r--s 00000000 00:17 250903                     /var/cache/fontconfig/f24b2111ab8703b4e963115a8cf14259-le64.cache-7
7f4fbc009000-7f4fbc00e000 r--s 00000000 00:17 133171                     /var/cache/fontconfig/2300eef321c393bfd76478a5c0e95b23-le64.cache-7
7f4fbc00e000-7f4fbc00f000 r--s 00000000 00:17 133164                     /var/cache/fontconfig/0d8c3b2ac0904cb8a57a757ad11a4a08-le64.cache-7
7f4fbc00f000-7f4fbc024000 r--s 00000000 00:17 133161                     /var/cache/fontconfig/04aabc0a78ac019cf9454389977116d2-le64.cache-7
7f4fbc024000-7f4fbc025000 r--s 00000000 00:17 133168                     /var/cache/fontconfig/1ac9eb803944fde146138c791f5cc56a-le64.cache-7
7f4fbc025000-7f4fbc026000 r--s 00000000 00:17 133219                     /var/cache/fontconfig/dc05db6664285cc2f12bf69c139ae4c3-le64.cache-7
7f4fbc026000-7f4fbc028000 r--s 00000000 00:17 133165                     /var/cache/fontconfig/14a5e22175779b556eaa434240950366-le64.cache-7
7f4fbc028000-7f4fbc029000 r--s 00000000 00:17 133192                     /var/cache/fontconfig/660208299946a285a940457d1287da33-le64.cache-7
7f4fbc029000-7f4fbc02b000 r--s 00000000 00:17 133183                     /var/cache/fontconfig/4f3e3037c9980c83b53a9351efadef62-le64.cache-7
7f4fbc02b000-7f4fbc02d000 r--s 00000000 00:17 133197                     /var/cache/fontconfig/767a8244fc0220cfb567a839d0392e0b-le64.cache-7
7f4fbc02d000-7f4fbc02e000 r--s 00000000 00:17 482290                     /var/cache/fontconfig/4794a0821666d79190d59a36cb4f44b5-le64.cache-7
7f4fbc02e000-7f4fbc030000 r--s 00000000 00:17 133162                     /var/cache/fontconfig/0bd3dc0958fa2205aaaa8ebb13e2872b-le64.cache-7
7f4fbc030000-7f4fbc035000 r--s 00000000 00:17 133220                     /var/cache/fontconfig/def309198bfa603429122923fa2bb2d4-le64.cache-7
7f4fbc035000-7f4fbc036000 r--s 00000000 00:17 133208                     /var/cache/fontconfig/b872e6e592da6075ffa4ab0a1fcc0c75-le64.cache-7
7f4fbc036000-7f4fbc037000 r--s 00000000 00:17 133225                     /var/cache/fontconfig/f6d4eedfaab2589bde49f7a3ff831d22-le64.cache-7
7f4fbc037000-7f4fbc038000 r--s 00000000 00:17 133190                     /var/cache/fontconfig/589f83ef4c36d296ce6e1c846f468f08-le64.cache-7
7f4fbc038000-7f4fbc039000 r--s 00000000 00:17 133210                     /var/cache/fontconfig/bab58bb527bb656aaa9f116d68a48d89-le64.cache-7
7f4fbc039000-7f4fbc03a000 r--s 00000000 00:17 133169                     /var/cache/fontconfig/2171a34dccabdb6bcbbc728186263178-le64.cache-7
7f4fbc03a000-7f4fbc03b000 r--s 00000000 00:17 133211                     /var/cache/fontconfig/c5c45a61289222e0d30b1a26ef4effbe-le64.cache-7
7f4fbc03b000-7f4fbc03c000 r--s 00000000 00:17 133206                     /var/cache/fontconfig/aec30016f93e1b46d1a973dce0d74068-le64.cache-7
7f4fbc03c000-7f4fbc03d000 r--s 00000000 00:17 133176                     /var/cache/fontconfig/3f589640d34b7dc9042c8d453f7c8b9c-le64.cache-7
7f4fbc03d000-7f4fbc03e000 r--s 00000000 00:17 133166                     /var/cache/fontconfig/16c2fda60d1b4b719f4b3d06fd951d25-le64.cache-7
7f4fbc03e000-7f4fbc03f000 r--s 00000000 00:17 133205                     /var/cache/fontconfig/a48eab177a16e4f3713381162db2f3e9-le64.cache-7
7f4fbc03f000-7f4fbc040000 r--s 00000000 00:17 133186                     /var/cache/fontconfig/564b2e68ac9bc4e36a6f7f6d6125ec1c-le64.cache-7
7f4fbc040000-7f4fbc045000 r--s 00000000 00:17 482288                     /var/cache/fontconfig/9d2451b1fd30e5bffe8383fd27c35478-le64.cache-7
7f4fbc045000-7f4fbc04b000 r--s 00000000 00:17 482286                     /var/cache/fontconfig/3047814df9a2f067bd2d96a2b9c36e5a-le64.cache-7
7f4fbc04b000-7f4fbc04c000 r--s 00000000 00:17 133187                     /var/cache/fontconfig/56cf4f4769d0f4abc89a4895d7bd3ae1-le64.cache-7
7f4fbc04c000-7f4fbc04d000 r--s 00000000 00:17 133209                     /var/cache/fontconfig/b9d506c9ac06c20b433354fa67a72993-le64.cache-7
7f4fbc04d000-7f4fbc053000 r--s 00000000 00:17 133207                     /var/cache/fontconfig/b47c4e1ecd0709278f4910c18777a504-le64.cache-7
7f4fbc053000-7f4fbc066000 r--s 00000000 00:17 133216                     /var/cache/fontconfig/d52a8644073d54c13679302ca1180695-le64.cache-7
7f4fbc066000-7f4fbc067000 r--s 00000000 00:17 133174                     /var/cache/fontconfig/370e5b74bf5dafc30834de68e24a87a4-le64.cache-7
7f4fbc067000-7f4fbc068000 r--s 00000000 00:17 406747                     /var/cache/fontconfig/6b2c5944714ca7831b25bed9e85cb5c8-le64.cache-7
7f4fbc068000-7f4fbc069000 r--s 00000000 00:17 133215                     /var/cache/fontconfig/d5178ab6d91b49bf20a416737dcea9e8-le64.cache-7
7f4fbc069000-7f4fbc06a000 r--s 00000000 00:17 406745                     /var/cache/fontconfig/551ecf3b0e8b0bca0f25c0944f561853-le64.cache-7
7f4fbc06a000-7f4fbc06d000 r--s 00000000 00:17 406743                     /var/cache/fontconfig/f259c2cffa685e28062317905db73c4a-le64.cache-7
7f4fbc06d000-7f4fbc070000 r--s 00000000 00:17 406739                     /var/cache/fontconfig/674d1711f2d1d2a09646eb0bdcadee49-le64.cache-7
7f4fbc070000-7f4fbc07c000 r--s 00000000 00:17 239568                     /var/cache/fontconfig/d589a48862398ed80a3d6066f4f56f4c-le64.cache-7
7f4fbc07c000-7f4fbc09b000 r--s 00000000 00:17 133202                     /var/cache/fontconfig/9b89f8e3dae116d678bbf48e5f21f69b-le64.cache-7
7f4fbc09b000-7f4fbc09e000 ---p 00000000 00:00 0 
7f4fbc09e000-7f4fbc19c000 rw-p 00000000 00:00 0 
7f4fbc19c000-7f4fbc1c9000 r--p 00000000 00:17 345345                     /usr/share/locale-langpack/ja/LC_MESSAGES/gtk20-properties.mo
7f4fbc1c9000-7f4fbc1d9000 r--p 00000000 00:17 345346                     /usr/share/locale-langpack/ja/LC_MESSAGES/gtk20.mo
7f4fbc1d9000-7f4fbc1fd000 r--p 00000000 00:17 345544                     /usr/share/locale-langpack/ja/LC_MESSAGES/libc.mo
7f4fbc1fd000-7f4fbc204000 r-xp 00000000 00:17 27867                      /usr/lib/x86_64-linux-gnu/libdrm_nouveau.so.2.0.0
7f4fbc204000-7f4fbc403000 ---p 00007000 00:17 27867                      /usr/lib/x86_64-linux-gnu/libdrm_nouveau.so.2.0.0
7f4fbc403000-7f4fbc404000 r--p 00006000 00:17 27867                      /usr/lib/x86_64-linux-gnu/libdrm_nouveau.so.2.0.0
7f4fbc404000-7f4fbc405000 rw-p 00007000 00:17 27867                      /usr/lib/x86_64-linux-gnu/libdrm_nouveau.so.2.0.0
7f4fbc405000-7f4fbc413000 r-xp 00000000 00:17 28559                      /usr/lib/x86_64-linux-gnu/libsensors.so.4.4.0
7f4fbc413000-7f4fbc612000 ---p 0000e000 00:17 28559                      /usr/lib/x86_64-linux-gnu/libsensors.so.4.4.0
7f4fbc612000-7f4fbc613000 r--p 0000d000 00:17 28559                      /usr/lib/x86_64-linux-gnu/libsensors.so.4.4.0
7f4fbc613000-7f4fbc614000 rw-p 0000e000 00:17 28559                      /usr/lib/x86_64-linux-gnu/libsensors.so.4.4.0
7f4fbc614000-7f4fbc624000 r-xp 00000000 00:17 27861                      /usr/lib/x86_64-linux-gnu/libdrm.so.2.4.0
7f4fbc624000-7f4fbc823000 ---p 00010000 00:17 27861                      /usr/lib/x86_64-linux-gnu/libdrm.so.2.4.0
7f4fbc823000-7f4fbc824000 r--p 0000f000 00:17 27861                      /usr/lib/x86_64-linux-gnu/libdrm.so.2.4.0
7f4fbc824000-7f4fbc825000 rw-p 00010000 00:17 27861                      /usr/lib/x86_64-linux-gnu/libdrm.so.2.4.0
7f4fbc825000-7f4fbc82a000 r-xp 00000000 00:17 27638                      /usr/lib/x86_64-linux-gnu/libXxf86vm.so.1.0.0
7f4fbc82a000-7f4fbca29000 ---p 00005000 00:17 27638                      /usr/lib/x86_64-linux-gnu/libXxf86vm.so.1.0.0
7f4fbca29000-7f4fbca2a000 r--p 00004000 00:17 27638                      /usr/lib/x86_64-linux-gnu/libXxf86vm.so.1.0.0
7f4fbca2a000-7f4fbca2b000 rw-p 00005000 00:17 27638                      /usr/lib/x86_64-linux-gnu/libXxf86vm.so.1.0.0
7f4fbca2b000-7f4fbca2f000 r-xp 00000000 00:17 28761                      /usr/lib/x86_64-linux-gnu/libxcb-dri2.so.0.0.0
7f4fbca2f000-7f4fbcc2e000 ---p 00004000 00:17 28761                      /usr/lib/x86_64-linux-gnu/libxcb-dri2.so.0.0.0
7f4fbcc2e000-7f4fbcc2f000 r--p 00003000 00:17 28761                      /usr/lib/x86_64-linux-gnu/libxcb-dri2.so.0.0.0
7f4fbcc2f000-7f4fbcc30000 rw-p 00004000 00:17 28761                      /usr/lib/x86_64-linux-gnu/libxcb-dri2.so.0.0.0
7f4fbcc30000-7f4fbcc48000 r-xp 00000000 00:17 28765                      /usr/lib/x86_64-linux-gnu/libxcb-glx.so.0.0.0
7f4fbcc48000-7f4fbce48000 ---p 00018000 00:17 28765                      /usr/lib/x86_64-linux-gnu/libxcb-glx.so.0.0.0
7f4fbce48000-7f4fbce4a000 r--p 00018000 00:17 28765                      /usr/lib/x86_64-linux-gnu/libxcb-glx.so.0.0.0
7f4fbce4a000-7f4fbce4b000 rw-p 0001a000 00:17 28765                      /usr/lib/x86_64-linux-gnu/libxcb-glx.so.0.0.0
7f4fbce4b000-7f4fbce4c000 r-xp 00000000 00:17 435666                     /usr/lib/x86_64-linux-gnu/libX11-xcb.so.1.0.0
7f4fbce4c000-7f4fbd04b000 ---p 00001000 00:17 435666                     /usr/lib/x86_64-linux-gnu/libX11-xcb.so.1.0.0
7f4fbd04b000-7f4fbd04c000 r--p 00000000 00:17 435666                     /usr/lib/x86_64-linux-gnu/libX11-xcb.so.1.0.0
7f4fbd04c000-7f4fbd04d000 rw-p 00001000 00:17 435666                     /usr/lib/x86_64-linux-gnu/libX11-xcb.so.1.0.0
7f4fbd04d000-7f4fbd052000 r-xp 00000000 00:17 27604                      /usr/lib/x86_64-linux-gnu/libXfixes.so.3.1.0
7f4fbd052000-7f4fbd251000 ---p 00005000 00:17 27604                      /usr/lib/x86_64-linux-gnu/libXfixes.so.3.1.0
7f4fbd251000-7f4fbd252000 r--p 00004000 00:17 27604                      /usr/lib/x86_64-linux-gnu/libXfixes.so.3.1.0
7f4fbd252000-7f4fbd253000 rw-p 00005000 00:17 27604                      /usr/lib/x86_64-linux-gnu/libXfixes.so.3.1.0
7f4fbd253000-7f4fbd255000 r-xp 00000000 00:17 27598                      /usr/lib/x86_64-linux-gnu/libXdamage.so.1.1.0
7f4fbd255000-7f4fbd454000 ---p 00002000 00:17 27598                      /usr/lib/x86_64-linux-gnu/libXdamage.so.1.1.0
7f4fbd454000-7f4fbd455000 r--p 00001000 00:17 27598                      /usr/lib/x86_64-linux-gnu/libXdamage.so.1.1.0
7f4fbd455000-7f4fbd456000 rw-p 00002000 00:17 27598                      /usr/lib/x86_64-linux-gnu/libXdamage.so.1.1.0
7f4fbd456000-7f4fbd467000 r-xp 00000000 00:17 27602                      /usr/lib/x86_64-linux-gnu/libXext.so.6.4.0
7f4fbd467000-7f4fbd666000 ---p 00011000 00:17 27602                      /usr/lib/x86_64-linux-gnu/libXext.so.6.4.0
7f4fbd666000-7f4fbd667000 r--p 00010000 00:17 27602                      /usr/lib/x86_64-linux-gnu/libXext.so.6.4.0
7f4fbd667000-7f4fbd668000 rw-p 00011000 00:17 27602                      /usr/lib/x86_64-linux-gnu/libXext.so.6.4.0
7f4fbd668000-7f4fbd694000 r-xp 00000000 00:17 346826                     /usr/lib/x86_64-linux-gnu/libglapi.so.0.0.0
7f4fbd694000-7f4fbd893000 ---p 0002c000 00:17 346826                     /usr/lib/x86_64-linux-gnu/libglapi.so.0.0.0
7f4fbd893000-7f4fbd897000 r--p 0002b000 00:17 346826                     /usr/lib/x86_64-linux-gnu/libglapi.so.0.0.0
7f4fbd897000-7f4fbd898000 rw-p 0002f000 00:17 346826                     /usr/lib/x86_64-linux-gnu/libglapi.so.0.0.0
7f4fbd898000-7f4fbd899000 rw-p 00000000 00:00 0 
7f4fbd899000-7f4fbd89a000 r-xp 00000000 00:17 28815                      /usr/lib/x86_64-linux-gnu/libxshmfence.so.1.0.0
7f4fbd89a000-7f4fbda99000 ---p 00001000 00:17 28815                      /usr/lib/x86_64-linux-gnu/libxshmfence.so.1.0.0
7f4fbda99000-7f4fbda9a000 r--p 00000000 00:17 28815                      /usr/lib/x86_64-linux-gnu/libxshmfence.so.1.0.0
7f4fbda9a000-7f4fbda9b000 rw-p 00001000 00:17 28815                      /usr/lib/x86_64-linux-gnu/libxshmfence.so.1.0.0
7f4fbda9b000-7f4fbdaa0000 r-xp 00000000 00:17 28787                      /usr/lib/x86_64-linux-gnu/libxcb-sync.so.1.0.0
7f4fbdaa0000-7f4fbdca0000 ---p 00005000 00:17 28787                      /usr/lib/x86_64-linux-gnu/libxcb-sync.so.1.0.0
7f4fbdca0000-7f4fbdca1000 r--p 00005000 00:17 28787                      /usr/lib/x86_64-linux-gnu/libxcb-sync.so.1.0.0
7f4fbdca1000-7f4fbdca2000 rw-p 00006000 00:17 28787                      /usr/lib/x86_64-linux-gnu/libxcb-sync.so.1.0.0
7f4fbdca2000-7f4fbdca4000 r-xp 00000000 00:17 28773                      /usr/lib/x86_64-linux-gnu/libxcb-present.so.0.0.0
7f4fbdca4000-7f4fbdea3000 ---p 00002000 00:17 28773                      /usr/lib/x86_64-linux-gnu/libxcb-present.so.0.0.0
7f4fbdea3000-7f4fbdea4000 r--p 00001000 00:17 28773                      /usr/lib/x86_64-linux-gnu/libxcb-present.so.0.0.0
7f4fbdea4000-7f4fbdea5000 rw-p 00002000 00:17 28773                      /usr/lib/x86_64-linux-gnu/libxcb-present.so.0.0.0
7f4fbdea5000-7f4fbdea8000 r-xp 00000000 00:17 28763                      /usr/lib/x86_64-linux-gnu/libxcb-dri3.so.0.0.0
7f4fbdea8000-7f4fbe0a7000 ---p 00003000 00:17 28763                      /usr/lib/x86_64-linux-gnu/libxcb-dri3.so.0.0.0
7f4fbe0a7000-7f4fbe0a8000 r--p 00002000 00:17 28763                      /usr/lib/x86_64-linux-gnu/libxcb-dri3.so.0.0.0
7f4fbe0a8000-7f4fbe0a9000 rw-p 00003000 00:17 28763                      /usr/lib/x86_64-linux-gnu/libxcb-dri3.so.0.0.0
7f4fbe0a9000-7f4fbe0d8000 r-xp 00000000 00:17 12304                      /lib/x86_64-linux-gnu/libexpat.so.1.6.7
7f4fbe0d8000-7f4fbe2d8000 ---p 0002f000 00:17 12304                      /lib/x86_64-linux-gnu/libexpat.so.1.6.7
7f4fbe2d8000-7f4fbe2da000 r--p 0002f000 00:17 12304                      /lib/x86_64-linux-gnu/libexpat.so.1.6.7
7f4fbe2da000-7f4fbe2db000 rw-p 00031000 00:17 12304                      /lib/x86_64-linux-gnu/libexpat.so.1.6.7
7f4fbe2db000-7f4fbe34b000 r-xp 00000000 00:17 346804                     /usr/lib/x86_64-linux-gnu/libGLX_mesa.so.0.0.0
7f4fbe34b000-7f4fbe54a000 ---p 00070000 00:17 346804                     /usr/lib/x86_64-linux-gnu/libGLX_mesa.so.0.0.0
7f4fbe54a000-7f4fbe54d000 r--p 0006f000 00:17 346804                     /usr/lib/x86_64-linux-gnu/libGLX_mesa.so.0.0.0
7f4fbe54d000-7f4fbe54e000 rw-p 00072000 00:17 346804                     /usr/lib/x86_64-linux-gnu/libGLX_mesa.so.0.0.0
7f4fbe54e000-7f4fbe54f000 rw-p 00000000 00:00 0 
7f4fbe54f000-7f4fbe562000 r-xp 00000000 00:17 12270                      /lib/x86_64-linux-gnu/libbsd.so.0.8.7
7f4fbe562000-7f4fbe761000 ---p 00013000 00:17 12270                      /lib/x86_64-linux-gnu/libbsd.so.0.8.7
7f4fbe761000-7f4fbe762000 r--p 00012000 00:17 12270                      /lib/x86_64-linux-gnu/libbsd.so.0.8.7
7f4fbe762000-7f4fbe763000 rw-p 00013000 00:17 12270                      /lib/x86_64-linux-gnu/libbsd.so.0.8.7
7f4fbe763000-7f4fbe764000 rw-p 00000000 00:00 0 
7f4fbe764000-7f4fbe769000 r-xp 00000000 00:17 27600                      /usr/lib/x86_64-linux-gnu/libXdmcp.so.6.0.0
7f4fbe769000-7f4fbe968000 ---p 00005000 00:17 27600                      /usr/lib/x86_64-linux-gnu/libXdmcp.so.6.0.0
7f4fbe968000-7f4fbe969000 r--p 00004000 00:17 27600                      /usr/lib/x86_64-linux-gnu/libXdmcp.so.6.0.0
7f4fbe969000-7f4fbe96a000 rw-p 00005000 00:17 27600                      /usr/lib/x86_64-linux-gnu/libXdmcp.so.6.0.0
7f4fbe96a000-7f4fbe96c000 r-xp 00000000 00:17 27589                      /usr/lib/x86_64-linux-gnu/libXau.so.6.0.0
7f4fbe96c000-7f4fbeb6c000 ---p 00002000 00:17 27589                      /usr/lib/x86_64-linux-gnu/libXau.so.6.0.0
7f4fbeb6c000-7f4fbeb6d000 r--p 00002000 00:17 27589                      /usr/lib/x86_64-linux-gnu/libXau.so.6.0.0
7f4fbeb6d000-7f4fbeb6e000 rw-p 00003000 00:17 27589                      /usr/lib/x86_64-linux-gnu/libXau.so.6.0.0
7f4fbeb6e000-7f4fbebdc000 r-xp 00000000 00:17 436482                     /usr/lib/x86_64-linux-gnu/libGLdispatch.so.0.0.0
7f4fbebdc000-7f4fbeddb000 ---p 0006e000 00:17 436482                     /usr/lib/x86_64-linux-gnu/libGLdispatch.so.0.0.0
7f4fbeddb000-7f4fbee03000 r--p 0006d000 00:17 436482                     /usr/lib/x86_64-linux-gnu/libGLdispatch.so.0.0.0
7f4fbee03000-7f4fbee04000 rw-p 00095000 00:17 436482                     /usr/lib/x86_64-linux-gnu/libGLdispatch.so.0.0.0
7f4fbee04000-7f4fbee24000 rw-p 00000000 00:00 0 
7f4fbee24000-7f4fbee34000 r-xp 00000000 00:17 436421                     /usr/lib/x86_64-linux-gnu/libGLX.so.0.0.0
7f4fbee34000-7f4fbf033000 ---p 00010000 00:17 436421                     /usr/lib/x86_64-linux-gnu/libGLX.so.0.0.0
7f4fbf033000-7f4fbf034000 r--p 0000f000 00:17 436421                     /usr/lib/x86_64-linux-gnu/libGLX.so.0.0.0
7f4fbf034000-7f4fbf035000 rw-p 00010000 00:17 436421                     /usr/lib/x86_64-linux-gnu/libGLX.so.0.0.0
7f4fbf035000-7f4fbf055000 rw-p 00000000 00:00 0 
7f4fbf055000-7f4fbf07b000 r-xp 00000000 00:17 28799                      /usr/lib/x86_64-linux-gnu/libxcb.so.1.1.0
7f4fbf07b000-7f4fbf27b000 ---p 00026000 00:17 28799                      /usr/lib/x86_64-linux-gnu/libxcb.so.1.1.0
7f4fbf27b000-7f4fbf27c000 r--p 00026000 00:17 28799                      /usr/lib/x86_64-linux-gnu/libxcb.so.1.1.0
7f4fbf27c000-7f4fbf27d000 rw-p 00027000 00:17 28799                      /usr/lib/x86_64-linux-gnu/libxcb.so.1.1.0
7f4fbf27d000-7f4fbf2ee000 r-xp 00000000 00:17 436401                     /usr/lib/x86_64-linux-gnu/libGL.so.1.0.0
7f4fbf2ee000-7f4fbf4ed000 ---p 00071000 00:17 436401                     /usr/lib/x86_64-linux-gnu/libGL.so.1.0.0
7f4fbf4ed000-7f4fbf507000 r--p 00070000 00:17 436401                     /usr/lib/x86_64-linux-gnu/libGL.so.1.0.0
7f4fbf507000-7f4fbf508000 rw-p 0008a000 00:17 436401                     /usr/lib/x86_64-linux-gnu/libGL.so.1.0.0
7f4fbf508000-7f4fbf509000 rw-p 00000000 00:00 0 
7f4fbf509000-7f4fbf63c000 r-xp 00000000 00:17 435050                     /usr/lib/x86_64-linux-gnu/libX11.so.6.3.0
7f4fbf63c000-7f4fbf83c000 ---p 00133000 00:17 435050                     /usr/lib/x86_64-linux-gnu/libX11.so.6.3.0
7f4fbf83c000-7f4fbf83d000 r--p 00133000 00:17 435050                     /usr/lib/x86_64-linux-gnu/libX11.so.6.3.0
7f4fbf83d000-7f4fbf841000 rw-p 00134000 00:17 435050                     /usr/lib/x86_64-linux-gnu/libX11.so.6.3.0
7f4fbf841000-7f4fbf843000 r--s 00000000 00:17 406741                     /var/cache/fontconfig/550f3886151c940c12a5ed35f6a00586-le64.cache-7
7f4fbf843000-7f4fbf844000 r--s 00000000 00:17 133177                     /var/cache/fontconfig/3f7329c5293ffd510edef78f73874cfd-le64.cache-7
7f4fbf844000-7f4fbf845000 r--s 00000000 00:17 133163                     /var/cache/fontconfig/0c9eb80ebd1c36541ebe2852d3bb0c49-le64.cache-7
7f4fbf845000-7f4fbf846000 r--s 00000000 00:17 133170                     /var/cache/fontconfig/22368d551a680bfe5a62c02760edf4ea-le64.cache-7
7f4fbf846000-7f4fbf847000 r--s 00000000 00:17 133182                     /var/cache/fontconfig/4d9c95eba1cb85bbcf2878543262124a-le64.cache-7
7f4fbf847000-7f4fbf848000 r--s 00000000 00:17 133199                     /var/cache/fontconfig/85e0a52ce643a7ba2ae53e5d6949cead-le64.cache-7
7f4fbf848000-7f4fbf849000 r--s 00000000 00:17 133179                     /var/cache/fontconfig/49f0de54bdd920fe4f0dfd4cbac43e6b-le64.cache-7
7f4fbf849000-7f4fbf84a000 r--s 00000000 00:17 133226                     /var/cache/fontconfig/f6e6e0a5c3d2f6ae0c0c2e0ecd42a997-le64.cache-7
7f4fbf84a000-7f4fbf84d000 r--s 00000000 00:17 133221                     /var/cache/fontconfig/e13b20fdb08344e0e664864cc2ede53d-le64.cache-7
7f4fbf84d000-7f4fbf850000 r--s 00000000 00:17 250901                     /var/cache/fontconfig/7ef2298fde41cc6eeb7af42e48b7d293-le64.cache-7
7f4fbf850000-7f4fbf857000 r--s 00000000 00:17 30001                      /usr/lib/x86_64-linux-gnu/gconv/gconv-modules.cache
7f4fbf857000-7f4fbf863000 r-xp 00000000 00:17 633382                     /usr/lib/jvm/java-8-openjdk-amd64/jre/lib/amd64/libprism_es2.so
7f4fbf863000-7f4fbfa62000 ---p 0000c000 00:17 633382                     /usr/lib/jvm/java-8-openjdk-amd64/jre/lib/amd64/libprism_es2.so
7f4fbfa62000-7f4fbfa63000 r--p 0000b000 00:17 633382                     /usr/lib/jvm/java-8-openjdk-amd64/jre/lib/amd64/libprism_es2.so
7f4fbfa63000-7f4fbfa64000 rw-p 0000c000 00:17 633382                     /usr/lib/jvm/java-8-openjdk-amd64/jre/lib/amd64/libprism_es2.so
7f4fbfa64000-7f4fbfa67000 ---p 00000000 00:00 0 
7f4fbfa67000-7f4fbfb65000 rw-p 00000000 00:00 0 
7f4fbfb65000-7f4fbfbfc000 r--s 007cb000 00:17 633400                     /usr/share/java/openjfx/jre/lib/ext/jfxrt.jar
7f4fbfbfc000-7f4fbfbfd000 ---p 00000000 00:00 0 
7f4fbfbfd000-7f4fbfcfd000 rw-p 00000000 00:00 0 
7f4fbfcfd000-7f4fbfd00000 ---p 00000000 00:00 0 
7f4fbfd00000-7f4fbfdfe000 rw-p 00000000 00:00 0 
7f4fbfdfe000-7f4fbfdff000 ---p 00000000 00:00 0 
7f4fbfdff000-7f4fbfe02000 ---p 00000000 00:00 0 
7f4fbfe02000-7f4fbfeff000 rw-p 00000000 00:00 0 
7f4fbfeff000-7f4fbff00000 ---p 00000000 00:00 0 
7f4fbff00000-7f4fbff03000 ---p 00000000 00:00 0 
7f4fbff03000-7f4fc0000000 rw-p 00000000 00:00 0 
7f4fc0000000-7f4fc0021000 rw-p 00000000 00:00 0 
7f4fc0021000-7f4fc4000000 ---p 00000000 00:00 0 
7f4fc4000000-7f4fc4001000 r--s 00000000 00:17 133180                     /var/cache/fontconfig/4b2eda6bb976bda485cb2176619421d5-le64.cache-7
7f4fc4001000-7f4fc4004000 r--p 00000000 00:17 345288                     /usr/share/locale-langpack/ja/LC_MESSAGES/atk10.mo
7f4fc4004000-7f4fc400a000 r--s 0003b000 00:17 351386                     /usr/lib/jvm/java-8-openjdk-amd64/jre/lib/ext/sunjce_provider.jar
7f4fc400a000-7f4fc4025000 r--s 001d6000 00:17 351384                     /usr/lib/jvm/java-8-openjdk-amd64/jre/lib/ext/nashorn.jar
7f4fc4025000-7f4fc402f000 r--s 00116000 00:17 351383                     /usr/lib/jvm/java-8-openjdk-amd64/jre/lib/ext/localedata.jar
7f4fc402f000-7f4fc4032000 ---p 00000000 00:00 0 
7f4fc4032000-7f4fc4130000 rw-p 00000000 00:00 0 
7f4fc4130000-7f4fc4bff000 r--p 00000000 00:17 19606                      /usr/lib/locale/locale-archive
7f4fc4bff000-7f4fc4c02000 ---p 00000000 00:00 0 
7f4fc4c02000-7f4fc4d00000 rw-p 00000000 00:00 0 
7f4fc4d00000-7f4fc4d03000 ---p 00000000 00:00 0 
7f4fc4d03000-7f4fc4e01000 rw-p 00000000 00:00 0 
7f4fc4e01000-7f4fc4e02000 ---p 00000000 00:00 0 
7f4fc4e02000-7f4fc584d000 rw-p 00000000 00:00 0 
7f4fc584d000-7f4fc5a1c000 r--s 03c32000 00:17 351405                     /usr/lib/jvm/java-8-openjdk-amd64/jre/lib/rt.jar
7f4fc5a1c000-7f4fc82ea000 rw-p 00000000 00:00 0 
7f4fc82ea000-7f4fc82eb000 ---p 00000000 00:00 0 
7f4fc82eb000-7f4fc83eb000 rw-p 00000000 00:00 0 
7f4fc83eb000-7f4fc83ec000 ---p 00000000 00:00 0 
7f4fc83ec000-7f4fc8501000 rw-p 00000000 00:00 0 
7f4fc8501000-7f4fc8636000 ---p 00000000 00:00 0 
7f4fc8636000-7f4fc864b000 rw-p 00000000 00:00 0 
7f4fc864b000-7f4fc877f000 ---p 00000000 00:00 0 
7f4fc877f000-7f4fc87b0000 rw-p 00000000 00:00 0 
7f4fc87b0000-7f4fc8824000 ---p 00000000 00:00 0 
7f4fc8824000-7f4fc8855000 rw-p 00000000 00:00 0 
7f4fc8855000-7f4fc8be5000 ---p 00000000 00:00 0 
7f4fc8be5000-7f4fc97b5000 rwxp 00000000 00:00 0 
7f4fc97b5000-7f4fd7be5000 ---p 00000000 00:00 0 
7f4fd7be5000-7f4fd7bed000 r-xp 00000000 00:17 351368                     /usr/lib/jvm/java-8-openjdk-amd64/jre/lib/amd64/libzip.so
7f4fd7bed000-7f4fd7dec000 ---p 00008000 00:17 351368                     /usr/lib/jvm/java-8-openjdk-amd64/jre/lib/amd64/libzip.so
7f4fd7dec000-7f4fd7ded000 r--p 00007000 00:17 351368                     /usr/lib/jvm/java-8-openjdk-amd64/jre/lib/amd64/libzip.so
7f4fd7ded000-7f4fd7dee000 rw-p 00008000 00:17 351368                     /usr/lib/jvm/java-8-openjdk-amd64/jre/lib/amd64/libzip.so
7f4fd7dee000-7f4fd7df9000 r-xp 00000000 00:17 12364                      /lib/x86_64-linux-gnu/libnss_files-2.27.so
7f4fd7df9000-7f4fd7ff8000 ---p 0000b000 00:17 12364                      /lib/x86_64-linux-gnu/libnss_files-2.27.so
7f4fd7ff8000-7f4fd7ff9000 r--p 0000a000 00:17 12364                      /lib/x86_64-linux-gnu/libnss_files-2.27.so
7f4fd7ff9000-7f4fd7ffa000 rw-p 0000b000 00:17 12364                      /lib/x86_64-linux-gnu/libnss_files-2.27.so
7f4fd7ffa000-7f4fd8000000 rw-p 00000000 00:00 0 
7f4fd8000000-7f4fd8353000 rw-p 00000000 00:00 0 
7f4fd8353000-7f4fdc000000 ---p 00000000 00:00 0 
7f4fdc000000-7f4fdc002000 r--s 00000000 00:17 133194                     /var/cache/fontconfig/6afa1bb216ce958c1589e297e8008489-le64.cache-7
7f4fdc002000-7f4fdc005000 r--s 00038000 00:17 351387                     /usr/lib/jvm/java-8-openjdk-amd64/jre/lib/ext/sunpkcs11.jar
7f4fdc005000-7f4fdc020000 r--s 00394000 00:17 351379                     /usr/lib/jvm/java-8-openjdk-amd64/jre/lib/ext/cldrdata.jar
7f4fdc020000-7f4fdc0b7000 rw-p 00000000 00:00 0 
7f4fdc0b7000-7f4fdc0ce000 r-xp 00000000 00:17 12358                      /lib/x86_64-linux-gnu/libnsl-2.27.so
7f4fdc0ce000-7f4fdc2cd000 ---p 00017000 00:17 12358                      /lib/x86_64-linux-gnu/libnsl-2.27.so
7f4fdc2cd000-7f4fdc2ce000 r--p 00016000 00:17 12358                      /lib/x86_64-linux-gnu/libnsl-2.27.so
7f4fdc2ce000-7f4fdc2cf000 rw-p 00017000 00:17 12358                      /lib/x86_64-linux-gnu/libnsl-2.27.so
7f4fdc2cf000-7f4fdc2d1000 rw-p 00000000 00:00 0 
7f4fdc2d1000-7f4fdc2dc000 r-xp 00000000 00:17 12375                      /lib/x86_64-linux-gnu/libnss_nis-2.27.so
7f4fdc2dc000-7f4fdc4db000 ---p 0000b000 00:17 12375                      /lib/x86_64-linux-gnu/libnss_nis-2.27.so
7f4fdc4db000-7f4fdc4dc000 r--p 0000a000 00:17 12375                      /lib/x86_64-linux-gnu/libnss_nis-2.27.so
7f4fdc4dc000-7f4fdc4dd000 rw-p 0000b000 00:17 12375                      /lib/x86_64-linux-gnu/libnss_nis-2.27.so
7f4fdc4dd000-7f4fdc4e5000 r-xp 00000000 00:17 12360                      /lib/x86_64-linux-gnu/libnss_compat-2.27.so
7f4fdc4e5000-7f4fdc6e5000 ---p 00008000 00:17 12360                      /lib/x86_64-linux-gnu/libnss_compat-2.27.so
7f4fdc6e5000-7f4fdc6e6000 r--p 00008000 00:17 12360                      /lib/x86_64-linux-gnu/libnss_compat-2.27.so
7f4fdc6e6000-7f4fdc6e7000 rw-p 00009000 00:17 12360                      /lib/x86_64-linux-gnu/libnss_compat-2.27.so
7f4fdc6e7000-7f4fdc715000 r-xp 00000000 00:17 351349                     /usr/lib/jvm/java-8-openjdk-amd64/jre/lib/amd64/libjava.so
7f4fdc715000-7f4fdc914000 ---p 0002e000 00:17 351349                     /usr/lib/jvm/java-8-openjdk-amd64/jre/lib/amd64/libjava.so
7f4fdc914000-7f4fdc915000 r--p 0002d000 00:17 351349                     /usr/lib/jvm/java-8-openjdk-amd64/jre/lib/amd64/libjava.so
7f4fdc915000-7f4fdc917000 rw-p 0002e000 00:17 351349                     /usr/lib/jvm/java-8-openjdk-amd64/jre/lib/amd64/libjava.so
7f4fdc917000-7f4fdc927000 r-xp 00000000 00:17 351367                     /usr/lib/jvm/java-8-openjdk-amd64/jre/lib/amd64/libverify.so
7f4fdc927000-7f4fdcb26000 ---p 00010000 00:17 351367                     /usr/lib/jvm/java-8-openjdk-amd64/jre/lib/amd64/libverify.so
7f4fdcb26000-7f4fdcb28000 r--p 0000f000 00:17 351367                     /usr/lib/jvm/java-8-openjdk-amd64/jre/lib/amd64/libverify.so
7f4fdcb28000-7f4fdcb29000 rw-p 00011000 00:17 351367                     /usr/lib/jvm/java-8-openjdk-amd64/jre/lib/amd64/libverify.so
7f4fdcb29000-7f4fdcb30000 r-xp 00000000 00:17 12415                      /lib/x86_64-linux-gnu/librt-2.27.so
7f4fdcb30000-7f4fdcd2f000 ---p 00007000 00:17 12415                      /lib/x86_64-linux-gnu/librt-2.27.so
7f4fdcd2f000-7f4fdcd30000 r--p 00006000 00:17 12415                      /lib/x86_64-linux-gnu/librt-2.27.so
7f4fdcd30000-7f4fdcd31000 rw-p 00007000 00:17 12415                      /lib/x86_64-linux-gnu/librt-2.27.so
7f4fdcd31000-7f4fdcd48000 r-xp 00000000 00:17 496848                     /lib/x86_64-linux-gnu/libgcc_s.so.1
7f4fdcd48000-7f4fdcf47000 ---p 00017000 00:17 496848                     /lib/x86_64-linux-gnu/libgcc_s.so.1
7f4fdcf47000-7f4fdcf48000 r--p 00016000 00:17 496848                     /lib/x86_64-linux-gnu/libgcc_s.so.1
7f4fdcf48000-7f4fdcf49000 rw-p 00017000 00:17 496848                     /lib/x86_64-linux-gnu/libgcc_s.so.1
7f4fdcf49000-7f4fdd0e6000 r-xp 00000000 00:17 12337                      /lib/x86_64-linux-gnu/libm-2.27.so
7f4fdd0e6000-7f4fdd2e5000 ---p 0019d000 00:17 12337                      /lib/x86_64-linux-gnu/libm-2.27.so
7f4fdd2e5000-7f4fdd2e6000 r--p 0019c000 00:17 12337                      /lib/x86_64-linux-gnu/libm-2.27.so
7f4fdd2e6000-7f4fdd2e7000 rw-p 0019d000 00:17 12337                      /lib/x86_64-linux-gnu/libm-2.27.so
7f4fdd2e7000-7f4fdd460000 r-xp 00000000 00:17 496695                     /usr/lib/x86_64-linux-gnu/libstdc++.so.6.0.25
7f4fdd460000-7f4fdd660000 ---p 00179000 00:17 496695                     /usr/lib/x86_64-linux-gnu/libstdc++.so.6.0.25
7f4fdd660000-7f4fdd66a000 r--p 00179000 00:17 496695                     /usr/lib/x86_64-linux-gnu/libstdc++.so.6.0.25
7f4fdd66a000-7f4fdd66c000 rw-p 00183000 00:17 496695                     /usr/lib/x86_64-linux-gnu/libstdc++.so.6.0.25
7f4fdd66c000-7f4fdd670000 rw-p 00000000 00:00 0 
7f4fdd670000-7f4fde305000 r-xp 00000000 00:17 351370                     /usr/lib/jvm/java-8-openjdk-amd64/jre/lib/amd64/server/libjvm.so
7f4fde305000-7f4fde504000 ---p 00c95000 00:17 351370                     /usr/lib/jvm/java-8-openjdk-amd64/jre/lib/amd64/server/libjvm.so
7f4fde504000-7f4fde598000 r--p 00c94000 00:17 351370                     /usr/lib/jvm/java-8-openjdk-amd64/jre/lib/amd64/server/libjvm.so
7f4fde598000-7f4fde5c0000 rw-p 00d28000 00:17 351370                     /usr/lib/jvm/java-8-openjdk-amd64/jre/lib/amd64/server/libjvm.so
7f4fde5c0000-7f4fde5f1000 rw-p 00000000 00:00 0 
7f4fde5f1000-7f4fde60b000 r-xp 00000000 00:17 12407                      /lib/x86_64-linux-gnu/libpthread-2.27.so
7f4fde60b000-7f4fde80a000 ---p 0001a000 00:17 12407                      /lib/x86_64-linux-gnu/libpthread-2.27.so
7f4fde80a000-7f4fde80b000 r--p 00019000 00:17 12407                      /lib/x86_64-linux-gnu/libpthread-2.27.so
7f4fde80b000-7f4fde80c000 rw-p 0001a000 00:17 12407                      /lib/x86_64-linux-gnu/libpthread-2.27.so
7f4fde80c000-7f4fde810000 rw-p 00000000 00:00 0 
7f4fde810000-7f4fde813000 r-xp 00000000 00:17 12297                      /lib/x86_64-linux-gnu/libdl-2.27.so
7f4fde813000-7f4fdea12000 ---p 00003000 00:17 12297                      /lib/x86_64-linux-gnu/libdl-2.27.so
7f4fdea12000-7f4fdea13000 r--p 00002000 00:17 12297                      /lib/x86_64-linux-gnu/libdl-2.27.so
7f4fdea13000-7f4fdea14000 rw-p 00003000 00:17 12297                      /lib/x86_64-linux-gnu/libdl-2.27.so
7f4fdea14000-7f4fdea30000 r-xp 00000000 00:17 12446                      /lib/x86_64-linux-gnu/libz.so.1.2.11
7f4fdea30000-7f4fdec2f000 ---p 0001c000 00:17 12446                      /lib/x86_64-linux-gnu/libz.so.1.2.11
7f4fdec2f000-7f4fdec30000 r--p 0001b000 00:17 12446                      /lib/x86_64-linux-gnu/libz.so.1.2.11
7f4fdec30000-7f4fdec31000 rw-p 0001c000 00:17 12446                      /lib/x86_64-linux-gnu/libz.so.1.2.11
7f4fdec31000-7f4fdee18000 r-xp 00000000 00:17 12274                      /lib/x86_64-linux-gnu/libc-2.27.so
7f4fdee18000-7f4fdf018000 ---p 001e7000 00:17 12274                      /lib/x86_64-linux-gnu/libc-2.27.so
7f4fdf018000-7f4fdf01c000 r--p 001e7000 00:17 12274                      /lib/x86_64-linux-gnu/libc-2.27.so
7f4fdf01c000-7f4fdf01e000 rw-p 001eb000 00:17 12274                      /lib/x86_64-linux-gnu/libc-2.27.so
7f4fdf01e000-7f4fdf022000 rw-p 00000000 00:00 0 
7f4fdf022000-7f4fdf030000 r-xp 00000000 00:17 351335                     /usr/lib/jvm/java-8-openjdk-amd64/jre/lib/amd64/jli/libjli.so
7f4fdf030000-7f4fdf22f000 ---p 0000e000 00:17 351335                     /usr/lib/jvm/java-8-openjdk-amd64/jre/lib/amd64/jli/libjli.so
7f4fdf22f000-7f4fdf230000 r--p 0000d000 00:17 351335                     /usr/lib/jvm/java-8-openjdk-amd64/jre/lib/amd64/jli/libjli.so
7f4fdf230000-7f4fdf231000 rw-p 0000e000 00:17 351335                     /usr/lib/jvm/java-8-openjdk-amd64/jre/lib/amd64/jli/libjli.so
7f4fdf231000-7f4fdf258000 r-xp 00000000 00:17 12246                      /lib/x86_64-linux-gnu/ld-2.27.so
7f4fdf258000-7f4fdf33d000 rw-p 00000000 00:00 0 
7f4fdf33d000-7f4fdf33e000 ---p 00000000 00:00 0 
7f4fdf33e000-7f4fdf341000 ---p 00000000 00:00 0 
7f4fdf341000-7f4fdf440000 rw-p 00000000 00:00 0 
7f4fdf440000-7f4fdf441000 rwxp 00000000 00:00 0 
7f4fdf441000-7f4fdf442000 r--s 00010000 00:17 351388                     /usr/lib/jvm/java-8-openjdk-amd64/jre/lib/ext/zipfs.jar
7f4fdf442000-7f4fdf444000 r--s 00008000 00:17 351385                     /usr/lib/jvm/java-8-openjdk-amd64/jre/lib/ext/sunec.jar
7f4fdf444000-7f4fdf445000 r--s 0000a000 00:17 351382                     /usr/lib/jvm/java-8-openjdk-amd64/jre/lib/ext/jaccess.jar
7f4fdf445000-7f4fdf448000 r--s 0000f000 00:17 351381                     /usr/lib/jvm/java-8-openjdk-amd64/jre/lib/ext/icedtea-sound.jar
7f4fdf448000-7f4fdf44a000 r--s 00001000 00:17 351380                     /usr/lib/jvm/java-8-openjdk-amd64/jre/lib/ext/dnsns.jar
7f4fdf44a000-7f4fdf44c000 r--s 00007000 00:17 221420                     /usr/share/java/java-atk-wrapper.jar
7f4fdf44c000-7f4fdf454000 rw-s 00000000 00:17 685304                     /tmp/hsperfdata_cs18101/2295
7f4fdf454000-7f4fdf455000 rw-p 00000000 00:00 0 
7f4fdf455000-7f4fdf456000 r--p 00000000 00:00 0 
7f4fdf456000-7f4fdf458000 rw-p 00000000 00:00 0 
7f4fdf458000-7f4fdf459000 r--p 00027000 00:17 12246                      /lib/x86_64-linux-gnu/ld-2.27.so
7f4fdf459000-7f4fdf45a000 rw-p 00028000 00:17 12246                      /lib/x86_64-linux-gnu/ld-2.27.so
7f4fdf45a000-7f4fdf45b000 rw-p 00000000 00:00 0 
7ffff5027000-7ffff5048000 rw-p 00000000 00:00 0                          [stack]
7ffff504a000-7ffff504d000 r--p 00000000 00:00 0                          [vvar]
7ffff504d000-7ffff504f000 r-xp 00000000 00:00 0                          [vdso]
ffffffffff600000-ffffffffff601000 r-xp 00000000 00:00 0                  [vsyscall]

VM Arguments:
java_command: Jikanwari
java_class_path (initial): .
Launcher Type: SUN_STANDARD

Environment Variables:
PATH=/usr/local/sbin:/usr/local/bin:/usr/sbin:/usr/bin:/sbin:/bin:/usr/games:/usr/local/games:/snap/bin
USERNAME=cs18101
SHELL=/bin/bash
DISPLAY=:0

Signal Handlers:
SIGSEGV: [libjvm.so+0xaaf3a0], sa_mask[0]=11111111011111111101111111111110, sa_flags=SA_RESTART|SA_SIGINFO
SIGBUS: [libjvm.so+0xaaf3a0], sa_mask[0]=11111111011111111101111111111110, sa_flags=SA_RESTART|SA_SIGINFO
SIGFPE: [libjvm.so+0x8e52e0], sa_mask[0]=11111111011111111101111111111110, sa_flags=SA_RESTART|SA_SIGINFO
SIGPIPE: SIG_IGN, sa_mask[0]=00000000000010000000000000000000, sa_flags=SA_RESTART
SIGXFSZ: [libjvm.so+0x8e52e0], sa_mask[0]=11111111011111111101111111111110, sa_flags=SA_RESTART|SA_SIGINFO
SIGILL: [libjvm.so+0x8e52e0], sa_mask[0]=11111111011111111101111111111110, sa_flags=SA_RESTART|SA_SIGINFO
SIGUSR1: SIG_DFL, sa_mask[0]=00000000000000000000000000000000, sa_flags=none
SIGUSR2: [libjvm.so+0x8e5190], sa_mask[0]=00000000000000000000000000000000, sa_flags=SA_RESTART|SA_SIGINFO
SIGHUP: [libjvm.so+0x8e5640], sa_mask[0]=11111111011111111101111111111110, sa_flags=SA_RESTART|SA_SIGINFO
SIGINT: [libjvm.so+0x8e5640], sa_mask[0]=11111111011111111101111111111110, sa_flags=SA_RESTART|SA_SIGINFO
SIGTERM: [libjvm.so+0x8e5640], sa_mask[0]=11111111011111111101111111111110, sa_flags=SA_RESTART|SA_SIGINFO
SIGQUIT: [libjvm.so+0x8e5640], sa_mask[0]=11111111011111111101111111111110, sa_flags=SA_RESTART|SA_SIGINFO


---------------  S Y S T E M  ---------------

OS:DISTRIB_ID=Ubuntu
DISTRIB_RELEASE=18.04
DISTRIB_CODENAME=bionic
DISTRIB_DESCRIPTION="Ubuntu 18.04.1 LTS"

uname:Linux 4.15.0-36-generic #39-Ubuntu SMP Mon Sep 24 16:19:09 UTC 2018 x86_64
libc:glibc 2.27 NPTL 2.27 
rlimit: STACK 8192k, CORE 0k, NPROC 15532, NOFILE 4096, AS infinity
load average:1.15 1.01 0.43

/proc/meminfo:
MemTotal:        4039540 kB
MemFree:         1994440 kB
MemAvailable:    2682512 kB
Buffers:           20524 kB
Cached:           869712 kB
SwapCached:            0 kB
Active:          1277336 kB
Inactive:         578840 kB
Active(anon):     980356 kB
Inactive(anon):     5168 kB
Active(file):     296980 kB
Inactive(file):   573672 kB
Unevictable:       13568 kB
Mlocked:           13568 kB
SwapTotal:      15624188 kB
SwapFree:       15624188 kB
Dirty:               516 kB
Writeback:             0 kB
AnonPages:        979560 kB
Mapped:           301584 kB
Shmem:              6032 kB
Slab:              80708 kB
SReclaimable:      40976 kB
SUnreclaim:        39732 kB
KernelStack:       10192 kB
PageTables:        40440 kB
NFS_Unstable:          0 kB
Bounce:                0 kB
WritebackTmp:          0 kB
CommitLimit:    17643956 kB
Committed_AS:    5186672 kB
VmallocTotal:   34359738367 kB
VmallocUsed:           0 kB
VmallocChunk:          0 kB
HardwareCorrupted:     0 kB
AnonHugePages:         0 kB
ShmemHugePages:        0 kB
ShmemPmdMapped:        0 kB
CmaTotal:              0 kB
CmaFree:               0 kB
HugePages_Total:       0
HugePages_Free:        0
HugePages_Rsvd:        0
HugePages_Surp:        0
Hugepagesize:       2048 kB
DirectMap4k:      120768 kB
DirectMap2M:     4073472 kB


CPU:total 2 (initial active 2) (2 cores per cpu, 1 threads per core) family 6 model 142 stepping 10, cmov, cx8, fxsr, mmx, sse, sse2, sse3, ssse3, sse4.1, sse4.2, popcnt, avx, avx2, aes, clmul, 3dnowpref, lzcnt, tsc, tscinvbit

/proc/cpuinfo:
processor	: 0
vendor_id	: GenuineIntel
cpu family	: 6
model		: 142
model name	: Intel(R) Core(TM) i5-8250U CPU @ 1.60GHz
stepping	: 10
cpu MHz		: 1800.001
cache size	: 6144 KB
physical id	: 0
siblings	: 2
core id		: 0
cpu cores	: 2
apicid		: 0
initial apicid	: 0
fpu		: yes
fpu_exception	: yes
cpuid level	: 22
wp		: yes
flags		: fpu vme de pse tsc msr pae mce cx8 apic sep mtrr pge mca cmov pat pse36 clflush mmx fxsr sse sse2 ht syscall nx rdtscp lm constant_tsc rep_good nopl xtopology nonstop_tsc cpuid pni pclmulqdq ssse3 cx16 pcid sse4_1 sse4_2 x2apic movbe popcnt aes xsave avx rdrand hypervisor lahf_lm abm 3dnowprefetch invpcid_single pti fsgsbase avx2 invpcid rdseed clflushopt
bugs		: cpu_meltdown spectre_v1 spectre_v2 spec_store_bypass l1tf
bogomips	: 3600.00
clflush size	: 64
cache_alignment	: 64
address sizes	: 39 bits physical, 48 bits virtual
power management:

processor	: 1
vendor_id	: GenuineIntel
cpu family	: 6
model		: 142
model name	: Intel(R) Core(TM) i5-8250U CPU @ 1.60GHz
stepping	: 10
cpu MHz		: 1800.001
cache size	: 6144 KB
physical id	: 0
siblings	: 2
core id		: 1
cpu cores	: 2
apicid		: 1
initial apicid	: 1
fpu		: yes
fpu_exception	: yes
cpuid level	: 22
wp		: yes
flags		: fpu vme de pse tsc msr pae mce cx8 apic sep mtrr pge mca cmov pat pse36 clflush mmx fxsr sse sse2 ht syscall nx rdtscp lm constant_tsc rep_good nopl xtopology nonstop_tsc cpuid pni pclmulqdq ssse3 cx16 pcid sse4_1 sse4_2 x2apic movbe popcnt aes xsave avx rdrand hypervisor lahf_lm abm 3dnowprefetch invpcid_single pti fsgsbase avx2 invpcid rdseed clflushopt
bugs		: cpu_meltdown spectre_v1 spectre_v2 spec_store_bypass l1tf
bogomips	: 3600.00
clflush size	: 64
cache_alignment	: 64
address sizes	: 39 bits physical, 48 bits virtual
power management:



Memory: 4k page, physical 4039540k(1994440k free), swap 15624188k(15624188k free)

vm_info: OpenJDK 64-Bit Server VM (25.181-b13) for linux-amd64 JRE (1.8.0_181-8u181-b13-0ubuntu0.18.04.1-b13), built on Jul 23 2018 19:14:48 by "buildd" with gcc 7.3.0

time: Wed Jan 30 22:20:30 2019
elapsed time: 68 seconds (0d 0h 1m 8s)

