#
# A fatal error has been detected by the Java Runtime Environment:
#
#  SIGSEGV (0xb) at pc=0x00007fba550243c3, pid=4896, tid=0x00007fba0b893700
#
# JRE version: OpenJDK Runtime Environment (8.0_181-b13) (build 1.8.0_181-8u181-b13-0ubuntu0.18.04.1-b13)
# Java VM: OpenJDK 64-Bit Server VM (25.181-b13 mixed mode linux-amd64 compressed oops)
# Problematic frame:
# j  com.sun.glass.ui.gtk.GtkView.notifyInputMethodDraw(Ljava/lang/String;III[B)V+36
#
# Failed to write core dump. Core dumps have been disabled. To enable core dumping, try "ulimit -c unlimited" before starting Java again
#
# If you would like to submit a bug report, please visit:
#   http://bugreport.java.com/bugreport/crash.jsp
#

---------------  T H R E A D  ---------------

Current thread (0x00007fba6434c000):  JavaThread "JavaFX Application Thread" [_thread_in_Java, id=4912, stack(0x00007fba0b793000,0x00007fba0b894000)]

siginfo: si_signo: 11 (SIGSEGV), si_code: 2 (SEGV_ACCERR), si_addr: 0x00000000f919e680

Registers:
RAX=0x0000000000100000, RBX=0x00007fba52999b30, RCX=0x00000000f919e680, RDX=0x0000000080500004
RSP=0x00007fba0b891638, RBP=0x00007fba0b8916a0, RSI=0x00007fba55013340, RDI=0x00007fba0b891820
R8 =0x00007fba55013340, R9 =0x00007fba0b891988, R10=0x00007fba6ba687c0, R11=0x00007fba5500045f
R12=0x0000000000000000, R13=0x00007fba52e15c7c, R14=0x00007fba0b891718, R15=0x00007fba6434c000
RIP=0x00007fba550243c3, EFLAGS=0x0000000000010206, CSGSFS=0x002b000000000033, ERR=0x0000000000000004
  TRAPNO=0x000000000000000e

Top of Stack: (sp=0x00007fba0b891638)
0x00007fba0b891638:   00007fba55007d80 00000000ef7800b0
0x00007fba0b891648:   0000000000000002 0000000000000000
0x00007fba0b891658:   00000000f919e680 00007fba0b891660
0x00007fba0b891668:   00007fba52e15c7c 00007fba0b891718
0x00007fba0b891678:   00007fba52e1fa30 00007fba09a5c1a8
0x00007fba0b891688:   00007fba52e15e58 0000000000000000
0x00007fba0b891698:   00007fba0b8916f0 00007fba0b891780
0x00007fba0b8916a8:   00007fba550004e7 0000000000000000
0x00007fba0b8916b8:   0000000000000000 0000000000000000
0x00007fba0b8916c8:   0000000000000000 0000000000000000
0x00007fba0b8916d8:   0000000000000000 0000000000000000
0x00007fba0b8916e8:   0000000000000000 00000000ec91b6c8
0x00007fba0b8916f8:   00007fba00000002 00007fba00000002
0x00007fba0b891708:   00007fba00000000 00000000ec91b698
0x00007fba0b891718:   00005653f919e650 0000000000001fa0
0x00007fba0b891728:   00007fba52e15e58 00007fba0b891980
0x00007fba0b891738:   00007fba0b891820 00007fba6434c000
0x00007fba0b891748:   00007fba6434c000 00007fba0b891820
0x00007fba0b891758:   00007fba0b891a58 00007fba0000000a
0x00007fba0b891768:   00007fba52e15e58 00007fba55013340
0x00007fba0b891778:   00007fba0b891988 00007fba0b8918a0
0x00007fba0b891788:   00007fba6b1727bb 0000000000000006
0x00007fba0b891798:   00007fba6434c000 00000000ffffffff
0x00007fba0b8917a8:   00007fba0b8917e8 00007fba0b8917e0
0x00007fba0b8917b8:   00007fba0000000a 000000000000000e
0x00007fba0b8917c8:   00007fba55013340 00007fba6434cbf8
0x00007fba0b8917d8:   00007fba0b891a50 00007fba6434c000
0x00007fba0b8917e8:   00007fba6434cba0 00007fba6434cbe0
0x00007fba0b8917f8:   00007fba6434cc00 00007fba6434ccc8
0x00007fba0b891808:   00000000000000d8 00007fba0b892ac0
0x00007fba0b891818:   ffffffffffffffff 00007fba6434c000
0x00007fba0b891828:   00005653f9184680 00007fba52e15e58 

Instructions: (pc=0x00007fba550243c3)
0x00007fba550243a3:   a6 6b ba 7f 00 00 49 8b 14 d2 52 41 8b d5 4c 8b
0x00007fba550243b3:   6d c8 8b c2 81 e0 00 00 10 00 0f 84 6a 01 00 00
0x00007fba550243c3:   48 3b 01 48 8b 45 e0 48 85 c0 0f 84 12 00 00 00
0x00007fba550243d3:   48 83 40 08 01 48 83 58 08 00 48 83 c0 30 48 89 

Register to memory mapping:

RAX=0x0000000000100000 is an unknown value
RBX={method} {0x00007fba52999b30} 'replace' '(IILjava/lang/String;)Ljava/lang/StringBuilder;' in 'java/lang/StringBuilder'
RCX=0x00000000f919e680 is an unallocated location in the heap
RDX=0x0000000080500004 is an unknown value
RSP=0x00007fba0b891638 is pointing into the stack for thread: 0x00007fba6434c000
RBP=0x00007fba0b8916a0 is pointing into the stack for thread: 0x00007fba6434c000
RSI=0x00007fba55013340 is at code_begin+0 in an Interpreter codelet
method entry point (kind = zerolocals)  [0x00007fba55013340, 0x00007fba55013800]  1216 bytes
RDI=0x00007fba0b891820 is pointing into the stack for thread: 0x00007fba6434c000
R8 =0x00007fba55013340 is at code_begin+0 in an Interpreter codelet
method entry point (kind = zerolocals)  [0x00007fba55013340, 0x00007fba55013800]  1216 bytes
R9 =0x00007fba0b891988 is pointing into the stack for thread: 0x00007fba6434c000
R10=0x00007fba6ba687c0: <offset 0xf757c0> in /usr/lib/jvm/java-8-openjdk-amd64/jre/lib/amd64/server/libjvm.so at 0x00007fba6aaf3000
R11=0x00007fba5500045f is at begin+0 in a stub
StubRoutines::call_stub [0x00007fba5500045f, 0x00007fba55000547[ (232 bytes)
R12=0x0000000000000000 is an unknown value
R13=0x00007fba52e15c7c is pointing into metadata
R14=0x00007fba0b891718 is pointing into the stack for thread: 0x00007fba6434c000
R15=0x00007fba6434c000 is a thread


Stack: [0x00007fba0b793000,0x00007fba0b894000],  sp=0x00007fba0b891638,  free space=1017k
Native frames: (J=compiled Java code, j=interpreted, Vv=VM code, C=native code)
j  com.sun.glass.ui.gtk.GtkView.notifyInputMethodDraw(Ljava/lang/String;III[B)V+36
v  ~StubRoutines::call_stub
V  [libjvm.so+0x67f7bb]
V  [libjvm.so+0x69f246]
V  [libjvm.so+0x6a1e9b]
C  [libglass.so+0x13953]  JNIEnv_::CallVoidMethod(_jobject*, _jmethodID*, ...)+0x93
C  [libglass.so+0x1b8b1]
C  [libX11.so.6+0x5c3ca]
C  0xd9e65de900000002


---------------  P R O C E S S  ---------------

Java Threads: ( => current thread )
  0x00005653f93e5000 JavaThread "Prism Font Disposer" daemon [_thread_blocked, id=4914, stack(0x00007fba0a8a3000,0x00007fba0a9a4000)]
  0x00007fba6435a000 JavaThread "JavaFX-Launcher" [_thread_blocked, id=4913, stack(0x00007fba0b692000,0x00007fba0b793000)]
=>0x00007fba6434c000 JavaThread "JavaFX Application Thread" [_thread_in_Java, id=4912, stack(0x00007fba0b793000,0x00007fba0b894000)]
  0x00007fba64349800 JavaThread "Thread-1" daemon [_thread_blocked, id=4911, stack(0x00007fba18066000,0x00007fba18167000)]
  0x00007fba6425a800 JavaThread "QuantumRenderer-0" daemon [_thread_blocked, id=4908, stack(0x00007fba50eab000,0x00007fba50fac000)]
  0x00007fba640ba000 JavaThread "Service Thread" daemon [_thread_blocked, id=4906, stack(0x00007fba51144000,0x00007fba51245000)]
  0x00007fba640b7800 JavaThread "C1 CompilerThread1" daemon [_thread_blocked, id=4905, stack(0x00007fba51246000,0x00007fba51346000)]
  0x00007fba640b4800 JavaThread "C2 CompilerThread0" daemon [_thread_blocked, id=4904, stack(0x00007fba51347000,0x00007fba51447000)]
  0x00007fba640b3000 JavaThread "Signal Dispatcher" daemon [_thread_blocked, id=4903, stack(0x00007fba51447000,0x00007fba51548000)]
  0x00007fba64081000 JavaThread "Finalizer" daemon [_thread_blocked, id=4902, stack(0x00007fba52017000,0x00007fba52118000)]
  0x00007fba6407c800 JavaThread "Reference Handler" daemon [_thread_blocked, id=4901, stack(0x00007fba52118000,0x00007fba52219000)]
  0x00007fba6400b000 JavaThread "main" [_thread_blocked, id=4897, stack(0x00007fba6c7c1000,0x00007fba6c8c1000)]

Other Threads:
  0x00007fba64074800 VMThread [stack: 0x00007fba5221a000,0x00007fba5231a000] [id=4900]
  0x00007fba640bd000 WatcherThread [stack: 0x00007fba51044000,0x00007fba51144000] [id=4907]

VM state:not at safepoint (normal execution)

VM Mutex/Monitor currently owned by a thread: None

Heap:
 PSYoungGen      total 66048K, used 21436K [0x00000000eb700000, 0x00000000efa00000, 0x0000000100000000)
  eden space 63488K, 29% used [0x00000000eb700000,0x00000000ec9700d0,0x00000000ef500000)
  from space 2560K, 99% used [0x00000000ef780000,0x00000000ef9fef40,0x00000000efa00000)
  to   space 2560K, 0% used [0x00000000ef500000,0x00000000ef500000,0x00000000ef780000)
 ParOldGen       total 42496K, used 23513K [0x00000000c2400000, 0x00000000c4d80000, 0x00000000eb700000)
  object space 42496K, 55% used [0x00000000c2400000,0x00000000c3af67c8,0x00000000c4d80000)
 Metaspace       used 19317K, capacity 20522K, committed 20608K, reserved 1067008K
  class space    used 2610K, capacity 2862K, committed 2944K, reserved 1048576K

Card table byte_map: [0x00007fba68b70000,0x00007fba68d5f000] byte_map_base: 0x00007fba6855e000

Marking Bits: (ParMarkBitMap*) 0x00007fba6ba571c0
 Begin Bits: [0x00007fba53120000, 0x00007fba54090000)
 End Bits:   [0x00007fba54090000, 0x00007fba55000000)

Polling page: 0x00007fba6c8d8000

CodeCache: size=245760Kb used=11872Kb max_used=11942Kb free=233887Kb
 bounds [0x00007fba55000000, 0x00007fba55bb0000, 0x00007fba64000000]
 total_blobs=4300 nmethods=3683 adapters=529
 compilation: enabled

Compilation events (10 events):
Event: 23.656 Thread 0x00007fba640b7800 3725       3       com.sun.javafx.scene.input.PickResultChooser::offer (13 bytes)
Event: 23.656 Thread 0x00007fba640b7800 nmethod 3725 0x00007fba55140890 code [0x00007fba55140a00, 0x00007fba55140ba8]
Event: 23.979 Thread 0x00007fba640b7800 3727       3       javafx.scene.Parent::impl_processCSS (138 bytes)
Event: 23.982 Thread 0x00007fba640b7800 nmethod 3727 0x00007fba551692d0 code [0x00007fba55169520, 0x00007fba5516a318]
Event: 24.119 Thread 0x00007fba640b7800 3728       1       javafx.animation.Animation$AnimationReadOnlyProperty::get (5 bytes)
Event: 24.119 Thread 0x00007fba640b7800 nmethod 3728 0x00007fba5516eb90 code [0x00007fba5516ece0, 0x00007fba5516edf0]
Event: 24.935 Thread 0x00007fba640b7800 3729       3       java.nio.CharBuffer::arrayOffset (35 bytes)
Event: 24.936 Thread 0x00007fba640b7800 nmethod 3729 0x00007fba55124b90 code [0x00007fba55124d20, 0x00007fba55125038]
Event: 25.318 Thread 0x00007fba640b7800 3730       3       java.nio.charset.CoderResult::isUnderflow (13 bytes)
Event: 25.318 Thread 0x00007fba640b7800 nmethod 3730 0x00007fba5511acd0 code [0x00007fba5511ae40, 0x00007fba5511aff0]

GC Heap History (8 events):
Event: 0.923 GC heap before
{Heap before GC invocations=1 (full 0):
 PSYoungGen      total 18432K, used 15872K [0x00000000eb700000, 0x00000000ecb80000, 0x0000000100000000)
  eden space 15872K, 100% used [0x00000000eb700000,0x00000000ec680000,0x00000000ec680000)
  from space 2560K, 0% used [0x00000000ec900000,0x00000000ec900000,0x00000000ecb80000)
  to   space 2560K, 0% used [0x00000000ec680000,0x00000000ec680000,0x00000000ec900000)
 ParOldGen       total 42496K, used 0K [0x00000000c2400000, 0x00000000c4d80000, 0x00000000eb700000)
  object space 42496K, 0% used [0x00000000c2400000,0x00000000c2400000,0x00000000c4d80000)
 Metaspace       used 9620K, capacity 10016K, committed 10240K, reserved 1058816K
  class space    used 1155K, capacity 1265K, committed 1280K, reserved 1048576K
Event: 0.938 GC heap after
Heap after GC invocations=1 (full 0):
 PSYoungGen      total 18432K, used 2530K [0x00000000eb700000, 0x00000000edb00000, 0x0000000100000000)
  eden space 15872K, 0% used [0x00000000eb700000,0x00000000eb700000,0x00000000ec680000)
  from space 2560K, 98% used [0x00000000ec680000,0x00000000ec8f8b38,0x00000000ec900000)
  to   space 2560K, 0% used [0x00000000ed880000,0x00000000ed880000,0x00000000edb00000)
 ParOldGen       total 42496K, used 1481K [0x00000000c2400000, 0x00000000c4d80000, 0x00000000eb700000)
  object space 42496K, 3% used [0x00000000c2400000,0x00000000c25724f8,0x00000000c4d80000)
 Metaspace       used 9620K, capacity 10016K, committed 10240K, reserved 1058816K
  class space    used 1155K, capacity 1265K, committed 1280K, reserved 1048576K
}
Event: 1.647 GC heap before
{Heap before GC invocations=2 (full 0):
 PSYoungGen      total 18432K, used 18402K [0x00000000eb700000, 0x00000000edb00000, 0x0000000100000000)
  eden space 15872K, 100% used [0x00000000eb700000,0x00000000ec680000,0x00000000ec680000)
  from space 2560K, 98% used [0x00000000ec680000,0x00000000ec8f8b38,0x00000000ec900000)
  to   space 2560K, 0% used [0x00000000ed880000,0x00000000ed880000,0x00000000edb00000)
 ParOldGen       total 42496K, used 1481K [0x00000000c2400000, 0x00000000c4d80000, 0x00000000eb700000)
  object space 42496K, 3% used [0x00000000c2400000,0x00000000c25724f8,0x00000000c4d80000)
 Metaspace       used 12419K, capacity 12952K, committed 13056K, reserved 1060864K
  class space    used 1600K, capacity 1734K, committed 1792K, reserved 1048576K
Event: 1.658 GC heap after
Heap after GC invocations=2 (full 0):
 PSYoungGen      total 34304K, used 2528K [0x00000000eb700000, 0x00000000edb00000, 0x0000000100000000)
  eden space 31744K, 0% used [0x00000000eb700000,0x00000000eb700000,0x00000000ed600000)
  from space 2560K, 98% used [0x00000000ed880000,0x00000000edaf8020,0x00000000edb00000)
  to   space 2560K, 0% used [0x00000000ed600000,0x00000000ed600000,0x00000000ed880000)
 ParOldGen       total 42496K, used 4189K [0x00000000c2400000, 0x00000000c4d80000, 0x00000000eb700000)
  object space 42496K, 9% used [0x00000000c2400000,0x00000000c28174d0,0x00000000c4d80000)
 Metaspace       used 12419K, capacity 12952K, committed 13056K, reserved 1060864K
  class space    used 1600K, capacity 1734K, committed 1792K, reserved 1048576K
}
Event: 2.439 GC heap before
{Heap before GC invocations=3 (full 0):
 PSYoungGen      total 34304K, used 34272K [0x00000000eb700000, 0x00000000edb00000, 0x0000000100000000)
  eden space 31744K, 100% used [0x00000000eb700000,0x00000000ed600000,0x00000000ed600000)
  from space 2560K, 98% used [0x00000000ed880000,0x00000000edaf8020,0x00000000edb00000)
  to   space 2560K, 0% used [0x00000000ed600000,0x00000000ed600000,0x00000000ed880000)
 ParOldGen       total 42496K, used 4189K [0x00000000c2400000, 0x00000000c4d80000, 0x00000000eb700000)
  object space 42496K, 9% used [0x00000000c2400000,0x00000000c28174d0,0x00000000c4d80000)
 Metaspace       used 15215K, capacity 16078K, committed 16128K, reserved 1062912K
  class space    used 2089K, capacity 2286K, committed 2304K, reserved 1048576K
Event: 2.452 GC heap after
Heap after GC invocations=3 (full 0):
 PSYoungGen      total 34304K, used 2544K [0x00000000eb700000, 0x00000000efa00000, 0x0000000100000000)
  eden space 31744K, 0% used [0x00000000eb700000,0x00000000eb700000,0x00000000ed600000)
  from space 2560K, 99% used [0x00000000ed600000,0x00000000ed87c010,0x00000000ed880000)
  to   space 2560K, 0% used [0x00000000ef780000,0x00000000ef780000,0x00000000efa00000)
 ParOldGen       total 42496K, used 7113K [0x00000000c2400000, 0x00000000c4d80000, 0x00000000eb700000)
  object space 42496K, 16% used [0x00000000c2400000,0x00000000c2af2720,0x00000000c4d80000)
 Metaspace       used 15215K, capacity 16078K, committed 16128K, reserved 1062912K
  class space    used 2089K, capacity 2286K, committed 2304K, reserved 1048576K
}
Event: 9.215 GC heap before
{Heap before GC invocations=4 (full 0):
 PSYoungGen      total 34304K, used 34288K [0x00000000eb700000, 0x00000000efa00000, 0x0000000100000000)
  eden space 31744K, 100% used [0x00000000eb700000,0x00000000ed600000,0x00000000ed600000)
  from space 2560K, 99% used [0x00000000ed600000,0x00000000ed87c010,0x00000000ed880000)
  to   space 2560K, 0% used [0x00000000ef780000,0x00000000ef780000,0x00000000efa00000)
 ParOldGen       total 42496K, used 7113K [0x00000000c2400000, 0x00000000c4d80000, 0x00000000eb700000)
  object space 42496K, 16% used [0x00000000c2400000,0x00000000c2af2720,0x00000000c4d80000)
 Metaspace       used 18724K, capacity 19926K, committed 20096K, reserved 1067008K
  class space    used 2587K, capacity 2848K, committed 2944K, reserved 1048576K
Event: 9.316 GC heap after
Heap after GC invocations=4 (full 0):
 PSYoungGen      total 66048K, used 2555K [0x00000000eb700000, 0x00000000efa00000, 0x0000000100000000)
  eden space 63488K, 0% used [0x00000000eb700000,0x00000000eb700000,0x00000000ef500000)
  from space 2560K, 99% used [0x00000000ef780000,0x00000000ef9fef40,0x00000000efa00000)
  to   space 2560K, 0% used [0x00000000ef500000,0x00000000ef500000,0x00000000ef780000)
 ParOldGen       total 42496K, used 23513K [0x00000000c2400000, 0x00000000c4d80000, 0x00000000eb700000)
  object space 42496K, 55% used [0x00000000c2400000,0x00000000c3af67c8,0x00000000c4d80000)
 Metaspace       used 18724K, capacity 19926K, committed 20096K, reserved 1067008K
  class space    used 2587K, capacity 2848K, committed 2944K, reserved 1048576K
}

Deoptimization events (10 events):
Event: 17.172 Thread 0x00007fba6434c000 Uncommon trap: reason=class_check action=maybe_recompile pc=0x00007fba5589df88 method=com.sun.javafx.css.CompoundSelector.stateMatches(Ljavafx/css/Styleable;Ljava/util/Set;I)Z @ 123
Event: 19.121 Thread 0x00007fba6434c000 Uncommon trap: reason=unstable_if action=reinterpret pc=0x00007fba559c8428 method=javafx.scene.Node.updateBounds()V @ 37
Event: 20.577 Thread 0x00007fba6434c000 Uncommon trap: reason=unstable_if action=reinterpret pc=0x00007fba559deba8 method=com.sun.javafx.util.Utils.HSBtoRGB(DDD)[D @ 34
Event: 20.595 Thread 0x00007fba6434c000 Uncommon trap: reason=class_check action=maybe_recompile pc=0x00007fba558bd178 method=javafx.scene.Node.updateLocalToParentTransform()V @ 11
Event: 20.596 Thread 0x00007fba6434c000 Uncommon trap: reason=class_check action=maybe_recompile pc=0x00007fba558bd178 method=javafx.scene.Node.updateLocalToParentTransform()V @ 11
Event: 20.596 Thread 0x00007fba6434c000 Uncommon trap: reason=class_check action=maybe_recompile pc=0x00007fba558bd178 method=javafx.scene.Node.updateLocalToParentTransform()V @ 11
Event: 20.596 Thread 0x00007fba6434c000 Uncommon trap: reason=class_check action=maybe_recompile pc=0x00007fba558bd178 method=javafx.scene.Node.updateLocalToParentTransform()V @ 11
Event: 20.630 Thread 0x00007fba6425a800 Uncommon trap: reason=unstable_if action=reinterpret pc=0x00007fba55adbac8 method=com.sun.javafx.geom.transform.AffineBase.updateState2D()V @ 33
Event: 20.962 Thread 0x00007fba6434c000 Uncommon trap: reason=unstable_if action=reinterpret pc=0x00007fba55a5e0b8 method=javafx.scene.Node.getLocalBounds(Lcom/sun/javafx/geom/BaseBounds;Lcom/sun/javafx/geom/transform/BaseTransform;)Lcom/sun/javafx/geom/BaseBounds; @ 4
Event: 21.447 Thread 0x00007fba6434c000 Uncommon trap: reason=unstable_if action=reinterpret pc=0x00007fba5517c560 method=sun.nio.cs.UTF_8$Encoder.encode([CII[B)I @ 33

Classes redefined (0 events):
No events

Internal exceptions (10 events):
Event: 0.819 Thread 0x00007fba6434c000 Exception <a 'java/lang/NullPointerException'> (0x00000000ec55a198) thrown at [/build/openjdk-8-8iINie/openjdk-8-8u181-b13/src/hotspot/src/share/vm/prims/jvm.cpp, line 1439]
Event: 1.261 Thread 0x00007fba6434c000 Exception <a 'java/lang/ArrayIndexOutOfBoundsException'> (0x00000000ebd04630) thrown at [/build/openjdk-8-8iINie/openjdk-8-8u181-b13/src/hotspot/src/share/vm/runtime/sharedRuntime.cpp, line 605]
Event: 1.262 Thread 0x00007fba6434c000 Exception <a 'java/lang/ArrayIndexOutOfBoundsException'> (0x00000000ebd05330) thrown at [/build/openjdk-8-8iINie/openjdk-8-8u181-b13/src/hotspot/src/share/vm/runtime/sharedRuntime.cpp, line 605]
Event: 1.262 Thread 0x00007fba6434c000 Exception <a 'java/lang/ArrayIndexOutOfBoundsException'> (0x00000000ebd066d8) thrown at [/build/openjdk-8-8iINie/openjdk-8-8u181-b13/src/hotspot/src/share/vm/runtime/sharedRuntime.cpp, line 605]
Event: 1.280 Thread 0x00007fba6434c000 Exception <a 'java/lang/ArrayIndexOutOfBoundsException'> (0x00000000ebd60000) thrown at [/build/openjdk-8-8iINie/openjdk-8-8u181-b13/src/hotspot/src/share/vm/runtime/sharedRuntime.cpp, line 605]
Event: 1.295 Thread 0x00007fba6434c000 Exception <a 'java/lang/ArrayIndexOutOfBoundsException'> (0x00000000ebd8de38) thrown at [/build/openjdk-8-8iINie/openjdk-8-8u181-b13/src/hotspot/src/share/vm/runtime/sharedRuntime.cpp, line 605]
Event: 1.928 Thread 0x00007fba6434c000 Implicit null exception at 0x00007fba552c1fb5 to 0x00007fba552c21d1
Event: 3.588 Thread 0x00007fba6434c000 Implicit null exception at 0x00007fba5564621d to 0x00007fba55648a75
Event: 14.797 Thread 0x00007fba6434c000 Implicit null exception at 0x00007fba552e0bf5 to 0x00007fba552e0f91
Event: 14.797 Thread 0x00007fba6434c000 Implicit null exception at 0x00007fba55216ef6 to 0x00007fba55217295

Events (10 events):
Event: 23.378 Thread 0x00007fba640b7800 flushing nmethod 0x00007fba55176b50
Event: 23.381 Thread 0x00007fba640b7800 flushing nmethod 0x00007fba55199410
Event: 23.381 Thread 0x00007fba640b7800 flushing nmethod 0x00007fba5519de50
Event: 23.381 Thread 0x00007fba640b7800 flushing nmethod 0x00007fba551efa10
Event: 24.933 loading class java/lang/Throwable$WrappedPrintStream
Event: 24.933 loading class java/lang/Throwable$PrintStreamOrWriter
Event: 24.933 loading class java/lang/Throwable$PrintStreamOrWriter done
Event: 24.934 loading class java/lang/Throwable$WrappedPrintStream done
Event: 24.934 loading class java/util/IdentityHashMap$KeySet
Event: 24.934 loading class java/util/IdentityHashMap$KeySet done


Dynamic libraries:
c2400000-c4d80000 rw-p 00000000 00:00 0 
c4d80000-eb700000 ---p 00000000 00:00 0 
eb700000-efa00000 rw-p 00000000 00:00 0 
efa00000-100000000 ---p 00000000 00:00 0 
100000000-1002e0000 rw-p 00000000 00:00 0 
1002e0000-140000000 ---p 00000000 00:00 0 
5653f8eff000-5653f8f00000 r-xp 00000000 00:17 351325                     /usr/lib/jvm/java-8-openjdk-amd64/jre/bin/java
5653f90ff000-5653f9100000 r--p 00000000 00:17 351325                     /usr/lib/jvm/java-8-openjdk-amd64/jre/bin/java
5653f9100000-5653f9101000 rw-p 00001000 00:17 351325                     /usr/lib/jvm/java-8-openjdk-amd64/jre/bin/java
5653f9181000-5653f957a000 rw-p 00000000 00:00 0                          [heap]
7fba04000000-7fba04021000 rw-p 00000000 00:00 0 
7fba04021000-7fba08000000 ---p 00000000 00:00 0 
7fba0991f000-7fba09a5f000 rw-p 00000000 00:00 0 
7fba09a5f000-7fba09b1f000 ---p 00000000 00:00 0 
7fba09b1f000-7fba09c9f000 rw-p 00000000 00:00 0 
7fba09c9f000-7fba09caf000 r-xp 00000000 00:17 633371                     /usr/lib/jvm/java-8-openjdk-amd64/jre/lib/amd64/libdecora_sse.so
7fba09caf000-7fba09eae000 ---p 00010000 00:17 633371                     /usr/lib/jvm/java-8-openjdk-amd64/jre/lib/amd64/libdecora_sse.so
7fba09eae000-7fba09eaf000 r--p 0000f000 00:17 633371                     /usr/lib/jvm/java-8-openjdk-amd64/jre/lib/amd64/libdecora_sse.so
7fba09eaf000-7fba09eb0000 rw-p 00010000 00:17 633371                     /usr/lib/jvm/java-8-openjdk-amd64/jre/lib/amd64/libdecora_sse.so
7fba09eb0000-7fba0a289000 r--p 00000000 00:17 46649                      /usr/share/fonts/truetype/droid/DroidSansFallbackFull.ttf
7fba0a289000-7fba0a2a5000 r--p 00000000 00:17 46776                      /usr/share/fonts/truetype/tlwg/Laksaman.ttf
7fba0a2a5000-7fba0a2bc000 r--p 00000000 00:17 46820                      /usr/share/fonts/truetype/tlwg/Waree.ttf
7fba0a2bc000-7fba0a35a000 r--p 00000000 00:17 230385                     /usr/share/fonts/truetype/dejavu/DejaVuSans-BoldOblique.ttf
7fba0a35a000-7fba0a3f6000 r--p 00000000 00:17 230387                     /usr/share/fonts/truetype/dejavu/DejaVuSans-Oblique.ttf
7fba0a3f6000-7fba0a4a3000 r--p 00000000 00:17 46643                      /usr/share/fonts/truetype/dejavu/DejaVuSans-Bold.ttf
7fba0a4a3000-7fba0a6a3000 rw-p 00000000 00:00 0 
7fba0a6a3000-7fba0a8a3000 rw-p 00000000 00:00 0 
7fba0a8a3000-7fba0a8a6000 ---p 00000000 00:00 0 
7fba0a8a6000-7fba0a9a4000 rw-p 00000000 00:00 0 
7fba0a9a4000-7fba0aa5d000 r--p 00000000 00:17 46644                      /usr/share/fonts/truetype/dejavu/DejaVuSans.ttf
7fba0aa5d000-7fba0aa62000 r-xp 00000000 00:17 633376                     /usr/lib/jvm/java-8-openjdk-amd64/jre/lib/amd64/libjavafx_font_freetype.so
7fba0aa62000-7fba0ac61000 ---p 00005000 00:17 633376                     /usr/lib/jvm/java-8-openjdk-amd64/jre/lib/amd64/libjavafx_font_freetype.so
7fba0ac61000-7fba0ac62000 r--p 00004000 00:17 633376                     /usr/lib/jvm/java-8-openjdk-amd64/jre/lib/amd64/libjavafx_font_freetype.so
7fba0ac62000-7fba0ac63000 rw-p 00005000 00:17 633376                     /usr/lib/jvm/java-8-openjdk-amd64/jre/lib/amd64/libjavafx_font_freetype.so
7fba0ac63000-7fba0ae63000 rw-p 00000000 00:00 0 
7fba0ae63000-7fba0ae66000 r-xp 00000000 00:17 633375                     /usr/lib/jvm/java-8-openjdk-amd64/jre/lib/amd64/libjavafx_font.so
7fba0ae66000-7fba0b065000 ---p 00003000 00:17 633375                     /usr/lib/jvm/java-8-openjdk-amd64/jre/lib/amd64/libjavafx_font.so
7fba0b065000-7fba0b066000 r--p 00002000 00:17 633375                     /usr/lib/jvm/java-8-openjdk-amd64/jre/lib/amd64/libjavafx_font.so
7fba0b066000-7fba0b067000 rw-p 00003000 00:17 633375                     /usr/lib/jvm/java-8-openjdk-amd64/jre/lib/amd64/libjavafx_font.so
7fba0b067000-7fba0b267000 rw-p 00000000 00:00 0 
7fba0b267000-7fba0b278000 r-xp 00000000 00:17 351361                     /usr/lib/jvm/java-8-openjdk-amd64/jre/lib/amd64/libnio.so
7fba0b278000-7fba0b478000 ---p 00011000 00:17 351361                     /usr/lib/jvm/java-8-openjdk-amd64/jre/lib/amd64/libnio.so
7fba0b478000-7fba0b479000 r--p 00011000 00:17 351361                     /usr/lib/jvm/java-8-openjdk-amd64/jre/lib/amd64/libnio.so
7fba0b479000-7fba0b47a000 rw-p 00012000 00:17 351361                     /usr/lib/jvm/java-8-openjdk-amd64/jre/lib/amd64/libnio.so
7fba0b47a000-7fba0b491000 r-xp 00000000 00:17 351360                     /usr/lib/jvm/java-8-openjdk-amd64/jre/lib/amd64/libnet.so
7fba0b491000-7fba0b690000 ---p 00017000 00:17 351360                     /usr/lib/jvm/java-8-openjdk-amd64/jre/lib/amd64/libnet.so
7fba0b690000-7fba0b691000 r--p 00016000 00:17 351360                     /usr/lib/jvm/java-8-openjdk-amd64/jre/lib/amd64/libnet.so
7fba0b691000-7fba0b692000 rw-p 00017000 00:17 351360                     /usr/lib/jvm/java-8-openjdk-amd64/jre/lib/amd64/libnet.so
7fba0b692000-7fba0b695000 ---p 00000000 00:00 0 
7fba0b695000-7fba0b793000 rw-p 00000000 00:00 0 
7fba0b793000-7fba0b796000 ---p 00000000 00:00 0 
7fba0b796000-7fba0b894000 rw-p 00000000 00:00 0 
7fba0b894000-7fba0b8ce000 r-xp 00000000 00:17 30384                      /usr/lib/x86_64-linux-gnu/gtk-2.0/2.10.0/engines/libmurrine.so
7fba0b8ce000-7fba0bace000 ---p 0003a000 00:17 30384                      /usr/lib/x86_64-linux-gnu/gtk-2.0/2.10.0/engines/libmurrine.so
7fba0bace000-7fba0bacf000 r--p 0003a000 00:17 30384                      /usr/lib/x86_64-linux-gnu/gtk-2.0/2.10.0/engines/libmurrine.so
7fba0bacf000-7fba0bad0000 rw-p 0003b000 00:17 30384                      /usr/lib/x86_64-linux-gnu/gtk-2.0/2.10.0/engines/libmurrine.so
7fba0bad0000-7fba0bae4000 r-xp 00000000 00:17 12315                      /lib/x86_64-linux-gnu/libgpg-error.so.0.22.0
7fba0bae4000-7fba0bce3000 ---p 00014000 00:17 12315                      /lib/x86_64-linux-gnu/libgpg-error.so.0.22.0
7fba0bce3000-7fba0bce4000 r--p 00013000 00:17 12315                      /lib/x86_64-linux-gnu/libgpg-error.so.0.22.0
7fba0bce4000-7fba0bce5000 rw-p 00014000 00:17 12315                      /lib/x86_64-linux-gnu/libgpg-error.so.0.22.0
7fba0bce5000-7fba0bdf9000 r-xp 00000000 00:17 341198                     /lib/x86_64-linux-gnu/libgcrypt.so.20.2.1
7fba0bdf9000-7fba0bff8000 ---p 00114000 00:17 341198                     /lib/x86_64-linux-gnu/libgcrypt.so.20.2.1
7fba0bff8000-7fba0bffa000 r--p 00113000 00:17 341198                     /lib/x86_64-linux-gnu/libgcrypt.so.20.2.1
7fba0bffa000-7fba0bfff000 rw-p 00115000 00:17 341198                     /lib/x86_64-linux-gnu/libgcrypt.so.20.2.1
7fba0bfff000-7fba0c000000 rw-p 00000000 00:00 0 
7fba0c000000-7fba0c021000 rw-p 00000000 00:00 0 
7fba0c021000-7fba10000000 ---p 00000000 00:00 0 
7fba1000c000-7fba10021000 r--p 00000000 00:17 46780                      /usr/share/fonts/truetype/tlwg/Loma.ttf
7fba10021000-7fba10034000 r--s 00346000 00:17 351404                     /usr/lib/jvm/java-8-openjdk-amd64/jre/lib/resources.jar
7fba10034000-7fba1004f000 r-xp 00000000 00:17 28303                      /usr/lib/x86_64-linux-gnu/liblz4.so.1.7.1
7fba1004f000-7fba1024e000 ---p 0001b000 00:17 28303                      /usr/lib/x86_64-linux-gnu/liblz4.so.1.7.1
7fba1024e000-7fba1024f000 r--p 0001a000 00:17 28303                      /usr/lib/x86_64-linux-gnu/liblz4.so.1.7.1
7fba1024f000-7fba10250000 rw-p 0001b000 00:17 28303                      /usr/lib/x86_64-linux-gnu/liblz4.so.1.7.1
7fba10250000-7fba10274000 r-xp 00000000 00:17 12334                      /lib/x86_64-linux-gnu/liblzma.so.5.2.2
7fba10274000-7fba10474000 ---p 00024000 00:17 12334                      /lib/x86_64-linux-gnu/liblzma.so.5.2.2
7fba10474000-7fba10475000 r--p 00024000 00:17 12334                      /lib/x86_64-linux-gnu/liblzma.so.5.2.2
7fba10475000-7fba10476000 rw-p 00025000 00:17 12334                      /lib/x86_64-linux-gnu/liblzma.so.5.2.2
7fba10476000-7fba104f6000 r-xp 00000000 00:17 340610                     /lib/x86_64-linux-gnu/libsystemd.so.0.21.0
7fba104f6000-7fba106f5000 ---p 00080000 00:17 340610                     /lib/x86_64-linux-gnu/libsystemd.so.0.21.0
7fba106f5000-7fba106f8000 r--p 0007f000 00:17 340610                     /lib/x86_64-linux-gnu/libsystemd.so.0.21.0
7fba106f8000-7fba106f9000 rw-p 00082000 00:17 340610                     /lib/x86_64-linux-gnu/libsystemd.so.0.21.0
7fba106f9000-7fba106fa000 rw-p 00000000 00:00 0 
7fba106fa000-7fba10726000 r-xp 00000000 00:17 27679                      /usr/lib/x86_64-linux-gnu/libatspi.so.0.0.1
7fba10726000-7fba10926000 ---p 0002c000 00:17 27679                      /usr/lib/x86_64-linux-gnu/libatspi.so.0.0.1
7fba10926000-7fba10929000 r--p 0002c000 00:17 27679                      /usr/lib/x86_64-linux-gnu/libatspi.so.0.0.1
7fba10929000-7fba1092a000 rw-p 0002f000 00:17 27679                      /usr/lib/x86_64-linux-gnu/libatspi.so.0.0.1
7fba1092a000-7fba10975000 r-xp 00000000 00:17 12289                      /lib/x86_64-linux-gnu/libdbus-1.so.3.19.4
7fba10975000-7fba10b75000 ---p 0004b000 00:17 12289                      /lib/x86_64-linux-gnu/libdbus-1.so.3.19.4
7fba10b75000-7fba10b76000 r--p 0004b000 00:17 12289                      /lib/x86_64-linux-gnu/libdbus-1.so.3.19.4
7fba10b76000-7fba10b77000 rw-p 0004c000 00:17 12289                      /lib/x86_64-linux-gnu/libdbus-1.so.3.19.4
7fba10b77000-7fba10ba5000 r-xp 00000000 00:17 27677                      /usr/lib/x86_64-linux-gnu/libatk-bridge-2.0.so.0.0.0
7fba10ba5000-7fba10da5000 ---p 0002e000 00:17 27677                      /usr/lib/x86_64-linux-gnu/libatk-bridge-2.0.so.0.0.0
7fba10da5000-7fba10da6000 r--p 0002e000 00:17 27677                      /usr/lib/x86_64-linux-gnu/libatk-bridge-2.0.so.0.0.0
7fba10da6000-7fba10da7000 rw-p 0002f000 00:17 27677                      /usr/lib/x86_64-linux-gnu/libatk-bridge-2.0.so.0.0.0
7fba10da7000-7fba10da8000 rw-p 00000000 00:00 0 
7fba10da8000-7fba10da9000 r-xp 00000000 00:17 30402                      /usr/lib/x86_64-linux-gnu/gtk-2.0/modules/libatk-bridge.so
7fba10da9000-7fba10fa8000 ---p 00001000 00:17 30402                      /usr/lib/x86_64-linux-gnu/gtk-2.0/modules/libatk-bridge.so
7fba10fa8000-7fba10fa9000 r--p 00000000 00:17 30402                      /usr/lib/x86_64-linux-gnu/gtk-2.0/modules/libatk-bridge.so
7fba10fa9000-7fba10faa000 rw-p 00001000 00:17 30402                      /usr/lib/x86_64-linux-gnu/gtk-2.0/modules/libatk-bridge.so
7fba10faa000-7fba10fb1000 r-xp 00000000 00:17 27979                      /usr/lib/x86_64-linux-gnu/libgailutil.so.18.0.1
7fba10fb1000-7fba111b0000 ---p 00007000 00:17 27979                      /usr/lib/x86_64-linux-gnu/libgailutil.so.18.0.1
7fba111b0000-7fba111b1000 r--p 00006000 00:17 27979                      /usr/lib/x86_64-linux-gnu/libgailutil.so.18.0.1
7fba111b1000-7fba111b2000 rw-p 00007000 00:17 27979                      /usr/lib/x86_64-linux-gnu/libgailutil.so.18.0.1
7fba111b2000-7fba111ff000 r-xp 00000000 00:17 30404                      /usr/lib/x86_64-linux-gnu/gtk-2.0/modules/libgail.so
7fba111ff000-7fba113ff000 ---p 0004d000 00:17 30404                      /usr/lib/x86_64-linux-gnu/gtk-2.0/modules/libgail.so
7fba113ff000-7fba11400000 r--p 0004d000 00:17 30404                      /usr/lib/x86_64-linux-gnu/gtk-2.0/modules/libgail.so
7fba11400000-7fba11402000 rw-p 0004e000 00:17 30404                      /usr/lib/x86_64-linux-gnu/gtk-2.0/modules/libgail.so
7fba11402000-7fba11408000 r-xp 00000000 00:17 308063                     /lib/x86_64-linux-gnu/libuuid.so.1.3.0
7fba11408000-7fba11607000 ---p 00006000 00:17 308063                     /lib/x86_64-linux-gnu/libuuid.so.1.3.0
7fba11607000-7fba11608000 r--p 00005000 00:17 308063                     /lib/x86_64-linux-gnu/libuuid.so.1.3.0
7fba11608000-7fba11609000 rw-p 00006000 00:17 308063                     /lib/x86_64-linux-gnu/libuuid.so.1.3.0
7fba11609000-7fba1160f000 r-xp 00000000 00:17 27821                      /usr/lib/x86_64-linux-gnu/libdatrie.so.1.3.3
7fba1160f000-7fba1180e000 ---p 00006000 00:17 27821                      /usr/lib/x86_64-linux-gnu/libdatrie.so.1.3.3
7fba1180e000-7fba1180f000 r--p 00005000 00:17 27821                      /usr/lib/x86_64-linux-gnu/libdatrie.so.1.3.3
7fba1180f000-7fba11810000 rw-p 00006000 00:17 27821                      /usr/lib/x86_64-linux-gnu/libdatrie.so.1.3.3
7fba11810000-7fba1183b000 r-xp 00000000 00:17 28080                      /usr/lib/x86_64-linux-gnu/libgraphite2.so.3.0.1
7fba1183b000-7fba11a3a000 ---p 0002b000 00:17 28080                      /usr/lib/x86_64-linux-gnu/libgraphite2.so.3.0.1
7fba11a3a000-7fba11a3c000 r--p 0002a000 00:17 28080                      /usr/lib/x86_64-linux-gnu/libgraphite2.so.3.0.1
7fba11a3c000-7fba11a3d000 rw-p 0002c000 00:17 28080                      /usr/lib/x86_64-linux-gnu/libgraphite2.so.3.0.1
7fba11a3d000-7fba11a84000 r-xp 00000000 00:17 308088                     /lib/x86_64-linux-gnu/libblkid.so.1.1.0
7fba11a84000-7fba11c84000 ---p 00047000 00:17 308088                     /lib/x86_64-linux-gnu/libblkid.so.1.1.0
7fba11c84000-7fba11c88000 r--p 00047000 00:17 308088                     /lib/x86_64-linux-gnu/libblkid.so.1.1.0
7fba11c88000-7fba11c89000 rw-p 0004b000 00:17 308088                     /lib/x86_64-linux-gnu/libblkid.so.1.1.0
7fba11c89000-7fba11c8a000 rw-p 00000000 00:00 0 
7fba11c8a000-7fba11c92000 r-xp 00000000 00:17 28635                      /usr/lib/x86_64-linux-gnu/libthai.so.0.3.0
7fba11c92000-7fba11e91000 ---p 00008000 00:17 28635                      /usr/lib/x86_64-linux-gnu/libthai.so.0.3.0
7fba11e91000-7fba11e92000 r--p 00007000 00:17 28635                      /usr/lib/x86_64-linux-gnu/libthai.so.0.3.0
7fba11e92000-7fba11e93000 rw-p 00008000 00:17 28635                      /usr/lib/x86_64-linux-gnu/libthai.so.0.3.0
7fba11e93000-7fba11f2f000 r-xp 00000000 00:17 28163                      /usr/lib/x86_64-linux-gnu/libharfbuzz.so.0.10702.0
7fba11f2f000-7fba1212f000 ---p 0009c000 00:17 28163                      /usr/lib/x86_64-linux-gnu/libharfbuzz.so.0.10702.0
7fba1212f000-7fba12130000 r--p 0009c000 00:17 28163                      /usr/lib/x86_64-linux-gnu/libharfbuzz.so.0.10702.0
7fba12130000-7fba12131000 rw-p 0009d000 00:17 28163                      /usr/lib/x86_64-linux-gnu/libharfbuzz.so.0.10702.0
7fba12131000-7fba121a1000 r-xp 00000000 00:17 12396                      /lib/x86_64-linux-gnu/libpcre.so.3.13.3
7fba121a1000-7fba123a1000 ---p 00070000 00:17 12396                      /lib/x86_64-linux-gnu/libpcre.so.3.13.3
7fba123a1000-7fba123a2000 r--p 00070000 00:17 12396                      /lib/x86_64-linux-gnu/libpcre.so.3.13.3
7fba123a2000-7fba123a3000 rw-p 00071000 00:17 12396                      /lib/x86_64-linux-gnu/libpcre.so.3.13.3
7fba123a3000-7fba123f4000 r-xp 00000000 00:17 308140                     /lib/x86_64-linux-gnu/libmount.so.1.1.0
7fba123f4000-7fba125f3000 ---p 00051000 00:17 308140                     /lib/x86_64-linux-gnu/libmount.so.1.1.0
7fba125f3000-7fba125f5000 r--p 00050000 00:17 308140                     /lib/x86_64-linux-gnu/libmount.so.1.1.0
7fba125f5000-7fba125f6000 rw-p 00052000 00:17 308140                     /lib/x86_64-linux-gnu/libmount.so.1.1.0
7fba125f6000-7fba125f7000 rw-p 00000000 00:00 0 
7fba125f7000-7fba1260e000 r-xp 00000000 00:17 12413                      /lib/x86_64-linux-gnu/libresolv-2.27.so
7fba1260e000-7fba1280e000 ---p 00017000 00:17 12413                      /lib/x86_64-linux-gnu/libresolv-2.27.so
7fba1280e000-7fba1280f000 r--p 00017000 00:17 12413                      /lib/x86_64-linux-gnu/libresolv-2.27.so
7fba1280f000-7fba12810000 rw-p 00018000 00:17 12413                      /lib/x86_64-linux-gnu/libresolv-2.27.so
7fba12810000-7fba12812000 rw-p 00000000 00:00 0 
7fba12812000-7fba12837000 r-xp 00000000 00:17 12419                      /lib/x86_64-linux-gnu/libselinux.so.1
7fba12837000-7fba12a36000 ---p 00025000 00:17 12419                      /lib/x86_64-linux-gnu/libselinux.so.1
7fba12a36000-7fba12a37000 r--p 00024000 00:17 12419                      /lib/x86_64-linux-gnu/libselinux.so.1
7fba12a37000-7fba12a38000 rw-p 00025000 00:17 12419                      /lib/x86_64-linux-gnu/libselinux.so.1
7fba12a38000-7fba12a3a000 rw-p 00000000 00:00 0 
7fba12a3a000-7fba12a46000 r-xp 00000000 00:17 28779                      /usr/lib/x86_64-linux-gnu/libxcb-render.so.0.0.0
7fba12a46000-7fba12c45000 ---p 0000c000 00:17 28779                      /usr/lib/x86_64-linux-gnu/libxcb-render.so.0.0.0
7fba12c45000-7fba12c46000 r--p 0000b000 00:17 28779                      /usr/lib/x86_64-linux-gnu/libxcb-render.so.0.0.0
7fba12c46000-7fba12c47000 rw-p 0000c000 00:17 28779                      /usr/lib/x86_64-linux-gnu/libxcb-render.so.0.0.0
7fba12c47000-7fba12c49000 r-xp 00000000 00:17 28785                      /usr/lib/x86_64-linux-gnu/libxcb-shm.so.0.0.0
7fba12c49000-7fba12e48000 ---p 00002000 00:17 28785                      /usr/lib/x86_64-linux-gnu/libxcb-shm.so.0.0.0
7fba12e48000-7fba12e49000 r--p 00001000 00:17 28785                      /usr/lib/x86_64-linux-gnu/libxcb-shm.so.0.0.0
7fba12e49000-7fba12e4a000 rw-p 00002000 00:17 28785                      /usr/lib/x86_64-linux-gnu/libxcb-shm.so.0.0.0
7fba12e4a000-7fba12e7b000 r-xp 00000000 00:17 345702                     /usr/lib/x86_64-linux-gnu/libpng16.so.16.34.0
7fba12e7b000-7fba1307a000 ---p 00031000 00:17 345702                     /usr/lib/x86_64-linux-gnu/libpng16.so.16.34.0
7fba1307a000-7fba1307b000 r--p 00030000 00:17 345702                     /usr/lib/x86_64-linux-gnu/libpng16.so.16.34.0
7fba1307b000-7fba1307c000 rw-p 00031000 00:17 345702                     /usr/lib/x86_64-linux-gnu/libpng16.so.16.34.0
7fba1307c000-7fba13129000 r-xp 00000000 00:17 27969                      /usr/lib/x86_64-linux-gnu/libfreetype.so.6.15.0
7fba13129000-7fba13328000 ---p 000ad000 00:17 27969                      /usr/lib/x86_64-linux-gnu/libfreetype.so.6.15.0
7fba13328000-7fba1332f000 r--p 000ac000 00:17 27969                      /usr/lib/x86_64-linux-gnu/libfreetype.so.6.15.0
7fba1332f000-7fba13330000 rw-p 000b3000 00:17 27969                      /usr/lib/x86_64-linux-gnu/libfreetype.so.6.15.0
7fba13330000-7fba133cd000 r-xp 00000000 00:17 28451                      /usr/lib/x86_64-linux-gnu/libpixman-1.so.0.34.0
7fba133cd000-7fba135cc000 ---p 0009d000 00:17 28451                      /usr/lib/x86_64-linux-gnu/libpixman-1.so.0.34.0
7fba135cc000-7fba135d4000 r--p 0009c000 00:17 28451                      /usr/lib/x86_64-linux-gnu/libpixman-1.so.0.34.0
7fba135d4000-7fba135d5000 rw-p 000a4000 00:17 28451                      /usr/lib/x86_64-linux-gnu/libpixman-1.so.0.34.0
7fba135d5000-7fba135d7000 r-xp 00000000 00:17 27594                      /usr/lib/x86_64-linux-gnu/libXcomposite.so.1.0.0
7fba135d7000-7fba137d6000 ---p 00002000 00:17 27594                      /usr/lib/x86_64-linux-gnu/libXcomposite.so.1.0.0
7fba137d6000-7fba137d7000 r--p 00001000 00:17 27594                      /usr/lib/x86_64-linux-gnu/libXcomposite.so.1.0.0
7fba137d7000-7fba137d8000 rw-p 00002000 00:17 27594                      /usr/lib/x86_64-linux-gnu/libXcomposite.so.1.0.0
7fba137d8000-7fba137e1000 r-xp 00000000 00:17 27596                      /usr/lib/x86_64-linux-gnu/libXcursor.so.1.0.2
7fba137e1000-7fba139e0000 ---p 00009000 00:17 27596                      /usr/lib/x86_64-linux-gnu/libXcursor.so.1.0.2
7fba139e0000-7fba139e1000 r--p 00008000 00:17 27596                      /usr/lib/x86_64-linux-gnu/libXcursor.so.1.0.2
7fba139e1000-7fba139e2000 rw-p 00009000 00:17 27596                      /usr/lib/x86_64-linux-gnu/libXcursor.so.1.0.2
7fba139e2000-7fba139ec000 r-xp 00000000 00:17 27620                      /usr/lib/x86_64-linux-gnu/libXrandr.so.2.2.0
7fba139ec000-7fba13beb000 ---p 0000a000 00:17 27620                      /usr/lib/x86_64-linux-gnu/libXrandr.so.2.2.0
7fba13beb000-7fba13bec000 r--p 00009000 00:17 27620                      /usr/lib/x86_64-linux-gnu/libXrandr.so.2.2.0
7fba13bec000-7fba13bed000 rw-p 0000a000 00:17 27620                      /usr/lib/x86_64-linux-gnu/libXrandr.so.2.2.0
7fba13bed000-7fba13bfc000 r-xp 00000000 00:17 27610                      /usr/lib/x86_64-linux-gnu/libXi.so.6.1.0
7fba13bfc000-7fba13dfb000 ---p 0000f000 00:17 27610                      /usr/lib/x86_64-linux-gnu/libXi.so.6.1.0
7fba13dfb000-7fba13dfc000 r--p 0000e000 00:17 27610                      /usr/lib/x86_64-linux-gnu/libXi.so.6.1.0
7fba13dfc000-7fba13dfd000 rw-p 0000f000 00:17 27610                      /usr/lib/x86_64-linux-gnu/libXi.so.6.1.0
7fba13dfd000-7fba13dff000 r-xp 00000000 00:17 27612                      /usr/lib/x86_64-linux-gnu/libXinerama.so.1.0.0
7fba13dff000-7fba13ffe000 ---p 00002000 00:17 27612                      /usr/lib/x86_64-linux-gnu/libXinerama.so.1.0.0
7fba13ffe000-7fba13fff000 r--p 00001000 00:17 27612                      /usr/lib/x86_64-linux-gnu/libXinerama.so.1.0.0
7fba13fff000-7fba14000000 rw-p 00002000 00:17 27612                      /usr/lib/x86_64-linux-gnu/libXinerama.so.1.0.0
7fba14000000-7fba14021000 rw-p 00000000 00:00 0 
7fba14021000-7fba18000000 ---p 00000000 00:00 0 
7fba18002000-7fba18008000 r--p 00000000 00:17 345307                     /usr/share/locale-langpack/ja/LC_MESSAGES/gdk-pixbuf.mo
7fba18008000-7fba18013000 r--s 00000000 00:17 133200                     /var/cache/fontconfig/945677eb7aeaf62f1d50efc3fb3ec7d8-le64.cache-7
7fba18013000-7fba18016000 r--s 00000000 00:17 250903                     /var/cache/fontconfig/f24b2111ab8703b4e963115a8cf14259-le64.cache-7
7fba18016000-7fba1801b000 r--s 00000000 00:17 133171                     /var/cache/fontconfig/2300eef321c393bfd76478a5c0e95b23-le64.cache-7
7fba1801b000-7fba1801c000 r--s 00000000 00:17 133164                     /var/cache/fontconfig/0d8c3b2ac0904cb8a57a757ad11a4a08-le64.cache-7
7fba1801c000-7fba18031000 r--s 00000000 00:17 133161                     /var/cache/fontconfig/04aabc0a78ac019cf9454389977116d2-le64.cache-7
7fba18031000-7fba18032000 r--s 00000000 00:17 133168                     /var/cache/fontconfig/1ac9eb803944fde146138c791f5cc56a-le64.cache-7
7fba18032000-7fba18033000 r--s 00000000 00:17 133219                     /var/cache/fontconfig/dc05db6664285cc2f12bf69c139ae4c3-le64.cache-7
7fba18033000-7fba18035000 r--s 00000000 00:17 133165                     /var/cache/fontconfig/14a5e22175779b556eaa434240950366-le64.cache-7
7fba18035000-7fba18036000 r--s 00000000 00:17 133192                     /var/cache/fontconfig/660208299946a285a940457d1287da33-le64.cache-7
7fba18036000-7fba18038000 r--s 00000000 00:17 133183                     /var/cache/fontconfig/4f3e3037c9980c83b53a9351efadef62-le64.cache-7
7fba18038000-7fba1803a000 r--s 00000000 00:17 133197                     /var/cache/fontconfig/767a8244fc0220cfb567a839d0392e0b-le64.cache-7
7fba1803a000-7fba1803b000 r--s 00000000 00:17 482290                     /var/cache/fontconfig/4794a0821666d79190d59a36cb4f44b5-le64.cache-7
7fba1803b000-7fba1803d000 r--s 00000000 00:17 133162                     /var/cache/fontconfig/0bd3dc0958fa2205aaaa8ebb13e2872b-le64.cache-7
7fba1803d000-7fba18042000 r--s 00000000 00:17 133220                     /var/cache/fontconfig/def309198bfa603429122923fa2bb2d4-le64.cache-7
7fba18042000-7fba18043000 r--s 00000000 00:17 133208                     /var/cache/fontconfig/b872e6e592da6075ffa4ab0a1fcc0c75-le64.cache-7
7fba18043000-7fba18044000 r--s 00000000 00:17 133225                     /var/cache/fontconfig/f6d4eedfaab2589bde49f7a3ff831d22-le64.cache-7
7fba18044000-7fba18045000 r--s 00000000 00:17 133190                     /var/cache/fontconfig/589f83ef4c36d296ce6e1c846f468f08-le64.cache-7
7fba18045000-7fba18046000 r--s 00000000 00:17 133210                     /var/cache/fontconfig/bab58bb527bb656aaa9f116d68a48d89-le64.cache-7
7fba18046000-7fba18047000 r--s 00000000 00:17 133169                     /var/cache/fontconfig/2171a34dccabdb6bcbbc728186263178-le64.cache-7
7fba18047000-7fba18048000 r--s 00000000 00:17 133211                     /var/cache/fontconfig/c5c45a61289222e0d30b1a26ef4effbe-le64.cache-7
7fba18048000-7fba18049000 r--s 00000000 00:17 133206                     /var/cache/fontconfig/aec30016f93e1b46d1a973dce0d74068-le64.cache-7
7fba18049000-7fba1804a000 r--s 00000000 00:17 133176                     /var/cache/fontconfig/3f589640d34b7dc9042c8d453f7c8b9c-le64.cache-7
7fba1804a000-7fba1804b000 r--s 00000000 00:17 133166                     /var/cache/fontconfig/16c2fda60d1b4b719f4b3d06fd951d25-le64.cache-7
7fba1804b000-7fba1804c000 r--s 00000000 00:17 133205                     /var/cache/fontconfig/a48eab177a16e4f3713381162db2f3e9-le64.cache-7
7fba1804c000-7fba1804d000 r--s 00000000 00:17 133186                     /var/cache/fontconfig/564b2e68ac9bc4e36a6f7f6d6125ec1c-le64.cache-7
7fba1804d000-7fba18053000 r--s 00000000 00:17 482286                     /var/cache/fontconfig/3047814df9a2f067bd2d96a2b9c36e5a-le64.cache-7
7fba18053000-7fba18066000 r--s 00000000 00:17 133216                     /var/cache/fontconfig/d52a8644073d54c13679302ca1180695-le64.cache-7
7fba18066000-7fba18069000 ---p 00000000 00:00 0 
7fba18069000-7fba18167000 rw-p 00000000 00:00 0 
7fba18167000-7fba18170000 r-xp 00000000 00:17 27622                      /usr/lib/x86_64-linux-gnu/libXrender.so.1.3.0
7fba18170000-7fba1836f000 ---p 00009000 00:17 27622                      /usr/lib/x86_64-linux-gnu/libXrender.so.1.3.0
7fba1836f000-7fba18370000 r--p 00008000 00:17 27622                      /usr/lib/x86_64-linux-gnu/libXrender.so.1.3.0
7fba18370000-7fba18371000 rw-p 00009000 00:17 27622                      /usr/lib/x86_64-linux-gnu/libXrender.so.1.3.0
7fba18371000-7fba183af000 r-xp 00000000 00:17 27951                      /usr/lib/x86_64-linux-gnu/libfontconfig.so.1.10.1
7fba183af000-7fba185af000 ---p 0003e000 00:17 27951                      /usr/lib/x86_64-linux-gnu/libfontconfig.so.1.10.1
7fba185af000-7fba185b1000 r--p 0003e000 00:17 27951                      /usr/lib/x86_64-linux-gnu/libfontconfig.so.1.10.1
7fba185b1000-7fba185b6000 rw-p 00040000 00:17 27951                      /usr/lib/x86_64-linux-gnu/libfontconfig.so.1.10.1
7fba185b6000-7fba18600000 r-xp 00000000 00:17 435607                     /usr/lib/x86_64-linux-gnu/libpango-1.0.so.0.4000.14
7fba18600000-7fba187ff000 ---p 0004a000 00:17 435607                     /usr/lib/x86_64-linux-gnu/libpango-1.0.so.0.4000.14
7fba187ff000-7fba18802000 r--p 00049000 00:17 435607                     /usr/lib/x86_64-linux-gnu/libpango-1.0.so.0.4000.14
7fba18802000-7fba18803000 rw-p 0004c000 00:17 435607                     /usr/lib/x86_64-linux-gnu/libpango-1.0.so.0.4000.14
7fba18803000-7fba18817000 r-xp 00000000 00:17 435629                     /usr/lib/x86_64-linux-gnu/libpangoft2-1.0.so.0.4000.14
7fba18817000-7fba18a17000 ---p 00014000 00:17 435629                     /usr/lib/x86_64-linux-gnu/libpangoft2-1.0.so.0.4000.14
7fba18a17000-7fba18a18000 r--p 00014000 00:17 435629                     /usr/lib/x86_64-linux-gnu/libpangoft2-1.0.so.0.4000.14
7fba18a18000-7fba18a19000 rw-p 00015000 00:17 435629                     /usr/lib/x86_64-linux-gnu/libpangoft2-1.0.so.0.4000.14
7fba18a19000-7fba18a3b000 r-xp 00000000 00:17 27675                      /usr/lib/x86_64-linux-gnu/libatk-1.0.so.0.22810.1
7fba18a3b000-7fba18c3b000 ---p 00022000 00:17 27675                      /usr/lib/x86_64-linux-gnu/libatk-1.0.so.0.22810.1
7fba18c3b000-7fba18c3e000 r--p 00022000 00:17 27675                      /usr/lib/x86_64-linux-gnu/libatk-1.0.so.0.22810.1
7fba18c3e000-7fba18c3f000 rw-p 00025000 00:17 27675                      /usr/lib/x86_64-linux-gnu/libatk-1.0.so.0.22810.1
7fba18c3f000-7fba18c4b000 r-xp 00000000 00:17 435648                     /usr/lib/x86_64-linux-gnu/libpangocairo-1.0.so.0.4000.14
7fba18c4b000-7fba18e4a000 ---p 0000c000 00:17 435648                     /usr/lib/x86_64-linux-gnu/libpangocairo-1.0.so.0.4000.14
7fba18e4a000-7fba18e4b000 r--p 0000b000 00:17 435648                     /usr/lib/x86_64-linux-gnu/libpangocairo-1.0.so.0.4000.14
7fba18e4b000-7fba18e4c000 rw-p 0000c000 00:17 435648                     /usr/lib/x86_64-linux-gnu/libpangocairo-1.0.so.0.4000.14
7fba18e4c000-7fba18e4f000 r-xp 00000000 00:17 433208                     /usr/lib/x86_64-linux-gnu/libgmodule-2.0.so.0.5600.2
7fba18e4f000-7fba1904e000 ---p 00003000 00:17 433208                     /usr/lib/x86_64-linux-gnu/libgmodule-2.0.so.0.5600.2
7fba1904e000-7fba1904f000 r--p 00002000 00:17 433208                     /usr/lib/x86_64-linux-gnu/libgmodule-2.0.so.0.5600.2
7fba1904f000-7fba19050000 rw-p 00003000 00:17 433208                     /usr/lib/x86_64-linux-gnu/libgmodule-2.0.so.0.5600.2
7fba19050000-7fba19055000 r-xp 00000000 00:17 27628                      /usr/lib/x86_64-linux-gnu/libXtst.so.6.1.0
7fba19055000-7fba19254000 ---p 00005000 00:17 27628                      /usr/lib/x86_64-linux-gnu/libXtst.so.6.1.0
7fba19254000-7fba19255000 r--p 00004000 00:17 27628                      /usr/lib/x86_64-linux-gnu/libXtst.so.6.1.0
7fba19255000-7fba19256000 rw-p 00005000 00:17 27628                      /usr/lib/x86_64-linux-gnu/libXtst.so.6.1.0
7fba19256000-7fba19369000 r-xp 00000000 00:17 433207                     /usr/lib/x86_64-linux-gnu/libglib-2.0.so.0.5600.2
7fba19369000-7fba19569000 ---p 00113000 00:17 433207                     /usr/lib/x86_64-linux-gnu/libglib-2.0.so.0.5600.2
7fba19569000-7fba1956a000 r--p 00113000 00:17 433207                     /usr/lib/x86_64-linux-gnu/libglib-2.0.so.0.5600.2
7fba1956a000-7fba1956b000 rw-p 00114000 00:17 433207                     /usr/lib/x86_64-linux-gnu/libglib-2.0.so.0.5600.2
7fba1956b000-7fba1956c000 rw-p 00000000 00:00 0 
7fba1956c000-7fba1956d000 r-xp 00000000 00:17 433210                     /usr/lib/x86_64-linux-gnu/libgthread-2.0.so.0.5600.2
7fba1956d000-7fba1976c000 ---p 00001000 00:17 433210                     /usr/lib/x86_64-linux-gnu/libgthread-2.0.so.0.5600.2
7fba1976c000-7fba1976d000 r--p 00000000 00:17 433210                     /usr/lib/x86_64-linux-gnu/libgthread-2.0.so.0.5600.2
7fba1976d000-7fba1976e000 rw-p 00001000 00:17 433210                     /usr/lib/x86_64-linux-gnu/libgthread-2.0.so.0.5600.2
7fba1976e000-7fba197c0000 r-xp 00000000 00:17 433209                     /usr/lib/x86_64-linux-gnu/libgobject-2.0.so.0.5600.2
7fba197c0000-7fba199c0000 ---p 00052000 00:17 433209                     /usr/lib/x86_64-linux-gnu/libgobject-2.0.so.0.5600.2
7fba199c0000-7fba199c1000 r--p 00052000 00:17 433209                     /usr/lib/x86_64-linux-gnu/libgobject-2.0.so.0.5600.2
7fba199c1000-7fba199c2000 rw-p 00053000 00:17 433209                     /usr/lib/x86_64-linux-gnu/libgobject-2.0.so.0.5600.2
7fba199c2000-7fba19b57000 r-xp 00000000 00:17 433206                     /usr/lib/x86_64-linux-gnu/libgio-2.0.so.0.5600.2
7fba19b57000-7fba19d57000 ---p 00195000 00:17 433206                     /usr/lib/x86_64-linux-gnu/libgio-2.0.so.0.5600.2
7fba19d57000-7fba19d5e000 r--p 00195000 00:17 433206                     /usr/lib/x86_64-linux-gnu/libgio-2.0.so.0.5600.2
7fba19d5e000-7fba19d5f000 rw-p 0019c000 00:17 433206                     /usr/lib/x86_64-linux-gnu/libgio-2.0.so.0.5600.2
7fba19d5f000-7fba19d61000 rw-p 00000000 00:00 0 
7fba19d61000-7fba19d83000 r-xp 00000000 00:17 28007                      /usr/lib/x86_64-linux-gnu/libgdk_pixbuf-2.0.so.0.3611.0
7fba19d83000-7fba19f83000 ---p 00022000 00:17 28007                      /usr/lib/x86_64-linux-gnu/libgdk_pixbuf-2.0.so.0.3611.0
7fba19f83000-7fba19f84000 r--p 00022000 00:17 28007                      /usr/lib/x86_64-linux-gnu/libgdk_pixbuf-2.0.so.0.3611.0
7fba19f84000-7fba19f85000 rw-p 00023000 00:17 28007                      /usr/lib/x86_64-linux-gnu/libgdk_pixbuf-2.0.so.0.3611.0
7fba19f85000-7fba1a09d000 r-xp 00000000 00:17 27744                      /usr/lib/x86_64-linux-gnu/libcairo.so.2.11510.0
7fba1a09d000-7fba1a29c000 ---p 00118000 00:17 27744                      /usr/lib/x86_64-linux-gnu/libcairo.so.2.11510.0
7fba1a29c000-7fba1a29f000 r--p 00117000 00:17 27744                      /usr/lib/x86_64-linux-gnu/libcairo.so.2.11510.0
7fba1a29f000-7fba1a2a1000 rw-p 0011a000 00:17 27744                      /usr/lib/x86_64-linux-gnu/libcairo.so.2.11510.0
7fba1a2a1000-7fba1a2a2000 rw-p 00000000 00:00 0 
7fba1a2a2000-7fba1a352000 r-xp 00000000 00:17 28005                      /usr/lib/x86_64-linux-gnu/libgdk-x11-2.0.so.0.2400.32
7fba1a352000-7fba1a551000 ---p 000b0000 00:17 28005                      /usr/lib/x86_64-linux-gnu/libgdk-x11-2.0.so.0.2400.32
7fba1a551000-7fba1a555000 r--p 000af000 00:17 28005                      /usr/lib/x86_64-linux-gnu/libgdk-x11-2.0.so.0.2400.32
7fba1a555000-7fba1a557000 rw-p 000b3000 00:17 28005                      /usr/lib/x86_64-linux-gnu/libgdk-x11-2.0.so.0.2400.32
7fba1a557000-7fba1a98c000 r-xp 00000000 00:17 28138                      /usr/lib/x86_64-linux-gnu/libgtk-x11-2.0.so.0.2400.32
7fba1a98c000-7fba1ab8b000 ---p 00435000 00:17 28138                      /usr/lib/x86_64-linux-gnu/libgtk-x11-2.0.so.0.2400.32
7fba1ab8b000-7fba1ab92000 r--p 00434000 00:17 28138                      /usr/lib/x86_64-linux-gnu/libgtk-x11-2.0.so.0.2400.32
7fba1ab92000-7fba1ab96000 rw-p 0043b000 00:17 28138                      /usr/lib/x86_64-linux-gnu/libgtk-x11-2.0.so.0.2400.32
7fba1ab96000-7fba1ab99000 rw-p 00000000 00:00 0 
7fba1ab99000-7fba1abc1000 r-xp 00000000 00:17 633373                     /usr/lib/jvm/java-8-openjdk-amd64/jre/lib/amd64/libglass.so
7fba1abc1000-7fba1adc1000 ---p 00028000 00:17 633373                     /usr/lib/jvm/java-8-openjdk-amd64/jre/lib/amd64/libglass.so
7fba1adc1000-7fba1adc2000 r--p 00028000 00:17 633373                     /usr/lib/jvm/java-8-openjdk-amd64/jre/lib/amd64/libglass.so
7fba1adc2000-7fba1adc3000 rw-p 00029000 00:17 633373                     /usr/lib/jvm/java-8-openjdk-amd64/jre/lib/amd64/libglass.so
7fba1adc3000-7fba1add1000 r-xp 00000000 00:17 633383                     /usr/lib/jvm/java-8-openjdk-amd64/jre/lib/amd64/libprism_sw.so
7fba1add1000-7fba1afd1000 ---p 0000e000 00:17 633383                     /usr/lib/jvm/java-8-openjdk-amd64/jre/lib/amd64/libprism_sw.so
7fba1afd1000-7fba1afd2000 r--p 0000e000 00:17 633383                     /usr/lib/jvm/java-8-openjdk-amd64/jre/lib/amd64/libprism_sw.so
7fba1afd2000-7fba1afd3000 rw-p 0000f000 00:17 633383                     /usr/lib/jvm/java-8-openjdk-amd64/jre/lib/amd64/libprism_sw.so
7fba1afd3000-7fba1afd4000 ---p 00000000 00:00 0 
7fba1afd4000-7fba1b7d4000 rw-p 00000000 00:00 0 
7fba1b7d4000-7fba1b7d5000 ---p 00000000 00:00 0 
7fba1b7d5000-7fba1bfd5000 rw-p 00000000 00:00 0 
7fba1bfd5000-7fba1bffa000 r-xp 00000000 00:17 349926                     /lib/x86_64-linux-gnu/libtinfo.so.5.9
7fba1bffa000-7fba1c1fa000 ---p 00025000 00:17 349926                     /lib/x86_64-linux-gnu/libtinfo.so.5.9
7fba1c1fa000-7fba1c1fe000 r--p 00025000 00:17 349926                     /lib/x86_64-linux-gnu/libtinfo.so.5.9
7fba1c1fe000-7fba1c1ff000 rw-p 00029000 00:17 349926                     /lib/x86_64-linux-gnu/libtinfo.so.5.9
7fba1c1ff000-7fba1c230000 r-xp 00000000 00:17 27893                      /usr/lib/x86_64-linux-gnu/libedit.so.2.0.56
7fba1c230000-7fba1c42f000 ---p 00031000 00:17 27893                      /usr/lib/x86_64-linux-gnu/libedit.so.2.0.56
7fba1c42f000-7fba1c431000 r--p 00030000 00:17 27893                      /usr/lib/x86_64-linux-gnu/libedit.so.2.0.56
7fba1c431000-7fba1c432000 rw-p 00032000 00:17 27893                      /usr/lib/x86_64-linux-gnu/libedit.so.2.0.56
7fba1c432000-7fba1c436000 rw-p 00000000 00:00 0 
7fba1c436000-7fba1c43d000 r-xp 00000000 00:17 27937                      /usr/lib/x86_64-linux-gnu/libffi.so.6.0.4
7fba1c43d000-7fba1c63c000 ---p 00007000 00:17 27937                      /usr/lib/x86_64-linux-gnu/libffi.so.6.0.4
7fba1c63c000-7fba1c63d000 r--p 00006000 00:17 27937                      /usr/lib/x86_64-linux-gnu/libffi.so.6.0.4
7fba1c63d000-7fba1c63e000 rw-p 00007000 00:17 27937                      /usr/lib/x86_64-linux-gnu/libffi.so.6.0.4
7fba1c63e000-7fba1fd00000 r-xp 00000000 00:17 27548                      /usr/lib/x86_64-linux-gnu/libLLVM-6.0.so.1
7fba1fd00000-7fba1fd01000 ---p 036c2000 00:17 27548                      /usr/lib/x86_64-linux-gnu/libLLVM-6.0.so.1
7fba1fd01000-7fba20071000 r--p 036c2000 00:17 27548                      /usr/lib/x86_64-linux-gnu/libLLVM-6.0.so.1
7fba20071000-7fba2007f000 rw-p 03a32000 00:17 27548                      /usr/lib/x86_64-linux-gnu/libLLVM-6.0.so.1
7fba2007f000-7fba200da000 rw-p 00000000 00:00 0 
7fba200da000-7fba200f3000 r-xp 00000000 00:17 27898                      /usr/lib/x86_64-linux-gnu/libelf-0.170.so
7fba200f3000-7fba202f2000 ---p 00019000 00:17 27898                      /usr/lib/x86_64-linux-gnu/libelf-0.170.so
7fba202f2000-7fba202f3000 r--p 00018000 00:17 27898                      /usr/lib/x86_64-linux-gnu/libelf-0.170.so
7fba202f3000-7fba202f4000 rw-p 00019000 00:17 27898                      /usr/lib/x86_64-linux-gnu/libelf-0.170.so
7fba202f4000-7fba202fd000 r-xp 00000000 00:17 27863                      /usr/lib/x86_64-linux-gnu/libdrm_amdgpu.so.1.0.0
7fba202fd000-7fba204fc000 ---p 00009000 00:17 27863                      /usr/lib/x86_64-linux-gnu/libdrm_amdgpu.so.1.0.0
7fba204fc000-7fba204fd000 r--p 00008000 00:17 27863                      /usr/lib/x86_64-linux-gnu/libdrm_amdgpu.so.1.0.0
7fba204fd000-7fba204fe000 rw-p 00009000 00:17 27863                      /usr/lib/x86_64-linux-gnu/libdrm_amdgpu.so.1.0.0
7fba204fe000-7fba20509000 r-xp 00000000 00:17 27869                      /usr/lib/x86_64-linux-gnu/libdrm_radeon.so.1.0.1
7fba20509000-7fba20708000 ---p 0000b000 00:17 27869                      /usr/lib/x86_64-linux-gnu/libdrm_radeon.so.1.0.1
7fba20708000-7fba20709000 r--p 0000a000 00:17 27869                      /usr/lib/x86_64-linux-gnu/libdrm_radeon.so.1.0.1
7fba20709000-7fba2070a000 rw-p 0000b000 00:17 27869                      /usr/lib/x86_64-linux-gnu/libdrm_radeon.so.1.0.1
7fba2070a000-7fba20711000 r-xp 00000000 00:17 27867                      /usr/lib/x86_64-linux-gnu/libdrm_nouveau.so.2.0.0
7fba20711000-7fba20910000 ---p 00007000 00:17 27867                      /usr/lib/x86_64-linux-gnu/libdrm_nouveau.so.2.0.0
7fba20910000-7fba20911000 r--p 00006000 00:17 27867                      /usr/lib/x86_64-linux-gnu/libdrm_nouveau.so.2.0.0
7fba20911000-7fba20912000 rw-p 00007000 00:17 27867                      /usr/lib/x86_64-linux-gnu/libdrm_nouveau.so.2.0.0
7fba20912000-7fba20920000 r-xp 00000000 00:17 28559                      /usr/lib/x86_64-linux-gnu/libsensors.so.4.4.0
7fba20920000-7fba20b1f000 ---p 0000e000 00:17 28559                      /usr/lib/x86_64-linux-gnu/libsensors.so.4.4.0
7fba20b1f000-7fba20b20000 r--p 0000d000 00:17 28559                      /usr/lib/x86_64-linux-gnu/libsensors.so.4.4.0
7fba20b20000-7fba20b21000 rw-p 0000e000 00:17 28559                      /usr/lib/x86_64-linux-gnu/libsensors.so.4.4.0
7fba20b21000-7fba2159e000 r-xp 00000000 00:17 346847                     /usr/lib/x86_64-linux-gnu/dri/swrast_dri.so
7fba2159e000-7fba2179d000 ---p 00a7d000 00:17 346847                     /usr/lib/x86_64-linux-gnu/dri/swrast_dri.so
7fba2179d000-7fba217f2000 r--p 00a7c000 00:17 346847                     /usr/lib/x86_64-linux-gnu/dri/swrast_dri.so
7fba217f2000-7fba217fb000 rw-p 00ad1000 00:17 346847                     /usr/lib/x86_64-linux-gnu/dri/swrast_dri.so
7fba217fb000-7fba219f4000 rw-p 00000000 00:00 0 
7fba219f4000-7fba21a04000 r-xp 00000000 00:17 27861                      /usr/lib/x86_64-linux-gnu/libdrm.so.2.4.0
7fba21a04000-7fba21c03000 ---p 00010000 00:17 27861                      /usr/lib/x86_64-linux-gnu/libdrm.so.2.4.0
7fba21c03000-7fba21c04000 r--p 0000f000 00:17 27861                      /usr/lib/x86_64-linux-gnu/libdrm.so.2.4.0
7fba21c04000-7fba21c05000 rw-p 00010000 00:17 27861                      /usr/lib/x86_64-linux-gnu/libdrm.so.2.4.0
7fba21c05000-7fba21c0a000 r-xp 00000000 00:17 27638                      /usr/lib/x86_64-linux-gnu/libXxf86vm.so.1.0.0
7fba21c0a000-7fba21e09000 ---p 00005000 00:17 27638                      /usr/lib/x86_64-linux-gnu/libXxf86vm.so.1.0.0
7fba21e09000-7fba21e0a000 r--p 00004000 00:17 27638                      /usr/lib/x86_64-linux-gnu/libXxf86vm.so.1.0.0
7fba21e0a000-7fba21e0b000 rw-p 00005000 00:17 27638                      /usr/lib/x86_64-linux-gnu/libXxf86vm.so.1.0.0
7fba21e0b000-7fba21e0f000 r-xp 00000000 00:17 28761                      /usr/lib/x86_64-linux-gnu/libxcb-dri2.so.0.0.0
7fba21e0f000-7fba2200e000 ---p 00004000 00:17 28761                      /usr/lib/x86_64-linux-gnu/libxcb-dri2.so.0.0.0
7fba2200e000-7fba2200f000 r--p 00003000 00:17 28761                      /usr/lib/x86_64-linux-gnu/libxcb-dri2.so.0.0.0
7fba2200f000-7fba22010000 rw-p 00004000 00:17 28761                      /usr/lib/x86_64-linux-gnu/libxcb-dri2.so.0.0.0
7fba22010000-7fba22028000 r-xp 00000000 00:17 28765                      /usr/lib/x86_64-linux-gnu/libxcb-glx.so.0.0.0
7fba22028000-7fba22228000 ---p 00018000 00:17 28765                      /usr/lib/x86_64-linux-gnu/libxcb-glx.so.0.0.0
7fba22228000-7fba2222a000 r--p 00018000 00:17 28765                      /usr/lib/x86_64-linux-gnu/libxcb-glx.so.0.0.0
7fba2222a000-7fba2222b000 rw-p 0001a000 00:17 28765                      /usr/lib/x86_64-linux-gnu/libxcb-glx.so.0.0.0
7fba2222b000-7fba2222c000 r-xp 00000000 00:17 435666                     /usr/lib/x86_64-linux-gnu/libX11-xcb.so.1.0.0
7fba2222c000-7fba2242b000 ---p 00001000 00:17 435666                     /usr/lib/x86_64-linux-gnu/libX11-xcb.so.1.0.0
7fba2242b000-7fba2242c000 r--p 00000000 00:17 435666                     /usr/lib/x86_64-linux-gnu/libX11-xcb.so.1.0.0
7fba2242c000-7fba2242d000 rw-p 00001000 00:17 435666                     /usr/lib/x86_64-linux-gnu/libX11-xcb.so.1.0.0
7fba2242d000-7fba22432000 r-xp 00000000 00:17 27604                      /usr/lib/x86_64-linux-gnu/libXfixes.so.3.1.0
7fba22432000-7fba22631000 ---p 00005000 00:17 27604                      /usr/lib/x86_64-linux-gnu/libXfixes.so.3.1.0
7fba22631000-7fba22632000 r--p 00004000 00:17 27604                      /usr/lib/x86_64-linux-gnu/libXfixes.so.3.1.0
7fba22632000-7fba22633000 rw-p 00005000 00:17 27604                      /usr/lib/x86_64-linux-gnu/libXfixes.so.3.1.0
7fba22633000-7fba22635000 r-xp 00000000 00:17 27598                      /usr/lib/x86_64-linux-gnu/libXdamage.so.1.1.0
7fba22635000-7fba22834000 ---p 00002000 00:17 27598                      /usr/lib/x86_64-linux-gnu/libXdamage.so.1.1.0
7fba22834000-7fba22835000 r--p 00001000 00:17 27598                      /usr/lib/x86_64-linux-gnu/libXdamage.so.1.1.0
7fba22835000-7fba22836000 rw-p 00002000 00:17 27598                      /usr/lib/x86_64-linux-gnu/libXdamage.so.1.1.0
7fba22836000-7fba22847000 r-xp 00000000 00:17 27602                      /usr/lib/x86_64-linux-gnu/libXext.so.6.4.0
7fba22847000-7fba22a46000 ---p 00011000 00:17 27602                      /usr/lib/x86_64-linux-gnu/libXext.so.6.4.0
7fba22a46000-7fba22a47000 r--p 00010000 00:17 27602                      /usr/lib/x86_64-linux-gnu/libXext.so.6.4.0
7fba22a47000-7fba22a48000 rw-p 00011000 00:17 27602                      /usr/lib/x86_64-linux-gnu/libXext.so.6.4.0
7fba22a48000-7fba22a74000 r-xp 00000000 00:17 346826                     /usr/lib/x86_64-linux-gnu/libglapi.so.0.0.0
7fba22a74000-7fba22c73000 ---p 0002c000 00:17 346826                     /usr/lib/x86_64-linux-gnu/libglapi.so.0.0.0
7fba22c73000-7fba22c77000 r--p 0002b000 00:17 346826                     /usr/lib/x86_64-linux-gnu/libglapi.so.0.0.0
7fba22c77000-7fba22c78000 rw-p 0002f000 00:17 346826                     /usr/lib/x86_64-linux-gnu/libglapi.so.0.0.0
7fba22c78000-7fba22c79000 rw-p 00000000 00:00 0 
7fba22c79000-7fba22c7a000 r-xp 00000000 00:17 28815                      /usr/lib/x86_64-linux-gnu/libxshmfence.so.1.0.0
7fba22c7a000-7fba22e79000 ---p 00001000 00:17 28815                      /usr/lib/x86_64-linux-gnu/libxshmfence.so.1.0.0
7fba22e79000-7fba22e7a000 r--p 00000000 00:17 28815                      /usr/lib/x86_64-linux-gnu/libxshmfence.so.1.0.0
7fba22e7a000-7fba22e7b000 rw-p 00001000 00:17 28815                      /usr/lib/x86_64-linux-gnu/libxshmfence.so.1.0.0
7fba22e7b000-7fba22e80000 r-xp 00000000 00:17 28787                      /usr/lib/x86_64-linux-gnu/libxcb-sync.so.1.0.0
7fba22e80000-7fba23080000 ---p 00005000 00:17 28787                      /usr/lib/x86_64-linux-gnu/libxcb-sync.so.1.0.0
7fba23080000-7fba23081000 r--p 00005000 00:17 28787                      /usr/lib/x86_64-linux-gnu/libxcb-sync.so.1.0.0
7fba23081000-7fba23082000 rw-p 00006000 00:17 28787                      /usr/lib/x86_64-linux-gnu/libxcb-sync.so.1.0.0
7fba23082000-7fba23084000 r-xp 00000000 00:17 28773                      /usr/lib/x86_64-linux-gnu/libxcb-present.so.0.0.0
7fba23084000-7fba23283000 ---p 00002000 00:17 28773                      /usr/lib/x86_64-linux-gnu/libxcb-present.so.0.0.0
7fba23283000-7fba23284000 r--p 00001000 00:17 28773                      /usr/lib/x86_64-linux-gnu/libxcb-present.so.0.0.0
7fba23284000-7fba23285000 rw-p 00002000 00:17 28773                      /usr/lib/x86_64-linux-gnu/libxcb-present.so.0.0.0
7fba23285000-7fba23288000 r-xp 00000000 00:17 28763                      /usr/lib/x86_64-linux-gnu/libxcb-dri3.so.0.0.0
7fba23288000-7fba23487000 ---p 00003000 00:17 28763                      /usr/lib/x86_64-linux-gnu/libxcb-dri3.so.0.0.0
7fba23487000-7fba23488000 r--p 00002000 00:17 28763                      /usr/lib/x86_64-linux-gnu/libxcb-dri3.so.0.0.0
7fba23488000-7fba23489000 rw-p 00003000 00:17 28763                      /usr/lib/x86_64-linux-gnu/libxcb-dri3.so.0.0.0
7fba23489000-7fba234b8000 r-xp 00000000 00:17 12304                      /lib/x86_64-linux-gnu/libexpat.so.1.6.7
7fba234b8000-7fba236b8000 ---p 0002f000 00:17 12304                      /lib/x86_64-linux-gnu/libexpat.so.1.6.7
7fba236b8000-7fba236ba000 r--p 0002f000 00:17 12304                      /lib/x86_64-linux-gnu/libexpat.so.1.6.7
7fba236ba000-7fba236bb000 rw-p 00031000 00:17 12304                      /lib/x86_64-linux-gnu/libexpat.so.1.6.7
7fba236bb000-7fba2372b000 r-xp 00000000 00:17 346804                     /usr/lib/x86_64-linux-gnu/libGLX_mesa.so.0.0.0
7fba2372b000-7fba2392a000 ---p 00070000 00:17 346804                     /usr/lib/x86_64-linux-gnu/libGLX_mesa.so.0.0.0
7fba2392a000-7fba2392d000 r--p 0006f000 00:17 346804                     /usr/lib/x86_64-linux-gnu/libGLX_mesa.so.0.0.0
7fba2392d000-7fba2392e000 rw-p 00072000 00:17 346804                     /usr/lib/x86_64-linux-gnu/libGLX_mesa.so.0.0.0
7fba2392e000-7fba2392f000 rw-p 00000000 00:00 0 
7fba2392f000-7fba23942000 r-xp 00000000 00:17 12270                      /lib/x86_64-linux-gnu/libbsd.so.0.8.7
7fba23942000-7fba23b41000 ---p 00013000 00:17 12270                      /lib/x86_64-linux-gnu/libbsd.so.0.8.7
7fba23b41000-7fba23b42000 r--p 00012000 00:17 12270                      /lib/x86_64-linux-gnu/libbsd.so.0.8.7
7fba23b42000-7fba23b43000 rw-p 00013000 00:17 12270                      /lib/x86_64-linux-gnu/libbsd.so.0.8.7
7fba23b43000-7fba23b44000 rw-p 00000000 00:00 0 
7fba23b44000-7fba23b49000 r-xp 00000000 00:17 27600                      /usr/lib/x86_64-linux-gnu/libXdmcp.so.6.0.0
7fba23b49000-7fba23d48000 ---p 00005000 00:17 27600                      /usr/lib/x86_64-linux-gnu/libXdmcp.so.6.0.0
7fba23d48000-7fba23d49000 r--p 00004000 00:17 27600                      /usr/lib/x86_64-linux-gnu/libXdmcp.so.6.0.0
7fba23d49000-7fba23d4a000 rw-p 00005000 00:17 27600                      /usr/lib/x86_64-linux-gnu/libXdmcp.so.6.0.0
7fba23d4a000-7fba23db8000 r-xp 00000000 00:17 436482                     /usr/lib/x86_64-linux-gnu/libGLdispatch.so.0.0.0
7fba23db8000-7fba23fb7000 ---p 0006e000 00:17 436482                     /usr/lib/x86_64-linux-gnu/libGLdispatch.so.0.0.0
7fba23fb7000-7fba23fdf000 r--p 0006d000 00:17 436482                     /usr/lib/x86_64-linux-gnu/libGLdispatch.so.0.0.0
7fba23fdf000-7fba23fe0000 rw-p 00095000 00:17 436482                     /usr/lib/x86_64-linux-gnu/libGLdispatch.so.0.0.0
7fba23fe0000-7fba24000000 rw-p 00000000 00:00 0 
7fba24000000-7fba24021000 rw-p 00000000 00:00 0 
7fba24021000-7fba28000000 ---p 00000000 00:00 0 
7fba28000000-7fba28843000 rw-p 00000000 00:00 0 
7fba28843000-7fba2c000000 ---p 00000000 00:00 0 
7fba2c000000-7fba2c7a4000 rw-p 00000000 00:00 0 
7fba2c7a4000-7fba30000000 ---p 00000000 00:00 0 
7fba30000000-7fba30021000 rw-p 00000000 00:00 0 
7fba30021000-7fba34000000 ---p 00000000 00:00 0 
7fba34000000-7fba34021000 rw-p 00000000 00:00 0 
7fba34021000-7fba38000000 ---p 00000000 00:00 0 
7fba38000000-7fba398f5000 rw-p 00000000 00:00 0 
7fba398f5000-7fba3c000000 ---p 00000000 00:00 0 
7fba3c000000-7fba3c021000 rw-p 00000000 00:00 0 
7fba3c021000-7fba40000000 ---p 00000000 00:00 0 
7fba40000000-7fba40021000 rw-p 00000000 00:00 0 
7fba40021000-7fba44000000 ---p 00000000 00:00 0 
7fba44000000-7fba44021000 rw-p 00000000 00:00 0 
7fba44021000-7fba48000000 ---p 00000000 00:00 0 
7fba48000000-7fba48021000 rw-p 00000000 00:00 0 
7fba48021000-7fba4c000000 ---p 00000000 00:00 0 
7fba4c000000-7fba4c021000 rw-p 00000000 00:00 0 
7fba4c021000-7fba50000000 ---p 00000000 00:00 0 
7fba50000000-7fba50005000 r--s 00000000 00:17 482288                     /var/cache/fontconfig/9d2451b1fd30e5bffe8383fd27c35478-le64.cache-7
7fba50005000-7fba50006000 r--s 00000000 00:17 133187                     /var/cache/fontconfig/56cf4f4769d0f4abc89a4895d7bd3ae1-le64.cache-7
7fba50006000-7fba50007000 r--s 00000000 00:17 133209                     /var/cache/fontconfig/b9d506c9ac06c20b433354fa67a72993-le64.cache-7
7fba50007000-7fba5000d000 r--s 00000000 00:17 133207                     /var/cache/fontconfig/b47c4e1ecd0709278f4910c18777a504-le64.cache-7
7fba5000d000-7fba5000e000 r--s 00000000 00:17 133174                     /var/cache/fontconfig/370e5b74bf5dafc30834de68e24a87a4-le64.cache-7
7fba5000e000-7fba5000f000 r--s 00000000 00:17 406747                     /var/cache/fontconfig/6b2c5944714ca7831b25bed9e85cb5c8-le64.cache-7
7fba5000f000-7fba50010000 r--s 00000000 00:17 133215                     /var/cache/fontconfig/d5178ab6d91b49bf20a416737dcea9e8-le64.cache-7
7fba50010000-7fba50011000 r--s 00000000 00:17 406745                     /var/cache/fontconfig/551ecf3b0e8b0bca0f25c0944f561853-le64.cache-7
7fba50011000-7fba50014000 r--s 00000000 00:17 406743                     /var/cache/fontconfig/f259c2cffa685e28062317905db73c4a-le64.cache-7
7fba50014000-7fba50016000 r--s 00000000 00:17 406741                     /var/cache/fontconfig/550f3886151c940c12a5ed35f6a00586-le64.cache-7
7fba50016000-7fba50019000 r--s 00000000 00:17 406739                     /var/cache/fontconfig/674d1711f2d1d2a09646eb0bdcadee49-le64.cache-7
7fba50019000-7fba5001a000 r--s 00000000 00:17 133177                     /var/cache/fontconfig/3f7329c5293ffd510edef78f73874cfd-le64.cache-7
7fba5001a000-7fba50026000 r--s 00000000 00:17 239568                     /var/cache/fontconfig/d589a48862398ed80a3d6066f4f56f4c-le64.cache-7
7fba50026000-7fba50027000 r--s 00000000 00:17 133163                     /var/cache/fontconfig/0c9eb80ebd1c36541ebe2852d3bb0c49-le64.cache-7
7fba50027000-7fba50028000 r--s 00000000 00:17 133170                     /var/cache/fontconfig/22368d551a680bfe5a62c02760edf4ea-le64.cache-7
7fba50028000-7fba50029000 r--s 00000000 00:17 133182                     /var/cache/fontconfig/4d9c95eba1cb85bbcf2878543262124a-le64.cache-7
7fba50029000-7fba5002a000 r--s 00000000 00:17 133199                     /var/cache/fontconfig/85e0a52ce643a7ba2ae53e5d6949cead-le64.cache-7
7fba5002a000-7fba5002b000 r--s 00000000 00:17 133179                     /var/cache/fontconfig/49f0de54bdd920fe4f0dfd4cbac43e6b-le64.cache-7
7fba5002b000-7fba5002c000 r--s 00000000 00:17 133226                     /var/cache/fontconfig/f6e6e0a5c3d2f6ae0c0c2e0ecd42a997-le64.cache-7
7fba5002c000-7fba5004b000 r--s 00000000 00:17 133202                     /var/cache/fontconfig/9b89f8e3dae116d678bbf48e5f21f69b-le64.cache-7
7fba5004b000-7fba5004d000 r--s 00000000 00:17 133194                     /var/cache/fontconfig/6afa1bb216ce958c1589e297e8008489-le64.cache-7
7fba5004d000-7fba50050000 r--s 00000000 00:17 133221                     /var/cache/fontconfig/e13b20fdb08344e0e664864cc2ede53d-le64.cache-7
7fba50050000-7fba5007d000 r--p 00000000 00:17 345345                     /usr/share/locale-langpack/ja/LC_MESSAGES/gtk20-properties.mo
7fba5007d000-7fba5007f000 r-xp 00000000 00:17 27589                      /usr/lib/x86_64-linux-gnu/libXau.so.6.0.0
7fba5007f000-7fba5027f000 ---p 00002000 00:17 27589                      /usr/lib/x86_64-linux-gnu/libXau.so.6.0.0
7fba5027f000-7fba50280000 r--p 00002000 00:17 27589                      /usr/lib/x86_64-linux-gnu/libXau.so.6.0.0
7fba50280000-7fba50281000 rw-p 00003000 00:17 27589                      /usr/lib/x86_64-linux-gnu/libXau.so.6.0.0
7fba50281000-7fba50291000 r-xp 00000000 00:17 436421                     /usr/lib/x86_64-linux-gnu/libGLX.so.0.0.0
7fba50291000-7fba50490000 ---p 00010000 00:17 436421                     /usr/lib/x86_64-linux-gnu/libGLX.so.0.0.0
7fba50490000-7fba50491000 r--p 0000f000 00:17 436421                     /usr/lib/x86_64-linux-gnu/libGLX.so.0.0.0
7fba50491000-7fba50492000 rw-p 00010000 00:17 436421                     /usr/lib/x86_64-linux-gnu/libGLX.so.0.0.0
7fba50492000-7fba504b2000 rw-p 00000000 00:00 0 
7fba504b2000-7fba504d8000 r-xp 00000000 00:17 28799                      /usr/lib/x86_64-linux-gnu/libxcb.so.1.1.0
7fba504d8000-7fba506d8000 ---p 00026000 00:17 28799                      /usr/lib/x86_64-linux-gnu/libxcb.so.1.1.0
7fba506d8000-7fba506d9000 r--p 00026000 00:17 28799                      /usr/lib/x86_64-linux-gnu/libxcb.so.1.1.0
7fba506d9000-7fba506da000 rw-p 00027000 00:17 28799                      /usr/lib/x86_64-linux-gnu/libxcb.so.1.1.0
7fba506da000-7fba5074b000 r-xp 00000000 00:17 436401                     /usr/lib/x86_64-linux-gnu/libGL.so.1.0.0
7fba5074b000-7fba5094a000 ---p 00071000 00:17 436401                     /usr/lib/x86_64-linux-gnu/libGL.so.1.0.0
7fba5094a000-7fba50964000 r--p 00070000 00:17 436401                     /usr/lib/x86_64-linux-gnu/libGL.so.1.0.0
7fba50964000-7fba50965000 rw-p 0008a000 00:17 436401                     /usr/lib/x86_64-linux-gnu/libGL.so.1.0.0
7fba50965000-7fba50966000 rw-p 00000000 00:00 0 
7fba50966000-7fba50a99000 r-xp 00000000 00:17 435050                     /usr/lib/x86_64-linux-gnu/libX11.so.6.3.0
7fba50a99000-7fba50c99000 ---p 00133000 00:17 435050                     /usr/lib/x86_64-linux-gnu/libX11.so.6.3.0
7fba50c99000-7fba50c9a000 r--p 00133000 00:17 435050                     /usr/lib/x86_64-linux-gnu/libX11.so.6.3.0
7fba50c9a000-7fba50c9e000 rw-p 00134000 00:17 435050                     /usr/lib/x86_64-linux-gnu/libX11.so.6.3.0
7fba50c9e000-7fba50caa000 r-xp 00000000 00:17 633382                     /usr/lib/jvm/java-8-openjdk-amd64/jre/lib/amd64/libprism_es2.so
7fba50caa000-7fba50ea9000 ---p 0000c000 00:17 633382                     /usr/lib/jvm/java-8-openjdk-amd64/jre/lib/amd64/libprism_es2.so
7fba50ea9000-7fba50eaa000 r--p 0000b000 00:17 633382                     /usr/lib/jvm/java-8-openjdk-amd64/jre/lib/amd64/libprism_es2.so
7fba50eaa000-7fba50eab000 rw-p 0000c000 00:17 633382                     /usr/lib/jvm/java-8-openjdk-amd64/jre/lib/amd64/libprism_es2.so
7fba50eab000-7fba50eae000 ---p 00000000 00:00 0 
7fba50eae000-7fba50fac000 rw-p 00000000 00:00 0 
7fba50fac000-7fba51043000 r--s 007cb000 00:17 633400                     /usr/share/java/openjfx/jre/lib/ext/jfxrt.jar
7fba51043000-7fba51044000 ---p 00000000 00:00 0 
7fba51044000-7fba51144000 rw-p 00000000 00:00 0 
7fba51144000-7fba51147000 ---p 00000000 00:00 0 
7fba51147000-7fba51245000 rw-p 00000000 00:00 0 
7fba51245000-7fba51246000 ---p 00000000 00:00 0 
7fba51246000-7fba51249000 ---p 00000000 00:00 0 
7fba51249000-7fba51346000 rw-p 00000000 00:00 0 
7fba51346000-7fba51347000 ---p 00000000 00:00 0 
7fba51347000-7fba5134a000 ---p 00000000 00:00 0 
7fba5134a000-7fba51447000 rw-p 00000000 00:00 0 
7fba51447000-7fba5144a000 ---p 00000000 00:00 0 
7fba5144a000-7fba51548000 rw-p 00000000 00:00 0 
7fba51548000-7fba52017000 r--p 00000000 00:17 19606                      /usr/lib/locale/locale-archive
7fba52017000-7fba5201a000 ---p 00000000 00:00 0 
7fba5201a000-7fba52118000 rw-p 00000000 00:00 0 
7fba52118000-7fba5211b000 ---p 00000000 00:00 0 
7fba5211b000-7fba52219000 rw-p 00000000 00:00 0 
7fba52219000-7fba5221a000 ---p 00000000 00:00 0 
7fba5221a000-7fba55000000 rw-p 00000000 00:00 0 
7fba55000000-7fba55bb0000 rwxp 00000000 00:00 0 
7fba55bb0000-7fba64000000 ---p 00000000 00:00 0 
7fba64000000-7fba6436e000 rw-p 00000000 00:00 0 
7fba6436e000-7fba68000000 ---p 00000000 00:00 0 
7fba68000000-7fba68001000 r--s 00000000 00:17 133180                     /var/cache/fontconfig/4b2eda6bb976bda485cb2176619421d5-le64.cache-7
7fba68001000-7fba68004000 r--s 00000000 00:17 250901                     /var/cache/fontconfig/7ef2298fde41cc6eeb7af42e48b7d293-le64.cache-7
7fba68004000-7fba68007000 r--p 00000000 00:17 345288                     /usr/share/locale-langpack/ja/LC_MESSAGES/atk10.mo
7fba68007000-7fba68017000 r--p 00000000 00:17 345346                     /usr/share/locale-langpack/ja/LC_MESSAGES/gtk20.mo
7fba68017000-7fba6801e000 r--s 00000000 00:17 30001                      /usr/lib/x86_64-linux-gnu/gconv/gconv-modules.cache
7fba6801e000-7fba68042000 r--p 00000000 00:17 345544                     /usr/share/locale-langpack/ja/LC_MESSAGES/libc.mo
7fba68042000-7fba68045000 r--s 00038000 00:17 351387                     /usr/lib/jvm/java-8-openjdk-amd64/jre/lib/ext/sunpkcs11.jar
7fba68045000-7fba6804b000 r--s 0003b000 00:17 351386                     /usr/lib/jvm/java-8-openjdk-amd64/jre/lib/ext/sunjce_provider.jar
7fba6804b000-7fba68066000 r--s 001d6000 00:17 351384                     /usr/lib/jvm/java-8-openjdk-amd64/jre/lib/ext/nashorn.jar
7fba68066000-7fba68070000 r--s 00116000 00:17 351383                     /usr/lib/jvm/java-8-openjdk-amd64/jre/lib/ext/localedata.jar
7fba68070000-7fba6808b000 r--s 00394000 00:17 351379                     /usr/lib/jvm/java-8-openjdk-amd64/jre/lib/ext/cldrdata.jar
7fba6808b000-7fba683f1000 rw-p 00000000 00:00 0 
7fba683f1000-7fba685c0000 r--s 03c32000 00:17 351405                     /usr/lib/jvm/java-8-openjdk-amd64/jre/lib/rt.jar
7fba685c0000-7fba68824000 rw-p 00000000 00:00 0 
7fba68824000-7fba68825000 ---p 00000000 00:00 0 
7fba68825000-7fba68925000 rw-p 00000000 00:00 0 
7fba68925000-7fba68926000 ---p 00000000 00:00 0 
7fba68926000-7fba68a3b000 rw-p 00000000 00:00 0 
7fba68a3b000-7fba68b70000 ---p 00000000 00:00 0 
7fba68b70000-7fba68b85000 rw-p 00000000 00:00 0 
7fba68b85000-7fba68cb9000 ---p 00000000 00:00 0 
7fba68cb9000-7fba68cdb000 rw-p 00000000 00:00 0 
7fba68cdb000-7fba68d5e000 ---p 00000000 00:00 0 
7fba68d5e000-7fba68d8e000 rw-p 00000000 00:00 0 
7fba68d8e000-7fba6911f000 ---p 00000000 00:00 0 
7fba6911f000-7fba69127000 r-xp 00000000 00:17 351368                     /usr/lib/jvm/java-8-openjdk-amd64/jre/lib/amd64/libzip.so
7fba69127000-7fba69326000 ---p 00008000 00:17 351368                     /usr/lib/jvm/java-8-openjdk-amd64/jre/lib/amd64/libzip.so
7fba69326000-7fba69327000 r--p 00007000 00:17 351368                     /usr/lib/jvm/java-8-openjdk-amd64/jre/lib/amd64/libzip.so
7fba69327000-7fba69328000 rw-p 00008000 00:17 351368                     /usr/lib/jvm/java-8-openjdk-amd64/jre/lib/amd64/libzip.so
7fba69328000-7fba69333000 r-xp 00000000 00:17 12364                      /lib/x86_64-linux-gnu/libnss_files-2.27.so
7fba69333000-7fba69532000 ---p 0000b000 00:17 12364                      /lib/x86_64-linux-gnu/libnss_files-2.27.so
7fba69532000-7fba69533000 r--p 0000a000 00:17 12364                      /lib/x86_64-linux-gnu/libnss_files-2.27.so
7fba69533000-7fba69534000 rw-p 0000b000 00:17 12364                      /lib/x86_64-linux-gnu/libnss_files-2.27.so
7fba69534000-7fba6953a000 rw-p 00000000 00:00 0 
7fba6953a000-7fba69551000 r-xp 00000000 00:17 12358                      /lib/x86_64-linux-gnu/libnsl-2.27.so
7fba69551000-7fba69750000 ---p 00017000 00:17 12358                      /lib/x86_64-linux-gnu/libnsl-2.27.so
7fba69750000-7fba69751000 r--p 00016000 00:17 12358                      /lib/x86_64-linux-gnu/libnsl-2.27.so
7fba69751000-7fba69752000 rw-p 00017000 00:17 12358                      /lib/x86_64-linux-gnu/libnsl-2.27.so
7fba69752000-7fba69754000 rw-p 00000000 00:00 0 
7fba69754000-7fba6975f000 r-xp 00000000 00:17 12375                      /lib/x86_64-linux-gnu/libnss_nis-2.27.so
7fba6975f000-7fba6995e000 ---p 0000b000 00:17 12375                      /lib/x86_64-linux-gnu/libnss_nis-2.27.so
7fba6995e000-7fba6995f000 r--p 0000a000 00:17 12375                      /lib/x86_64-linux-gnu/libnss_nis-2.27.so
7fba6995f000-7fba69960000 rw-p 0000b000 00:17 12375                      /lib/x86_64-linux-gnu/libnss_nis-2.27.so
7fba69960000-7fba69968000 r-xp 00000000 00:17 12360                      /lib/x86_64-linux-gnu/libnss_compat-2.27.so
7fba69968000-7fba69b68000 ---p 00008000 00:17 12360                      /lib/x86_64-linux-gnu/libnss_compat-2.27.so
7fba69b68000-7fba69b69000 r--p 00008000 00:17 12360                      /lib/x86_64-linux-gnu/libnss_compat-2.27.so
7fba69b69000-7fba69b6a000 rw-p 00009000 00:17 12360                      /lib/x86_64-linux-gnu/libnss_compat-2.27.so
7fba69b6a000-7fba69b98000 r-xp 00000000 00:17 351349                     /usr/lib/jvm/java-8-openjdk-amd64/jre/lib/amd64/libjava.so
7fba69b98000-7fba69d97000 ---p 0002e000 00:17 351349                     /usr/lib/jvm/java-8-openjdk-amd64/jre/lib/amd64/libjava.so
7fba69d97000-7fba69d98000 r--p 0002d000 00:17 351349                     /usr/lib/jvm/java-8-openjdk-amd64/jre/lib/amd64/libjava.so
7fba69d98000-7fba69d9a000 rw-p 0002e000 00:17 351349                     /usr/lib/jvm/java-8-openjdk-amd64/jre/lib/amd64/libjava.so
7fba69d9a000-7fba69daa000 r-xp 00000000 00:17 351367                     /usr/lib/jvm/java-8-openjdk-amd64/jre/lib/amd64/libverify.so
7fba69daa000-7fba69fa9000 ---p 00010000 00:17 351367                     /usr/lib/jvm/java-8-openjdk-amd64/jre/lib/amd64/libverify.so
7fba69fa9000-7fba69fab000 r--p 0000f000 00:17 351367                     /usr/lib/jvm/java-8-openjdk-amd64/jre/lib/amd64/libverify.so
7fba69fab000-7fba69fac000 rw-p 00011000 00:17 351367                     /usr/lib/jvm/java-8-openjdk-amd64/jre/lib/amd64/libverify.so
7fba69fac000-7fba69fb3000 r-xp 00000000 00:17 12415                      /lib/x86_64-linux-gnu/librt-2.27.so
7fba69fb3000-7fba6a1b2000 ---p 00007000 00:17 12415                      /lib/x86_64-linux-gnu/librt-2.27.so
7fba6a1b2000-7fba6a1b3000 r--p 00006000 00:17 12415                      /lib/x86_64-linux-gnu/librt-2.27.so
7fba6a1b3000-7fba6a1b4000 rw-p 00007000 00:17 12415                      /lib/x86_64-linux-gnu/librt-2.27.so
7fba6a1b4000-7fba6a1cb000 r-xp 00000000 00:17 496848                     /lib/x86_64-linux-gnu/libgcc_s.so.1
7fba6a1cb000-7fba6a3ca000 ---p 00017000 00:17 496848                     /lib/x86_64-linux-gnu/libgcc_s.so.1
7fba6a3ca000-7fba6a3cb000 r--p 00016000 00:17 496848                     /lib/x86_64-linux-gnu/libgcc_s.so.1
7fba6a3cb000-7fba6a3cc000 rw-p 00017000 00:17 496848                     /lib/x86_64-linux-gnu/libgcc_s.so.1
7fba6a3cc000-7fba6a569000 r-xp 00000000 00:17 12337                      /lib/x86_64-linux-gnu/libm-2.27.so
7fba6a569000-7fba6a768000 ---p 0019d000 00:17 12337                      /lib/x86_64-linux-gnu/libm-2.27.so
7fba6a768000-7fba6a769000 r--p 0019c000 00:17 12337                      /lib/x86_64-linux-gnu/libm-2.27.so
7fba6a769000-7fba6a76a000 rw-p 0019d000 00:17 12337                      /lib/x86_64-linux-gnu/libm-2.27.so
7fba6a76a000-7fba6a8e3000 r-xp 00000000 00:17 496695                     /usr/lib/x86_64-linux-gnu/libstdc++.so.6.0.25
7fba6a8e3000-7fba6aae3000 ---p 00179000 00:17 496695                     /usr/lib/x86_64-linux-gnu/libstdc++.so.6.0.25
7fba6aae3000-7fba6aaed000 r--p 00179000 00:17 496695                     /usr/lib/x86_64-linux-gnu/libstdc++.so.6.0.25
7fba6aaed000-7fba6aaef000 rw-p 00183000 00:17 496695                     /usr/lib/x86_64-linux-gnu/libstdc++.so.6.0.25
7fba6aaef000-7fba6aaf3000 rw-p 00000000 00:00 0 
7fba6aaf3000-7fba6b788000 r-xp 00000000 00:17 351370                     /usr/lib/jvm/java-8-openjdk-amd64/jre/lib/amd64/server/libjvm.so
7fba6b788000-7fba6b987000 ---p 00c95000 00:17 351370                     /usr/lib/jvm/java-8-openjdk-amd64/jre/lib/amd64/server/libjvm.so
7fba6b987000-7fba6ba1b000 r--p 00c94000 00:17 351370                     /usr/lib/jvm/java-8-openjdk-amd64/jre/lib/amd64/server/libjvm.so
7fba6ba1b000-7fba6ba43000 rw-p 00d28000 00:17 351370                     /usr/lib/jvm/java-8-openjdk-amd64/jre/lib/amd64/server/libjvm.so
7fba6ba43000-7fba6ba74000 rw-p 00000000 00:00 0 
7fba6ba74000-7fba6ba8e000 r-xp 00000000 00:17 12407                      /lib/x86_64-linux-gnu/libpthread-2.27.so
7fba6ba8e000-7fba6bc8d000 ---p 0001a000 00:17 12407                      /lib/x86_64-linux-gnu/libpthread-2.27.so
7fba6bc8d000-7fba6bc8e000 r--p 00019000 00:17 12407                      /lib/x86_64-linux-gnu/libpthread-2.27.so
7fba6bc8e000-7fba6bc8f000 rw-p 0001a000 00:17 12407                      /lib/x86_64-linux-gnu/libpthread-2.27.so
7fba6bc8f000-7fba6bc93000 rw-p 00000000 00:00 0 
7fba6bc93000-7fba6bc96000 r-xp 00000000 00:17 12297                      /lib/x86_64-linux-gnu/libdl-2.27.so
7fba6bc96000-7fba6be95000 ---p 00003000 00:17 12297                      /lib/x86_64-linux-gnu/libdl-2.27.so
7fba6be95000-7fba6be96000 r--p 00002000 00:17 12297                      /lib/x86_64-linux-gnu/libdl-2.27.so
7fba6be96000-7fba6be97000 rw-p 00003000 00:17 12297                      /lib/x86_64-linux-gnu/libdl-2.27.so
7fba6be97000-7fba6beb3000 r-xp 00000000 00:17 12446                      /lib/x86_64-linux-gnu/libz.so.1.2.11
7fba6beb3000-7fba6c0b2000 ---p 0001c000 00:17 12446                      /lib/x86_64-linux-gnu/libz.so.1.2.11
7fba6c0b2000-7fba6c0b3000 r--p 0001b000 00:17 12446                      /lib/x86_64-linux-gnu/libz.so.1.2.11
7fba6c0b3000-7fba6c0b4000 rw-p 0001c000 00:17 12446                      /lib/x86_64-linux-gnu/libz.so.1.2.11
7fba6c0b4000-7fba6c29b000 r-xp 00000000 00:17 12274                      /lib/x86_64-linux-gnu/libc-2.27.so
7fba6c29b000-7fba6c49b000 ---p 001e7000 00:17 12274                      /lib/x86_64-linux-gnu/libc-2.27.so
7fba6c49b000-7fba6c49f000 r--p 001e7000 00:17 12274                      /lib/x86_64-linux-gnu/libc-2.27.so
7fba6c49f000-7fba6c4a1000 rw-p 001eb000 00:17 12274                      /lib/x86_64-linux-gnu/libc-2.27.so
7fba6c4a1000-7fba6c4a5000 rw-p 00000000 00:00 0 
7fba6c4a5000-7fba6c4b3000 r-xp 00000000 00:17 351335                     /usr/lib/jvm/java-8-openjdk-amd64/jre/lib/amd64/jli/libjli.so
7fba6c4b3000-7fba6c6b2000 ---p 0000e000 00:17 351335                     /usr/lib/jvm/java-8-openjdk-amd64/jre/lib/amd64/jli/libjli.so
7fba6c6b2000-7fba6c6b3000 r--p 0000d000 00:17 351335                     /usr/lib/jvm/java-8-openjdk-amd64/jre/lib/amd64/jli/libjli.so
7fba6c6b3000-7fba6c6b4000 rw-p 0000e000 00:17 351335                     /usr/lib/jvm/java-8-openjdk-amd64/jre/lib/amd64/jli/libjli.so
7fba6c6b4000-7fba6c6db000 r-xp 00000000 00:17 12246                      /lib/x86_64-linux-gnu/ld-2.27.so
7fba6c6db000-7fba6c7c0000 rw-p 00000000 00:00 0 
7fba6c7c0000-7fba6c7c1000 ---p 00000000 00:00 0 
7fba6c7c1000-7fba6c7c4000 ---p 00000000 00:00 0 
7fba6c7c4000-7fba6c8c3000 rw-p 00000000 00:00 0 
7fba6c8c3000-7fba6c8c4000 rwxp 00000000 00:00 0 
7fba6c8c4000-7fba6c8c5000 r--s 00010000 00:17 351388                     /usr/lib/jvm/java-8-openjdk-amd64/jre/lib/ext/zipfs.jar
7fba6c8c5000-7fba6c8c7000 r--s 00008000 00:17 351385                     /usr/lib/jvm/java-8-openjdk-amd64/jre/lib/ext/sunec.jar
7fba6c8c7000-7fba6c8c8000 r--s 0000a000 00:17 351382                     /usr/lib/jvm/java-8-openjdk-amd64/jre/lib/ext/jaccess.jar
7fba6c8c8000-7fba6c8cb000 r--s 0000f000 00:17 351381                     /usr/lib/jvm/java-8-openjdk-amd64/jre/lib/ext/icedtea-sound.jar
7fba6c8cb000-7fba6c8cd000 r--s 00001000 00:17 351380                     /usr/lib/jvm/java-8-openjdk-amd64/jre/lib/ext/dnsns.jar
7fba6c8cd000-7fba6c8cf000 r--s 00007000 00:17 221420                     /usr/share/java/java-atk-wrapper.jar
7fba6c8cf000-7fba6c8d7000 rw-s 00000000 00:17 687459                     /tmp/hsperfdata_cs18101/4896
7fba6c8d7000-7fba6c8d8000 rw-p 00000000 00:00 0 
7fba6c8d8000-7fba6c8d9000 r--p 00000000 00:00 0 
7fba6c8d9000-7fba6c8db000 rw-p 00000000 00:00 0 
7fba6c8db000-7fba6c8dc000 r--p 00027000 00:17 12246                      /lib/x86_64-linux-gnu/ld-2.27.so
7fba6c8dc000-7fba6c8dd000 rw-p 00028000 00:17 12246                      /lib/x86_64-linux-gnu/ld-2.27.so
7fba6c8dd000-7fba6c8de000 rw-p 00000000 00:00 0 
7fff4ab83000-7fff4aba4000 rw-p 00000000 00:00 0                          [stack]
7fff4abe8000-7fff4abeb000 r--p 00000000 00:00 0                          [vvar]
7fff4abeb000-7fff4abed000 r-xp 00000000 00:00 0                          [vdso]
ffffffffff600000-ffffffffff601000 r-xp 00000000 00:00 0                  [vsyscall]

VM Arguments:
java_command: Jikanwari
java_class_path (initial): .
Launcher Type: SUN_STANDARD

Environment Variables:
PATH=/usr/local/sbin:/usr/local/bin:/usr/sbin:/usr/bin:/sbin:/bin:/usr/games:/usr/local/games:/snap/bin
USERNAME=cs18101
SHELL=/bin/bash
DISPLAY=:0

Signal Handlers:
SIGSEGV: [libjvm.so+0xaaf3a0], sa_mask[0]=11111111011111111101111111111110, sa_flags=SA_RESTART|SA_SIGINFO
SIGBUS: [libjvm.so+0xaaf3a0], sa_mask[0]=11111111011111111101111111111110, sa_flags=SA_RESTART|SA_SIGINFO
SIGFPE: [libjvm.so+0x8e52e0], sa_mask[0]=11111111011111111101111111111110, sa_flags=SA_RESTART|SA_SIGINFO
SIGPIPE: SIG_IGN, sa_mask[0]=00000000000010000000000000000000, sa_flags=SA_RESTART
SIGXFSZ: [libjvm.so+0x8e52e0], sa_mask[0]=11111111011111111101111111111110, sa_flags=SA_RESTART|SA_SIGINFO
SIGILL: [libjvm.so+0x8e52e0], sa_mask[0]=11111111011111111101111111111110, sa_flags=SA_RESTART|SA_SIGINFO
SIGUSR1: SIG_DFL, sa_mask[0]=00000000000000000000000000000000, sa_flags=none
SIGUSR2: [libjvm.so+0x8e5190], sa_mask[0]=00000000000000000000000000000000, sa_flags=SA_RESTART|SA_SIGINFO
SIGHUP: [libjvm.so+0x8e5640], sa_mask[0]=11111111011111111101111111111110, sa_flags=SA_RESTART|SA_SIGINFO
SIGINT: [libjvm.so+0x8e5640], sa_mask[0]=11111111011111111101111111111110, sa_flags=SA_RESTART|SA_SIGINFO
SIGTERM: [libjvm.so+0x8e5640], sa_mask[0]=11111111011111111101111111111110, sa_flags=SA_RESTART|SA_SIGINFO
SIGQUIT: [libjvm.so+0x8e5640], sa_mask[0]=11111111011111111101111111111110, sa_flags=SA_RESTART|SA_SIGINFO


---------------  S Y S T E M  ---------------

OS:DISTRIB_ID=Ubuntu
DISTRIB_RELEASE=18.04
DISTRIB_CODENAME=bionic
DISTRIB_DESCRIPTION="Ubuntu 18.04.1 LTS"

uname:Linux 4.15.0-36-generic #39-Ubuntu SMP Mon Sep 24 16:19:09 UTC 2018 x86_64
libc:glibc 2.27 NPTL 2.27 
rlimit: STACK 8192k, CORE 0k, NPROC 15532, NOFILE 4096, AS infinity
load average:0.82 0.48 0.27

/proc/meminfo:
MemTotal:        4039540 kB
MemFree:         1116428 kB
MemAvailable:    2399032 kB
Buffers:           20592 kB
Cached:          1472672 kB
SwapCached:            0 kB
Active:          2035528 kB
Inactive:         687936 kB
Active(anon):    1244620 kB
Inactive(anon):    16652 kB
Active(file):     790908 kB
Inactive(file):   671284 kB
Unevictable:       13568 kB
Mlocked:           13568 kB
SwapTotal:      15624188 kB
SwapFree:       15624188 kB
Dirty:               228 kB
Writeback:             0 kB
AnonPages:       1243772 kB
Mapped:           326088 kB
Shmem:             17520 kB
Slab:              88640 kB
SReclaimable:      46960 kB
SUnreclaim:        41680 kB
KernelStack:       10416 kB
PageTables:        42796 kB
NFS_Unstable:          0 kB
Bounce:                0 kB
WritebackTmp:          0 kB
CommitLimit:    17643956 kB
Committed_AS:    5665288 kB
VmallocTotal:   34359738367 kB
VmallocUsed:           0 kB
VmallocChunk:          0 kB
HardwareCorrupted:     0 kB
AnonHugePages:         0 kB
ShmemHugePages:        0 kB
ShmemPmdMapped:        0 kB
CmaTotal:              0 kB
CmaFree:               0 kB
HugePages_Total:       0
HugePages_Free:        0
HugePages_Rsvd:        0
HugePages_Surp:        0
Hugepagesize:       2048 kB
DirectMap4k:      159680 kB
DirectMap2M:     4034560 kB


CPU:total 2 (initial active 2) (2 cores per cpu, 1 threads per core) family 6 model 142 stepping 10, cmov, cx8, fxsr, mmx, sse, sse2, sse3, ssse3, sse4.1, sse4.2, popcnt, avx, avx2, aes, clmul, 3dnowpref, lzcnt, tsc, tscinvbit

/proc/cpuinfo:
processor	: 0
vendor_id	: GenuineIntel
cpu family	: 6
model		: 142
model name	: Intel(R) Core(TM) i5-8250U CPU @ 1.60GHz
stepping	: 10
cpu MHz		: 1800.001
cache size	: 6144 KB
physical id	: 0
siblings	: 2
core id		: 0
cpu cores	: 2
apicid		: 0
initial apicid	: 0
fpu		: yes
fpu_exception	: yes
cpuid level	: 22
wp		: yes
flags		: fpu vme de pse tsc msr pae mce cx8 apic sep mtrr pge mca cmov pat pse36 clflush mmx fxsr sse sse2 ht syscall nx rdtscp lm constant_tsc rep_good nopl xtopology nonstop_tsc cpuid pni pclmulqdq ssse3 cx16 pcid sse4_1 sse4_2 x2apic movbe popcnt aes xsave avx rdrand hypervisor lahf_lm abm 3dnowprefetch invpcid_single pti fsgsbase avx2 invpcid rdseed clflushopt
bugs		: cpu_meltdown spectre_v1 spectre_v2 spec_store_bypass l1tf
bogomips	: 3600.00
clflush size	: 64
cache_alignment	: 64
address sizes	: 39 bits physical, 48 bits virtual
power management:

processor	: 1
vendor_id	: GenuineIntel
cpu family	: 6
model		: 142
model name	: Intel(R) Core(TM) i5-8250U CPU @ 1.60GHz
stepping	: 10
cpu MHz		: 1800.001
cache size	: 6144 KB
physical id	: 0
siblings	: 2
core id		: 1
cpu cores	: 2
apicid		: 1
initial apicid	: 1
fpu		: yes
fpu_exception	: yes
cpuid level	: 22
wp		: yes
flags		: fpu vme de pse tsc msr pae mce cx8 apic sep mtrr pge mca cmov pat pse36 clflush mmx fxsr sse sse2 ht syscall nx rdtscp lm constant_tsc rep_good nopl xtopology nonstop_tsc cpuid pni pclmulqdq ssse3 cx16 pcid sse4_1 sse4_2 x2apic movbe popcnt aes xsave avx rdrand hypervisor lahf_lm abm 3dnowprefetch invpcid_single pti fsgsbase avx2 invpcid rdseed clflushopt
bugs		: cpu_meltdown spectre_v1 spectre_v2 spec_store_bypass l1tf
bogomips	: 3600.00
clflush size	: 64
cache_alignment	: 64
address sizes	: 39 bits physical, 48 bits virtual
power management:



Memory: 4k page, physical 4039540k(1116428k free), swap 15624188k(15624188k free)

vm_info: OpenJDK 64-Bit Server VM (25.181-b13) for linux-amd64 JRE (1.8.0_181-8u181-b13-0ubuntu0.18.04.1-b13), built on Jul 23 2018 19:14:48 by "buildd" with gcc 7.3.0

time: Thu Jan 31 16:57:08 2019
elapsed time: 26 seconds (0d 0h 0m 26s)

